-- Install configuration: ""
-- Up-to-date: /home/pi/Frob_robot/ros2/src/ros2_ws/install/so101_moveit/share/ament_index/resource_index/package_run_dependencies/so101_moveit
-- Up-to-date: /home/pi/Frob_robot/ros2/src/ros2_ws/install/so101_moveit/share/ament_index/resource_index/parent_prefix_path/so101_moveit
-- Up-to-date: /home/pi/Frob_robot/ros2/src/ros2_ws/install/so101_moveit/share/so101_moveit/environment/ament_prefix_path.sh
-- Up-to-date: /home/pi/Frob_robot/ros2/src/ros2_ws/install/so101_moveit/share/so101_moveit/environment/ament_prefix_path.dsv
-- Up-to-date: /home/pi/Frob_robot/ros2/src/ros2_ws/install/so101_moveit/share/so101_moveit/environment/path.sh
-- Up-to-date: /home/pi/Frob_robot/ros2/src/ros2_ws/install/so101_moveit/share/so101_moveit/environment/path.dsv
-- Up-to-date: /home/pi/Frob_robot/ros2/src/ros2_ws/install/so101_moveit/share/so101_moveit/local_setup.bash
-- Up-to-date: /home/pi/Frob_robot/ros2/src/ros2_ws/install/so101_moveit/share/so101_moveit/local_setup.sh
-- Up-to-date: /home/pi/Frob_robot/ros2/src/ros2_ws/install/so101_moveit/share/so101_moveit/local_setup.zsh
-- Up-to-date: /home/pi/Frob_robot/ros2/src/ros2_ws/install/so101_moveit/share/so101_moveit/local_setup.dsv
-- Installing: /home/pi/Frob_robot/ros2/src/ros2_ws/install/so101_moveit/share/so101_moveit/package.dsv
-- Up-to-date: /home/pi/Frob_robot/ros2/src/ros2_ws/install/so101_moveit/share/ament_index/resource_index/packages/so101_moveit
-- Up-to-date: /home/pi/Frob_robot/ros2/src/ros2_ws/install/so101_moveit/share/so101_moveit/cmake/so101_moveitConfig.cmake
-- Up-to-date: /home/pi/Frob_robot/ros2/src/ros2_ws/install/so101_moveit/share/so101_moveit/cmake/so101_moveitConfig-version.cmake
-- Up-to-date: /home/pi/Frob_robot/ros2/src/ros2_ws/install/so101_moveit/share/so101_moveit/package.xml
-- Up-to-date: /home/pi/Frob_robot/ros2/src/ros2_ws/install/so101_moveit/share/so101_moveit/launch
-- Up-to-date: /home/pi/Frob_robot/ros2/src/ros2_ws/install/so101_moveit/share/so101_moveit/launch/setup_assistant.launch.py
-- Up-to-date: /home/pi/Frob_robot/ros2/src/ros2_ws/install/so101_moveit/share/so101_moveit/launch/rsp.launch.py
-- Up-to-date: /home/pi/Frob_robot/ros2/src/ros2_ws/install/so101_moveit/share/so101_moveit/launch/warehouse_db.launch.py
-- Up-to-date: /home/pi/Frob_robot/ros2/src/ros2_ws/install/so101_moveit/share/so101_moveit/launch/move_group.launch.py
-- Up-to-date: /home/pi/Frob_robot/ros2/src/ros2_ws/install/so101_moveit/share/so101_moveit/launch/moveit_rviz.launch.py
-- Up-to-date: /home/pi/Frob_robot/ros2/src/ros2_ws/install/so101_moveit/share/so101_moveit/launch/static_virtual_joint_tfs.launch.py
-- Up-to-date: /home/pi/Frob_robot/ros2/src/ros2_ws/install/so101_moveit/share/so101_moveit/launch/demo.launch.py
-- Installing: /home/pi/Frob_robot/ros2/src/ros2_ws/install/so101_moveit/share/so101_moveit/launch/demo2.launch.py
-- Up-to-date: /home/pi/Frob_robot/ros2/src/ros2_ws/install/so101_moveit/share/so101_moveit/launch/spawn_controllers.launch.py
-- Up-to-date: /home/pi/Frob_robot/ros2/src/ros2_ws/install/so101_moveit/share/so101_moveit/config
-- Up-to-date: /home/pi/Frob_robot/ros2/src/ros2_ws/install/so101_moveit/share/so101_moveit/config/so101_new_calib.urdf.xacro
-- Up-to-date: /home/pi/Frob_robot/ros2/src/ros2_ws/install/so101_moveit/share/so101_moveit/config/moveit.rviz
-- Up-to-date: /home/pi/Frob_robot/ros2/src/ros2_ws/install/so101_moveit/share/so101_moveit/config/so101_new_calib.ros2_control.xacro
-- Up-to-date: /home/pi/Frob_robot/ros2/src/ros2_ws/install/so101_moveit/share/so101_moveit/config/initial_positions.yaml
-- Up-to-date: /home/pi/Frob_robot/ros2/src/ros2_ws/install/so101_moveit/share/so101_moveit/config/so101_new_calib.srdf
-- Up-to-date: /home/pi/Frob_robot/ros2/src/ros2_ws/install/so101_moveit/share/so101_moveit/config/ros2_controllers.yaml
-- Up-to-date: /home/pi/Frob_robot/ros2/src/ros2_ws/install/so101_moveit/share/so101_moveit/config/joint_limits.yaml
-- Up-to-date: /home/pi/Frob_robot/ros2/src/ros2_ws/install/so101_moveit/share/so101_moveit/config/motor_calibration.yaml
-- Up-to-date: /home/pi/Frob_robot/ros2/src/ros2_ws/install/so101_moveit/share/so101_moveit/config/moveit_controllers.yaml
-- Up-to-date: /home/pi/Frob_robot/ros2/src/ros2_ws/install/so101_moveit/share/so101_moveit/config/pilz_cartesian_limits.yaml
-- Up-to-date: /home/pi/Frob_robot/ros2/src/ros2_ws/install/so101_moveit/share/so101_moveit/config/kinematics.yaml
-- Up-to-date: /home/pi/Frob_robot/ros2/src/ros2_ws/install/so101_moveit/share/so101_moveit/.setup_assistant
