[0.063s] Invoking command in '/home/pi/Frob_robot/ros2/src/ros2_ws/build/so101_hardware': CMAKE_PREFIX_PATH=${CMAKE_PREFIX_PATH}:/home/pi/Frob_robot/ros2/src/ros2_ws/install/frob_bringup:/home/pi/Frob_robot/ros2/src/ros2_ws/install/ros2_arduino_bridge:/home/pi/Frob_robot/ros2/src/ros2_ws/install/lidar_filter:/home/pi/Frob_robot/ros2/src/ros2_ws/install/keyboard_vel_control:/home/pi/Frob_robot/ros2/src/ros2_ws/install/frob_odometry:/home/pi/Frob_robot/ros2/src/ros2_ws/install/frob_navigation:/home/pi/Frob_robot/ros2/src/ros2_ws/install/frob_description:/home/pi/Frob_robot/ros2/src/ros2_ws/install/frob_control:/opt/ros/jazzy /home/pi/.local/bin/cmake --build /home/pi/Frob_robot/ros2/src/ros2_ws/build/so101_hardware -- -j4 -l4
[0.426s] [100%] Built target so101_hardware
[0.678s] Invoked command in '/home/pi/Frob_robot/ros2/src/ros2_ws/build/so101_hardware' returned '0': CMAKE_PREFIX_PATH=${CMAKE_PREFIX_PATH}:/home/pi/Frob_robot/ros2/src/ros2_ws/install/frob_bringup:/home/pi/Frob_robot/ros2/src/ros2_ws/install/ros2_arduino_bridge:/home/pi/Frob_robot/ros2/src/ros2_ws/install/lidar_filter:/home/pi/Frob_robot/ros2/src/ros2_ws/install/keyboard_vel_control:/home/pi/Frob_robot/ros2/src/ros2_ws/install/frob_odometry:/home/pi/Frob_robot/ros2/src/ros2_ws/install/frob_navigation:/home/pi/Frob_robot/ros2/src/ros2_ws/install/frob_description:/home/pi/Frob_robot/ros2/src/ros2_ws/install/frob_control:/opt/ros/jazzy /home/pi/.local/bin/cmake --build /home/pi/Frob_robot/ros2/src/ros2_ws/build/so101_hardware -- -j4 -l4
[0.681s] Invoking command in '/home/pi/Frob_robot/ros2/src/ros2_ws/build/so101_hardware': CMAKE_PREFIX_PATH=${CMAKE_PREFIX_PATH}:/home/pi/Frob_robot/ros2/src/ros2_ws/install/frob_bringup:/home/pi/Frob_robot/ros2/src/ros2_ws/install/ros2_arduino_bridge:/home/pi/Frob_robot/ros2/src/ros2_ws/install/lidar_filter:/home/pi/Frob_robot/ros2/src/ros2_ws/install/keyboard_vel_control:/home/pi/Frob_robot/ros2/src/ros2_ws/install/frob_odometry:/home/pi/Frob_robot/ros2/src/ros2_ws/install/frob_navigation:/home/pi/Frob_robot/ros2/src/ros2_ws/install/frob_description:/home/pi/Frob_robot/ros2/src/ros2_ws/install/frob_control:/opt/ros/jazzy /home/pi/.local/bin/cmake --install /home/pi/Frob_robot/ros2/src/ros2_ws/build/so101_hardware
[0.901s] -- Install configuration: ""
[0.901s] -- Up-to-date: /home/pi/Frob_robot/ros2/src/ros2_ws/install/so101_hardware/share/so101_hardware/so101_hardware.xml
[0.901s] -- Up-to-date: /home/pi/Frob_robot/ros2/src/ros2_ws/install/so101_hardware/include/so101_hardware
[0.902s] -- Up-to-date: /home/pi/Frob_robot/ros2/src/ros2_ws/install/so101_hardware/include/so101_hardware/so101_hardware
[0.902s] -- Up-to-date: /home/pi/Frob_robot/ros2/src/ros2_ws/install/so101_hardware/include/so101_hardware/so101_hardware/so101_system.hpp
[0.903s] -- Up-to-date: /home/pi/Frob_robot/ros2/src/ros2_ws/install/so101_hardware/lib/libso101_hardware.so
[0.903s] -- Up-to-date: /home/pi/Frob_robot/ros2/src/ros2_ws/install/so101_hardware/share/so101_hardware/environment/library_path.sh
[0.903s] -- Up-to-date: /home/pi/Frob_robot/ros2/src/ros2_ws/install/so101_hardware/share/so101_hardware/environment/library_path.dsv
[0.904s] -- Up-to-date: /home/pi/Frob_robot/ros2/src/ros2_ws/install/so101_hardware/share/ament_index/resource_index/package_run_dependencies/so101_hardware
[0.904s] -- Up-to-date: /home/pi/Frob_robot/ros2/src/ros2_ws/install/so101_hardware/share/ament_index/resource_index/parent_prefix_path/so101_hardware
[0.904s] -- Up-to-date: /home/pi/Frob_robot/ros2/src/ros2_ws/install/so101_hardware/share/so101_hardware/environment/ament_prefix_path.sh
[0.904s] -- Up-to-date: /home/pi/Frob_robot/ros2/src/ros2_ws/install/so101_hardware/share/so101_hardware/environment/ament_prefix_path.dsv
[0.905s] -- Up-to-date: /home/pi/Frob_robot/ros2/src/ros2_ws/install/so101_hardware/share/so101_hardware/environment/path.sh
[0.905s] -- Up-to-date: /home/pi/Frob_robot/ros2/src/ros2_ws/install/so101_hardware/share/so101_hardware/environment/path.dsv
[0.905s] -- Up-to-date: /home/pi/Frob_robot/ros2/src/ros2_ws/install/so101_hardware/share/so101_hardware/local_setup.bash
[0.905s] -- Up-to-date: /home/pi/Frob_robot/ros2/src/ros2_ws/install/so101_hardware/share/so101_hardware/local_setup.sh
[0.905s] -- Up-to-date: /home/pi/Frob_robot/ros2/src/ros2_ws/install/so101_hardware/share/so101_hardware/local_setup.zsh
[0.905s] -- Up-to-date: /home/pi/Frob_robot/ros2/src/ros2_ws/install/so101_hardware/share/so101_hardware/local_setup.dsv
[0.905s] -- Installing: /home/pi/Frob_robot/ros2/src/ros2_ws/install/so101_hardware/share/so101_hardware/package.dsv
[0.905s] -- Up-to-date: /home/pi/Frob_robot/ros2/src/ros2_ws/install/so101_hardware/share/ament_index/resource_index/packages/so101_hardware
[0.906s] -- Up-to-date: /home/pi/Frob_robot/ros2/src/ros2_ws/install/so101_hardware/share/ament_index/resource_index/hardware_interface__pluginlib__plugin/so101_hardware
[0.909s] -- Up-to-date: /home/pi/Frob_robot/ros2/src/ros2_ws/install/so101_hardware/share/so101_hardware/cmake/export_so101_hardwareExport.cmake
[0.909s] -- Up-to-date: /home/pi/Frob_robot/ros2/src/ros2_ws/install/so101_hardware/share/so101_hardware/cmake/export_so101_hardwareExport-noconfig.cmake
[0.909s] -- Up-to-date: /home/pi/Frob_robot/ros2/src/ros2_ws/install/so101_hardware/share/so101_hardware/cmake/ament_cmake_export_targets-extras.cmake
[0.910s] -- Up-to-date: /home/pi/Frob_robot/ros2/src/ros2_ws/install/so101_hardware/share/so101_hardware/cmake/ament_cmake_export_dependencies-extras.cmake
[0.910s] -- Up-to-date: /home/pi/Frob_robot/ros2/src/ros2_ws/install/so101_hardware/share/so101_hardware/cmake/so101_hardwareConfig.cmake
[0.910s] -- Up-to-date: /home/pi/Frob_robot/ros2/src/ros2_ws/install/so101_hardware/share/so101_hardware/cmake/so101_hardwareConfig-version.cmake
[0.910s] -- Up-to-date: /home/pi/Frob_robot/ros2/src/ros2_ws/install/so101_hardware/share/so101_hardware/package.xml
[0.914s] Invoked command in '/home/pi/Frob_robot/ros2/src/ros2_ws/build/so101_hardware' returned '0': CMAKE_PREFIX_PATH=${CMAKE_PREFIX_PATH}:/home/pi/Frob_robot/ros2/src/ros2_ws/install/frob_bringup:/home/pi/Frob_robot/ros2/src/ros2_ws/install/ros2_arduino_bridge:/home/pi/Frob_robot/ros2/src/ros2_ws/install/lidar_filter:/home/pi/Frob_robot/ros2/src/ros2_ws/install/keyboard_vel_control:/home/pi/Frob_robot/ros2/src/ros2_ws/install/frob_odometry:/home/pi/Frob_robot/ros2/src/ros2_ws/install/frob_navigation:/home/pi/Frob_robot/ros2/src/ros2_ws/install/frob_description:/home/pi/Frob_robot/ros2/src/ros2_ws/install/frob_control:/opt/ros/jazzy /home/pi/.local/bin/cmake --install /home/pi/Frob_robot/ros2/src/ros2_ws/build/so101_hardware
