/home/pi/Frob_robot/ros2/src/ros2_ws/install/frob_description/lib/python3.12/site-packages/frob_description/__init__.py
/home/pi/Frob_robot/ros2/src/ros2_ws/install/frob_description/lib/python3.12/site-packages/frob_description/__pycache__/__init__.cpython-312.pyc
/home/pi/Frob_robot/ros2/src/ros2_ws/install/frob_description/share/ament_index/resource_index/packages/frob_description
/home/pi/Frob_robot/ros2/src/ros2_ws/install/frob_description/share/frob_description/package.xml
/home/pi/Frob_robot/ros2/src/ros2_ws/install/frob_description/share/frob_description/launch/display_slam.launch.py
/home/pi/Frob_robot/ros2/src/ros2_ws/install/frob_description/share/frob_description/launch/display_navigation.launch.py
/home/pi/Frob_robot/ros2/src/ros2_ws/install/frob_description/share/frob_description/launch/description.launch.py
/home/pi/Frob_robot/ros2/src/ros2_ws/install/frob_description/share/frob_description/launch/display_odom.launch.py
/home/pi/Frob_robot/ros2/src/ros2_ws/install/frob_description/share/frob_description/launch/display_model.launch.py
/home/pi/Frob_robot/ros2/src/ros2_ws/install/frob_description/share/frob_description/urdf/robot.urdf
/home/pi/Frob_robot/ros2/src/ros2_ws/install/frob_description/share/frob_description/rviz/display_config.rviz
/home/pi/Frob_robot/ros2/src/ros2_ws/install/frob_description/share/frob_description/rviz/lidar_config.rviz
/home/pi/Frob_robot/ros2/src/ros2_ws/install/frob_description/share/frob_description/rviz/display_odom.rviz
/home/pi/Frob_robot/ros2/src/ros2_ws/install/frob_description/share/frob_description/rviz/display_slam.rviz
/home/pi/Frob_robot/ros2/src/ros2_ws/install/frob_description/lib/python3.12/site-packages/frob_description-0.0.0-py3.12.egg-info/dependency_links.txt
/home/pi/Frob_robot/ros2/src/ros2_ws/install/frob_description/lib/python3.12/site-packages/frob_description-0.0.0-py3.12.egg-info/PKG-INFO
/home/pi/Frob_robot/ros2/src/ros2_ws/install/frob_description/lib/python3.12/site-packages/frob_description-0.0.0-py3.12.egg-info/zip-safe
/home/pi/Frob_robot/ros2/src/ros2_ws/install/frob_description/lib/python3.12/site-packages/frob_description-0.0.0-py3.12.egg-info/top_level.txt
/home/pi/Frob_robot/ros2/src/ros2_ws/install/frob_description/lib/python3.12/site-packages/frob_description-0.0.0-py3.12.egg-info/SOURCES.txt
/home/pi/Frob_robot/ros2/src/ros2_ws/install/frob_description/lib/python3.12/site-packages/frob_description-0.0.0-py3.12.egg-info/requires.txt
