running egg_info
creating ../../build/frob_control/frob_control.egg-info
writing ../../build/frob_control/frob_control.egg-info/PKG-INFO
writing dependency_links to ../../build/frob_control/frob_control.egg-info/dependency_links.txt
writing entry points to ../../build/frob_control/frob_control.egg-info/entry_points.txt
writing requirements to ../../build/frob_control/frob_control.egg-info/requires.txt
writing top-level names to ../../build/frob_control/frob_control.egg-info/top_level.txt
writing manifest file '../../build/frob_control/frob_control.egg-info/SOURCES.txt'
reading manifest file '../../build/frob_control/frob_control.egg-info/SOURCES.txt'
writing manifest file '../../build/frob_control/frob_control.egg-info/SOURCES.txt'
running build
running build_py
creating /home/pi/Frob_robot/ros2/src/ros2_ws/build/frob_control/build/lib/frob_control
copying frob_control/joy_control.py -> /home/pi/Frob_robot/ros2/src/ros2_ws/build/frob_control/build/lib/frob_control
copying frob_control/__init__.py -> /home/pi/Frob_robot/ros2/src/ros2_ws/build/frob_control/build/lib/frob_control
running install
running install_lib
creating /home/pi/Frob_robot/ros2/src/ros2_ws/install/frob_control/lib/python3.12/site-packages/frob_control
copying /home/pi/Frob_robot/ros2/src/ros2_ws/build/frob_control/build/lib/frob_control/joy_control.py -> /home/pi/Frob_robot/ros2/src/ros2_ws/install/frob_control/lib/python3.12/site-packages/frob_control
copying /home/pi/Frob_robot/ros2/src/ros2_ws/build/frob_control/build/lib/frob_control/__init__.py -> /home/pi/Frob_robot/ros2/src/ros2_ws/install/frob_control/lib/python3.12/site-packages/frob_control
byte-compiling /home/pi/Frob_robot/ros2/src/ros2_ws/install/frob_control/lib/python3.12/site-packages/frob_control/joy_control.py to joy_control.cpython-312.pyc
byte-compiling /home/pi/Frob_robot/ros2/src/ros2_ws/install/frob_control/lib/python3.12/site-packages/frob_control/__init__.py to __init__.cpython-312.pyc
running install_data
creating /home/pi/Frob_robot/ros2/src/ros2_ws/install/frob_control/share/ament_index/resource_index/packages
copying resource/frob_control -> /home/pi/Frob_robot/ros2/src/ros2_ws/install/frob_control/share/ament_index/resource_index/packages
copying package.xml -> /home/pi/Frob_robot/ros2/src/ros2_ws/install/frob_control/share/frob_control
creating /home/pi/Frob_robot/ros2/src/ros2_ws/install/frob_control/share/frob_control/config
copying config/joy_config.yaml -> /home/pi/Frob_robot/ros2/src/ros2_ws/install/frob_control/share/frob_control/config
creating /home/pi/Frob_robot/ros2/src/ros2_ws/install/frob_control/share/frob_control/launch
copying launch/joy_control.launch.py -> /home/pi/Frob_robot/ros2/src/ros2_ws/install/frob_control/share/frob_control/launch
running install_egg_info
Copying ../../build/frob_control/frob_control.egg-info to /home/pi/Frob_robot/ros2/src/ros2_ws/install/frob_control/lib/python3.12/site-packages/frob_control-0.0.0-py3.12.egg-info
running install_scripts
Installing joy_control script to /home/pi/Frob_robot/ros2/src/ros2_ws/install/frob_control/lib/frob_control
writing list of installed files to '/home/pi/Frob_robot/ros2/src/ros2_ws/build/frob_control/install.log'
