[1.683s] Invoking command in '/home/pi/Frob_robot/ros2/src/ros2_ws/src/frob_control': PYTHONPATH=/home/pi/Frob_robot/ros2/src/ros2_ws/build/frob_control/prefix_override:/usr/lib/python3/dist-packages/colcon_core/task/python/colcon_distutils_commands:/home/pi/Frob_robot/ros2/src/ros2_ws/install/frob_control/lib/python3.12/site-packages:${PYTHONPATH} /usr/bin/python3 -W ignore:setup.py install is deprecated -W ignore:easy_install command is deprecated setup.py egg_info --egg-base ../../build/frob_control build --build-base /home/pi/Frob_robot/ros2/src/ros2_ws/build/frob_control/build install --record /home/pi/Frob_robot/ros2/src/ros2_ws/build/frob_control/install.log --single-version-externally-managed install_data
[2.261s] running egg_info
[2.293s] creating ../../build/frob_control/frob_control.egg-info
[2.293s] writing ../../build/frob_control/frob_control.egg-info/PKG-INFO
[2.295s] writing dependency_links to ../../build/frob_control/frob_control.egg-info/dependency_links.txt
[2.296s] writing entry points to ../../build/frob_control/frob_control.egg-info/entry_points.txt
[2.298s] writing requirements to ../../build/frob_control/frob_control.egg-info/requires.txt
[2.301s] writing top-level names to ../../build/frob_control/frob_control.egg-info/top_level.txt
[2.301s] writing manifest file '../../build/frob_control/frob_control.egg-info/SOURCES.txt'
[2.368s] reading manifest file '../../build/frob_control/frob_control.egg-info/SOURCES.txt'
[2.370s] writing manifest file '../../build/frob_control/frob_control.egg-info/SOURCES.txt'
[2.371s] running build
[2.371s] running build_py
[2.372s] creating /home/pi/Frob_robot/ros2/src/ros2_ws/build/frob_control/build/lib/frob_control
[2.373s] copying frob_control/joy_control.py -> /home/pi/Frob_robot/ros2/src/ros2_ws/build/frob_control/build/lib/frob_control
[2.373s] copying frob_control/__init__.py -> /home/pi/Frob_robot/ros2/src/ros2_ws/build/frob_control/build/lib/frob_control
[2.374s] running install
[2.386s] running install_lib
[2.428s] creating /home/pi/Frob_robot/ros2/src/ros2_ws/install/frob_control/lib/python3.12/site-packages/frob_control
[2.428s] copying /home/pi/Frob_robot/ros2/src/ros2_ws/build/frob_control/build/lib/frob_control/joy_control.py -> /home/pi/Frob_robot/ros2/src/ros2_ws/install/frob_control/lib/python3.12/site-packages/frob_control
[2.429s] copying /home/pi/Frob_robot/ros2/src/ros2_ws/build/frob_control/build/lib/frob_control/__init__.py -> /home/pi/Frob_robot/ros2/src/ros2_ws/install/frob_control/lib/python3.12/site-packages/frob_control
[2.433s] byte-compiling /home/pi/Frob_robot/ros2/src/ros2_ws/install/frob_control/lib/python3.12/site-packages/frob_control/joy_control.py to joy_control.cpython-312.pyc
[2.433s] byte-compiling /home/pi/Frob_robot/ros2/src/ros2_ws/install/frob_control/lib/python3.12/site-packages/frob_control/__init__.py to __init__.cpython-312.pyc
[2.434s] running install_data
[2.435s] creating /home/pi/Frob_robot/ros2/src/ros2_ws/install/frob_control/share/ament_index/resource_index/packages
[2.435s] copying resource/frob_control -> /home/pi/Frob_robot/ros2/src/ros2_ws/install/frob_control/share/ament_index/resource_index/packages
[2.436s] copying package.xml -> /home/pi/Frob_robot/ros2/src/ros2_ws/install/frob_control/share/frob_control
[2.436s] creating /home/pi/Frob_robot/ros2/src/ros2_ws/install/frob_control/share/frob_control/config
[2.436s] copying config/joy_config.yaml -> /home/pi/Frob_robot/ros2/src/ros2_ws/install/frob_control/share/frob_control/config
[2.437s] creating /home/pi/Frob_robot/ros2/src/ros2_ws/install/frob_control/share/frob_control/launch
[2.437s] copying launch/joy_control.launch.py -> /home/pi/Frob_robot/ros2/src/ros2_ws/install/frob_control/share/frob_control/launch
[2.439s] running install_egg_info
[2.484s] Copying ../../build/frob_control/frob_control.egg-info to /home/pi/Frob_robot/ros2/src/ros2_ws/install/frob_control/lib/python3.12/site-packages/frob_control-0.0.0-py3.12.egg-info
[2.491s] running install_scripts
[2.579s] Installing joy_control script to /home/pi/Frob_robot/ros2/src/ros2_ws/install/frob_control/lib/frob_control
[2.580s] writing list of installed files to '/home/pi/Frob_robot/ros2/src/ros2_ws/build/frob_control/install.log'
[2.690s] Invoked command in '/home/pi/Frob_robot/ros2/src/ros2_ws/src/frob_control' returned '0': PYTHONPATH=/home/pi/Frob_robot/ros2/src/ros2_ws/build/frob_control/prefix_override:/usr/lib/python3/dist-packages/colcon_core/task/python/colcon_distutils_commands:/home/pi/Frob_robot/ros2/src/ros2_ws/install/frob_control/lib/python3.12/site-packages:${PYTHONPATH} /usr/bin/python3 -W ignore:setup.py install is deprecated -W ignore:easy_install command is deprecated setup.py egg_info --egg-base ../../build/frob_control build --build-base /home/pi/Frob_robot/ros2/src/ros2_ws/build/frob_control/build install --record /home/pi/Frob_robot/ros2/src/ros2_ws/build/frob_control/install.log --single-version-externally-managed install_data
