[3.312s] Invoking command in '/home/pi/Frob_robot/ros2/src/ros2_ws/src/frob_navigation': PYTHONPATH=/home/pi/Frob_robot/ros2/src/ros2_ws/build/frob_navigation/prefix_override:/usr/lib/python3/dist-packages/colcon_core/task/python/colcon_distutils_commands:/home/pi/Frob_robot/ros2/src/ros2_ws/install/frob_navigation/lib/python3.12/site-packages:${PYTHONPATH} /usr/bin/python3 -W ignore:setup.py install is deprecated -W ignore:easy_install command is deprecated setup.py egg_info --egg-base ../../build/frob_navigation build --build-base /home/pi/Frob_robot/ros2/src/ros2_ws/build/frob_navigation/build install --record /home/pi/Frob_robot/ros2/src/ros2_ws/build/frob_navigation/install.log --single-version-externally-managed install_data
[4.601s] running egg_info
[4.696s] writing ../../build/frob_navigation/frob_navigation.egg-info/PKG-INFO
[4.700s] writing dependency_links to ../../build/frob_navigation/frob_navigation.egg-info/dependency_links.txt
[4.702s] writing requirements to ../../build/frob_navigation/frob_navigation.egg-info/requires.txt
[4.705s] writing top-level names to ../../build/frob_navigation/frob_navigation.egg-info/top_level.txt
[4.903s] reading manifest file '../../build/frob_navigation/frob_navigation.egg-info/SOURCES.txt'
[4.912s] writing manifest file '../../build/frob_navigation/frob_navigation.egg-info/SOURCES.txt'
[4.912s] running build
[4.913s] running build_py
[4.914s] copying frob_navigation/__init__.py -> /home/pi/Frob_robot/ros2/src/ros2_ws/build/frob_navigation/build/lib/frob_navigation
[4.920s] running install
[4.939s] running install_lib
[5.045s] running install_data
[5.045s] copying resource/frob_navigation -> /home/pi/Frob_robot/ros2/src/ros2_ws/install/frob_navigation/share/ament_index/resource_index/packages
[5.045s] copying package.xml -> /home/pi/Frob_robot/ros2/src/ros2_ws/install/frob_navigation/share/frob_navigation
[5.046s] copying launch/slam.launch.py -> /home/pi/Frob_robot/ros2/src/ros2_ws/install/frob_navigation/share/frob_navigation/launch
[5.046s] copying launch/navigation.launch.py -> /home/pi/Frob_robot/ros2/src/ros2_ws/install/frob_navigation/share/frob_navigation/launch
[5.051s] copying config/nav2_params.yaml -> /home/pi/Frob_robot/ros2/src/ros2_ws/install/frob_navigation/share/frob_navigation/config
[5.053s] copying config/slam_toolbox_params.yaml -> /home/pi/Frob_robot/ros2/src/ros2_ws/install/frob_navigation/share/frob_navigation/config
[5.058s] copying maps/map.yaml -> /home/pi/Frob_robot/ros2/src/ros2_ws/install/frob_navigation/share/frob_navigation/maps
[5.058s] copying maps/map.pgm -> /home/pi/Frob_robot/ros2/src/ros2_ws/install/frob_navigation/share/frob_navigation/maps
[5.064s] running install_egg_info
[5.167s] removing '/home/pi/Frob_robot/ros2/src/ros2_ws/install/frob_navigation/lib/python3.12/site-packages/frob_navigation-0.0.0-py3.12.egg-info' (and everything under it)
[5.167s] Copying ../../build/frob_navigation/frob_navigation.egg-info to /home/pi/Frob_robot/ros2/src/ros2_ws/install/frob_navigation/lib/python3.12/site-packages/frob_navigation-0.0.0-py3.12.egg-info
[5.172s] running install_scripts
[5.387s] writing list of installed files to '/home/pi/Frob_robot/ros2/src/ros2_ws/build/frob_navigation/install.log'
[5.620s] Invoked command in '/home/pi/Frob_robot/ros2/src/ros2_ws/src/frob_navigation' returned '0': PYTHONPATH=/home/pi/Frob_robot/ros2/src/ros2_ws/build/frob_navigation/prefix_override:/usr/lib/python3/dist-packages/colcon_core/task/python/colcon_distutils_commands:/home/pi/Frob_robot/ros2/src/ros2_ws/install/frob_navigation/lib/python3.12/site-packages:${PYTHONPATH} /usr/bin/python3 -W ignore:setup.py install is deprecated -W ignore:easy_install command is deprecated setup.py egg_info --egg-base ../../build/frob_navigation build --build-base /home/pi/Frob_robot/ros2/src/ros2_ws/build/frob_navigation/build install --record /home/pi/Frob_robot/ros2/src/ros2_ws/build/frob_navigation/install.log --single-version-externally-managed install_data
