[3.823s] Invoking command in '/home/pi/Frob_robot/ros2/src/ros2_ws/src/frob_odometry': PYTHONPATH=/home/pi/Frob_robot/ros2/src/ros2_ws/build/frob_odometry/prefix_override:/usr/lib/python3/dist-packages/colcon_core/task/python/colcon_distutils_commands:/home/pi/Frob_robot/ros2/src/ros2_ws/install/frob_odometry/lib/python3.12/site-packages:${PYTHONPATH} /usr/bin/python3 -W ignore:setup.py install is deprecated -W ignore:easy_install command is deprecated setup.py egg_info --egg-base ../../build/frob_odometry build --build-base /home/pi/Frob_robot/ros2/src/ros2_ws/build/frob_odometry/build install --record /home/pi/Frob_robot/ros2/src/ros2_ws/build/frob_odometry/install.log --single-version-externally-managed install_data
[4.678s] running egg_info
[4.716s] writing ../../build/frob_odometry/frob_odometry.egg-info/PKG-INFO
[4.722s] writing dependency_links to ../../build/frob_odometry/frob_odometry.egg-info/dependency_links.txt
[4.723s] writing entry points to ../../build/frob_odometry/frob_odometry.egg-info/entry_points.txt
[4.724s] writing requirements to ../../build/frob_odometry/frob_odometry.egg-info/requires.txt
[4.728s] writing top-level names to ../../build/frob_odometry/frob_odometry.egg-info/top_level.txt
[4.890s] reading manifest file '../../build/frob_odometry/frob_odometry.egg-info/SOURCES.txt'
[4.896s] writing manifest file '../../build/frob_odometry/frob_odometry.egg-info/SOURCES.txt'
[4.897s] running build
[4.901s] running build_py
[4.903s] copying frob_odometry/old_odometry.py -> /home/pi/Frob_robot/ros2/src/ros2_ws/build/frob_odometry/build/lib/frob_odometry
[4.905s] copying frob_odometry/odom.py -> /home/pi/Frob_robot/ros2/src/ros2_ws/build/frob_odometry/build/lib/frob_odometry
[4.909s] copying frob_odometry/__init__.py -> /home/pi/Frob_robot/ros2/src/ros2_ws/build/frob_odometry/build/lib/frob_odometry
[4.909s] running install
[4.931s] running install_lib
[5.024s] running install_data
[5.026s] copying resource/frob_odometry -> /home/pi/Frob_robot/ros2/src/ros2_ws/install/frob_odometry/share/ament_index/resource_index/packages
[5.030s] copying package.xml -> /home/pi/Frob_robot/ros2/src/ros2_ws/install/frob_odometry/share/frob_odometry
[5.031s] copying launch/odometry.launch.py -> /home/pi/Frob_robot/ros2/src/ros2_ws/install/frob_odometry/share/frob_odometry/launch
[5.035s] copying config/odometry_params.yaml -> /home/pi/Frob_robot/ros2/src/ros2_ws/install/frob_odometry/share/frob_odometry/config
[5.036s] copying config/ekf.yaml -> /home/pi/Frob_robot/ros2/src/ros2_ws/install/frob_odometry/share/frob_odometry/config
[5.038s] running install_egg_info
[5.106s] removing '/home/pi/Frob_robot/ros2/src/ros2_ws/install/frob_odometry/lib/python3.12/site-packages/frob_odometry-0.0.0-py3.12.egg-info' (and everything under it)
[5.106s] Copying ../../build/frob_odometry/frob_odometry.egg-info to /home/pi/Frob_robot/ros2/src/ros2_ws/install/frob_odometry/lib/python3.12/site-packages/frob_odometry-0.0.0-py3.12.egg-info
[5.107s] running install_scripts
[5.320s] Installing odometry_publisher script to /home/pi/Frob_robot/ros2/src/ros2_ws/install/frob_odometry/lib/frob_odometry
[5.325s] writing list of installed files to '/home/pi/Frob_robot/ros2/src/ros2_ws/build/frob_odometry/install.log'
[5.527s] Invoked command in '/home/pi/Frob_robot/ros2/src/ros2_ws/src/frob_odometry' returned '0': PYTHONPATH=/home/pi/Frob_robot/ros2/src/ros2_ws/build/frob_odometry/prefix_override:/usr/lib/python3/dist-packages/colcon_core/task/python/colcon_distutils_commands:/home/pi/Frob_robot/ros2/src/ros2_ws/install/frob_odometry/lib/python3.12/site-packages:${PYTHONPATH} /usr/bin/python3 -W ignore:setup.py install is deprecated -W ignore:easy_install command is deprecated setup.py egg_info --egg-base ../../build/frob_odometry build --build-base /home/pi/Frob_robot/ros2/src/ros2_ws/build/frob_odometry/build install --record /home/pi/Frob_robot/ros2/src/ros2_ws/build/frob_odometry/install.log --single-version-externally-managed install_data
