running egg_info
creating ../../build/frob_navigation/frob_navigation.egg-info
writing ../../build/frob_navigation/frob_navigation.egg-info/PKG-INFO
writing dependency_links to ../../build/frob_navigation/frob_navigation.egg-info/dependency_links.txt
writing requirements to ../../build/frob_navigation/frob_navigation.egg-info/requires.txt
writing top-level names to ../../build/frob_navigation/frob_navigation.egg-info/top_level.txt
writing manifest file '../../build/frob_navigation/frob_navigation.egg-info/SOURCES.txt'
reading manifest file '../../build/frob_navigation/frob_navigation.egg-info/SOURCES.txt'
writing manifest file '../../build/frob_navigation/frob_navigation.egg-info/SOURCES.txt'
running build
running build_py
creating /home/pi/Frob_robot/ros2/src/ros2_ws/build/frob_navigation/build/lib/frob_navigation
copying frob_navigation/__init__.py -> /home/pi/Frob_robot/ros2/src/ros2_ws/build/frob_navigation/build/lib/frob_navigation
running install
running install_lib
creating /home/pi/Frob_robot/ros2/src/ros2_ws/install/frob_navigation/lib/python3.12/site-packages/frob_navigation
copying /home/pi/Frob_robot/ros2/src/ros2_ws/build/frob_navigation/build/lib/frob_navigation/__init__.py -> /home/pi/Frob_robot/ros2/src/ros2_ws/install/frob_navigation/lib/python3.12/site-packages/frob_navigation
byte-compiling /home/pi/Frob_robot/ros2/src/ros2_ws/install/frob_navigation/lib/python3.12/site-packages/frob_navigation/__init__.py to __init__.cpython-312.pyc
running install_data
creating /home/pi/Frob_robot/ros2/src/ros2_ws/install/frob_navigation/share/ament_index/resource_index/packages
copying resource/frob_navigation -> /home/pi/Frob_robot/ros2/src/ros2_ws/install/frob_navigation/share/ament_index/resource_index/packages
copying package.xml -> /home/pi/Frob_robot/ros2/src/ros2_ws/install/frob_navigation/share/frob_navigation
creating /home/pi/Frob_robot/ros2/src/ros2_ws/install/frob_navigation/share/frob_navigation/launch
copying launch/slam.launch.py -> /home/pi/Frob_robot/ros2/src/ros2_ws/install/frob_navigation/share/frob_navigation/launch
copying launch/navigation.launch.py -> /home/pi/Frob_robot/ros2/src/ros2_ws/install/frob_navigation/share/frob_navigation/launch
creating /home/pi/Frob_robot/ros2/src/ros2_ws/install/frob_navigation/share/frob_navigation/config
copying config/nav2_params.yaml -> /home/pi/Frob_robot/ros2/src/ros2_ws/install/frob_navigation/share/frob_navigation/config
copying config/slam_toolbox_params.yaml -> /home/pi/Frob_robot/ros2/src/ros2_ws/install/frob_navigation/share/frob_navigation/config
creating /home/pi/Frob_robot/ros2/src/ros2_ws/install/frob_navigation/share/frob_navigation/maps
copying maps/map.yaml -> /home/pi/Frob_robot/ros2/src/ros2_ws/install/frob_navigation/share/frob_navigation/maps
copying maps/map.pgm -> /home/pi/Frob_robot/ros2/src/ros2_ws/install/frob_navigation/share/frob_navigation/maps
running install_egg_info
Copying ../../build/frob_navigation/frob_navigation.egg-info to /home/pi/Frob_robot/ros2/src/ros2_ws/install/frob_navigation/lib/python3.12/site-packages/frob_navigation-0.0.0-py3.12.egg-info
running install_scripts
writing list of installed files to '/home/pi/Frob_robot/ros2/src/ros2_ws/build/frob_navigation/install.log'
