[3.469s] Invoking command in '/home/pi/Frob_robot/ros2/src/ros2_ws/src/frob_navigation': PYTHONPATH=/home/pi/Frob_robot/ros2/src/ros2_ws/build/frob_navigation/prefix_override:/usr/lib/python3/dist-packages/colcon_core/task/python/colcon_distutils_commands:/home/pi/Frob_robot/ros2/src/ros2_ws/install/frob_navigation/lib/python3.12/site-packages:${PYTHONPATH} /usr/bin/python3 -W ignore:setup.py install is deprecated -W ignore:easy_install command is deprecated setup.py egg_info --egg-base ../../build/frob_navigation build --build-base /home/pi/Frob_robot/ros2/src/ros2_ws/build/frob_navigation/build install --record /home/pi/Frob_robot/ros2/src/ros2_ws/build/frob_navigation/install.log --single-version-externally-managed install_data
[4.938s] running egg_info
[5.047s] creating ../../build/frob_navigation/frob_navigation.egg-info
[5.047s] writing ../../build/frob_navigation/frob_navigation.egg-info/PKG-INFO
[5.047s] writing dependency_links to ../../build/frob_navigation/frob_navigation.egg-info/dependency_links.txt
[5.051s] writing requirements to ../../build/frob_navigation/frob_navigation.egg-info/requires.txt
[5.051s] writing top-level names to ../../build/frob_navigation/frob_navigation.egg-info/top_level.txt
[5.051s] writing manifest file '../../build/frob_navigation/frob_navigation.egg-info/SOURCES.txt'
[5.248s] reading manifest file '../../build/frob_navigation/frob_navigation.egg-info/SOURCES.txt'
[5.253s] writing manifest file '../../build/frob_navigation/frob_navigation.egg-info/SOURCES.txt'
[5.256s] running build
[5.256s] running build_py
[5.256s] creating /home/pi/Frob_robot/ros2/src/ros2_ws/build/frob_navigation/build/lib/frob_navigation
[5.257s] copying frob_navigation/__init__.py -> /home/pi/Frob_robot/ros2/src/ros2_ws/build/frob_navigation/build/lib/frob_navigation
[5.262s] running install
[5.279s] running install_lib
[5.389s] creating /home/pi/Frob_robot/ros2/src/ros2_ws/install/frob_navigation/lib/python3.12/site-packages/frob_navigation
[5.390s] copying /home/pi/Frob_robot/ros2/src/ros2_ws/build/frob_navigation/build/lib/frob_navigation/__init__.py -> /home/pi/Frob_robot/ros2/src/ros2_ws/install/frob_navigation/lib/python3.12/site-packages/frob_navigation
[5.392s] byte-compiling /home/pi/Frob_robot/ros2/src/ros2_ws/install/frob_navigation/lib/python3.12/site-packages/frob_navigation/__init__.py to __init__.cpython-312.pyc
[5.396s] running install_data
[5.397s] creating /home/pi/Frob_robot/ros2/src/ros2_ws/install/frob_navigation/share/ament_index/resource_index/packages
[5.397s] copying resource/frob_navigation -> /home/pi/Frob_robot/ros2/src/ros2_ws/install/frob_navigation/share/ament_index/resource_index/packages
[5.398s] copying package.xml -> /home/pi/Frob_robot/ros2/src/ros2_ws/install/frob_navigation/share/frob_navigation
[5.401s] creating /home/pi/Frob_robot/ros2/src/ros2_ws/install/frob_navigation/share/frob_navigation/launch
[5.401s] copying launch/slam.launch.py -> /home/pi/Frob_robot/ros2/src/ros2_ws/install/frob_navigation/share/frob_navigation/launch
[5.404s] copying launch/navigation.launch.py -> /home/pi/Frob_robot/ros2/src/ros2_ws/install/frob_navigation/share/frob_navigation/launch
[5.404s] creating /home/pi/Frob_robot/ros2/src/ros2_ws/install/frob_navigation/share/frob_navigation/config
[5.410s] copying config/nav2_params.yaml -> /home/pi/Frob_robot/ros2/src/ros2_ws/install/frob_navigation/share/frob_navigation/config
[5.410s] copying config/slam_toolbox_params.yaml -> /home/pi/Frob_robot/ros2/src/ros2_ws/install/frob_navigation/share/frob_navigation/config
[5.410s] creating /home/pi/Frob_robot/ros2/src/ros2_ws/install/frob_navigation/share/frob_navigation/maps
[5.410s] copying maps/map.yaml -> /home/pi/Frob_robot/ros2/src/ros2_ws/install/frob_navigation/share/frob_navigation/maps
[5.410s] copying maps/map.pgm -> /home/pi/Frob_robot/ros2/src/ros2_ws/install/frob_navigation/share/frob_navigation/maps
[5.410s] running install_egg_info
[5.532s] Copying ../../build/frob_navigation/frob_navigation.egg-info to /home/pi/Frob_robot/ros2/src/ros2_ws/install/frob_navigation/lib/python3.12/site-packages/frob_navigation-0.0.0-py3.12.egg-info
[5.534s] running install_scripts
[5.812s] writing list of installed files to '/home/pi/Frob_robot/ros2/src/ros2_ws/build/frob_navigation/install.log'
[6.035s] Invoked command in '/home/pi/Frob_robot/ros2/src/ros2_ws/src/frob_navigation' returned '0': PYTHONPATH=/home/pi/Frob_robot/ros2/src/ros2_ws/build/frob_navigation/prefix_override:/usr/lib/python3/dist-packages/colcon_core/task/python/colcon_distutils_commands:/home/pi/Frob_robot/ros2/src/ros2_ws/install/frob_navigation/lib/python3.12/site-packages:${PYTHONPATH} /usr/bin/python3 -W ignore:setup.py install is deprecated -W ignore:easy_install command is deprecated setup.py egg_info --egg-base ../../build/frob_navigation build --build-base /home/pi/Frob_robot/ros2/src/ros2_ws/build/frob_navigation/build install --record /home/pi/Frob_robot/ros2/src/ros2_ws/build/frob_navigation/install.log --single-version-externally-managed install_data
