[0.028s] Invoking command in '/home/pi/Frob_robot/ros2/src/ros2_ws/build/rf2o_laser_odometry': CMAKE_PREFIX_PATH=${CMAKE_PREFIX_PATH}:/opt/ros/jazzy /home/pi/.local/bin/cmake --build /home/pi/Frob_robot/ros2/src/ros2_ws/build/rf2o_laser_odometry -- -j4 -l4
[0.554s] [ 20%] [32mBuilding CXX object CMakeFiles/rf2o_laser_odometry.dir/src/CLaserOdometry2D.cpp.o[0m
[0.556s] [ 40%] [32mBuilding CXX object CMakeFiles/rf2o_laser_odometry_node.dir/src/CLaserOdometry2D.cpp.o[0m
[0.575s] [ 60%] [32mBuilding CXX object CMakeFiles/rf2o_laser_odometry_node.dir/src/CLaserOdometry2DNode.cpp.o[0m
[47.705s] [ 80%] [1m[32mLinking CXX static library librf2o_laser_odometry.a[0m
[48.658s] [ 80%] Built target rf2o_laser_odometry
[48.783s] [100%] [1m[32mLinking CXX executable rf2o_laser_odometry_node[0m
[51.227s] [100%] Built target rf2o_laser_odometry_node
[51.237s] Invoked command in '/home/pi/Frob_robot/ros2/src/ros2_ws/build/rf2o_laser_odometry' returned '0': CMAKE_PREFIX_PATH=${CMAKE_PREFIX_PATH}:/opt/ros/jazzy /home/pi/.local/bin/cmake --build /home/pi/Frob_robot/ros2/src/ros2_ws/build/rf2o_laser_odometry -- -j4 -l4
[51.242s] Invoking command in '/home/pi/Frob_robot/ros2/src/ros2_ws/build/rf2o_laser_odometry': CMAKE_PREFIX_PATH=${CMAKE_PREFIX_PATH}:/opt/ros/jazzy /home/pi/.local/bin/cmake --install /home/pi/Frob_robot/ros2/src/ros2_ws/build/rf2o_laser_odometry
[51.427s] -- Install configuration: ""
[51.430s] -- Installing: /home/pi/Frob_robot/ros2/src/ros2_ws/install/rf2o_laser_odometry/lib/rf2o_laser_odometry/rf2o_laser_odometry_node
[51.462s] -- Set non-toolchain portion of runtime path of "/home/pi/Frob_robot/ros2/src/ros2_ws/install/rf2o_laser_odometry/lib/rf2o_laser_odometry/rf2o_laser_odometry_node" to ""
[51.463s] -- Up-to-date: /home/pi/Frob_robot/ros2/src/ros2_ws/install/rf2o_laser_odometry/share/rf2o_laser_odometry/launch
[51.464s] -- Up-to-date: /home/pi/Frob_robot/ros2/src/ros2_ws/install/rf2o_laser_odometry/share/rf2o_laser_odometry/launch/rf2o_laser_odometry.launch.py
[51.466s] -- Up-to-date: /home/pi/Frob_robot/ros2/src/ros2_ws/install/rf2o_laser_odometry/share/ament_index/resource_index/package_run_dependencies/rf2o_laser_odometry
[51.467s] -- Up-to-date: /home/pi/Frob_robot/ros2/src/ros2_ws/install/rf2o_laser_odometry/share/ament_index/resource_index/parent_prefix_path/rf2o_laser_odometry
[51.467s] -- Up-to-date: /home/pi/Frob_robot/ros2/src/ros2_ws/install/rf2o_laser_odometry/share/rf2o_laser_odometry/environment/ament_prefix_path.sh
[51.468s] -- Up-to-date: /home/pi/Frob_robot/ros2/src/ros2_ws/install/rf2o_laser_odometry/share/rf2o_laser_odometry/environment/ament_prefix_path.dsv
[51.468s] -- Up-to-date: /home/pi/Frob_robot/ros2/src/ros2_ws/install/rf2o_laser_odometry/share/rf2o_laser_odometry/environment/path.sh
[51.468s] -- Up-to-date: /home/pi/Frob_robot/ros2/src/ros2_ws/install/rf2o_laser_odometry/share/rf2o_laser_odometry/environment/path.dsv
[51.468s] -- Up-to-date: /home/pi/Frob_robot/ros2/src/ros2_ws/install/rf2o_laser_odometry/share/rf2o_laser_odometry/local_setup.bash
[51.468s] -- Up-to-date: /home/pi/Frob_robot/ros2/src/ros2_ws/install/rf2o_laser_odometry/share/rf2o_laser_odometry/local_setup.sh
[51.468s] -- Up-to-date: /home/pi/Frob_robot/ros2/src/ros2_ws/install/rf2o_laser_odometry/share/rf2o_laser_odometry/local_setup.zsh
[51.469s] -- Up-to-date: /home/pi/Frob_robot/ros2/src/ros2_ws/install/rf2o_laser_odometry/share/rf2o_laser_odometry/local_setup.dsv
[51.469s] -- Installing: /home/pi/Frob_robot/ros2/src/ros2_ws/install/rf2o_laser_odometry/share/rf2o_laser_odometry/package.dsv
[51.470s] -- Up-to-date: /home/pi/Frob_robot/ros2/src/ros2_ws/install/rf2o_laser_odometry/share/ament_index/resource_index/packages/rf2o_laser_odometry
[51.471s] -- Up-to-date: /home/pi/Frob_robot/ros2/src/ros2_ws/install/rf2o_laser_odometry/share/rf2o_laser_odometry/cmake/rf2o_laser_odometryConfig.cmake
[51.471s] -- Up-to-date: /home/pi/Frob_robot/ros2/src/ros2_ws/install/rf2o_laser_odometry/share/rf2o_laser_odometry/cmake/rf2o_laser_odometryConfig-version.cmake
[51.471s] -- Up-to-date: /home/pi/Frob_robot/ros2/src/ros2_ws/install/rf2o_laser_odometry/share/rf2o_laser_odometry/package.xml
[51.473s] Invoked command in '/home/pi/Frob_robot/ros2/src/ros2_ws/build/rf2o_laser_odometry' returned '0': CMAKE_PREFIX_PATH=${CMAKE_PREFIX_PATH}:/opt/ros/jazzy /home/pi/.local/bin/cmake --install /home/pi/Frob_robot/ros2/src/ros2_ws/build/rf2o_laser_odometry
