-- The CXX compiler identification is GNU 13.3.0
-- Detecting CXX compiler ABI info
-- Detecting CXX compiler ABI info - done
-- Check for working CXX compiler: /usr/bin/c++ - skipped
-- Detecting CXX compile features
-- Detecting CXX compile features - done
-- Found ament_cmake: 2.5.5 (/opt/ros/jazzy/share/ament_cmake/cmake)
-- Found Python3: /usr/bin/python3 (found version "3.12.3") found components: Interpreter
-- Found hardware_interface: 4.42.2 (/opt/ros/jazzy/share/hardware_interface/cmake)
-- Found rosidl_generator_c: 4.6.7 (/opt/ros/jazzy/share/rosidl_generator_c/cmake)
-- Found rosidl_generator_cpp: 4.6.7 (/opt/ros/jazzy/share/rosidl_generator_cpp/cmake)
-- Using all available rosidl_typesupport_c: rosidl_typesupport_fastrtps_c;rosidl_typesupport_introspection_c
-- Using all available rosidl_typesupport_cpp: rosidl_typesupport_fastrtps_cpp;rosidl_typesupport_introspection_cpp
-- Found TinyXML2 via Config file: /usr/lib/aarch64-linux-gnu/cmake/tinyxml2
-- Found rmw_implementation_cmake: 7.3.3 (/opt/ros/jazzy/share/rmw_implementation_cmake/cmake)
-- Found rmw_fastrtps_cpp: 8.4.3 (/opt/ros/jazzy/share/rmw_fastrtps_cpp/cmake)
-- Found TinyXML2 via Config file: /usr/lib/aarch64-linux-gnu/cmake/tinyxml2
-- Found OpenSSL: /usr/lib/aarch64-linux-gnu/libcrypto.so (found version "3.0.13")
-- Found TinyXML2 via Config file: /usr/lib/aarch64-linux-gnu/cmake/tinyxml2
-- Found FastRTPS: /opt/ros/jazzy/include (Required is at least version "2.13")
-- Found TinyXML2 via Config file: /usr/lib/aarch64-linux-gnu/cmake/tinyxml2
-- Found TinyXML2 via Config file: /usr/lib/aarch64-linux-gnu/cmake/tinyxml2
-- Using RMW implementation 'rmw_fastrtps_cpp' as default
-- Found ament_cmake_gtest: 2.5.5 (/opt/ros/jazzy/share/ament_cmake_gtest/cmake)
-- Configuring done (6.7s)
-- Generating done (0.2s)
-- Build files have been written to: /home/pi/Frob_robot/ros2/src/ros2_ws/build/so101_hardware
[ 12%] [32mBuilding CXX object CMakeFiles/so101_hardware.dir/src/so101_system.cpp.o[0m
[ 25%] [32mBuilding CXX object CMakeFiles/so101_hardware.dir/scservo_sdk/SCSerial.cpp.o[0m
[ 37%] [32mBuilding CXX object CMakeFiles/so101_hardware.dir/scservo_sdk/SMS_STS.cpp.o[0m
[ 50%] [32mBuilding CXX object CMakeFiles/so101_hardware.dir/scservo_sdk/SCSCL.cpp.o[0m
[ 62%] [32mBuilding CXX object CMakeFiles/so101_hardware.dir/scservo_sdk/SMSCL.cpp.o[0m
[ 75%] [32mBuilding CXX object CMakeFiles/so101_hardware.dir/scservo_sdk/SMSBL.cpp.o[0m
[ 87%] [32mBuilding CXX object CMakeFiles/so101_hardware.dir/scservo_sdk/SCS.cpp.o[0m
[100%] [1m[32mLinking CXX shared library libso101_hardware.so[0m
[100%] Built target so101_hardware
-- Install configuration: ""
-- Installing: /home/pi/Frob_robot/ros2/src/ros2_ws/install/so101_hardware/share/so101_hardware/so101_hardware.xml
-- Installing: /home/pi/Frob_robot/ros2/src/ros2_ws/install/so101_hardware/include/so101_hardware
-- Installing: /home/pi/Frob_robot/ros2/src/ros2_ws/install/so101_hardware/include/so101_hardware/so101_hardware
-- Installing: /home/pi/Frob_robot/ros2/src/ros2_ws/install/so101_hardware/include/so101_hardware/so101_hardware/so101_system.hpp
-- Installing: /home/pi/Frob_robot/ros2/src/ros2_ws/install/so101_hardware/lib/libso101_hardware.so
-- Set non-toolchain portion of runtime path of "/home/pi/Frob_robot/ros2/src/ros2_ws/install/so101_hardware/lib/libso101_hardware.so" to ""
-- Installing: /home/pi/Frob_robot/ros2/src/ros2_ws/install/so101_hardware/share/so101_hardware/environment/library_path.sh
-- Installing: /home/pi/Frob_robot/ros2/src/ros2_ws/install/so101_hardware/share/so101_hardware/environment/library_path.dsv
-- Installing: /home/pi/Frob_robot/ros2/src/ros2_ws/install/so101_hardware/share/ament_index/resource_index/package_run_dependencies/so101_hardware
-- Installing: /home/pi/Frob_robot/ros2/src/ros2_ws/install/so101_hardware/share/ament_index/resource_index/parent_prefix_path/so101_hardware
-- Installing: /home/pi/Frob_robot/ros2/src/ros2_ws/install/so101_hardware/share/so101_hardware/environment/ament_prefix_path.sh
-- Installing: /home/pi/Frob_robot/ros2/src/ros2_ws/install/so101_hardware/share/so101_hardware/environment/ament_prefix_path.dsv
-- Installing: /home/pi/Frob_robot/ros2/src/ros2_ws/install/so101_hardware/share/so101_hardware/environment/path.sh
-- Installing: /home/pi/Frob_robot/ros2/src/ros2_ws/install/so101_hardware/share/so101_hardware/environment/path.dsv
-- Installing: /home/pi/Frob_robot/ros2/src/ros2_ws/install/so101_hardware/share/so101_hardware/local_setup.bash
-- Installing: /home/pi/Frob_robot/ros2/src/ros2_ws/install/so101_hardware/share/so101_hardware/local_setup.sh
-- Installing: /home/pi/Frob_robot/ros2/src/ros2_ws/install/so101_hardware/share/so101_hardware/local_setup.zsh
-- Installing: /home/pi/Frob_robot/ros2/src/ros2_ws/install/so101_hardware/share/so101_hardware/local_setup.dsv
-- Installing: /home/pi/Frob_robot/ros2/src/ros2_ws/install/so101_hardware/share/so101_hardware/package.dsv
-- Installing: /home/pi/Frob_robot/ros2/src/ros2_ws/install/so101_hardware/share/ament_index/resource_index/packages/so101_hardware
-- Installing: /home/pi/Frob_robot/ros2/src/ros2_ws/install/so101_hardware/share/ament_index/resource_index/hardware_interface__pluginlib__plugin/so101_hardware
-- Installing: /home/pi/Frob_robot/ros2/src/ros2_ws/install/so101_hardware/share/so101_hardware/cmake/export_so101_hardwareExport.cmake
-- Installing: /home/pi/Frob_robot/ros2/src/ros2_ws/install/so101_hardware/share/so101_hardware/cmake/export_so101_hardwareExport-noconfig.cmake
-- Installing: /home/pi/Frob_robot/ros2/src/ros2_ws/install/so101_hardware/share/so101_hardware/cmake/ament_cmake_export_targets-extras.cmake
-- Installing: /home/pi/Frob_robot/ros2/src/ros2_ws/install/so101_hardware/share/so101_hardware/cmake/ament_cmake_export_dependencies-extras.cmake
-- Installing: /home/pi/Frob_robot/ros2/src/ros2_ws/install/so101_hardware/share/so101_hardware/cmake/so101_hardwareConfig.cmake
-- Installing: /home/pi/Frob_robot/ros2/src/ros2_ws/install/so101_hardware/share/so101_hardware/cmake/so101_hardwareConfig-version.cmake
-- Installing: /home/pi/Frob_robot/ros2/src/ros2_ws/install/so101_hardware/share/so101_hardware/package.xml
