[0.019s] Invoking command in '/home/pi/Frob_robot/ros2/src/ros2_ws/build/rf2o_laser_odometry': CMAKE_PREFIX_PATH=${CMAKE_PREFIX_PATH}:/home/pi/Frob_robot/ros2/src/ros2_ws/install/frob_bringup:/home/pi/Frob_robot/ros2/src/ros2_ws/install/ros2_arduino_bridge:/home/pi/Frob_robot/ros2/src/ros2_ws/install/lidar_filter:/home/pi/Frob_robot/ros2/src/ros2_ws/install/keyboard_vel_control:/home/pi/Frob_robot/ros2/src/ros2_ws/install/frob_odometry:/home/pi/Frob_robot/ros2/src/ros2_ws/install/frob_navigation:/home/pi/Frob_robot/ros2/src/ros2_ws/install/frob_description:/home/pi/Frob_robot/ros2/src/ros2_ws/install/frob_control:/opt/ros/jazzy /home/pi/.local/bin/cmake --build /home/pi/Frob_robot/ros2/src/ros2_ws/build/rf2o_laser_odometry -- -j4 -l4
[0.352s] [ 60%] Built target rf2o_laser_odometry_node
[0.362s] [100%] Built target rf2o_laser_odometry
[0.371s] Invoked command in '/home/pi/Frob_robot/ros2/src/ros2_ws/build/rf2o_laser_odometry' returned '0': CMAKE_PREFIX_PATH=${CMAKE_PREFIX_PATH}:/home/pi/Frob_robot/ros2/src/ros2_ws/install/frob_bringup:/home/pi/Frob_robot/ros2/src/ros2_ws/install/ros2_arduino_bridge:/home/pi/Frob_robot/ros2/src/ros2_ws/install/lidar_filter:/home/pi/Frob_robot/ros2/src/ros2_ws/install/keyboard_vel_control:/home/pi/Frob_robot/ros2/src/ros2_ws/install/frob_odometry:/home/pi/Frob_robot/ros2/src/ros2_ws/install/frob_navigation:/home/pi/Frob_robot/ros2/src/ros2_ws/install/frob_description:/home/pi/Frob_robot/ros2/src/ros2_ws/install/frob_control:/opt/ros/jazzy /home/pi/.local/bin/cmake --build /home/pi/Frob_robot/ros2/src/ros2_ws/build/rf2o_laser_odometry -- -j4 -l4
[0.373s] Invoking command in '/home/pi/Frob_robot/ros2/src/ros2_ws/build/rf2o_laser_odometry': CMAKE_PREFIX_PATH=${CMAKE_PREFIX_PATH}:/home/pi/Frob_robot/ros2/src/ros2_ws/install/frob_bringup:/home/pi/Frob_robot/ros2/src/ros2_ws/install/ros2_arduino_bridge:/home/pi/Frob_robot/ros2/src/ros2_ws/install/lidar_filter:/home/pi/Frob_robot/ros2/src/ros2_ws/install/keyboard_vel_control:/home/pi/Frob_robot/ros2/src/ros2_ws/install/frob_odometry:/home/pi/Frob_robot/ros2/src/ros2_ws/install/frob_navigation:/home/pi/Frob_robot/ros2/src/ros2_ws/install/frob_description:/home/pi/Frob_robot/ros2/src/ros2_ws/install/frob_control:/opt/ros/jazzy /home/pi/.local/bin/cmake --install /home/pi/Frob_robot/ros2/src/ros2_ws/build/rf2o_laser_odometry
[0.587s] -- Install configuration: ""
[0.587s] -- Up-to-date: /home/pi/Frob_robot/ros2/src/ros2_ws/install/rf2o_laser_odometry/lib/rf2o_laser_odometry/rf2o_laser_odometry_node
[0.588s] -- Up-to-date: /home/pi/Frob_robot/ros2/src/ros2_ws/install/rf2o_laser_odometry/share/rf2o_laser_odometry/launch
[0.588s] -- Up-to-date: /home/pi/Frob_robot/ros2/src/ros2_ws/install/rf2o_laser_odometry/share/rf2o_laser_odometry/launch/rf2o_laser_odometry.launch.py
[0.588s] -- Up-to-date: /home/pi/Frob_robot/ros2/src/ros2_ws/install/rf2o_laser_odometry/share/ament_index/resource_index/package_run_dependencies/rf2o_laser_odometry
[0.588s] -- Up-to-date: /home/pi/Frob_robot/ros2/src/ros2_ws/install/rf2o_laser_odometry/share/ament_index/resource_index/parent_prefix_path/rf2o_laser_odometry
[0.590s] -- Up-to-date: /home/pi/Frob_robot/ros2/src/ros2_ws/install/rf2o_laser_odometry/share/rf2o_laser_odometry/environment/ament_prefix_path.sh
[0.590s] -- Up-to-date: /home/pi/Frob_robot/ros2/src/ros2_ws/install/rf2o_laser_odometry/share/rf2o_laser_odometry/environment/ament_prefix_path.dsv
[0.590s] -- Up-to-date: /home/pi/Frob_robot/ros2/src/ros2_ws/install/rf2o_laser_odometry/share/rf2o_laser_odometry/environment/path.sh
[0.590s] -- Up-to-date: /home/pi/Frob_robot/ros2/src/ros2_ws/install/rf2o_laser_odometry/share/rf2o_laser_odometry/environment/path.dsv
[0.590s] -- Up-to-date: /home/pi/Frob_robot/ros2/src/ros2_ws/install/rf2o_laser_odometry/share/rf2o_laser_odometry/local_setup.bash
[0.591s] -- Up-to-date: /home/pi/Frob_robot/ros2/src/ros2_ws/install/rf2o_laser_odometry/share/rf2o_laser_odometry/local_setup.sh
[0.591s] -- Up-to-date: /home/pi/Frob_robot/ros2/src/ros2_ws/install/rf2o_laser_odometry/share/rf2o_laser_odometry/local_setup.zsh
[0.591s] -- Up-to-date: /home/pi/Frob_robot/ros2/src/ros2_ws/install/rf2o_laser_odometry/share/rf2o_laser_odometry/local_setup.dsv
[0.591s] -- Installing: /home/pi/Frob_robot/ros2/src/ros2_ws/install/rf2o_laser_odometry/share/rf2o_laser_odometry/package.dsv
[0.591s] -- Up-to-date: /home/pi/Frob_robot/ros2/src/ros2_ws/install/rf2o_laser_odometry/share/ament_index/resource_index/packages/rf2o_laser_odometry
[0.591s] -- Up-to-date: /home/pi/Frob_robot/ros2/src/ros2_ws/install/rf2o_laser_odometry/share/rf2o_laser_odometry/cmake/rf2o_laser_odometryConfig.cmake
[0.591s] -- Up-to-date: /home/pi/Frob_robot/ros2/src/ros2_ws/install/rf2o_laser_odometry/share/rf2o_laser_odometry/cmake/rf2o_laser_odometryConfig-version.cmake
[0.591s] -- Up-to-date: /home/pi/Frob_robot/ros2/src/ros2_ws/install/rf2o_laser_odometry/share/rf2o_laser_odometry/package.xml
[0.592s] Invoked command in '/home/pi/Frob_robot/ros2/src/ros2_ws/build/rf2o_laser_odometry' returned '0': CMAKE_PREFIX_PATH=${CMAKE_PREFIX_PATH}:/home/pi/Frob_robot/ros2/src/ros2_ws/install/frob_bringup:/home/pi/Frob_robot/ros2/src/ros2_ws/install/ros2_arduino_bridge:/home/pi/Frob_robot/ros2/src/ros2_ws/install/lidar_filter:/home/pi/Frob_robot/ros2/src/ros2_ws/install/keyboard_vel_control:/home/pi/Frob_robot/ros2/src/ros2_ws/install/frob_odometry:/home/pi/Frob_robot/ros2/src/ros2_ws/install/frob_navigation:/home/pi/Frob_robot/ros2/src/ros2_ws/install/frob_description:/home/pi/Frob_robot/ros2/src/ros2_ws/install/frob_control:/opt/ros/jazzy /home/pi/.local/bin/cmake --install /home/pi/Frob_robot/ros2/src/ros2_ws/build/rf2o_laser_odometry
