[2.197s] Invoking command in '/home/pi/Frob_robot/ros2/src/ros2_ws/src/frob_description': PYTHONPATH=/home/pi/Frob_robot/ros2/src/ros2_ws/build/frob_description/prefix_override:/usr/lib/python3/dist-packages/colcon_core/task/python/colcon_distutils_commands:/home/pi/Frob_robot/ros2/src/ros2_ws/install/frob_description/lib/python3.12/site-packages:${PYTHONPATH} /usr/bin/python3 -W ignore:setup.py install is deprecated -W ignore:easy_install command is deprecated setup.py egg_info --egg-base ../../build/frob_description build --build-base /home/pi/Frob_robot/ros2/src/ros2_ws/build/frob_description/build install --record /home/pi/Frob_robot/ros2/src/ros2_ws/build/frob_description/install.log --single-version-externally-managed install_data
[3.168s] running egg_info
[3.209s] creating ../../build/frob_description/frob_description.egg-info
[3.209s] writing ../../build/frob_description/frob_description.egg-info/PKG-INFO
[3.211s] writing dependency_links to ../../build/frob_description/frob_description.egg-info/dependency_links.txt
[3.213s] writing requirements to ../../build/frob_description/frob_description.egg-info/requires.txt
[3.214s] writing top-level names to ../../build/frob_description/frob_description.egg-info/top_level.txt
[3.214s] writing manifest file '../../build/frob_description/frob_description.egg-info/SOURCES.txt'
[3.321s] reading manifest file '../../build/frob_description/frob_description.egg-info/SOURCES.txt'
[3.321s] writing manifest file '../../build/frob_description/frob_description.egg-info/SOURCES.txt'
[3.322s] running build
[3.322s] running build_py
[3.323s] creating /home/pi/Frob_robot/ros2/src/ros2_ws/build/frob_description/build/lib/frob_description
[3.325s] copying frob_description/__init__.py -> /home/pi/Frob_robot/ros2/src/ros2_ws/build/frob_description/build/lib/frob_description
[3.329s] running install
[3.337s] running install_lib
[3.386s] creating /home/pi/Frob_robot/ros2/src/ros2_ws/install/frob_description/lib/python3.12/site-packages/frob_description
[3.387s] copying /home/pi/Frob_robot/ros2/src/ros2_ws/build/frob_description/build/lib/frob_description/__init__.py -> /home/pi/Frob_robot/ros2/src/ros2_ws/install/frob_description/lib/python3.12/site-packages/frob_description
[3.389s] byte-compiling /home/pi/Frob_robot/ros2/src/ros2_ws/install/frob_description/lib/python3.12/site-packages/frob_description/__init__.py to __init__.cpython-312.pyc
[3.390s] running install_data
[3.391s] creating /home/pi/Frob_robot/ros2/src/ros2_ws/install/frob_description/share/ament_index/resource_index/packages
[3.393s] copying resource/frob_description -> /home/pi/Frob_robot/ros2/src/ros2_ws/install/frob_description/share/ament_index/resource_index/packages
[3.393s] copying package.xml -> /home/pi/Frob_robot/ros2/src/ros2_ws/install/frob_description/share/frob_description
[3.394s] creating /home/pi/Frob_robot/ros2/src/ros2_ws/install/frob_description/share/frob_description/launch
[3.396s] copying launch/display_slam.launch.py -> /home/pi/Frob_robot/ros2/src/ros2_ws/install/frob_description/share/frob_description/launch
[3.396s] copying launch/display_navigation.launch.py -> /home/pi/Frob_robot/ros2/src/ros2_ws/install/frob_description/share/frob_description/launch
[3.396s] copying launch/description.launch.py -> /home/pi/Frob_robot/ros2/src/ros2_ws/install/frob_description/share/frob_description/launch
[3.397s] copying launch/display_odom.launch.py -> /home/pi/Frob_robot/ros2/src/ros2_ws/install/frob_description/share/frob_description/launch
[3.397s] copying launch/display_model.launch.py -> /home/pi/Frob_robot/ros2/src/ros2_ws/install/frob_description/share/frob_description/launch
[3.398s] creating /home/pi/Frob_robot/ros2/src/ros2_ws/install/frob_description/share/frob_description/urdf
[3.400s] copying urdf/robot.urdf -> /home/pi/Frob_robot/ros2/src/ros2_ws/install/frob_description/share/frob_description/urdf
[3.400s] creating /home/pi/Frob_robot/ros2/src/ros2_ws/install/frob_description/share/frob_description/rviz
[3.401s] copying rviz/display_config.rviz -> /home/pi/Frob_robot/ros2/src/ros2_ws/install/frob_description/share/frob_description/rviz
[3.402s] copying rviz/lidar_config.rviz -> /home/pi/Frob_robot/ros2/src/ros2_ws/install/frob_description/share/frob_description/rviz
[3.403s] copying rviz/display_odom.rviz -> /home/pi/Frob_robot/ros2/src/ros2_ws/install/frob_description/share/frob_description/rviz
[3.403s] copying rviz/display_slam.rviz -> /home/pi/Frob_robot/ros2/src/ros2_ws/install/frob_description/share/frob_description/rviz
[3.404s] running install_egg_info
[3.454s] Copying ../../build/frob_description/frob_description.egg-info to /home/pi/Frob_robot/ros2/src/ros2_ws/install/frob_description/lib/python3.12/site-packages/frob_description-0.0.0-py3.12.egg-info
[3.460s] running install_scripts
[3.563s] writing list of installed files to '/home/pi/Frob_robot/ros2/src/ros2_ws/build/frob_description/install.log'
[3.672s] Invoked command in '/home/pi/Frob_robot/ros2/src/ros2_ws/src/frob_description' returned '0': PYTHONPATH=/home/pi/Frob_robot/ros2/src/ros2_ws/build/frob_description/prefix_override:/usr/lib/python3/dist-packages/colcon_core/task/python/colcon_distutils_commands:/home/pi/Frob_robot/ros2/src/ros2_ws/install/frob_description/lib/python3.12/site-packages:${PYTHONPATH} /usr/bin/python3 -W ignore:setup.py install is deprecated -W ignore:easy_install command is deprecated setup.py egg_info --egg-base ../../build/frob_description build --build-base /home/pi/Frob_robot/ros2/src/ros2_ws/build/frob_description/build install --record /home/pi/Frob_robot/ros2/src/ros2_ws/build/frob_description/install.log --single-version-externally-managed install_data
