[2.106s] Invoking command in '/home/pi/Frob_robot/ros2/src/ros2_ws/src/frob_bringup': AMENT_PREFIX_PATH=/home/pi/Frob_robot/ros2/src/ros2_ws/install/ros2_arduino_bridge:/home/pi/Frob_robot/ros2/src/ros2_ws/install/sllidar_ros2:/home/pi/Frob_robot/ros2/src/ros2_ws/install/frob_interfaces:${AMENT_PREFIX_PATH} CMAKE_PREFIX_PATH=/home/pi/Frob_robot/ros2/src/ros2_ws/install/sllidar_ros2:/home/pi/Frob_robot/ros2/src/ros2_ws/install/frob_interfaces:${CMAKE_PREFIX_PATH} LD_LIBRARY_PATH=/home/pi/Frob_robot/ros2/src/ros2_ws/install/frob_interfaces/lib:${LD_LIBRARY_PATH} PYTHONPATH=/home/pi/Frob_robot/ros2/src/ros2_ws/build/frob_bringup/prefix_override:/usr/lib/python3/dist-packages/colcon_core/task/python/colcon_distutils_commands:/home/pi/Frob_robot/ros2/src/ros2_ws/install/frob_bringup/lib/python3.12/site-packages:/home/pi/Frob_robot/ros2/src/ros2_ws/install/ros2_arduino_bridge/lib/python3.12/site-packages:/home/pi/Frob_robot/ros2/src/ros2_ws/install/frob_interfaces/lib/python3.12/site-packages:${PYTHONPATH} /usr/bin/python3 -W ignore:setup.py install is deprecated -W ignore:easy_install command is deprecated setup.py egg_info --egg-base ../../build/frob_bringup build --build-base /home/pi/Frob_robot/ros2/src/ros2_ws/build/frob_bringup/build install --record /home/pi/Frob_robot/ros2/src/ros2_ws/build/frob_bringup/install.log --single-version-externally-managed install_data
[2.883s] running egg_info
[2.952s] creating ../../build/frob_bringup/frob_bringup.egg-info
[2.952s] writing ../../build/frob_bringup/frob_bringup.egg-info/PKG-INFO
[2.954s] writing dependency_links to ../../build/frob_bringup/frob_bringup.egg-info/dependency_links.txt
[2.956s] writing entry points to ../../build/frob_bringup/frob_bringup.egg-info/entry_points.txt
[2.956s] writing requirements to ../../build/frob_bringup/frob_bringup.egg-info/requires.txt
[2.957s] writing top-level names to ../../build/frob_bringup/frob_bringup.egg-info/top_level.txt
[2.958s] writing manifest file '../../build/frob_bringup/frob_bringup.egg-info/SOURCES.txt'
[3.167s] reading manifest file '../../build/frob_bringup/frob_bringup.egg-info/SOURCES.txt'
[3.169s] writing manifest file '../../build/frob_bringup/frob_bringup.egg-info/SOURCES.txt'
[3.170s] running build
[3.170s] running build_py
[3.170s] creating /home/pi/Frob_robot/ros2/src/ros2_ws/build/frob_bringup/build/lib/frob_bringup
[3.170s] copying frob_bringup/__init__.py -> /home/pi/Frob_robot/ros2/src/ros2_ws/build/frob_bringup/build/lib/frob_bringup
[3.171s] copying frob_bringup/cmd_vel_teleop.py -> /home/pi/Frob_robot/ros2/src/ros2_ws/build/frob_bringup/build/lib/frob_bringup
[3.179s] running install
[3.199s] running install_lib
[3.317s] creating /home/pi/Frob_robot/ros2/src/ros2_ws/install/frob_bringup/lib/python3.12/site-packages/frob_bringup
[3.318s] copying /home/pi/Frob_robot/ros2/src/ros2_ws/build/frob_bringup/build/lib/frob_bringup/__init__.py -> /home/pi/Frob_robot/ros2/src/ros2_ws/install/frob_bringup/lib/python3.12/site-packages/frob_bringup
[3.323s] copying /home/pi/Frob_robot/ros2/src/ros2_ws/build/frob_bringup/build/lib/frob_bringup/cmd_vel_teleop.py -> /home/pi/Frob_robot/ros2/src/ros2_ws/install/frob_bringup/lib/python3.12/site-packages/frob_bringup
[3.323s] byte-compiling /home/pi/Frob_robot/ros2/src/ros2_ws/install/frob_bringup/lib/python3.12/site-packages/frob_bringup/__init__.py to __init__.cpython-312.pyc
[3.324s] byte-compiling /home/pi/Frob_robot/ros2/src/ros2_ws/install/frob_bringup/lib/python3.12/site-packages/frob_bringup/cmd_vel_teleop.py to cmd_vel_teleop.cpython-312.pyc
[3.329s] running install_data
[3.330s] copying package.xml -> /home/pi/Frob_robot/ros2/src/ros2_ws/install/frob_bringup/share/frob_bringup
[3.334s] creating /home/pi/Frob_robot/ros2/src/ros2_ws/install/frob_bringup/share/frob_bringup/launch
[3.335s] copying launch/bringup.launch.py -> /home/pi/Frob_robot/ros2/src/ros2_ws/install/frob_bringup/share/frob_bringup/launch
[3.335s] running install_egg_info
[3.443s] Copying ../../build/frob_bringup/frob_bringup.egg-info to /home/pi/Frob_robot/ros2/src/ros2_ws/install/frob_bringup/lib/python3.12/site-packages/frob_bringup-0.1.0-py3.12.egg-info
[3.445s] running install_scripts
[3.562s] Installing keyboard_teleop script to /home/pi/Frob_robot/ros2/src/ros2_ws/install/frob_bringup/lib/frob_bringup
[3.565s] writing list of installed files to '/home/pi/Frob_robot/ros2/src/ros2_ws/build/frob_bringup/install.log'
[3.659s] Invoked command in '/home/pi/Frob_robot/ros2/src/ros2_ws/src/frob_bringup' returned '0': AMENT_PREFIX_PATH=/home/pi/Frob_robot/ros2/src/ros2_ws/install/ros2_arduino_bridge:/home/pi/Frob_robot/ros2/src/ros2_ws/install/sllidar_ros2:/home/pi/Frob_robot/ros2/src/ros2_ws/install/frob_interfaces:${AMENT_PREFIX_PATH} CMAKE_PREFIX_PATH=/home/pi/Frob_robot/ros2/src/ros2_ws/install/sllidar_ros2:/home/pi/Frob_robot/ros2/src/ros2_ws/install/frob_interfaces:${CMAKE_PREFIX_PATH} LD_LIBRARY_PATH=/home/pi/Frob_robot/ros2/src/ros2_ws/install/frob_interfaces/lib:${LD_LIBRARY_PATH} PYTHONPATH=/home/pi/Frob_robot/ros2/src/ros2_ws/build/frob_bringup/prefix_override:/usr/lib/python3/dist-packages/colcon_core/task/python/colcon_distutils_commands:/home/pi/Frob_robot/ros2/src/ros2_ws/install/frob_bringup/lib/python3.12/site-packages:/home/pi/Frob_robot/ros2/src/ros2_ws/install/ros2_arduino_bridge/lib/python3.12/site-packages:/home/pi/Frob_robot/ros2/src/ros2_ws/install/frob_interfaces/lib/python3.12/site-packages:${PYTHONPATH} /usr/bin/python3 -W ignore:setup.py install is deprecated -W ignore:easy_install command is deprecated setup.py egg_info --egg-base ../../build/frob_bringup build --build-base /home/pi/Frob_robot/ros2/src/ros2_ws/build/frob_bringup/build install --record /home/pi/Frob_robot/ros2/src/ros2_ws/build/frob_bringup/install.log --single-version-externally-managed install_data
