-- The C compiler identification is GNU 13.3.0
-- The CXX compiler identification is GNU 13.3.0
-- Detecting C compiler ABI info
-- Detecting C compiler ABI info - done
-- Check for working C compiler: /usr/bin/cc - skipped
-- Detecting C compile features
-- Detecting C compile features - done
-- Detecting CXX compiler ABI info
-- Detecting CXX compiler ABI info - done
-- Check for working CXX compiler: /usr/bin/c++ - skipped
-- Detecting CXX compile features
-- Detecting CXX compile features - done
-- Found ament_cmake: 2.5.6 (/opt/ros/jazzy/share/ament_cmake/cmake)
-- Found Python3: /usr/bin/python3 (found version "3.12.3") found components: Interpreter 
-- Override CMake install command with custom implementation using symlinks instead of copying resources
-- Found rosidl_default_generators: 1.6.0 (/opt/ros/jazzy/share/rosidl_default_generators/cmake)
-- Using all available rosidl_typesupport_c: rosidl_typesupport_fastrtps_c;rosidl_typesupport_introspection_c
-- Using all available rosidl_typesupport_cpp: rosidl_typesupport_fastrtps_cpp;rosidl_typesupport_introspection_cpp
-- Found rosidl_adapter: 4.6.7 (/opt/ros/jazzy/share/rosidl_adapter/cmake)
-- Found action_msgs: 2.0.3 (/opt/ros/jazzy/share/action_msgs/cmake)
-- Found ament_cmake_ros: 0.12.0 (/opt/ros/jazzy/share/ament_cmake_ros/cmake)
-- Using all available rosidl_typesupport_c: rosidl_typesupport_fastrtps_c;rosidl_typesupport_introspection_c
-- Using all available rosidl_typesupport_cpp: rosidl_typesupport_fastrtps_cpp;rosidl_typesupport_introspection_cpp
-- Found python_cmake_module: 0.11.1 (/opt/ros/jazzy/share/python_cmake_module/cmake)
-- Found PythonExtra: /usr/bin/python3  
-- Found Python3: /usr/bin/python3 (found version "3.12.3") found components: Interpreter Development NumPy Development.Module Development.Embed 
-- Found Python3: /usr/bin/python3 (found version "3.12.3") found components: Interpreter 
-- Configuring done (2.3s)
-- Generating done (0.0s)
-- Build files have been written to: /home/vsadnik/ros2_ws/frob_robot/build/frob_interfaces
[  2%] Generating Rust code for ROS interfaces
[  2%] Generating type hashes for ROS interfaces
[  2%] Built target ament_cmake_python_symlink_frob_interfaces
running egg_info
creating frob_interfaces.egg-info
writing frob_interfaces.egg-info/PKG-INFO
writing dependency_links to frob_interfaces.egg-info/dependency_links.txt
writing top-level names to frob_interfaces.egg-info/top_level.txt
writing manifest file 'frob_interfaces.egg-info/SOURCES.txt'
[  2%] Built target frob_interfaces__rosidl_generator_type_description
[  3%] Generating C code for ROS interfaces
reading manifest file 'frob_interfaces.egg-info/SOURCES.txt'
writing manifest file 'frob_interfaces.egg-info/SOURCES.txt'
[  4%] Generating C++ code for ROS interfaces
[  4%] Built target ament_cmake_python_build_frob_interfaces_egg
[  4%] Built target frob_interfaces__rs
[  4%] Built target frob_interfaces__cpp
[  5%] Building C object CMakeFiles/frob_interfaces__rosidl_generator_c.dir/rosidl_generator_c/frob_interfaces/srv/detail/turn__functions.c.o
[  7%] Building C object CMakeFiles/frob_interfaces__rosidl_generator_c.dir/rosidl_generator_c/frob_interfaces/srv/detail/turn__type_support.c.o
[  7%] Building C object CMakeFiles/frob_interfaces__rosidl_generator_c.dir/rosidl_generator_c/frob_interfaces/srv/detail/forward__functions.c.o
[  8%] Building C object CMakeFiles/frob_interfaces__rosidl_generator_c.dir/rosidl_generator_c/frob_interfaces/srv/detail/forward__type_support.c.o
[  9%] Building C object CMakeFiles/frob_interfaces__rosidl_generator_c.dir/rosidl_generator_c/frob_interfaces/msg/detail/sign_detection__description.c.o
[ 10%] Building C object CMakeFiles/frob_interfaces__rosidl_generator_c.dir/rosidl_generator_c/frob_interfaces/msg/detail/line_detection__type_support.c.o
[ 11%] Building C object CMakeFiles/frob_interfaces__rosidl_generator_c.dir/rosidl_generator_c/frob_interfaces/srv/detail/turn__description.c.o
[ 13%] Building C object CMakeFiles/frob_interfaces__rosidl_generator_c.dir/rosidl_generator_c/frob_interfaces/msg/detail/line_detection__description.c.o
[ 13%] Building C object CMakeFiles/frob_interfaces__rosidl_generator_c.dir/rosidl_generator_c/frob_interfaces/msg/detail/line_detection__functions.c.o
[ 14%] Building C object CMakeFiles/frob_interfaces__rosidl_generator_c.dir/rosidl_generator_c/frob_interfaces/srv/detail/forward__description.c.o
[ 15%] Building C object CMakeFiles/frob_interfaces__rosidl_generator_c.dir/rosidl_generator_c/frob_interfaces/msg/detail/sign_detection__functions.c.o
[ 16%] Building C object CMakeFiles/frob_interfaces__rosidl_generator_c.dir/rosidl_generator_c/frob_interfaces/msg/detail/sign_detection__type_support.c.o
[ 17%] Building C object CMakeFiles/frob_interfaces__rosidl_generator_c.dir/rosidl_generator_c/frob_interfaces/msg/detail/intersection_detection__functions.c.o
[ 18%] Building C object CMakeFiles/frob_interfaces__rosidl_generator_c.dir/rosidl_generator_c/frob_interfaces/msg/detail/intersection_detection__description.c.o
[ 20%] Building C object CMakeFiles/frob_interfaces__rosidl_generator_c.dir/rosidl_generator_c/frob_interfaces/msg/detail/intersection_detection__type_support.c.o
[ 21%] Building C object CMakeFiles/frob_interfaces__rosidl_generator_c.dir/rosidl_generator_c/frob_interfaces/msg/detail/obstacle_detection__description.c.o
[ 22%] Building C object CMakeFiles/frob_interfaces__rosidl_generator_c.dir/rosidl_generator_c/frob_interfaces/msg/detail/obstacle_detection__type_support.c.o
[ 23%] Building C object CMakeFiles/frob_interfaces__rosidl_generator_c.dir/rosidl_generator_c/frob_interfaces/msg/detail/obstacle_detection__functions.c.o
[ 25%] Building C object CMakeFiles/frob_interfaces__rosidl_generator_c.dir/rosidl_generator_c/frob_interfaces/action/detail/execute_motion__functions.c.o
[ 25%] Building C object CMakeFiles/frob_interfaces__rosidl_generator_c.dir/rosidl_generator_c/frob_interfaces/action/detail/execute_motion__description.c.o
[ 26%] Building C object CMakeFiles/frob_interfaces__rosidl_generator_c.dir/rosidl_generator_c/frob_interfaces/action/detail/execute_motion__type_support.c.o
[ 27%] Linking C shared library libfrob_interfaces__rosidl_generator_c.so
[ 27%] Built target frob_interfaces__rosidl_generator_c
[ 29%] Generating C introspection for ROS interfaces
[ 29%] Generating C type support dispatch for ROS interfaces
[ 30%] Generating C type support for eProsima Fast-RTPS
[ 31%] Generating C++ introspection for ROS interfaces
[ 32%] Generating C++ type support dispatch for ROS interfaces
[ 33%] Generating C++ type support for eProsima Fast-RTPS
[ 36%] Building CXX object CMakeFiles/frob_interfaces__rosidl_typesupport_introspection_cpp.dir/rosidl_typesupport_introspection_cpp/frob_interfaces/msg/detail/obstacle_detection__type_support.cpp.o
[ 36%] Building CXX object CMakeFiles/frob_interfaces__rosidl_typesupport_introspection_cpp.dir/rosidl_typesupport_introspection_cpp/frob_interfaces/srv/detail/turn__type_support.cpp.o
[ 36%] Building CXX object CMakeFiles/frob_interfaces__rosidl_typesupport_introspection_cpp.dir/rosidl_typesupport_introspection_cpp/frob_interfaces/msg/detail/intersection_detection__type_support.cpp.o
[ 37%] Building CXX object CMakeFiles/frob_interfaces__rosidl_typesupport_introspection_cpp.dir/rosidl_typesupport_introspection_cpp/frob_interfaces/msg/detail/line_detection__type_support.cpp.o
[ 38%] Building CXX object CMakeFiles/frob_interfaces__rosidl_typesupport_introspection_cpp.dir/rosidl_typesupport_introspection_cpp/frob_interfaces/msg/detail/sign_detection__type_support.cpp.o
[ 40%] Building CXX object CMakeFiles/frob_interfaces__rosidl_typesupport_introspection_cpp.dir/rosidl_typesupport_introspection_cpp/frob_interfaces/srv/detail/forward__type_support.cpp.o
[ 41%] Building CXX object CMakeFiles/frob_interfaces__rosidl_typesupport_introspection_cpp.dir/rosidl_typesupport_introspection_cpp/frob_interfaces/action/detail/execute_motion__type_support.cpp.o
[ 42%] Building CXX object CMakeFiles/frob_interfaces__rosidl_typesupport_c.dir/rosidl_typesupport_c/frob_interfaces/srv/turn__type_support.cpp.o
[ 43%] Building CXX object CMakeFiles/frob_interfaces__rosidl_typesupport_cpp.dir/rosidl_typesupport_cpp/frob_interfaces/srv/turn__type_support.cpp.o
[ 44%] Building CXX object CMakeFiles/frob_interfaces__rosidl_typesupport_c.dir/rosidl_typesupport_c/frob_interfaces/srv/forward__type_support.cpp.o
[ 45%] Building CXX object CMakeFiles/frob_interfaces__rosidl_typesupport_c.dir/rosidl_typesupport_c/frob_interfaces/msg/line_detection__type_support.cpp.o
[ 46%] Building CXX object CMakeFiles/frob_interfaces__rosidl_typesupport_c.dir/rosidl_typesupport_c/frob_interfaces/msg/sign_detection__type_support.cpp.o
[ 47%] Building CXX object CMakeFiles/frob_interfaces__rosidl_typesupport_cpp.dir/rosidl_typesupport_cpp/frob_interfaces/srv/forward__type_support.cpp.o
[ 48%] Building CXX object CMakeFiles/frob_interfaces__rosidl_typesupport_cpp.dir/rosidl_typesupport_cpp/frob_interfaces/msg/line_detection__type_support.cpp.o
[ 49%] Building CXX object CMakeFiles/frob_interfaces__rosidl_typesupport_c.dir/rosidl_typesupport_c/frob_interfaces/msg/intersection_detection__type_support.cpp.o
[ 50%] Building C object CMakeFiles/frob_interfaces__rosidl_typesupport_introspection_c.dir/rosidl_typesupport_introspection_c/frob_interfaces/srv/detail/turn__type_support.c.o
[ 51%] Building CXX object CMakeFiles/frob_interfaces__rosidl_typesupport_c.dir/rosidl_typesupport_c/frob_interfaces/msg/obstacle_detection__type_support.cpp.o
[ 52%] Building CXX object CMakeFiles/frob_interfaces__rosidl_typesupport_c.dir/rosidl_typesupport_c/frob_interfaces/action/execute_motion__type_support.cpp.o
[ 53%] Building C object CMakeFiles/frob_interfaces__rosidl_typesupport_introspection_c.dir/rosidl_typesupport_introspection_c/frob_interfaces/srv/detail/forward__type_support.c.o
[ 54%] Building CXX object CMakeFiles/frob_interfaces__rosidl_typesupport_cpp.dir/rosidl_typesupport_cpp/frob_interfaces/msg/intersection_detection__type_support.cpp.o
[ 55%] Building CXX object CMakeFiles/frob_interfaces__rosidl_typesupport_cpp.dir/rosidl_typesupport_cpp/frob_interfaces/msg/sign_detection__type_support.cpp.o
[ 56%] Building C object CMakeFiles/frob_interfaces__rosidl_typesupport_introspection_c.dir/rosidl_typesupport_introspection_c/frob_interfaces/msg/detail/line_detection__type_support.c.o
[ 57%] Building C object CMakeFiles/frob_interfaces__rosidl_typesupport_introspection_c.dir/rosidl_typesupport_introspection_c/frob_interfaces/msg/detail/sign_detection__type_support.c.o
[ 58%] Building CXX object CMakeFiles/frob_interfaces__rosidl_typesupport_cpp.dir/rosidl_typesupport_cpp/frob_interfaces/msg/obstacle_detection__type_support.cpp.o
[ 60%] Building CXX object CMakeFiles/frob_interfaces__rosidl_typesupport_fastrtps_c.dir/rosidl_typesupport_fastrtps_c/frob_interfaces/srv/detail/turn__type_support_c.cpp.o
[ 61%] Linking CXX shared library libfrob_interfaces__rosidl_typesupport_c.so
[ 62%] Building CXX object CMakeFiles/frob_interfaces__rosidl_typesupport_fastrtps_c.dir/rosidl_typesupport_fastrtps_c/frob_interfaces/srv/detail/forward__type_support_c.cpp.o
[ 63%] Building C object CMakeFiles/frob_interfaces__rosidl_typesupport_introspection_c.dir/rosidl_typesupport_introspection_c/frob_interfaces/msg/detail/intersection_detection__type_support.c.o
[ 64%] Building C object CMakeFiles/frob_interfaces__rosidl_typesupport_introspection_c.dir/rosidl_typesupport_introspection_c/frob_interfaces/msg/detail/obstacle_detection__type_support.c.o
[ 64%] Built target frob_interfaces__rosidl_typesupport_c
[ 65%] Building CXX object CMakeFiles/frob_interfaces__rosidl_typesupport_fastrtps_c.dir/rosidl_typesupport_fastrtps_c/frob_interfaces/msg/detail/line_detection__type_support_c.cpp.o
[ 66%] Building CXX object CMakeFiles/frob_interfaces__rosidl_typesupport_fastrtps_cpp.dir/rosidl_typesupport_fastrtps_cpp/frob_interfaces/srv/detail/dds_fastrtps/turn__type_support.cpp.o
[ 67%] Building CXX object CMakeFiles/frob_interfaces__rosidl_typesupport_fastrtps_c.dir/rosidl_typesupport_fastrtps_c/frob_interfaces/msg/detail/sign_detection__type_support_c.cpp.o
[ 68%] Building CXX object CMakeFiles/frob_interfaces__rosidl_typesupport_fastrtps_c.dir/rosidl_typesupport_fastrtps_c/frob_interfaces/msg/detail/intersection_detection__type_support_c.cpp.o
[ 69%] Building C object CMakeFiles/frob_interfaces__rosidl_typesupport_introspection_c.dir/rosidl_typesupport_introspection_c/frob_interfaces/action/detail/execute_motion__type_support.c.o
[ 70%] Building CXX object CMakeFiles/frob_interfaces__rosidl_typesupport_fastrtps_c.dir/rosidl_typesupport_fastrtps_c/frob_interfaces/msg/detail/obstacle_detection__type_support_c.cpp.o
[ 71%] Building CXX object CMakeFiles/frob_interfaces__rosidl_typesupport_fastrtps_cpp.dir/rosidl_typesupport_fastrtps_cpp/frob_interfaces/srv/detail/dds_fastrtps/forward__type_support.cpp.o
[ 72%] Linking C shared library libfrob_interfaces__rosidl_typesupport_introspection_c.so
[ 73%] Building CXX object CMakeFiles/frob_interfaces__rosidl_typesupport_cpp.dir/rosidl_typesupport_cpp/frob_interfaces/action/execute_motion__type_support.cpp.o
[ 74%] Building CXX object CMakeFiles/frob_interfaces__rosidl_typesupport_fastrtps_c.dir/rosidl_typesupport_fastrtps_c/frob_interfaces/action/detail/execute_motion__type_support_c.cpp.o
[ 74%] Built target frob_interfaces__rosidl_typesupport_introspection_c
[ 75%] Building CXX object CMakeFiles/frob_interfaces__rosidl_typesupport_fastrtps_cpp.dir/rosidl_typesupport_fastrtps_cpp/frob_interfaces/msg/detail/dds_fastrtps/line_detection__type_support.cpp.o
[ 76%] Linking CXX shared library libfrob_interfaces__rosidl_typesupport_introspection_cpp.so
[ 77%] Building CXX object CMakeFiles/frob_interfaces__rosidl_typesupport_fastrtps_cpp.dir/rosidl_typesupport_fastrtps_cpp/frob_interfaces/msg/detail/dds_fastrtps/sign_detection__type_support.cpp.o
[ 78%] Building CXX object CMakeFiles/frob_interfaces__rosidl_typesupport_fastrtps_cpp.dir/rosidl_typesupport_fastrtps_cpp/frob_interfaces/msg/detail/dds_fastrtps/intersection_detection__type_support.cpp.o
[ 78%] Built target frob_interfaces__rosidl_typesupport_introspection_cpp
[ 80%] Building CXX object CMakeFiles/frob_interfaces__rosidl_typesupport_fastrtps_cpp.dir/rosidl_typesupport_fastrtps_cpp/frob_interfaces/msg/detail/dds_fastrtps/obstacle_detection__type_support.cpp.o
[ 81%] Building CXX object CMakeFiles/frob_interfaces__rosidl_typesupport_fastrtps_cpp.dir/rosidl_typesupport_fastrtps_cpp/frob_interfaces/action/detail/dds_fastrtps/execute_motion__type_support.cpp.o
[ 82%] Linking CXX shared library libfrob_interfaces__rosidl_typesupport_fastrtps_c.so
[ 83%] Linking CXX shared library libfrob_interfaces__rosidl_typesupport_cpp.so
[ 83%] Built target frob_interfaces__rosidl_typesupport_fastrtps_c
[ 83%] Built target frob_interfaces__rosidl_typesupport_cpp
[ 84%] Linking CXX shared library libfrob_interfaces__rosidl_typesupport_fastrtps_cpp.so
[ 84%] Built target frob_interfaces__rosidl_typesupport_fastrtps_cpp
[ 84%] Built target frob_interfaces
[ 85%] Generating Python code for ROS interfaces
[ 85%] Built target frob_interfaces__py
[ 87%] Building C object CMakeFiles/frob_interfaces__rosidl_generator_py.dir/rosidl_generator_py/frob_interfaces/srv/_turn_s.c.o
[ 88%] Building C object CMakeFiles/frob_interfaces__rosidl_generator_py.dir/rosidl_generator_py/frob_interfaces/msg/_line_detection_s.c.o
[ 87%] Building C object CMakeFiles/frob_interfaces__rosidl_generator_py.dir/rosidl_generator_py/frob_interfaces/srv/_forward_s.c.o
[ 89%] Building C object CMakeFiles/frob_interfaces__rosidl_generator_py.dir/rosidl_generator_py/frob_interfaces/msg/_obstacle_detection_s.c.o
[ 90%] Building C object CMakeFiles/frob_interfaces__rosidl_generator_py.dir/rosidl_generator_py/frob_interfaces/msg/_sign_detection_s.c.o
[ 91%] Building C object CMakeFiles/frob_interfaces__rosidl_generator_py.dir/rosidl_generator_py/frob_interfaces/msg/_intersection_detection_s.c.o
[ 92%] Building C object CMakeFiles/frob_interfaces__rosidl_generator_py.dir/rosidl_generator_py/frob_interfaces/action/_execute_motion_s.c.o
[ 93%] Linking C shared library libfrob_interfaces__rosidl_generator_py.so
[ 93%] Built target frob_interfaces__rosidl_generator_py
[ 95%] Building C object CMakeFiles/frob_interfaces_s__rosidl_typesupport_fastrtps_c.dir/rosidl_generator_py/frob_interfaces/_frob_interfaces_s.ep.rosidl_typesupport_fastrtps_c.c.o
[ 95%] Building C object CMakeFiles/frob_interfaces_s__rosidl_typesupport_introspection_c.dir/rosidl_generator_py/frob_interfaces/_frob_interfaces_s.ep.rosidl_typesupport_introspection_c.c.o
[ 96%] Building C object CMakeFiles/frob_interfaces_s__rosidl_typesupport_c.dir/rosidl_generator_py/frob_interfaces/_frob_interfaces_s.ep.rosidl_typesupport_c.c.o
[ 98%] Linking C shared module rosidl_generator_py/frob_interfaces/frob_interfaces_s__rosidl_typesupport_c.so
[ 98%] Linking C shared module rosidl_generator_py/frob_interfaces/frob_interfaces_s__rosidl_typesupport_introspection_c.so
[100%] Linking C shared module rosidl_generator_py/frob_interfaces/frob_interfaces_s__rosidl_typesupport_fastrtps_c.so
[100%] Built target frob_interfaces_s__rosidl_typesupport_introspection_c
[100%] Built target frob_interfaces_s__rosidl_typesupport_c
[100%] Built target frob_interfaces_s__rosidl_typesupport_fastrtps_c
-- Install configuration: ""
-- Execute custom install script
-- Symlinking: /home/vsadnik/ros2_ws/frob_robot/install/frob_interfaces/share/ament_index/resource_index/rosidl_interfaces/frob_interfaces
-- Symlinking: /home/vsadnik/ros2_ws/frob_robot/install/frob_interfaces/share/frob_interfaces/srv/Turn.json
-- Symlinking: /home/vsadnik/ros2_ws/frob_robot/install/frob_interfaces/share/frob_interfaces/srv/Forward.json
-- Symlinking: /home/vsadnik/ros2_ws/frob_robot/install/frob_interfaces/share/frob_interfaces/msg/LineDetection.json
-- Symlinking: /home/vsadnik/ros2_ws/frob_robot/install/frob_interfaces/share/frob_interfaces/msg/SignDetection.json
-- Symlinking: /home/vsadnik/ros2_ws/frob_robot/install/frob_interfaces/share/frob_interfaces/msg/IntersectionDetection.json
-- Symlinking: /home/vsadnik/ros2_ws/frob_robot/install/frob_interfaces/share/frob_interfaces/msg/ObstacleDetection.json
-- Symlinking: /home/vsadnik/ros2_ws/frob_robot/install/frob_interfaces/share/frob_interfaces/action/ExecuteMotion.json
-- Symlinking: /home/vsadnik/ros2_ws/frob_robot/install/frob_interfaces/include/frob_interfaces/frob_interfaces/action/detail/execute_motion__functions.h
-- Symlinking: /home/vsadnik/ros2_ws/frob_robot/install/frob_interfaces/include/frob_interfaces/frob_interfaces/action/detail/execute_motion__struct.h
-- Symlinking: /home/vsadnik/ros2_ws/frob_robot/install/frob_interfaces/include/frob_interfaces/frob_interfaces/action/detail/execute_motion__type_support.h
-- Symlinking: /home/vsadnik/ros2_ws/frob_robot/install/frob_interfaces/include/frob_interfaces/frob_interfaces/action/execute_motion.h
-- Symlinking: /home/vsadnik/ros2_ws/frob_robot/install/frob_interfaces/include/frob_interfaces/frob_interfaces/msg/detail/intersection_detection__functions.h
-- Symlinking: /home/vsadnik/ros2_ws/frob_robot/install/frob_interfaces/include/frob_interfaces/frob_interfaces/msg/detail/intersection_detection__struct.h
-- Symlinking: /home/vsadnik/ros2_ws/frob_robot/install/frob_interfaces/include/frob_interfaces/frob_interfaces/msg/detail/intersection_detection__type_support.h
-- Symlinking: /home/vsadnik/ros2_ws/frob_robot/install/frob_interfaces/include/frob_interfaces/frob_interfaces/msg/detail/line_detection__functions.h
-- Symlinking: /home/vsadnik/ros2_ws/frob_robot/install/frob_interfaces/include/frob_interfaces/frob_interfaces/msg/detail/line_detection__struct.h
-- Symlinking: /home/vsadnik/ros2_ws/frob_robot/install/frob_interfaces/include/frob_interfaces/frob_interfaces/msg/detail/line_detection__type_support.h
-- Symlinking: /home/vsadnik/ros2_ws/frob_robot/install/frob_interfaces/include/frob_interfaces/frob_interfaces/msg/detail/obstacle_detection__functions.h
-- Symlinking: /home/vsadnik/ros2_ws/frob_robot/install/frob_interfaces/include/frob_interfaces/frob_interfaces/msg/detail/obstacle_detection__struct.h
-- Symlinking: /home/vsadnik/ros2_ws/frob_robot/install/frob_interfaces/include/frob_interfaces/frob_interfaces/msg/detail/obstacle_detection__type_support.h
-- Symlinking: /home/vsadnik/ros2_ws/frob_robot/install/frob_interfaces/include/frob_interfaces/frob_interfaces/msg/detail/sign_detection__functions.h
-- Symlinking: /home/vsadnik/ros2_ws/frob_robot/install/frob_interfaces/include/frob_interfaces/frob_interfaces/msg/detail/sign_detection__struct.h
-- Symlinking: /home/vsadnik/ros2_ws/frob_robot/install/frob_interfaces/include/frob_interfaces/frob_interfaces/msg/detail/sign_detection__type_support.h
-- Symlinking: /home/vsadnik/ros2_ws/frob_robot/install/frob_interfaces/include/frob_interfaces/frob_interfaces/msg/intersection_detection.h
-- Symlinking: /home/vsadnik/ros2_ws/frob_robot/install/frob_interfaces/include/frob_interfaces/frob_interfaces/msg/line_detection.h
-- Symlinking: /home/vsadnik/ros2_ws/frob_robot/install/frob_interfaces/include/frob_interfaces/frob_interfaces/msg/obstacle_detection.h
-- Symlinking: /home/vsadnik/ros2_ws/frob_robot/install/frob_interfaces/include/frob_interfaces/frob_interfaces/msg/rosidl_generator_c__visibility_control.h
-- Symlinking: /home/vsadnik/ros2_ws/frob_robot/install/frob_interfaces/include/frob_interfaces/frob_interfaces/msg/sign_detection.h
-- Symlinking: /home/vsadnik/ros2_ws/frob_robot/install/frob_interfaces/include/frob_interfaces/frob_interfaces/srv/detail/forward__functions.h
-- Symlinking: /home/vsadnik/ros2_ws/frob_robot/install/frob_interfaces/include/frob_interfaces/frob_interfaces/srv/detail/forward__struct.h
-- Symlinking: /home/vsadnik/ros2_ws/frob_robot/install/frob_interfaces/include/frob_interfaces/frob_interfaces/srv/detail/forward__type_support.h
-- Symlinking: /home/vsadnik/ros2_ws/frob_robot/install/frob_interfaces/include/frob_interfaces/frob_interfaces/srv/detail/turn__functions.h
-- Symlinking: /home/vsadnik/ros2_ws/frob_robot/install/frob_interfaces/include/frob_interfaces/frob_interfaces/srv/detail/turn__struct.h
-- Symlinking: /home/vsadnik/ros2_ws/frob_robot/install/frob_interfaces/include/frob_interfaces/frob_interfaces/srv/detail/turn__type_support.h
-- Symlinking: /home/vsadnik/ros2_ws/frob_robot/install/frob_interfaces/include/frob_interfaces/frob_interfaces/srv/forward.h
-- Symlinking: /home/vsadnik/ros2_ws/frob_robot/install/frob_interfaces/include/frob_interfaces/frob_interfaces/srv/turn.h
-- Symlinking: /home/vsadnik/ros2_ws/frob_robot/install/frob_interfaces/share/frob_interfaces/environment/library_path.sh
-- Symlinking: /home/vsadnik/ros2_ws/frob_robot/install/frob_interfaces/share/frob_interfaces/environment/library_path.dsv
-- Symlinking: /home/vsadnik/ros2_ws/frob_robot/install/frob_interfaces/include/frob_interfaces/frob_interfaces/action/detail/execute_motion__rosidl_typesupport_fastrtps_c.h
-- Symlinking: /home/vsadnik/ros2_ws/frob_robot/install/frob_interfaces/include/frob_interfaces/frob_interfaces/msg/detail/intersection_detection__rosidl_typesupport_fastrtps_c.h
-- Symlinking: /home/vsadnik/ros2_ws/frob_robot/install/frob_interfaces/include/frob_interfaces/frob_interfaces/msg/detail/line_detection__rosidl_typesupport_fastrtps_c.h
-- Symlinking: /home/vsadnik/ros2_ws/frob_robot/install/frob_interfaces/include/frob_interfaces/frob_interfaces/msg/detail/obstacle_detection__rosidl_typesupport_fastrtps_c.h
-- Symlinking: /home/vsadnik/ros2_ws/frob_robot/install/frob_interfaces/include/frob_interfaces/frob_interfaces/msg/detail/sign_detection__rosidl_typesupport_fastrtps_c.h
-- Symlinking: /home/vsadnik/ros2_ws/frob_robot/install/frob_interfaces/include/frob_interfaces/frob_interfaces/msg/rosidl_typesupport_fastrtps_c__visibility_control.h
-- Symlinking: /home/vsadnik/ros2_ws/frob_robot/install/frob_interfaces/include/frob_interfaces/frob_interfaces/srv/detail/forward__rosidl_typesupport_fastrtps_c.h
-- Symlinking: /home/vsadnik/ros2_ws/frob_robot/install/frob_interfaces/include/frob_interfaces/frob_interfaces/srv/detail/turn__rosidl_typesupport_fastrtps_c.h
-- Symlinking: /home/vsadnik/ros2_ws/frob_robot/install/frob_interfaces/include/frob_interfaces/frob_interfaces/action/detail/execute_motion__rosidl_typesupport_introspection_c.h
-- Symlinking: /home/vsadnik/ros2_ws/frob_robot/install/frob_interfaces/include/frob_interfaces/frob_interfaces/msg/detail/intersection_detection__rosidl_typesupport_introspection_c.h
-- Symlinking: /home/vsadnik/ros2_ws/frob_robot/install/frob_interfaces/include/frob_interfaces/frob_interfaces/msg/detail/line_detection__rosidl_typesupport_introspection_c.h
-- Symlinking: /home/vsadnik/ros2_ws/frob_robot/install/frob_interfaces/include/frob_interfaces/frob_interfaces/msg/detail/obstacle_detection__rosidl_typesupport_introspection_c.h
-- Symlinking: /home/vsadnik/ros2_ws/frob_robot/install/frob_interfaces/include/frob_interfaces/frob_interfaces/msg/detail/sign_detection__rosidl_typesupport_introspection_c.h
-- Symlinking: /home/vsadnik/ros2_ws/frob_robot/install/frob_interfaces/include/frob_interfaces/frob_interfaces/msg/rosidl_typesupport_introspection_c__visibility_control.h
-- Symlinking: /home/vsadnik/ros2_ws/frob_robot/install/frob_interfaces/include/frob_interfaces/frob_interfaces/srv/detail/forward__rosidl_typesupport_introspection_c.h
-- Symlinking: /home/vsadnik/ros2_ws/frob_robot/install/frob_interfaces/include/frob_interfaces/frob_interfaces/srv/detail/turn__rosidl_typesupport_introspection_c.h
-- Symlinking: /home/vsadnik/ros2_ws/frob_robot/install/frob_interfaces/include/frob_interfaces/frob_interfaces/action/detail/execute_motion__builder.hpp
-- Symlinking: /home/vsadnik/ros2_ws/frob_robot/install/frob_interfaces/include/frob_interfaces/frob_interfaces/action/detail/execute_motion__struct.hpp
-- Symlinking: /home/vsadnik/ros2_ws/frob_robot/install/frob_interfaces/include/frob_interfaces/frob_interfaces/action/detail/execute_motion__traits.hpp
-- Symlinking: /home/vsadnik/ros2_ws/frob_robot/install/frob_interfaces/include/frob_interfaces/frob_interfaces/action/detail/execute_motion__type_support.hpp
-- Symlinking: /home/vsadnik/ros2_ws/frob_robot/install/frob_interfaces/include/frob_interfaces/frob_interfaces/action/execute_motion.hpp
-- Symlinking: /home/vsadnik/ros2_ws/frob_robot/install/frob_interfaces/include/frob_interfaces/frob_interfaces/msg/detail/intersection_detection__builder.hpp
-- Symlinking: /home/vsadnik/ros2_ws/frob_robot/install/frob_interfaces/include/frob_interfaces/frob_interfaces/msg/detail/intersection_detection__struct.hpp
-- Symlinking: /home/vsadnik/ros2_ws/frob_robot/install/frob_interfaces/include/frob_interfaces/frob_interfaces/msg/detail/intersection_detection__traits.hpp
-- Symlinking: /home/vsadnik/ros2_ws/frob_robot/install/frob_interfaces/include/frob_interfaces/frob_interfaces/msg/detail/intersection_detection__type_support.hpp
-- Symlinking: /home/vsadnik/ros2_ws/frob_robot/install/frob_interfaces/include/frob_interfaces/frob_interfaces/msg/detail/line_detection__builder.hpp
-- Symlinking: /home/vsadnik/ros2_ws/frob_robot/install/frob_interfaces/include/frob_interfaces/frob_interfaces/msg/detail/line_detection__struct.hpp
-- Symlinking: /home/vsadnik/ros2_ws/frob_robot/install/frob_interfaces/include/frob_interfaces/frob_interfaces/msg/detail/line_detection__traits.hpp
-- Symlinking: /home/vsadnik/ros2_ws/frob_robot/install/frob_interfaces/include/frob_interfaces/frob_interfaces/msg/detail/line_detection__type_support.hpp
-- Symlinking: /home/vsadnik/ros2_ws/frob_robot/install/frob_interfaces/include/frob_interfaces/frob_interfaces/msg/detail/obstacle_detection__builder.hpp
-- Symlinking: /home/vsadnik/ros2_ws/frob_robot/install/frob_interfaces/include/frob_interfaces/frob_interfaces/msg/detail/obstacle_detection__struct.hpp
-- Symlinking: /home/vsadnik/ros2_ws/frob_robot/install/frob_interfaces/include/frob_interfaces/frob_interfaces/msg/detail/obstacle_detection__traits.hpp
-- Symlinking: /home/vsadnik/ros2_ws/frob_robot/install/frob_interfaces/include/frob_interfaces/frob_interfaces/msg/detail/obstacle_detection__type_support.hpp
-- Symlinking: /home/vsadnik/ros2_ws/frob_robot/install/frob_interfaces/include/frob_interfaces/frob_interfaces/msg/detail/sign_detection__builder.hpp
-- Symlinking: /home/vsadnik/ros2_ws/frob_robot/install/frob_interfaces/include/frob_interfaces/frob_interfaces/msg/detail/sign_detection__struct.hpp
-- Symlinking: /home/vsadnik/ros2_ws/frob_robot/install/frob_interfaces/include/frob_interfaces/frob_interfaces/msg/detail/sign_detection__traits.hpp
-- Symlinking: /home/vsadnik/ros2_ws/frob_robot/install/frob_interfaces/include/frob_interfaces/frob_interfaces/msg/detail/sign_detection__type_support.hpp
-- Symlinking: /home/vsadnik/ros2_ws/frob_robot/install/frob_interfaces/include/frob_interfaces/frob_interfaces/msg/intersection_detection.hpp
-- Symlinking: /home/vsadnik/ros2_ws/frob_robot/install/frob_interfaces/include/frob_interfaces/frob_interfaces/msg/line_detection.hpp
-- Symlinking: /home/vsadnik/ros2_ws/frob_robot/install/frob_interfaces/include/frob_interfaces/frob_interfaces/msg/obstacle_detection.hpp
-- Symlinking: /home/vsadnik/ros2_ws/frob_robot/install/frob_interfaces/include/frob_interfaces/frob_interfaces/msg/rosidl_generator_cpp__visibility_control.hpp
-- Symlinking: /home/vsadnik/ros2_ws/frob_robot/install/frob_interfaces/include/frob_interfaces/frob_interfaces/msg/sign_detection.hpp
-- Symlinking: /home/vsadnik/ros2_ws/frob_robot/install/frob_interfaces/include/frob_interfaces/frob_interfaces/srv/detail/forward__builder.hpp
-- Symlinking: /home/vsadnik/ros2_ws/frob_robot/install/frob_interfaces/include/frob_interfaces/frob_interfaces/srv/detail/forward__struct.hpp
-- Symlinking: /home/vsadnik/ros2_ws/frob_robot/install/frob_interfaces/include/frob_interfaces/frob_interfaces/srv/detail/forward__traits.hpp
-- Symlinking: /home/vsadnik/ros2_ws/frob_robot/install/frob_interfaces/include/frob_interfaces/frob_interfaces/srv/detail/forward__type_support.hpp
-- Symlinking: /home/vsadnik/ros2_ws/frob_robot/install/frob_interfaces/include/frob_interfaces/frob_interfaces/srv/detail/turn__builder.hpp
-- Symlinking: /home/vsadnik/ros2_ws/frob_robot/install/frob_interfaces/include/frob_interfaces/frob_interfaces/srv/detail/turn__struct.hpp
-- Symlinking: /home/vsadnik/ros2_ws/frob_robot/install/frob_interfaces/include/frob_interfaces/frob_interfaces/srv/detail/turn__traits.hpp
-- Symlinking: /home/vsadnik/ros2_ws/frob_robot/install/frob_interfaces/include/frob_interfaces/frob_interfaces/srv/detail/turn__type_support.hpp
-- Symlinking: /home/vsadnik/ros2_ws/frob_robot/install/frob_interfaces/include/frob_interfaces/frob_interfaces/srv/forward.hpp
-- Symlinking: /home/vsadnik/ros2_ws/frob_robot/install/frob_interfaces/include/frob_interfaces/frob_interfaces/srv/turn.hpp
-- Symlinking: /home/vsadnik/ros2_ws/frob_robot/install/frob_interfaces/include/frob_interfaces/frob_interfaces/action/detail/execute_motion__rosidl_typesupport_fastrtps_cpp.hpp
-- Symlinking: /home/vsadnik/ros2_ws/frob_robot/install/frob_interfaces/include/frob_interfaces/frob_interfaces/msg/detail/intersection_detection__rosidl_typesupport_fastrtps_cpp.hpp
-- Symlinking: /home/vsadnik/ros2_ws/frob_robot/install/frob_interfaces/include/frob_interfaces/frob_interfaces/msg/detail/line_detection__rosidl_typesupport_fastrtps_cpp.hpp
-- Symlinking: /home/vsadnik/ros2_ws/frob_robot/install/frob_interfaces/include/frob_interfaces/frob_interfaces/msg/detail/obstacle_detection__rosidl_typesupport_fastrtps_cpp.hpp
-- Symlinking: /home/vsadnik/ros2_ws/frob_robot/install/frob_interfaces/include/frob_interfaces/frob_interfaces/msg/detail/sign_detection__rosidl_typesupport_fastrtps_cpp.hpp
-- Symlinking: /home/vsadnik/ros2_ws/frob_robot/install/frob_interfaces/include/frob_interfaces/frob_interfaces/msg/rosidl_typesupport_fastrtps_cpp__visibility_control.h
-- Symlinking: /home/vsadnik/ros2_ws/frob_robot/install/frob_interfaces/include/frob_interfaces/frob_interfaces/srv/detail/forward__rosidl_typesupport_fastrtps_cpp.hpp
-- Symlinking: /home/vsadnik/ros2_ws/frob_robot/install/frob_interfaces/include/frob_interfaces/frob_interfaces/srv/detail/turn__rosidl_typesupport_fastrtps_cpp.hpp
-- Symlinking: /home/vsadnik/ros2_ws/frob_robot/install/frob_interfaces/include/frob_interfaces/frob_interfaces/action/detail/execute_motion__rosidl_typesupport_introspection_cpp.hpp
-- Symlinking: /home/vsadnik/ros2_ws/frob_robot/install/frob_interfaces/include/frob_interfaces/frob_interfaces/msg/detail/intersection_detection__rosidl_typesupport_introspection_cpp.hpp
-- Symlinking: /home/vsadnik/ros2_ws/frob_robot/install/frob_interfaces/include/frob_interfaces/frob_interfaces/msg/detail/line_detection__rosidl_typesupport_introspection_cpp.hpp
-- Symlinking: /home/vsadnik/ros2_ws/frob_robot/install/frob_interfaces/include/frob_interfaces/frob_interfaces/msg/detail/obstacle_detection__rosidl_typesupport_introspection_cpp.hpp
-- Symlinking: /home/vsadnik/ros2_ws/frob_robot/install/frob_interfaces/include/frob_interfaces/frob_interfaces/msg/detail/sign_detection__rosidl_typesupport_introspection_cpp.hpp
-- Symlinking: /home/vsadnik/ros2_ws/frob_robot/install/frob_interfaces/include/frob_interfaces/frob_interfaces/srv/detail/forward__rosidl_typesupport_introspection_cpp.hpp
-- Symlinking: /home/vsadnik/ros2_ws/frob_robot/install/frob_interfaces/include/frob_interfaces/frob_interfaces/srv/detail/turn__rosidl_typesupport_introspection_cpp.hpp
-- Symlinking: /home/vsadnik/ros2_ws/frob_robot/install/frob_interfaces/share/frob_interfaces/environment/pythonpath.sh
-- Symlinking: /home/vsadnik/ros2_ws/frob_robot/install/frob_interfaces/share/frob_interfaces/environment/pythonpath.dsv
-- Symlinking: /home/vsadnik/ros2_ws/frob_robot/install/frob_interfaces/lib/python3.12/site-packages/frob_interfaces-0.0.0-py3.12.egg-info/PKG-INFO
-- Symlinking: /home/vsadnik/ros2_ws/frob_robot/install/frob_interfaces/lib/python3.12/site-packages/frob_interfaces-0.0.0-py3.12.egg-info/SOURCES.txt
-- Symlinking: /home/vsadnik/ros2_ws/frob_robot/install/frob_interfaces/lib/python3.12/site-packages/frob_interfaces-0.0.0-py3.12.egg-info/dependency_links.txt
-- Symlinking: /home/vsadnik/ros2_ws/frob_robot/install/frob_interfaces/lib/python3.12/site-packages/frob_interfaces-0.0.0-py3.12.egg-info/top_level.txt
-- Symlinking: /home/vsadnik/ros2_ws/frob_robot/install/frob_interfaces/lib/python3.12/site-packages/frob_interfaces/__init__.py
-- Symlinking: /home/vsadnik/ros2_ws/frob_robot/install/frob_interfaces/lib/python3.12/site-packages/frob_interfaces/_frob_interfaces_s.ep.rosidl_typesupport_c.c
-- Symlinking: /home/vsadnik/ros2_ws/frob_robot/install/frob_interfaces/lib/python3.12/site-packages/frob_interfaces/_frob_interfaces_s.ep.rosidl_typesupport_fastrtps_c.c
-- Symlinking: /home/vsadnik/ros2_ws/frob_robot/install/frob_interfaces/lib/python3.12/site-packages/frob_interfaces/_frob_interfaces_s.ep.rosidl_typesupport_introspection_c.c
-- Symlinking: /home/vsadnik/ros2_ws/frob_robot/install/frob_interfaces/lib/python3.12/site-packages/frob_interfaces/action/__init__.py
-- Symlinking: /home/vsadnik/ros2_ws/frob_robot/install/frob_interfaces/lib/python3.12/site-packages/frob_interfaces/action/_execute_motion.py
-- Symlinking: /home/vsadnik/ros2_ws/frob_robot/install/frob_interfaces/lib/python3.12/site-packages/frob_interfaces/action/_execute_motion_s.c
-- Symlinking: /home/vsadnik/ros2_ws/frob_robot/install/frob_interfaces/lib/python3.12/site-packages/frob_interfaces/frob_interfaces_s__rosidl_typesupport_c.so
-- Symlinking: /home/vsadnik/ros2_ws/frob_robot/install/frob_interfaces/lib/python3.12/site-packages/frob_interfaces/frob_interfaces_s__rosidl_typesupport_fastrtps_c.so
-- Symlinking: /home/vsadnik/ros2_ws/frob_robot/install/frob_interfaces/lib/python3.12/site-packages/frob_interfaces/frob_interfaces_s__rosidl_typesupport_introspection_c.so
-- Symlinking: /home/vsadnik/ros2_ws/frob_robot/install/frob_interfaces/lib/python3.12/site-packages/frob_interfaces/msg/__init__.py
-- Symlinking: /home/vsadnik/ros2_ws/frob_robot/install/frob_interfaces/lib/python3.12/site-packages/frob_interfaces/msg/_intersection_detection.py
-- Symlinking: /home/vsadnik/ros2_ws/frob_robot/install/frob_interfaces/lib/python3.12/site-packages/frob_interfaces/msg/_intersection_detection_s.c
-- Symlinking: /home/vsadnik/ros2_ws/frob_robot/install/frob_interfaces/lib/python3.12/site-packages/frob_interfaces/msg/_line_detection.py
-- Symlinking: /home/vsadnik/ros2_ws/frob_robot/install/frob_interfaces/lib/python3.12/site-packages/frob_interfaces/msg/_line_detection_s.c
-- Symlinking: /home/vsadnik/ros2_ws/frob_robot/install/frob_interfaces/lib/python3.12/site-packages/frob_interfaces/msg/_obstacle_detection.py
-- Symlinking: /home/vsadnik/ros2_ws/frob_robot/install/frob_interfaces/lib/python3.12/site-packages/frob_interfaces/msg/_obstacle_detection_s.c
-- Symlinking: /home/vsadnik/ros2_ws/frob_robot/install/frob_interfaces/lib/python3.12/site-packages/frob_interfaces/msg/_sign_detection.py
-- Symlinking: /home/vsadnik/ros2_ws/frob_robot/install/frob_interfaces/lib/python3.12/site-packages/frob_interfaces/msg/_sign_detection_s.c
-- Symlinking: /home/vsadnik/ros2_ws/frob_robot/install/frob_interfaces/lib/python3.12/site-packages/frob_interfaces/srv/__init__.py
-- Symlinking: /home/vsadnik/ros2_ws/frob_robot/install/frob_interfaces/lib/python3.12/site-packages/frob_interfaces/srv/_forward.py
-- Symlinking: /home/vsadnik/ros2_ws/frob_robot/install/frob_interfaces/lib/python3.12/site-packages/frob_interfaces/srv/_forward_s.c
-- Symlinking: /home/vsadnik/ros2_ws/frob_robot/install/frob_interfaces/lib/python3.12/site-packages/frob_interfaces/srv/_turn.py
-- Symlinking: /home/vsadnik/ros2_ws/frob_robot/install/frob_interfaces/lib/python3.12/site-packages/frob_interfaces/srv/_turn_s.c
-- Up-to-date symlink: /home/vsadnik/ros2_ws/frob_robot/install/frob_interfaces/lib/python3.12/site-packages/frob_interfaces/frob_interfaces_s__rosidl_typesupport_fastrtps_c.so
-- Up-to-date symlink: /home/vsadnik/ros2_ws/frob_robot/install/frob_interfaces/lib/python3.12/site-packages/frob_interfaces/frob_interfaces_s__rosidl_typesupport_introspection_c.so
-- Up-to-date symlink: /home/vsadnik/ros2_ws/frob_robot/install/frob_interfaces/lib/python3.12/site-packages/frob_interfaces/frob_interfaces_s__rosidl_typesupport_c.so
-- Symlinking: /home/vsadnik/ros2_ws/frob_robot/install/frob_interfaces/share/ament_index/resource_index/rust_packages/frob_interfaces
-- Symlinking: /home/vsadnik/ros2_ws/frob_robot/install/frob_interfaces/share/frob_interfaces/rust/Cargo.toml
-- Symlinking: /home/vsadnik/ros2_ws/frob_robot/install/frob_interfaces/share/frob_interfaces/rust/build.rs
-- Symlinking: /home/vsadnik/ros2_ws/frob_robot/install/frob_interfaces/share/frob_interfaces/rust/src/action.rs
-- Symlinking: /home/vsadnik/ros2_ws/frob_robot/install/frob_interfaces/share/frob_interfaces/rust/src/action/rmw.rs
-- Symlinking: /home/vsadnik/ros2_ws/frob_robot/install/frob_interfaces/share/frob_interfaces/rust/src/lib.rs
-- Symlinking: /home/vsadnik/ros2_ws/frob_robot/install/frob_interfaces/share/frob_interfaces/rust/src/msg.rs
-- Symlinking: /home/vsadnik/ros2_ws/frob_robot/install/frob_interfaces/share/frob_interfaces/rust/src/msg/rmw.rs
-- Symlinking: /home/vsadnik/ros2_ws/frob_robot/install/frob_interfaces/share/frob_interfaces/rust/src/srv.rs
-- Symlinking: /home/vsadnik/ros2_ws/frob_robot/install/frob_interfaces/share/frob_interfaces/rust/src/srv/rmw.rs
-- Symlinking: /home/vsadnik/ros2_ws/frob_robot/install/frob_interfaces/share/frob_interfaces/srv/Turn.idl
-- Symlinking: /home/vsadnik/ros2_ws/frob_robot/install/frob_interfaces/share/frob_interfaces/srv/Forward.idl
-- Symlinking: /home/vsadnik/ros2_ws/frob_robot/install/frob_interfaces/share/frob_interfaces/msg/LineDetection.idl
-- Symlinking: /home/vsadnik/ros2_ws/frob_robot/install/frob_interfaces/share/frob_interfaces/msg/SignDetection.idl
-- Symlinking: /home/vsadnik/ros2_ws/frob_robot/install/frob_interfaces/share/frob_interfaces/msg/IntersectionDetection.idl
-- Symlinking: /home/vsadnik/ros2_ws/frob_robot/install/frob_interfaces/share/frob_interfaces/msg/ObstacleDetection.idl
-- Symlinking: /home/vsadnik/ros2_ws/frob_robot/install/frob_interfaces/share/frob_interfaces/action/ExecuteMotion.idl
-- Symlinking: /home/vsadnik/ros2_ws/frob_robot/install/frob_interfaces/share/frob_interfaces/srv/Turn.srv
-- Symlinking: /home/vsadnik/ros2_ws/frob_robot/install/frob_interfaces/share/frob_interfaces/srv/Forward.srv
-- Symlinking: /home/vsadnik/ros2_ws/frob_robot/install/frob_interfaces/share/frob_interfaces/msg/LineDetection.msg
-- Symlinking: /home/vsadnik/ros2_ws/frob_robot/install/frob_interfaces/share/frob_interfaces/msg/SignDetection.msg
-- Symlinking: /home/vsadnik/ros2_ws/frob_robot/install/frob_interfaces/share/frob_interfaces/msg/IntersectionDetection.msg
-- Symlinking: /home/vsadnik/ros2_ws/frob_robot/install/frob_interfaces/share/frob_interfaces/msg/ObstacleDetection.msg
-- Symlinking: /home/vsadnik/ros2_ws/frob_robot/install/frob_interfaces/share/frob_interfaces/action/ExecuteMotion.action
-- Symlinking: /home/vsadnik/ros2_ws/frob_robot/install/frob_interfaces/share/ament_index/resource_index/package_run_dependencies/frob_interfaces
-- Symlinking: /home/vsadnik/ros2_ws/frob_robot/install/frob_interfaces/share/ament_index/resource_index/parent_prefix_path/frob_interfaces
-- Symlinking: /home/vsadnik/ros2_ws/frob_robot/install/frob_interfaces/share/frob_interfaces/environment/ament_prefix_path.sh
-- Symlinking: /home/vsadnik/ros2_ws/frob_robot/install/frob_interfaces/share/frob_interfaces/environment/ament_prefix_path.dsv
-- Symlinking: /home/vsadnik/ros2_ws/frob_robot/install/frob_interfaces/share/frob_interfaces/environment/path.sh
-- Symlinking: /home/vsadnik/ros2_ws/frob_robot/install/frob_interfaces/share/frob_interfaces/environment/path.dsv
-- Symlinking: /home/vsadnik/ros2_ws/frob_robot/install/frob_interfaces/share/frob_interfaces/local_setup.bash
-- Symlinking: /home/vsadnik/ros2_ws/frob_robot/install/frob_interfaces/share/frob_interfaces/local_setup.sh
-- Symlinking: /home/vsadnik/ros2_ws/frob_robot/install/frob_interfaces/share/frob_interfaces/local_setup.zsh
-- Symlinking: /home/vsadnik/ros2_ws/frob_robot/install/frob_interfaces/share/frob_interfaces/local_setup.dsv
-- Symlinking: /home/vsadnik/ros2_ws/frob_robot/install/frob_interfaces/share/frob_interfaces/package.dsv
-- Symlinking: /home/vsadnik/ros2_ws/frob_robot/install/frob_interfaces/share/ament_index/resource_index/packages/frob_interfaces
-- Symlinking: /home/vsadnik/ros2_ws/frob_robot/install/frob_interfaces/share/frob_interfaces/cmake/rosidl_cmake-extras.cmake
-- Symlinking: /home/vsadnik/ros2_ws/frob_robot/install/frob_interfaces/share/frob_interfaces/cmake/ament_cmake_export_dependencies-extras.cmake
-- Symlinking: /home/vsadnik/ros2_ws/frob_robot/install/frob_interfaces/share/frob_interfaces/cmake/ament_cmake_export_include_directories-extras.cmake
-- Symlinking: /home/vsadnik/ros2_ws/frob_robot/install/frob_interfaces/share/frob_interfaces/cmake/ament_cmake_export_libraries-extras.cmake
-- Symlinking: /home/vsadnik/ros2_ws/frob_robot/install/frob_interfaces/share/frob_interfaces/cmake/ament_cmake_export_targets-extras.cmake
-- Symlinking: /home/vsadnik/ros2_ws/frob_robot/install/frob_interfaces/share/frob_interfaces/cmake/rosidl_cmake_export_typesupport_targets-extras.cmake
-- Symlinking: /home/vsadnik/ros2_ws/frob_robot/install/frob_interfaces/share/frob_interfaces/cmake/rosidl_cmake_export_typesupport_libraries-extras.cmake
-- Symlinking: /home/vsadnik/ros2_ws/frob_robot/install/frob_interfaces/share/frob_interfaces/cmake/frob_interfacesConfig.cmake
-- Symlinking: /home/vsadnik/ros2_ws/frob_robot/install/frob_interfaces/share/frob_interfaces/cmake/frob_interfacesConfig-version.cmake
-- Symlinking: /home/vsadnik/ros2_ws/frob_robot/install/frob_interfaces/share/frob_interfaces/package.xml
-- Installing: /home/vsadnik/ros2_ws/frob_robot/install/frob_interfaces/lib/libfrob_interfaces__rosidl_generator_c.so
-- Set non-toolchain portion of runtime path of "/home/vsadnik/ros2_ws/frob_robot/install/frob_interfaces/lib/libfrob_interfaces__rosidl_generator_c.so" to ""
-- Installing: /home/vsadnik/ros2_ws/frob_robot/install/frob_interfaces/lib/libfrob_interfaces__rosidl_typesupport_fastrtps_c.so
-- Set non-toolchain portion of runtime path of "/home/vsadnik/ros2_ws/frob_robot/install/frob_interfaces/lib/libfrob_interfaces__rosidl_typesupport_fastrtps_c.so" to ""
-- Installing: /home/vsadnik/ros2_ws/frob_robot/install/frob_interfaces/lib/libfrob_interfaces__rosidl_typesupport_introspection_c.so
-- Set non-toolchain portion of runtime path of "/home/vsadnik/ros2_ws/frob_robot/install/frob_interfaces/lib/libfrob_interfaces__rosidl_typesupport_introspection_c.so" to ""
-- Installing: /home/vsadnik/ros2_ws/frob_robot/install/frob_interfaces/lib/libfrob_interfaces__rosidl_typesupport_c.so
-- Set non-toolchain portion of runtime path of "/home/vsadnik/ros2_ws/frob_robot/install/frob_interfaces/lib/libfrob_interfaces__rosidl_typesupport_c.so" to ""
-- Installing: /home/vsadnik/ros2_ws/frob_robot/install/frob_interfaces/lib/libfrob_interfaces__rosidl_typesupport_fastrtps_cpp.so
-- Set non-toolchain portion of runtime path of "/home/vsadnik/ros2_ws/frob_robot/install/frob_interfaces/lib/libfrob_interfaces__rosidl_typesupport_fastrtps_cpp.so" to ""
-- Installing: /home/vsadnik/ros2_ws/frob_robot/install/frob_interfaces/lib/libfrob_interfaces__rosidl_typesupport_introspection_cpp.so
-- Set non-toolchain portion of runtime path of "/home/vsadnik/ros2_ws/frob_robot/install/frob_interfaces/lib/libfrob_interfaces__rosidl_typesupport_introspection_cpp.so" to ""
-- Installing: /home/vsadnik/ros2_ws/frob_robot/install/frob_interfaces/lib/libfrob_interfaces__rosidl_typesupport_cpp.so
-- Set non-toolchain portion of runtime path of "/home/vsadnik/ros2_ws/frob_robot/install/frob_interfaces/lib/libfrob_interfaces__rosidl_typesupport_cpp.so" to ""
Listing '/home/vsadnik/ros2_ws/frob_robot/install/frob_interfaces/lib/python3.12/site-packages/frob_interfaces'...
Compiling '/home/vsadnik/ros2_ws/frob_robot/install/frob_interfaces/lib/python3.12/site-packages/frob_interfaces/__init__.py'...
Listing '/home/vsadnik/ros2_ws/frob_robot/install/frob_interfaces/lib/python3.12/site-packages/frob_interfaces/action'...
Compiling '/home/vsadnik/ros2_ws/frob_robot/install/frob_interfaces/lib/python3.12/site-packages/frob_interfaces/action/__init__.py'...
Compiling '/home/vsadnik/ros2_ws/frob_robot/install/frob_interfaces/lib/python3.12/site-packages/frob_interfaces/action/_execute_motion.py'...
Listing '/home/vsadnik/ros2_ws/frob_robot/install/frob_interfaces/lib/python3.12/site-packages/frob_interfaces/msg'...
Compiling '/home/vsadnik/ros2_ws/frob_robot/install/frob_interfaces/lib/python3.12/site-packages/frob_interfaces/msg/__init__.py'...
Compiling '/home/vsadnik/ros2_ws/frob_robot/install/frob_interfaces/lib/python3.12/site-packages/frob_interfaces/msg/_intersection_detection.py'...
Compiling '/home/vsadnik/ros2_ws/frob_robot/install/frob_interfaces/lib/python3.12/site-packages/frob_interfaces/msg/_line_detection.py'...
Compiling '/home/vsadnik/ros2_ws/frob_robot/install/frob_interfaces/lib/python3.12/site-packages/frob_interfaces/msg/_obstacle_detection.py'...
Compiling '/home/vsadnik/ros2_ws/frob_robot/install/frob_interfaces/lib/python3.12/site-packages/frob_interfaces/msg/_sign_detection.py'...
Listing '/home/vsadnik/ros2_ws/frob_robot/install/frob_interfaces/lib/python3.12/site-packages/frob_interfaces/srv'...
Compiling '/home/vsadnik/ros2_ws/frob_robot/install/frob_interfaces/lib/python3.12/site-packages/frob_interfaces/srv/__init__.py'...
Compiling '/home/vsadnik/ros2_ws/frob_robot/install/frob_interfaces/lib/python3.12/site-packages/frob_interfaces/srv/_forward.py'...
Compiling '/home/vsadnik/ros2_ws/frob_robot/install/frob_interfaces/lib/python3.12/site-packages/frob_interfaces/srv/_turn.py'...
-- Installing: /home/vsadnik/ros2_ws/frob_robot/install/frob_interfaces/lib/libfrob_interfaces__rosidl_generator_py.so
-- Set non-toolchain portion of runtime path of "/home/vsadnik/ros2_ws/frob_robot/install/frob_interfaces/lib/libfrob_interfaces__rosidl_generator_py.so" to ""
-- Installing: /home/vsadnik/ros2_ws/frob_robot/install/frob_interfaces/share/frob_interfaces/cmake/export_frob_interfaces__rosidl_generator_cExport.cmake
-- Installing: /home/vsadnik/ros2_ws/frob_robot/install/frob_interfaces/share/frob_interfaces/cmake/export_frob_interfaces__rosidl_generator_cExport-noconfig.cmake
-- Installing: /home/vsadnik/ros2_ws/frob_robot/install/frob_interfaces/share/frob_interfaces/cmake/export_frob_interfaces__rosidl_typesupport_fastrtps_cExport.cmake
-- Installing: /home/vsadnik/ros2_ws/frob_robot/install/frob_interfaces/share/frob_interfaces/cmake/export_frob_interfaces__rosidl_typesupport_fastrtps_cExport-noconfig.cmake
-- Installing: /home/vsadnik/ros2_ws/frob_robot/install/frob_interfaces/share/frob_interfaces/cmake/frob_interfaces__rosidl_typesupport_introspection_cExport.cmake
-- Installing: /home/vsadnik/ros2_ws/frob_robot/install/frob_interfaces/share/frob_interfaces/cmake/frob_interfaces__rosidl_typesupport_introspection_cExport-noconfig.cmake
-- Installing: /home/vsadnik/ros2_ws/frob_robot/install/frob_interfaces/share/frob_interfaces/cmake/frob_interfaces__rosidl_typesupport_cExport.cmake
-- Installing: /home/vsadnik/ros2_ws/frob_robot/install/frob_interfaces/share/frob_interfaces/cmake/frob_interfaces__rosidl_typesupport_cExport-noconfig.cmake
-- Installing: /home/vsadnik/ros2_ws/frob_robot/install/frob_interfaces/share/frob_interfaces/cmake/export_frob_interfaces__rosidl_generator_cppExport.cmake
-- Installing: /home/vsadnik/ros2_ws/frob_robot/install/frob_interfaces/share/frob_interfaces/cmake/export_frob_interfaces__rosidl_typesupport_fastrtps_cppExport.cmake
-- Installing: /home/vsadnik/ros2_ws/frob_robot/install/frob_interfaces/share/frob_interfaces/cmake/export_frob_interfaces__rosidl_typesupport_fastrtps_cppExport-noconfig.cmake
-- Installing: /home/vsadnik/ros2_ws/frob_robot/install/frob_interfaces/share/frob_interfaces/cmake/frob_interfaces__rosidl_typesupport_introspection_cppExport.cmake
-- Installing: /home/vsadnik/ros2_ws/frob_robot/install/frob_interfaces/share/frob_interfaces/cmake/frob_interfaces__rosidl_typesupport_introspection_cppExport-noconfig.cmake
-- Installing: /home/vsadnik/ros2_ws/frob_robot/install/frob_interfaces/share/frob_interfaces/cmake/frob_interfaces__rosidl_typesupport_cppExport.cmake
-- Installing: /home/vsadnik/ros2_ws/frob_robot/install/frob_interfaces/share/frob_interfaces/cmake/frob_interfaces__rosidl_typesupport_cppExport-noconfig.cmake
-- Installing: /home/vsadnik/ros2_ws/frob_robot/install/frob_interfaces/share/frob_interfaces/cmake/export_frob_interfaces__rosidl_generator_pyExport.cmake
-- Installing: /home/vsadnik/ros2_ws/frob_robot/install/frob_interfaces/share/frob_interfaces/cmake/export_frob_interfaces__rosidl_generator_pyExport-noconfig.cmake
