[0.005s] Invoking command in '/home/vsadnik/ros2_ws/frob_robot/build/frob_interfaces': CMAKE_PREFIX_PATH=${CMAKE_PREFIX_PATH}:/opt/ros/jazzy DEBUGINFOD_URLS=https://debuginfod.ubuntu.com /usr/bin/cmake /home/vsadnik/ros2_ws/frob_robot/src/frob_interfaces -DAMENT_CMAKE_SYMLINK_INSTALL=1 -DCMAKE_INSTALL_PREFIX=/home/vsadnik/ros2_ws/frob_robot/install/frob_interfaces
[0.070s] -- The C compiler identification is GNU 13.3.0
[0.111s] -- The CXX compiler identification is GNU 13.3.0
[0.124s] -- Detecting C compiler ABI info
[0.195s] -- Detecting C compiler ABI info - done
[0.201s] -- Check for working C compiler: /usr/bin/cc - skipped
[0.201s] -- Detecting C compile features
[0.201s] -- Detecting C compile features - done
[0.208s] -- Detecting CXX compiler ABI info
[0.284s] -- Detecting CXX compiler ABI info - done
[0.290s] -- Check for working CXX compiler: /usr/bin/c++ - skipped
[0.290s] -- Detecting CXX compile features
[0.290s] -- Detecting CXX compile features - done
[0.293s] -- Found ament_cmake: 2.5.6 (/opt/ros/jazzy/share/ament_cmake/cmake)
[0.438s] -- Found Python3: /usr/bin/python3 (found version "3.12.3") found components: Interpreter 
[0.490s] -- Override CMake install command with custom implementation using symlinks instead of copying resources
[0.527s] -- Found rosidl_default_generators: 1.6.0 (/opt/ros/jazzy/share/rosidl_default_generators/cmake)
[0.532s] -- Using all available rosidl_typesupport_c: rosidl_typesupport_fastrtps_c;rosidl_typesupport_introspection_c
[0.578s] -- Using all available rosidl_typesupport_cpp: rosidl_typesupport_fastrtps_cpp;rosidl_typesupport_introspection_cpp
[0.619s] -- Found rosidl_adapter: 4.6.7 (/opt/ros/jazzy/share/rosidl_adapter/cmake)
[0.661s] -- Found action_msgs: 2.0.3 (/opt/ros/jazzy/share/action_msgs/cmake)
[1.178s] -- Found ament_cmake_ros: 0.12.0 (/opt/ros/jazzy/share/ament_cmake_ros/cmake)
[1.469s] -- Using all available rosidl_typesupport_c: rosidl_typesupport_fastrtps_c;rosidl_typesupport_introspection_c
[1.845s] -- Using all available rosidl_typesupport_cpp: rosidl_typesupport_fastrtps_cpp;rosidl_typesupport_introspection_cpp
[1.848s] -- Found python_cmake_module: 0.11.1 (/opt/ros/jazzy/share/python_cmake_module/cmake)
[1.939s] -- Found PythonExtra: /usr/bin/python3  
[2.235s] -- Found Python3: /usr/bin/python3 (found version "3.12.3") found components: Interpreter Development NumPy Development.Module Development.Embed 
[2.283s] -- Found Python3: /usr/bin/python3 (found version "3.12.3") found components: Interpreter 
[2.293s] -- Configuring done (2.3s)
[2.330s] -- Generating done (0.0s)
[2.339s] -- Build files have been written to: /home/vsadnik/ros2_ws/frob_robot/build/frob_interfaces
[2.349s] Invoked command in '/home/vsadnik/ros2_ws/frob_robot/build/frob_interfaces' returned '0': CMAKE_PREFIX_PATH=${CMAKE_PREFIX_PATH}:/opt/ros/jazzy DEBUGINFOD_URLS=https://debuginfod.ubuntu.com /usr/bin/cmake /home/vsadnik/ros2_ws/frob_robot/src/frob_interfaces -DAMENT_CMAKE_SYMLINK_INSTALL=1 -DCMAKE_INSTALL_PREFIX=/home/vsadnik/ros2_ws/frob_robot/install/frob_interfaces
[2.350s] Invoking command in '/home/vsadnik/ros2_ws/frob_robot/build/frob_interfaces': CMAKE_PREFIX_PATH=${CMAKE_PREFIX_PATH}:/opt/ros/jazzy DEBUGINFOD_URLS=https://debuginfod.ubuntu.com /usr/bin/cmake --build /home/vsadnik/ros2_ws/frob_robot/build/frob_interfaces -- -j12 -l12
[2.394s] [  2%] Generating Rust code for ROS interfaces
[2.395s] [  2%] Generating type hashes for ROS interfaces
[2.402s] [  2%] Built target ament_cmake_python_symlink_frob_interfaces
[2.582s] running egg_info
[2.583s] creating frob_interfaces.egg-info
[2.600s] writing frob_interfaces.egg-info/PKG-INFO
[2.600s] writing dependency_links to frob_interfaces.egg-info/dependency_links.txt
[2.600s] writing top-level names to frob_interfaces.egg-info/top_level.txt
[2.600s] writing manifest file 'frob_interfaces.egg-info/SOURCES.txt'
[2.638s] [  2%] Built target frob_interfaces__rosidl_generator_type_description
[2.647s] [  3%] Generating C code for ROS interfaces
[2.648s] reading manifest file 'frob_interfaces.egg-info/SOURCES.txt'
[2.648s] writing manifest file 'frob_interfaces.egg-info/SOURCES.txt'
[2.656s] [  4%] Generating C++ code for ROS interfaces
[2.673s] [  4%] Built target ament_cmake_python_build_frob_interfaces_egg
[2.685s] [  4%] Built target frob_interfaces__rs
[3.259s] [  4%] Built target frob_interfaces__cpp
[3.271s] [  5%] Building C object CMakeFiles/frob_interfaces__rosidl_generator_c.dir/rosidl_generator_c/frob_interfaces/srv/detail/turn__functions.c.o
[3.271s] [  7%] Building C object CMakeFiles/frob_interfaces__rosidl_generator_c.dir/rosidl_generator_c/frob_interfaces/srv/detail/turn__type_support.c.o
[3.271s] [  7%] Building C object CMakeFiles/frob_interfaces__rosidl_generator_c.dir/rosidl_generator_c/frob_interfaces/srv/detail/forward__functions.c.o
[3.271s] [  8%] Building C object CMakeFiles/frob_interfaces__rosidl_generator_c.dir/rosidl_generator_c/frob_interfaces/srv/detail/forward__type_support.c.o
[3.271s] [  9%] Building C object CMakeFiles/frob_interfaces__rosidl_generator_c.dir/rosidl_generator_c/frob_interfaces/msg/detail/sign_detection__description.c.o
[3.271s] [ 10%] Building C object CMakeFiles/frob_interfaces__rosidl_generator_c.dir/rosidl_generator_c/frob_interfaces/msg/detail/line_detection__type_support.c.o
[3.271s] [ 11%] Building C object CMakeFiles/frob_interfaces__rosidl_generator_c.dir/rosidl_generator_c/frob_interfaces/srv/detail/turn__description.c.o
[3.271s] [ 13%] Building C object CMakeFiles/frob_interfaces__rosidl_generator_c.dir/rosidl_generator_c/frob_interfaces/msg/detail/line_detection__description.c.o
[3.271s] [ 13%] Building C object CMakeFiles/frob_interfaces__rosidl_generator_c.dir/rosidl_generator_c/frob_interfaces/msg/detail/line_detection__functions.c.o
[3.271s] [ 14%] Building C object CMakeFiles/frob_interfaces__rosidl_generator_c.dir/rosidl_generator_c/frob_interfaces/srv/detail/forward__description.c.o
[3.276s] [ 15%] Building C object CMakeFiles/frob_interfaces__rosidl_generator_c.dir/rosidl_generator_c/frob_interfaces/msg/detail/sign_detection__functions.c.o
[3.276s] [ 16%] Building C object CMakeFiles/frob_interfaces__rosidl_generator_c.dir/rosidl_generator_c/frob_interfaces/msg/detail/sign_detection__type_support.c.o
[3.307s] [ 17%] Building C object CMakeFiles/frob_interfaces__rosidl_generator_c.dir/rosidl_generator_c/frob_interfaces/msg/detail/intersection_detection__functions.c.o
[3.311s] [ 18%] Building C object CMakeFiles/frob_interfaces__rosidl_generator_c.dir/rosidl_generator_c/frob_interfaces/msg/detail/intersection_detection__description.c.o
[3.312s] [ 20%] Building C object CMakeFiles/frob_interfaces__rosidl_generator_c.dir/rosidl_generator_c/frob_interfaces/msg/detail/intersection_detection__type_support.c.o
[3.316s] [ 21%] Building C object CMakeFiles/frob_interfaces__rosidl_generator_c.dir/rosidl_generator_c/frob_interfaces/msg/detail/obstacle_detection__description.c.o
[3.319s] [ 22%] Building C object CMakeFiles/frob_interfaces__rosidl_generator_c.dir/rosidl_generator_c/frob_interfaces/msg/detail/obstacle_detection__type_support.c.o
[3.321s] [ 23%] Building C object CMakeFiles/frob_interfaces__rosidl_generator_c.dir/rosidl_generator_c/frob_interfaces/msg/detail/obstacle_detection__functions.c.o
[3.326s] [ 25%] Building C object CMakeFiles/frob_interfaces__rosidl_generator_c.dir/rosidl_generator_c/frob_interfaces/action/detail/execute_motion__functions.c.o
[3.326s] [ 25%] Building C object CMakeFiles/frob_interfaces__rosidl_generator_c.dir/rosidl_generator_c/frob_interfaces/action/detail/execute_motion__description.c.o
[3.332s] [ 26%] Building C object CMakeFiles/frob_interfaces__rosidl_generator_c.dir/rosidl_generator_c/frob_interfaces/action/detail/execute_motion__type_support.c.o
[3.430s] [ 27%] Linking C shared library libfrob_interfaces__rosidl_generator_c.so
[3.464s] [ 27%] Built target frob_interfaces__rosidl_generator_c
[3.472s] [ 29%] Generating C introspection for ROS interfaces
[3.472s] [ 29%] Generating C type support dispatch for ROS interfaces
[3.473s] [ 30%] Generating C type support for eProsima Fast-RTPS
[3.473s] [ 31%] Generating C++ introspection for ROS interfaces
[3.473s] [ 32%] Generating C++ type support dispatch for ROS interfaces
[3.474s] [ 33%] Generating C++ type support for eProsima Fast-RTPS
[3.851s] [ 36%] Building CXX object CMakeFiles/frob_interfaces__rosidl_typesupport_introspection_cpp.dir/rosidl_typesupport_introspection_cpp/frob_interfaces/msg/detail/obstacle_detection__type_support.cpp.o
[3.851s] [ 36%] Building CXX object CMakeFiles/frob_interfaces__rosidl_typesupport_introspection_cpp.dir/rosidl_typesupport_introspection_cpp/frob_interfaces/srv/detail/turn__type_support.cpp.o
[3.852s] [ 36%] Building CXX object CMakeFiles/frob_interfaces__rosidl_typesupport_introspection_cpp.dir/rosidl_typesupport_introspection_cpp/frob_interfaces/msg/detail/intersection_detection__type_support.cpp.o
[3.852s] [ 37%] Building CXX object CMakeFiles/frob_interfaces__rosidl_typesupport_introspection_cpp.dir/rosidl_typesupport_introspection_cpp/frob_interfaces/msg/detail/line_detection__type_support.cpp.o
[3.856s] [ 38%] Building CXX object CMakeFiles/frob_interfaces__rosidl_typesupport_introspection_cpp.dir/rosidl_typesupport_introspection_cpp/frob_interfaces/msg/detail/sign_detection__type_support.cpp.o
[3.858s] [ 40%] Building CXX object CMakeFiles/frob_interfaces__rosidl_typesupport_introspection_cpp.dir/rosidl_typesupport_introspection_cpp/frob_interfaces/srv/detail/forward__type_support.cpp.o
[3.859s] [ 41%] Building CXX object CMakeFiles/frob_interfaces__rosidl_typesupport_introspection_cpp.dir/rosidl_typesupport_introspection_cpp/frob_interfaces/action/detail/execute_motion__type_support.cpp.o
[3.963s] [ 42%] Building CXX object CMakeFiles/frob_interfaces__rosidl_typesupport_c.dir/rosidl_typesupport_c/frob_interfaces/srv/turn__type_support.cpp.o
[3.963s] [ 43%] Building CXX object CMakeFiles/frob_interfaces__rosidl_typesupport_cpp.dir/rosidl_typesupport_cpp/frob_interfaces/srv/turn__type_support.cpp.o
[4.010s] [ 44%] Building CXX object CMakeFiles/frob_interfaces__rosidl_typesupport_c.dir/rosidl_typesupport_c/frob_interfaces/srv/forward__type_support.cpp.o
[4.085s] [ 45%] Building CXX object CMakeFiles/frob_interfaces__rosidl_typesupport_c.dir/rosidl_typesupport_c/frob_interfaces/msg/line_detection__type_support.cpp.o
[4.194s] [ 46%] Building CXX object CMakeFiles/frob_interfaces__rosidl_typesupport_c.dir/rosidl_typesupport_c/frob_interfaces/msg/sign_detection__type_support.cpp.o
[4.205s] [ 47%] Building CXX object CMakeFiles/frob_interfaces__rosidl_typesupport_cpp.dir/rosidl_typesupport_cpp/frob_interfaces/srv/forward__type_support.cpp.o
[4.218s] [ 48%] Building CXX object CMakeFiles/frob_interfaces__rosidl_typesupport_cpp.dir/rosidl_typesupport_cpp/frob_interfaces/msg/line_detection__type_support.cpp.o
[4.228s] [ 49%] Building CXX object CMakeFiles/frob_interfaces__rosidl_typesupport_c.dir/rosidl_typesupport_c/frob_interfaces/msg/intersection_detection__type_support.cpp.o
[4.233s] [ 50%] Building C object CMakeFiles/frob_interfaces__rosidl_typesupport_introspection_c.dir/rosidl_typesupport_introspection_c/frob_interfaces/srv/detail/turn__type_support.c.o
[4.239s] [ 51%] Building CXX object CMakeFiles/frob_interfaces__rosidl_typesupport_c.dir/rosidl_typesupport_c/frob_interfaces/msg/obstacle_detection__type_support.cpp.o
[4.288s] [ 52%] Building CXX object CMakeFiles/frob_interfaces__rosidl_typesupport_c.dir/rosidl_typesupport_c/frob_interfaces/action/execute_motion__type_support.cpp.o
[4.293s] [ 53%] Building C object CMakeFiles/frob_interfaces__rosidl_typesupport_introspection_c.dir/rosidl_typesupport_introspection_c/frob_interfaces/srv/detail/forward__type_support.c.o
[4.303s] [ 54%] Building CXX object CMakeFiles/frob_interfaces__rosidl_typesupport_cpp.dir/rosidl_typesupport_cpp/frob_interfaces/msg/intersection_detection__type_support.cpp.o
[4.303s] [ 55%] Building CXX object CMakeFiles/frob_interfaces__rosidl_typesupport_cpp.dir/rosidl_typesupport_cpp/frob_interfaces/msg/sign_detection__type_support.cpp.o
[4.309s] [ 56%] Building C object CMakeFiles/frob_interfaces__rosidl_typesupport_introspection_c.dir/rosidl_typesupport_introspection_c/frob_interfaces/msg/detail/line_detection__type_support.c.o
[4.352s] [ 57%] Building C object CMakeFiles/frob_interfaces__rosidl_typesupport_introspection_c.dir/rosidl_typesupport_introspection_c/frob_interfaces/msg/detail/sign_detection__type_support.c.o
[4.362s] [ 58%] Building CXX object CMakeFiles/frob_interfaces__rosidl_typesupport_cpp.dir/rosidl_typesupport_cpp/frob_interfaces/msg/obstacle_detection__type_support.cpp.o
[4.366s] [ 60%] Building CXX object CMakeFiles/frob_interfaces__rosidl_typesupport_fastrtps_c.dir/rosidl_typesupport_fastrtps_c/frob_interfaces/srv/detail/turn__type_support_c.cpp.o
[4.380s] [ 61%] Linking CXX shared library libfrob_interfaces__rosidl_typesupport_c.so
[4.438s] [ 62%] Building CXX object CMakeFiles/frob_interfaces__rosidl_typesupport_fastrtps_c.dir/rosidl_typesupport_fastrtps_c/frob_interfaces/srv/detail/forward__type_support_c.cpp.o
[4.439s] [ 63%] Building C object CMakeFiles/frob_interfaces__rosidl_typesupport_introspection_c.dir/rosidl_typesupport_introspection_c/frob_interfaces/msg/detail/intersection_detection__type_support.c.o
[4.451s] [ 64%] Building C object CMakeFiles/frob_interfaces__rosidl_typesupport_introspection_c.dir/rosidl_typesupport_introspection_c/frob_interfaces/msg/detail/obstacle_detection__type_support.c.o
[4.458s] [ 64%] Built target frob_interfaces__rosidl_typesupport_c
[4.480s] [ 65%] Building CXX object CMakeFiles/frob_interfaces__rosidl_typesupport_fastrtps_c.dir/rosidl_typesupport_fastrtps_c/frob_interfaces/msg/detail/line_detection__type_support_c.cpp.o
[4.484s] [ 66%] Building CXX object CMakeFiles/frob_interfaces__rosidl_typesupport_fastrtps_cpp.dir/rosidl_typesupport_fastrtps_cpp/frob_interfaces/srv/detail/dds_fastrtps/turn__type_support.cpp.o
[4.492s] [ 67%] Building CXX object CMakeFiles/frob_interfaces__rosidl_typesupport_fastrtps_c.dir/rosidl_typesupport_fastrtps_c/frob_interfaces/msg/detail/sign_detection__type_support_c.cpp.o
[4.497s] [ 68%] Building CXX object CMakeFiles/frob_interfaces__rosidl_typesupport_fastrtps_c.dir/rosidl_typesupport_fastrtps_c/frob_interfaces/msg/detail/intersection_detection__type_support_c.cpp.o
[4.518s] [ 69%] Building C object CMakeFiles/frob_interfaces__rosidl_typesupport_introspection_c.dir/rosidl_typesupport_introspection_c/frob_interfaces/action/detail/execute_motion__type_support.c.o
[4.571s] [ 70%] Building CXX object CMakeFiles/frob_interfaces__rosidl_typesupport_fastrtps_c.dir/rosidl_typesupport_fastrtps_c/frob_interfaces/msg/detail/obstacle_detection__type_support_c.cpp.o
[4.624s] [ 71%] Building CXX object CMakeFiles/frob_interfaces__rosidl_typesupport_fastrtps_cpp.dir/rosidl_typesupport_fastrtps_cpp/frob_interfaces/srv/detail/dds_fastrtps/forward__type_support.cpp.o
[4.632s] [ 72%] Linking C shared library libfrob_interfaces__rosidl_typesupport_introspection_c.so
[4.639s] [ 73%] Building CXX object CMakeFiles/frob_interfaces__rosidl_typesupport_cpp.dir/rosidl_typesupport_cpp/frob_interfaces/action/execute_motion__type_support.cpp.o
[4.647s] [ 74%] Building CXX object CMakeFiles/frob_interfaces__rosidl_typesupport_fastrtps_c.dir/rosidl_typesupport_fastrtps_c/frob_interfaces/action/detail/execute_motion__type_support_c.cpp.o
[4.722s] [ 74%] Built target frob_interfaces__rosidl_typesupport_introspection_c
[4.741s] [ 75%] Building CXX object CMakeFiles/frob_interfaces__rosidl_typesupport_fastrtps_cpp.dir/rosidl_typesupport_fastrtps_cpp/frob_interfaces/msg/detail/dds_fastrtps/line_detection__type_support.cpp.o
[4.749s] [ 76%] Linking CXX shared library libfrob_interfaces__rosidl_typesupport_introspection_cpp.so
[4.830s] [ 77%] Building CXX object CMakeFiles/frob_interfaces__rosidl_typesupport_fastrtps_cpp.dir/rosidl_typesupport_fastrtps_cpp/frob_interfaces/msg/detail/dds_fastrtps/sign_detection__type_support.cpp.o
[4.834s] [ 78%] Building CXX object CMakeFiles/frob_interfaces__rosidl_typesupport_fastrtps_cpp.dir/rosidl_typesupport_fastrtps_cpp/frob_interfaces/msg/detail/dds_fastrtps/intersection_detection__type_support.cpp.o
[4.952s] [ 78%] Built target frob_interfaces__rosidl_typesupport_introspection_cpp
[4.978s] [ 80%] Building CXX object CMakeFiles/frob_interfaces__rosidl_typesupport_fastrtps_cpp.dir/rosidl_typesupport_fastrtps_cpp/frob_interfaces/msg/detail/dds_fastrtps/obstacle_detection__type_support.cpp.o
[5.011s] [ 81%] Building CXX object CMakeFiles/frob_interfaces__rosidl_typesupport_fastrtps_cpp.dir/rosidl_typesupport_fastrtps_cpp/frob_interfaces/action/detail/dds_fastrtps/execute_motion__type_support.cpp.o
[5.262s] [ 82%] Linking CXX shared library libfrob_interfaces__rosidl_typesupport_fastrtps_c.so
[5.312s] [ 83%] Linking CXX shared library libfrob_interfaces__rosidl_typesupport_cpp.so
[5.335s] [ 83%] Built target frob_interfaces__rosidl_typesupport_fastrtps_c
[5.369s] [ 83%] Built target frob_interfaces__rosidl_typesupport_cpp
[5.663s] [ 84%] Linking CXX shared library libfrob_interfaces__rosidl_typesupport_fastrtps_cpp.so
[5.725s] [ 84%] Built target frob_interfaces__rosidl_typesupport_fastrtps_cpp
[5.744s] [ 84%] Built target frob_interfaces
[5.763s] [ 85%] Generating Python code for ROS interfaces
[6.548s] [ 85%] Built target frob_interfaces__py
[6.565s] [ 87%] Building C object CMakeFiles/frob_interfaces__rosidl_generator_py.dir/rosidl_generator_py/frob_interfaces/srv/_turn_s.c.o
[6.566s] [ 88%] Building C object CMakeFiles/frob_interfaces__rosidl_generator_py.dir/rosidl_generator_py/frob_interfaces/msg/_line_detection_s.c.o
[6.566s] [ 87%] Building C object CMakeFiles/frob_interfaces__rosidl_generator_py.dir/rosidl_generator_py/frob_interfaces/srv/_forward_s.c.o
[6.566s] [ 89%] Building C object CMakeFiles/frob_interfaces__rosidl_generator_py.dir/rosidl_generator_py/frob_interfaces/msg/_obstacle_detection_s.c.o
[6.566s] [ 90%] Building C object CMakeFiles/frob_interfaces__rosidl_generator_py.dir/rosidl_generator_py/frob_interfaces/msg/_sign_detection_s.c.o
[6.566s] [ 91%] Building C object CMakeFiles/frob_interfaces__rosidl_generator_py.dir/rosidl_generator_py/frob_interfaces/msg/_intersection_detection_s.c.o
[6.566s] [ 92%] Building C object CMakeFiles/frob_interfaces__rosidl_generator_py.dir/rosidl_generator_py/frob_interfaces/action/_execute_motion_s.c.o
[6.709s] [ 93%] Linking C shared library libfrob_interfaces__rosidl_generator_py.so
[6.747s] [ 93%] Built target frob_interfaces__rosidl_generator_py
[6.763s] [ 95%] Building C object CMakeFiles/frob_interfaces_s__rosidl_typesupport_fastrtps_c.dir/rosidl_generator_py/frob_interfaces/_frob_interfaces_s.ep.rosidl_typesupport_fastrtps_c.c.o
[6.763s] [ 95%] Building C object CMakeFiles/frob_interfaces_s__rosidl_typesupport_introspection_c.dir/rosidl_generator_py/frob_interfaces/_frob_interfaces_s.ep.rosidl_typesupport_introspection_c.c.o
[6.763s] [ 96%] Building C object CMakeFiles/frob_interfaces_s__rosidl_typesupport_c.dir/rosidl_generator_py/frob_interfaces/_frob_interfaces_s.ep.rosidl_typesupport_c.c.o
[6.857s] [ 98%] Linking C shared module rosidl_generator_py/frob_interfaces/frob_interfaces_s__rosidl_typesupport_c.so
[6.858s] [ 98%] Linking C shared module rosidl_generator_py/frob_interfaces/frob_interfaces_s__rosidl_typesupport_introspection_c.so
[6.866s] [100%] Linking C shared module rosidl_generator_py/frob_interfaces/frob_interfaces_s__rosidl_typesupport_fastrtps_c.so
[6.881s] [100%] Built target frob_interfaces_s__rosidl_typesupport_introspection_c
[6.882s] [100%] Built target frob_interfaces_s__rosidl_typesupport_c
[6.893s] [100%] Built target frob_interfaces_s__rosidl_typesupport_fastrtps_c
[6.904s] Invoked command in '/home/vsadnik/ros2_ws/frob_robot/build/frob_interfaces' returned '0': CMAKE_PREFIX_PATH=${CMAKE_PREFIX_PATH}:/opt/ros/jazzy DEBUGINFOD_URLS=https://debuginfod.ubuntu.com /usr/bin/cmake --build /home/vsadnik/ros2_ws/frob_robot/build/frob_interfaces -- -j12 -l12
[6.913s] Invoking command in '/home/vsadnik/ros2_ws/frob_robot/build/frob_interfaces': CMAKE_PREFIX_PATH=${CMAKE_PREFIX_PATH}:/opt/ros/jazzy DEBUGINFOD_URLS=https://debuginfod.ubuntu.com /usr/bin/cmake --install /home/vsadnik/ros2_ws/frob_robot/build/frob_interfaces
[6.920s] -- Install configuration: ""
[6.920s] -- Execute custom install script
[6.920s] -- Symlinking: /home/vsadnik/ros2_ws/frob_robot/install/frob_interfaces/share/ament_index/resource_index/rosidl_interfaces/frob_interfaces
[6.929s] -- Symlinking: /home/vsadnik/ros2_ws/frob_robot/install/frob_interfaces/share/frob_interfaces/srv/Turn.json
[6.936s] -- Symlinking: /home/vsadnik/ros2_ws/frob_robot/install/frob_interfaces/share/frob_interfaces/srv/Forward.json
[6.944s] -- Symlinking: /home/vsadnik/ros2_ws/frob_robot/install/frob_interfaces/share/frob_interfaces/msg/LineDetection.json
[6.951s] -- Symlinking: /home/vsadnik/ros2_ws/frob_robot/install/frob_interfaces/share/frob_interfaces/msg/SignDetection.json
[6.958s] -- Symlinking: /home/vsadnik/ros2_ws/frob_robot/install/frob_interfaces/share/frob_interfaces/msg/IntersectionDetection.json
[6.967s] -- Symlinking: /home/vsadnik/ros2_ws/frob_robot/install/frob_interfaces/share/frob_interfaces/msg/ObstacleDetection.json
[6.974s] -- Symlinking: /home/vsadnik/ros2_ws/frob_robot/install/frob_interfaces/share/frob_interfaces/action/ExecuteMotion.json
[6.981s] -- Symlinking: /home/vsadnik/ros2_ws/frob_robot/install/frob_interfaces/include/frob_interfaces/frob_interfaces/action/detail/execute_motion__functions.h
[6.989s] -- Symlinking: /home/vsadnik/ros2_ws/frob_robot/install/frob_interfaces/include/frob_interfaces/frob_interfaces/action/detail/execute_motion__struct.h
[6.996s] -- Symlinking: /home/vsadnik/ros2_ws/frob_robot/install/frob_interfaces/include/frob_interfaces/frob_interfaces/action/detail/execute_motion__type_support.h
[7.005s] -- Symlinking: /home/vsadnik/ros2_ws/frob_robot/install/frob_interfaces/include/frob_interfaces/frob_interfaces/action/execute_motion.h
[7.012s] -- Symlinking: /home/vsadnik/ros2_ws/frob_robot/install/frob_interfaces/include/frob_interfaces/frob_interfaces/msg/detail/intersection_detection__functions.h
[7.019s] -- Symlinking: /home/vsadnik/ros2_ws/frob_robot/install/frob_interfaces/include/frob_interfaces/frob_interfaces/msg/detail/intersection_detection__struct.h
[7.028s] -- Symlinking: /home/vsadnik/ros2_ws/frob_robot/install/frob_interfaces/include/frob_interfaces/frob_interfaces/msg/detail/intersection_detection__type_support.h
[7.035s] -- Symlinking: /home/vsadnik/ros2_ws/frob_robot/install/frob_interfaces/include/frob_interfaces/frob_interfaces/msg/detail/line_detection__functions.h
[7.041s] -- Symlinking: /home/vsadnik/ros2_ws/frob_robot/install/frob_interfaces/include/frob_interfaces/frob_interfaces/msg/detail/line_detection__struct.h
[7.048s] -- Symlinking: /home/vsadnik/ros2_ws/frob_robot/install/frob_interfaces/include/frob_interfaces/frob_interfaces/msg/detail/line_detection__type_support.h
[7.055s] -- Symlinking: /home/vsadnik/ros2_ws/frob_robot/install/frob_interfaces/include/frob_interfaces/frob_interfaces/msg/detail/obstacle_detection__functions.h
[7.061s] -- Symlinking: /home/vsadnik/ros2_ws/frob_robot/install/frob_interfaces/include/frob_interfaces/frob_interfaces/msg/detail/obstacle_detection__struct.h
[7.067s] -- Symlinking: /home/vsadnik/ros2_ws/frob_robot/install/frob_interfaces/include/frob_interfaces/frob_interfaces/msg/detail/obstacle_detection__type_support.h
[7.074s] -- Symlinking: /home/vsadnik/ros2_ws/frob_robot/install/frob_interfaces/include/frob_interfaces/frob_interfaces/msg/detail/sign_detection__functions.h
[7.080s] -- Symlinking: /home/vsadnik/ros2_ws/frob_robot/install/frob_interfaces/include/frob_interfaces/frob_interfaces/msg/detail/sign_detection__struct.h
[7.087s] -- Symlinking: /home/vsadnik/ros2_ws/frob_robot/install/frob_interfaces/include/frob_interfaces/frob_interfaces/msg/detail/sign_detection__type_support.h
[7.094s] -- Symlinking: /home/vsadnik/ros2_ws/frob_robot/install/frob_interfaces/include/frob_interfaces/frob_interfaces/msg/intersection_detection.h
[7.100s] -- Symlinking: /home/vsadnik/ros2_ws/frob_robot/install/frob_interfaces/include/frob_interfaces/frob_interfaces/msg/line_detection.h
[7.107s] -- Symlinking: /home/vsadnik/ros2_ws/frob_robot/install/frob_interfaces/include/frob_interfaces/frob_interfaces/msg/obstacle_detection.h
[7.115s] -- Symlinking: /home/vsadnik/ros2_ws/frob_robot/install/frob_interfaces/include/frob_interfaces/frob_interfaces/msg/rosidl_generator_c__visibility_control.h
[7.122s] -- Symlinking: /home/vsadnik/ros2_ws/frob_robot/install/frob_interfaces/include/frob_interfaces/frob_interfaces/msg/sign_detection.h
[7.130s] -- Symlinking: /home/vsadnik/ros2_ws/frob_robot/install/frob_interfaces/include/frob_interfaces/frob_interfaces/srv/detail/forward__functions.h
[7.138s] -- Symlinking: /home/vsadnik/ros2_ws/frob_robot/install/frob_interfaces/include/frob_interfaces/frob_interfaces/srv/detail/forward__struct.h
[7.145s] -- Symlinking: /home/vsadnik/ros2_ws/frob_robot/install/frob_interfaces/include/frob_interfaces/frob_interfaces/srv/detail/forward__type_support.h
[7.153s] -- Symlinking: /home/vsadnik/ros2_ws/frob_robot/install/frob_interfaces/include/frob_interfaces/frob_interfaces/srv/detail/turn__functions.h
[7.160s] -- Symlinking: /home/vsadnik/ros2_ws/frob_robot/install/frob_interfaces/include/frob_interfaces/frob_interfaces/srv/detail/turn__struct.h
[7.169s] -- Symlinking: /home/vsadnik/ros2_ws/frob_robot/install/frob_interfaces/include/frob_interfaces/frob_interfaces/srv/detail/turn__type_support.h
[7.176s] -- Symlinking: /home/vsadnik/ros2_ws/frob_robot/install/frob_interfaces/include/frob_interfaces/frob_interfaces/srv/forward.h
[7.184s] -- Symlinking: /home/vsadnik/ros2_ws/frob_robot/install/frob_interfaces/include/frob_interfaces/frob_interfaces/srv/turn.h
[7.192s] -- Symlinking: /home/vsadnik/ros2_ws/frob_robot/install/frob_interfaces/share/frob_interfaces/environment/library_path.sh
[7.199s] -- Symlinking: /home/vsadnik/ros2_ws/frob_robot/install/frob_interfaces/share/frob_interfaces/environment/library_path.dsv
[7.207s] -- Symlinking: /home/vsadnik/ros2_ws/frob_robot/install/frob_interfaces/include/frob_interfaces/frob_interfaces/action/detail/execute_motion__rosidl_typesupport_fastrtps_c.h
[7.215s] -- Symlinking: /home/vsadnik/ros2_ws/frob_robot/install/frob_interfaces/include/frob_interfaces/frob_interfaces/msg/detail/intersection_detection__rosidl_typesupport_fastrtps_c.h
[7.222s] -- Symlinking: /home/vsadnik/ros2_ws/frob_robot/install/frob_interfaces/include/frob_interfaces/frob_interfaces/msg/detail/line_detection__rosidl_typesupport_fastrtps_c.h
[7.230s] -- Symlinking: /home/vsadnik/ros2_ws/frob_robot/install/frob_interfaces/include/frob_interfaces/frob_interfaces/msg/detail/obstacle_detection__rosidl_typesupport_fastrtps_c.h
[7.237s] -- Symlinking: /home/vsadnik/ros2_ws/frob_robot/install/frob_interfaces/include/frob_interfaces/frob_interfaces/msg/detail/sign_detection__rosidl_typesupport_fastrtps_c.h
[7.245s] -- Symlinking: /home/vsadnik/ros2_ws/frob_robot/install/frob_interfaces/include/frob_interfaces/frob_interfaces/msg/rosidl_typesupport_fastrtps_c__visibility_control.h
[7.252s] -- Symlinking: /home/vsadnik/ros2_ws/frob_robot/install/frob_interfaces/include/frob_interfaces/frob_interfaces/srv/detail/forward__rosidl_typesupport_fastrtps_c.h
[7.259s] -- Symlinking: /home/vsadnik/ros2_ws/frob_robot/install/frob_interfaces/include/frob_interfaces/frob_interfaces/srv/detail/turn__rosidl_typesupport_fastrtps_c.h
[7.267s] -- Symlinking: /home/vsadnik/ros2_ws/frob_robot/install/frob_interfaces/include/frob_interfaces/frob_interfaces/action/detail/execute_motion__rosidl_typesupport_introspection_c.h
[7.275s] -- Symlinking: /home/vsadnik/ros2_ws/frob_robot/install/frob_interfaces/include/frob_interfaces/frob_interfaces/msg/detail/intersection_detection__rosidl_typesupport_introspection_c.h
[7.282s] -- Symlinking: /home/vsadnik/ros2_ws/frob_robot/install/frob_interfaces/include/frob_interfaces/frob_interfaces/msg/detail/line_detection__rosidl_typesupport_introspection_c.h
[7.289s] -- Symlinking: /home/vsadnik/ros2_ws/frob_robot/install/frob_interfaces/include/frob_interfaces/frob_interfaces/msg/detail/obstacle_detection__rosidl_typesupport_introspection_c.h
[7.296s] -- Symlinking: /home/vsadnik/ros2_ws/frob_robot/install/frob_interfaces/include/frob_interfaces/frob_interfaces/msg/detail/sign_detection__rosidl_typesupport_introspection_c.h
[7.304s] -- Symlinking: /home/vsadnik/ros2_ws/frob_robot/install/frob_interfaces/include/frob_interfaces/frob_interfaces/msg/rosidl_typesupport_introspection_c__visibility_control.h
[7.312s] -- Symlinking: /home/vsadnik/ros2_ws/frob_robot/install/frob_interfaces/include/frob_interfaces/frob_interfaces/srv/detail/forward__rosidl_typesupport_introspection_c.h
[7.320s] -- Symlinking: /home/vsadnik/ros2_ws/frob_robot/install/frob_interfaces/include/frob_interfaces/frob_interfaces/srv/detail/turn__rosidl_typesupport_introspection_c.h
[7.330s] -- Symlinking: /home/vsadnik/ros2_ws/frob_robot/install/frob_interfaces/include/frob_interfaces/frob_interfaces/action/detail/execute_motion__builder.hpp
[7.338s] -- Symlinking: /home/vsadnik/ros2_ws/frob_robot/install/frob_interfaces/include/frob_interfaces/frob_interfaces/action/detail/execute_motion__struct.hpp
[7.346s] -- Symlinking: /home/vsadnik/ros2_ws/frob_robot/install/frob_interfaces/include/frob_interfaces/frob_interfaces/action/detail/execute_motion__traits.hpp
[7.353s] -- Symlinking: /home/vsadnik/ros2_ws/frob_robot/install/frob_interfaces/include/frob_interfaces/frob_interfaces/action/detail/execute_motion__type_support.hpp
[7.359s] -- Symlinking: /home/vsadnik/ros2_ws/frob_robot/install/frob_interfaces/include/frob_interfaces/frob_interfaces/action/execute_motion.hpp
[7.367s] -- Symlinking: /home/vsadnik/ros2_ws/frob_robot/install/frob_interfaces/include/frob_interfaces/frob_interfaces/msg/detail/intersection_detection__builder.hpp
[7.375s] -- Symlinking: /home/vsadnik/ros2_ws/frob_robot/install/frob_interfaces/include/frob_interfaces/frob_interfaces/msg/detail/intersection_detection__struct.hpp
[7.382s] -- Symlinking: /home/vsadnik/ros2_ws/frob_robot/install/frob_interfaces/include/frob_interfaces/frob_interfaces/msg/detail/intersection_detection__traits.hpp
[7.389s] -- Symlinking: /home/vsadnik/ros2_ws/frob_robot/install/frob_interfaces/include/frob_interfaces/frob_interfaces/msg/detail/intersection_detection__type_support.hpp
[7.397s] -- Symlinking: /home/vsadnik/ros2_ws/frob_robot/install/frob_interfaces/include/frob_interfaces/frob_interfaces/msg/detail/line_detection__builder.hpp
[7.404s] -- Symlinking: /home/vsadnik/ros2_ws/frob_robot/install/frob_interfaces/include/frob_interfaces/frob_interfaces/msg/detail/line_detection__struct.hpp
[7.412s] -- Symlinking: /home/vsadnik/ros2_ws/frob_robot/install/frob_interfaces/include/frob_interfaces/frob_interfaces/msg/detail/line_detection__traits.hpp
[7.420s] -- Symlinking: /home/vsadnik/ros2_ws/frob_robot/install/frob_interfaces/include/frob_interfaces/frob_interfaces/msg/detail/line_detection__type_support.hpp
[7.427s] -- Symlinking: /home/vsadnik/ros2_ws/frob_robot/install/frob_interfaces/include/frob_interfaces/frob_interfaces/msg/detail/obstacle_detection__builder.hpp
[7.437s] -- Symlinking: /home/vsadnik/ros2_ws/frob_robot/install/frob_interfaces/include/frob_interfaces/frob_interfaces/msg/detail/obstacle_detection__struct.hpp
[7.444s] -- Symlinking: /home/vsadnik/ros2_ws/frob_robot/install/frob_interfaces/include/frob_interfaces/frob_interfaces/msg/detail/obstacle_detection__traits.hpp
[7.452s] -- Symlinking: /home/vsadnik/ros2_ws/frob_robot/install/frob_interfaces/include/frob_interfaces/frob_interfaces/msg/detail/obstacle_detection__type_support.hpp
[7.459s] -- Symlinking: /home/vsadnik/ros2_ws/frob_robot/install/frob_interfaces/include/frob_interfaces/frob_interfaces/msg/detail/sign_detection__builder.hpp
[7.468s] -- Symlinking: /home/vsadnik/ros2_ws/frob_robot/install/frob_interfaces/include/frob_interfaces/frob_interfaces/msg/detail/sign_detection__struct.hpp
[7.475s] -- Symlinking: /home/vsadnik/ros2_ws/frob_robot/install/frob_interfaces/include/frob_interfaces/frob_interfaces/msg/detail/sign_detection__traits.hpp
[7.483s] -- Symlinking: /home/vsadnik/ros2_ws/frob_robot/install/frob_interfaces/include/frob_interfaces/frob_interfaces/msg/detail/sign_detection__type_support.hpp
[7.490s] -- Symlinking: /home/vsadnik/ros2_ws/frob_robot/install/frob_interfaces/include/frob_interfaces/frob_interfaces/msg/intersection_detection.hpp
[7.497s] -- Symlinking: /home/vsadnik/ros2_ws/frob_robot/install/frob_interfaces/include/frob_interfaces/frob_interfaces/msg/line_detection.hpp
[7.504s] -- Symlinking: /home/vsadnik/ros2_ws/frob_robot/install/frob_interfaces/include/frob_interfaces/frob_interfaces/msg/obstacle_detection.hpp
[7.511s] -- Symlinking: /home/vsadnik/ros2_ws/frob_robot/install/frob_interfaces/include/frob_interfaces/frob_interfaces/msg/rosidl_generator_cpp__visibility_control.hpp
[7.518s] -- Symlinking: /home/vsadnik/ros2_ws/frob_robot/install/frob_interfaces/include/frob_interfaces/frob_interfaces/msg/sign_detection.hpp
[7.525s] -- Symlinking: /home/vsadnik/ros2_ws/frob_robot/install/frob_interfaces/include/frob_interfaces/frob_interfaces/srv/detail/forward__builder.hpp
[7.532s] -- Symlinking: /home/vsadnik/ros2_ws/frob_robot/install/frob_interfaces/include/frob_interfaces/frob_interfaces/srv/detail/forward__struct.hpp
[7.539s] -- Symlinking: /home/vsadnik/ros2_ws/frob_robot/install/frob_interfaces/include/frob_interfaces/frob_interfaces/srv/detail/forward__traits.hpp
[7.546s] -- Symlinking: /home/vsadnik/ros2_ws/frob_robot/install/frob_interfaces/include/frob_interfaces/frob_interfaces/srv/detail/forward__type_support.hpp
[7.553s] -- Symlinking: /home/vsadnik/ros2_ws/frob_robot/install/frob_interfaces/include/frob_interfaces/frob_interfaces/srv/detail/turn__builder.hpp
[7.593s] -- Symlinking: /home/vsadnik/ros2_ws/frob_robot/install/frob_interfaces/include/frob_interfaces/frob_interfaces/srv/detail/turn__struct.hpp
[7.602s] -- Symlinking: /home/vsadnik/ros2_ws/frob_robot/install/frob_interfaces/include/frob_interfaces/frob_interfaces/srv/detail/turn__traits.hpp
[7.610s] -- Symlinking: /home/vsadnik/ros2_ws/frob_robot/install/frob_interfaces/include/frob_interfaces/frob_interfaces/srv/detail/turn__type_support.hpp
[7.618s] -- Symlinking: /home/vsadnik/ros2_ws/frob_robot/install/frob_interfaces/include/frob_interfaces/frob_interfaces/srv/forward.hpp
[7.627s] -- Symlinking: /home/vsadnik/ros2_ws/frob_robot/install/frob_interfaces/include/frob_interfaces/frob_interfaces/srv/turn.hpp
[7.635s] -- Symlinking: /home/vsadnik/ros2_ws/frob_robot/install/frob_interfaces/include/frob_interfaces/frob_interfaces/action/detail/execute_motion__rosidl_typesupport_fastrtps_cpp.hpp
[7.643s] -- Symlinking: /home/vsadnik/ros2_ws/frob_robot/install/frob_interfaces/include/frob_interfaces/frob_interfaces/msg/detail/intersection_detection__rosidl_typesupport_fastrtps_cpp.hpp
[7.650s] -- Symlinking: /home/vsadnik/ros2_ws/frob_robot/install/frob_interfaces/include/frob_interfaces/frob_interfaces/msg/detail/line_detection__rosidl_typesupport_fastrtps_cpp.hpp
[7.657s] -- Symlinking: /home/vsadnik/ros2_ws/frob_robot/install/frob_interfaces/include/frob_interfaces/frob_interfaces/msg/detail/obstacle_detection__rosidl_typesupport_fastrtps_cpp.hpp
[7.665s] -- Symlinking: /home/vsadnik/ros2_ws/frob_robot/install/frob_interfaces/include/frob_interfaces/frob_interfaces/msg/detail/sign_detection__rosidl_typesupport_fastrtps_cpp.hpp
[7.674s] -- Symlinking: /home/vsadnik/ros2_ws/frob_robot/install/frob_interfaces/include/frob_interfaces/frob_interfaces/msg/rosidl_typesupport_fastrtps_cpp__visibility_control.h
[7.682s] -- Symlinking: /home/vsadnik/ros2_ws/frob_robot/install/frob_interfaces/include/frob_interfaces/frob_interfaces/srv/detail/forward__rosidl_typesupport_fastrtps_cpp.hpp
[7.689s] -- Symlinking: /home/vsadnik/ros2_ws/frob_robot/install/frob_interfaces/include/frob_interfaces/frob_interfaces/srv/detail/turn__rosidl_typesupport_fastrtps_cpp.hpp
[7.696s] -- Symlinking: /home/vsadnik/ros2_ws/frob_robot/install/frob_interfaces/include/frob_interfaces/frob_interfaces/action/detail/execute_motion__rosidl_typesupport_introspection_cpp.hpp
[7.704s] -- Symlinking: /home/vsadnik/ros2_ws/frob_robot/install/frob_interfaces/include/frob_interfaces/frob_interfaces/msg/detail/intersection_detection__rosidl_typesupport_introspection_cpp.hpp
[7.711s] -- Symlinking: /home/vsadnik/ros2_ws/frob_robot/install/frob_interfaces/include/frob_interfaces/frob_interfaces/msg/detail/line_detection__rosidl_typesupport_introspection_cpp.hpp
[7.717s] -- Symlinking: /home/vsadnik/ros2_ws/frob_robot/install/frob_interfaces/include/frob_interfaces/frob_interfaces/msg/detail/obstacle_detection__rosidl_typesupport_introspection_cpp.hpp
[7.725s] -- Symlinking: /home/vsadnik/ros2_ws/frob_robot/install/frob_interfaces/include/frob_interfaces/frob_interfaces/msg/detail/sign_detection__rosidl_typesupport_introspection_cpp.hpp
[7.733s] -- Symlinking: /home/vsadnik/ros2_ws/frob_robot/install/frob_interfaces/include/frob_interfaces/frob_interfaces/srv/detail/forward__rosidl_typesupport_introspection_cpp.hpp
[7.742s] -- Symlinking: /home/vsadnik/ros2_ws/frob_robot/install/frob_interfaces/include/frob_interfaces/frob_interfaces/srv/detail/turn__rosidl_typesupport_introspection_cpp.hpp
[7.750s] -- Symlinking: /home/vsadnik/ros2_ws/frob_robot/install/frob_interfaces/share/frob_interfaces/environment/pythonpath.sh
[7.758s] -- Symlinking: /home/vsadnik/ros2_ws/frob_robot/install/frob_interfaces/share/frob_interfaces/environment/pythonpath.dsv
[7.766s] -- Symlinking: /home/vsadnik/ros2_ws/frob_robot/install/frob_interfaces/lib/python3.12/site-packages/frob_interfaces-0.0.0-py3.12.egg-info/PKG-INFO
[7.773s] -- Symlinking: /home/vsadnik/ros2_ws/frob_robot/install/frob_interfaces/lib/python3.12/site-packages/frob_interfaces-0.0.0-py3.12.egg-info/SOURCES.txt
[7.780s] -- Symlinking: /home/vsadnik/ros2_ws/frob_robot/install/frob_interfaces/lib/python3.12/site-packages/frob_interfaces-0.0.0-py3.12.egg-info/dependency_links.txt
[7.788s] -- Symlinking: /home/vsadnik/ros2_ws/frob_robot/install/frob_interfaces/lib/python3.12/site-packages/frob_interfaces-0.0.0-py3.12.egg-info/top_level.txt
[7.796s] -- Symlinking: /home/vsadnik/ros2_ws/frob_robot/install/frob_interfaces/lib/python3.12/site-packages/frob_interfaces/__init__.py
[7.805s] -- Symlinking: /home/vsadnik/ros2_ws/frob_robot/install/frob_interfaces/lib/python3.12/site-packages/frob_interfaces/_frob_interfaces_s.ep.rosidl_typesupport_c.c
[7.811s] -- Symlinking: /home/vsadnik/ros2_ws/frob_robot/install/frob_interfaces/lib/python3.12/site-packages/frob_interfaces/_frob_interfaces_s.ep.rosidl_typesupport_fastrtps_c.c
[7.819s] -- Symlinking: /home/vsadnik/ros2_ws/frob_robot/install/frob_interfaces/lib/python3.12/site-packages/frob_interfaces/_frob_interfaces_s.ep.rosidl_typesupport_introspection_c.c
[7.826s] -- Symlinking: /home/vsadnik/ros2_ws/frob_robot/install/frob_interfaces/lib/python3.12/site-packages/frob_interfaces/action/__init__.py
[7.834s] -- Symlinking: /home/vsadnik/ros2_ws/frob_robot/install/frob_interfaces/lib/python3.12/site-packages/frob_interfaces/action/_execute_motion.py
[7.841s] -- Symlinking: /home/vsadnik/ros2_ws/frob_robot/install/frob_interfaces/lib/python3.12/site-packages/frob_interfaces/action/_execute_motion_s.c
[7.848s] -- Symlinking: /home/vsadnik/ros2_ws/frob_robot/install/frob_interfaces/lib/python3.12/site-packages/frob_interfaces/frob_interfaces_s__rosidl_typesupport_c.so
[7.856s] -- Symlinking: /home/vsadnik/ros2_ws/frob_robot/install/frob_interfaces/lib/python3.12/site-packages/frob_interfaces/frob_interfaces_s__rosidl_typesupport_fastrtps_c.so
[7.863s] -- Symlinking: /home/vsadnik/ros2_ws/frob_robot/install/frob_interfaces/lib/python3.12/site-packages/frob_interfaces/frob_interfaces_s__rosidl_typesupport_introspection_c.so
[7.871s] -- Symlinking: /home/vsadnik/ros2_ws/frob_robot/install/frob_interfaces/lib/python3.12/site-packages/frob_interfaces/msg/__init__.py
[7.878s] -- Symlinking: /home/vsadnik/ros2_ws/frob_robot/install/frob_interfaces/lib/python3.12/site-packages/frob_interfaces/msg/_intersection_detection.py
[7.886s] -- Symlinking: /home/vsadnik/ros2_ws/frob_robot/install/frob_interfaces/lib/python3.12/site-packages/frob_interfaces/msg/_intersection_detection_s.c
[7.894s] -- Symlinking: /home/vsadnik/ros2_ws/frob_robot/install/frob_interfaces/lib/python3.12/site-packages/frob_interfaces/msg/_line_detection.py
[7.902s] -- Symlinking: /home/vsadnik/ros2_ws/frob_robot/install/frob_interfaces/lib/python3.12/site-packages/frob_interfaces/msg/_line_detection_s.c
[7.909s] -- Symlinking: /home/vsadnik/ros2_ws/frob_robot/install/frob_interfaces/lib/python3.12/site-packages/frob_interfaces/msg/_obstacle_detection.py
[7.917s] -- Symlinking: /home/vsadnik/ros2_ws/frob_robot/install/frob_interfaces/lib/python3.12/site-packages/frob_interfaces/msg/_obstacle_detection_s.c
[7.925s] -- Symlinking: /home/vsadnik/ros2_ws/frob_robot/install/frob_interfaces/lib/python3.12/site-packages/frob_interfaces/msg/_sign_detection.py
[7.933s] -- Symlinking: /home/vsadnik/ros2_ws/frob_robot/install/frob_interfaces/lib/python3.12/site-packages/frob_interfaces/msg/_sign_detection_s.c
[7.941s] -- Symlinking: /home/vsadnik/ros2_ws/frob_robot/install/frob_interfaces/lib/python3.12/site-packages/frob_interfaces/srv/__init__.py
[7.948s] -- Symlinking: /home/vsadnik/ros2_ws/frob_robot/install/frob_interfaces/lib/python3.12/site-packages/frob_interfaces/srv/_forward.py
[7.956s] -- Symlinking: /home/vsadnik/ros2_ws/frob_robot/install/frob_interfaces/lib/python3.12/site-packages/frob_interfaces/srv/_forward_s.c
[7.963s] -- Symlinking: /home/vsadnik/ros2_ws/frob_robot/install/frob_interfaces/lib/python3.12/site-packages/frob_interfaces/srv/_turn.py
[7.970s] -- Symlinking: /home/vsadnik/ros2_ws/frob_robot/install/frob_interfaces/lib/python3.12/site-packages/frob_interfaces/srv/_turn_s.c
[7.978s] -- Up-to-date symlink: /home/vsadnik/ros2_ws/frob_robot/install/frob_interfaces/lib/python3.12/site-packages/frob_interfaces/frob_interfaces_s__rosidl_typesupport_fastrtps_c.so
[7.978s] -- Up-to-date symlink: /home/vsadnik/ros2_ws/frob_robot/install/frob_interfaces/lib/python3.12/site-packages/frob_interfaces/frob_interfaces_s__rosidl_typesupport_introspection_c.so
[7.978s] -- Up-to-date symlink: /home/vsadnik/ros2_ws/frob_robot/install/frob_interfaces/lib/python3.12/site-packages/frob_interfaces/frob_interfaces_s__rosidl_typesupport_c.so
[7.978s] -- Symlinking: /home/vsadnik/ros2_ws/frob_robot/install/frob_interfaces/share/ament_index/resource_index/rust_packages/frob_interfaces
[7.987s] -- Symlinking: /home/vsadnik/ros2_ws/frob_robot/install/frob_interfaces/share/frob_interfaces/rust/Cargo.toml
[7.994s] -- Symlinking: /home/vsadnik/ros2_ws/frob_robot/install/frob_interfaces/share/frob_interfaces/rust/build.rs
[8.002s] -- Symlinking: /home/vsadnik/ros2_ws/frob_robot/install/frob_interfaces/share/frob_interfaces/rust/src/action.rs
[8.009s] -- Symlinking: /home/vsadnik/ros2_ws/frob_robot/install/frob_interfaces/share/frob_interfaces/rust/src/action/rmw.rs
[8.016s] -- Symlinking: /home/vsadnik/ros2_ws/frob_robot/install/frob_interfaces/share/frob_interfaces/rust/src/lib.rs
[8.023s] -- Symlinking: /home/vsadnik/ros2_ws/frob_robot/install/frob_interfaces/share/frob_interfaces/rust/src/msg.rs
[8.030s] -- Symlinking: /home/vsadnik/ros2_ws/frob_robot/install/frob_interfaces/share/frob_interfaces/rust/src/msg/rmw.rs
[8.038s] -- Symlinking: /home/vsadnik/ros2_ws/frob_robot/install/frob_interfaces/share/frob_interfaces/rust/src/srv.rs
[8.045s] -- Symlinking: /home/vsadnik/ros2_ws/frob_robot/install/frob_interfaces/share/frob_interfaces/rust/src/srv/rmw.rs
[8.053s] -- Symlinking: /home/vsadnik/ros2_ws/frob_robot/install/frob_interfaces/share/frob_interfaces/srv/Turn.idl
[8.060s] -- Symlinking: /home/vsadnik/ros2_ws/frob_robot/install/frob_interfaces/share/frob_interfaces/srv/Forward.idl
[8.068s] -- Symlinking: /home/vsadnik/ros2_ws/frob_robot/install/frob_interfaces/share/frob_interfaces/msg/LineDetection.idl
[8.076s] -- Symlinking: /home/vsadnik/ros2_ws/frob_robot/install/frob_interfaces/share/frob_interfaces/msg/SignDetection.idl
[8.083s] -- Symlinking: /home/vsadnik/ros2_ws/frob_robot/install/frob_interfaces/share/frob_interfaces/msg/IntersectionDetection.idl
[8.090s] -- Symlinking: /home/vsadnik/ros2_ws/frob_robot/install/frob_interfaces/share/frob_interfaces/msg/ObstacleDetection.idl
[8.098s] -- Symlinking: /home/vsadnik/ros2_ws/frob_robot/install/frob_interfaces/share/frob_interfaces/action/ExecuteMotion.idl
[8.106s] -- Symlinking: /home/vsadnik/ros2_ws/frob_robot/install/frob_interfaces/share/frob_interfaces/srv/Turn.srv
[8.114s] -- Symlinking: /home/vsadnik/ros2_ws/frob_robot/install/frob_interfaces/share/frob_interfaces/srv/Forward.srv
[8.122s] -- Symlinking: /home/vsadnik/ros2_ws/frob_robot/install/frob_interfaces/share/frob_interfaces/msg/LineDetection.msg
[8.131s] -- Symlinking: /home/vsadnik/ros2_ws/frob_robot/install/frob_interfaces/share/frob_interfaces/msg/SignDetection.msg
[8.139s] -- Symlinking: /home/vsadnik/ros2_ws/frob_robot/install/frob_interfaces/share/frob_interfaces/msg/IntersectionDetection.msg
[8.147s] -- Symlinking: /home/vsadnik/ros2_ws/frob_robot/install/frob_interfaces/share/frob_interfaces/msg/ObstacleDetection.msg
[8.156s] -- Symlinking: /home/vsadnik/ros2_ws/frob_robot/install/frob_interfaces/share/frob_interfaces/action/ExecuteMotion.action
[8.164s] -- Symlinking: /home/vsadnik/ros2_ws/frob_robot/install/frob_interfaces/share/ament_index/resource_index/package_run_dependencies/frob_interfaces
[8.172s] -- Symlinking: /home/vsadnik/ros2_ws/frob_robot/install/frob_interfaces/share/ament_index/resource_index/parent_prefix_path/frob_interfaces
[8.180s] -- Symlinking: /home/vsadnik/ros2_ws/frob_robot/install/frob_interfaces/share/frob_interfaces/environment/ament_prefix_path.sh
[8.188s] -- Symlinking: /home/vsadnik/ros2_ws/frob_robot/install/frob_interfaces/share/frob_interfaces/environment/ament_prefix_path.dsv
[8.196s] -- Symlinking: /home/vsadnik/ros2_ws/frob_robot/install/frob_interfaces/share/frob_interfaces/environment/path.sh
[8.203s] -- Symlinking: /home/vsadnik/ros2_ws/frob_robot/install/frob_interfaces/share/frob_interfaces/environment/path.dsv
[8.211s] -- Symlinking: /home/vsadnik/ros2_ws/frob_robot/install/frob_interfaces/share/frob_interfaces/local_setup.bash
[8.219s] -- Symlinking: /home/vsadnik/ros2_ws/frob_robot/install/frob_interfaces/share/frob_interfaces/local_setup.sh
[8.228s] -- Symlinking: /home/vsadnik/ros2_ws/frob_robot/install/frob_interfaces/share/frob_interfaces/local_setup.zsh
[8.235s] -- Symlinking: /home/vsadnik/ros2_ws/frob_robot/install/frob_interfaces/share/frob_interfaces/local_setup.dsv
[8.242s] -- Symlinking: /home/vsadnik/ros2_ws/frob_robot/install/frob_interfaces/share/frob_interfaces/package.dsv
[8.250s] -- Symlinking: /home/vsadnik/ros2_ws/frob_robot/install/frob_interfaces/share/ament_index/resource_index/packages/frob_interfaces
[8.258s] -- Symlinking: /home/vsadnik/ros2_ws/frob_robot/install/frob_interfaces/share/frob_interfaces/cmake/rosidl_cmake-extras.cmake
[8.267s] -- Symlinking: /home/vsadnik/ros2_ws/frob_robot/install/frob_interfaces/share/frob_interfaces/cmake/ament_cmake_export_dependencies-extras.cmake
[8.276s] -- Symlinking: /home/vsadnik/ros2_ws/frob_robot/install/frob_interfaces/share/frob_interfaces/cmake/ament_cmake_export_include_directories-extras.cmake
[8.284s] -- Symlinking: /home/vsadnik/ros2_ws/frob_robot/install/frob_interfaces/share/frob_interfaces/cmake/ament_cmake_export_libraries-extras.cmake
[8.292s] -- Symlinking: /home/vsadnik/ros2_ws/frob_robot/install/frob_interfaces/share/frob_interfaces/cmake/ament_cmake_export_targets-extras.cmake
[8.300s] -- Symlinking: /home/vsadnik/ros2_ws/frob_robot/install/frob_interfaces/share/frob_interfaces/cmake/rosidl_cmake_export_typesupport_targets-extras.cmake
[8.308s] -- Symlinking: /home/vsadnik/ros2_ws/frob_robot/install/frob_interfaces/share/frob_interfaces/cmake/rosidl_cmake_export_typesupport_libraries-extras.cmake
[8.315s] -- Symlinking: /home/vsadnik/ros2_ws/frob_robot/install/frob_interfaces/share/frob_interfaces/cmake/frob_interfacesConfig.cmake
[8.324s] -- Symlinking: /home/vsadnik/ros2_ws/frob_robot/install/frob_interfaces/share/frob_interfaces/cmake/frob_interfacesConfig-version.cmake
[8.331s] -- Symlinking: /home/vsadnik/ros2_ws/frob_robot/install/frob_interfaces/share/frob_interfaces/package.xml
[8.339s] -- Installing: /home/vsadnik/ros2_ws/frob_robot/install/frob_interfaces/lib/libfrob_interfaces__rosidl_generator_c.so
[8.339s] -- Set non-toolchain portion of runtime path of "/home/vsadnik/ros2_ws/frob_robot/install/frob_interfaces/lib/libfrob_interfaces__rosidl_generator_c.so" to ""
[8.339s] -- Installing: /home/vsadnik/ros2_ws/frob_robot/install/frob_interfaces/lib/libfrob_interfaces__rosidl_typesupport_fastrtps_c.so
[8.340s] -- Set non-toolchain portion of runtime path of "/home/vsadnik/ros2_ws/frob_robot/install/frob_interfaces/lib/libfrob_interfaces__rosidl_typesupport_fastrtps_c.so" to ""
[8.340s] -- Installing: /home/vsadnik/ros2_ws/frob_robot/install/frob_interfaces/lib/libfrob_interfaces__rosidl_typesupport_introspection_c.so
[8.340s] -- Set non-toolchain portion of runtime path of "/home/vsadnik/ros2_ws/frob_robot/install/frob_interfaces/lib/libfrob_interfaces__rosidl_typesupport_introspection_c.so" to ""
[8.340s] -- Installing: /home/vsadnik/ros2_ws/frob_robot/install/frob_interfaces/lib/libfrob_interfaces__rosidl_typesupport_c.so
[8.341s] -- Set non-toolchain portion of runtime path of "/home/vsadnik/ros2_ws/frob_robot/install/frob_interfaces/lib/libfrob_interfaces__rosidl_typesupport_c.so" to ""
[8.341s] -- Installing: /home/vsadnik/ros2_ws/frob_robot/install/frob_interfaces/lib/libfrob_interfaces__rosidl_typesupport_fastrtps_cpp.so
[8.341s] -- Set non-toolchain portion of runtime path of "/home/vsadnik/ros2_ws/frob_robot/install/frob_interfaces/lib/libfrob_interfaces__rosidl_typesupport_fastrtps_cpp.so" to ""
[8.341s] -- Installing: /home/vsadnik/ros2_ws/frob_robot/install/frob_interfaces/lib/libfrob_interfaces__rosidl_typesupport_introspection_cpp.so
[8.342s] -- Set non-toolchain portion of runtime path of "/home/vsadnik/ros2_ws/frob_robot/install/frob_interfaces/lib/libfrob_interfaces__rosidl_typesupport_introspection_cpp.so" to ""
[8.342s] -- Installing: /home/vsadnik/ros2_ws/frob_robot/install/frob_interfaces/lib/libfrob_interfaces__rosidl_typesupport_cpp.so
[8.342s] -- Set non-toolchain portion of runtime path of "/home/vsadnik/ros2_ws/frob_robot/install/frob_interfaces/lib/libfrob_interfaces__rosidl_typesupport_cpp.so" to ""
[8.380s] Listing '/home/vsadnik/ros2_ws/frob_robot/install/frob_interfaces/lib/python3.12/site-packages/frob_interfaces'...
[8.380s] Compiling '/home/vsadnik/ros2_ws/frob_robot/install/frob_interfaces/lib/python3.12/site-packages/frob_interfaces/__init__.py'...
[8.380s] Listing '/home/vsadnik/ros2_ws/frob_robot/install/frob_interfaces/lib/python3.12/site-packages/frob_interfaces/action'...
[8.380s] Compiling '/home/vsadnik/ros2_ws/frob_robot/install/frob_interfaces/lib/python3.12/site-packages/frob_interfaces/action/__init__.py'...
[8.380s] Compiling '/home/vsadnik/ros2_ws/frob_robot/install/frob_interfaces/lib/python3.12/site-packages/frob_interfaces/action/_execute_motion.py'...
[8.381s] Listing '/home/vsadnik/ros2_ws/frob_robot/install/frob_interfaces/lib/python3.12/site-packages/frob_interfaces/msg'...
[8.381s] Compiling '/home/vsadnik/ros2_ws/frob_robot/install/frob_interfaces/lib/python3.12/site-packages/frob_interfaces/msg/__init__.py'...
[8.381s] Compiling '/home/vsadnik/ros2_ws/frob_robot/install/frob_interfaces/lib/python3.12/site-packages/frob_interfaces/msg/_intersection_detection.py'...
[8.381s] Compiling '/home/vsadnik/ros2_ws/frob_robot/install/frob_interfaces/lib/python3.12/site-packages/frob_interfaces/msg/_line_detection.py'...
[8.381s] Compiling '/home/vsadnik/ros2_ws/frob_robot/install/frob_interfaces/lib/python3.12/site-packages/frob_interfaces/msg/_obstacle_detection.py'...
[8.381s] Compiling '/home/vsadnik/ros2_ws/frob_robot/install/frob_interfaces/lib/python3.12/site-packages/frob_interfaces/msg/_sign_detection.py'...
[8.381s] Listing '/home/vsadnik/ros2_ws/frob_robot/install/frob_interfaces/lib/python3.12/site-packages/frob_interfaces/srv'...
[8.381s] Compiling '/home/vsadnik/ros2_ws/frob_robot/install/frob_interfaces/lib/python3.12/site-packages/frob_interfaces/srv/__init__.py'...
[8.381s] Compiling '/home/vsadnik/ros2_ws/frob_robot/install/frob_interfaces/lib/python3.12/site-packages/frob_interfaces/srv/_forward.py'...
[8.381s] Compiling '/home/vsadnik/ros2_ws/frob_robot/install/frob_interfaces/lib/python3.12/site-packages/frob_interfaces/srv/_turn.py'...
[8.385s] -- Installing: /home/vsadnik/ros2_ws/frob_robot/install/frob_interfaces/lib/libfrob_interfaces__rosidl_generator_py.so
[8.386s] -- Set non-toolchain portion of runtime path of "/home/vsadnik/ros2_ws/frob_robot/install/frob_interfaces/lib/libfrob_interfaces__rosidl_generator_py.so" to ""
[8.386s] -- Installing: /home/vsadnik/ros2_ws/frob_robot/install/frob_interfaces/share/frob_interfaces/cmake/export_frob_interfaces__rosidl_generator_cExport.cmake
[8.386s] -- Installing: /home/vsadnik/ros2_ws/frob_robot/install/frob_interfaces/share/frob_interfaces/cmake/export_frob_interfaces__rosidl_generator_cExport-noconfig.cmake
[8.386s] -- Installing: /home/vsadnik/ros2_ws/frob_robot/install/frob_interfaces/share/frob_interfaces/cmake/export_frob_interfaces__rosidl_typesupport_fastrtps_cExport.cmake
[8.386s] -- Installing: /home/vsadnik/ros2_ws/frob_robot/install/frob_interfaces/share/frob_interfaces/cmake/export_frob_interfaces__rosidl_typesupport_fastrtps_cExport-noconfig.cmake
[8.386s] -- Installing: /home/vsadnik/ros2_ws/frob_robot/install/frob_interfaces/share/frob_interfaces/cmake/frob_interfaces__rosidl_typesupport_introspection_cExport.cmake
[8.386s] -- Installing: /home/vsadnik/ros2_ws/frob_robot/install/frob_interfaces/share/frob_interfaces/cmake/frob_interfaces__rosidl_typesupport_introspection_cExport-noconfig.cmake
[8.386s] -- Installing: /home/vsadnik/ros2_ws/frob_robot/install/frob_interfaces/share/frob_interfaces/cmake/frob_interfaces__rosidl_typesupport_cExport.cmake
[8.386s] -- Installing: /home/vsadnik/ros2_ws/frob_robot/install/frob_interfaces/share/frob_interfaces/cmake/frob_interfaces__rosidl_typesupport_cExport-noconfig.cmake
[8.386s] -- Installing: /home/vsadnik/ros2_ws/frob_robot/install/frob_interfaces/share/frob_interfaces/cmake/export_frob_interfaces__rosidl_generator_cppExport.cmake
[8.387s] -- Installing: /home/vsadnik/ros2_ws/frob_robot/install/frob_interfaces/share/frob_interfaces/cmake/export_frob_interfaces__rosidl_typesupport_fastrtps_cppExport.cmake
[8.387s] -- Installing: /home/vsadnik/ros2_ws/frob_robot/install/frob_interfaces/share/frob_interfaces/cmake/export_frob_interfaces__rosidl_typesupport_fastrtps_cppExport-noconfig.cmake
[8.387s] -- Installing: /home/vsadnik/ros2_ws/frob_robot/install/frob_interfaces/share/frob_interfaces/cmake/frob_interfaces__rosidl_typesupport_introspection_cppExport.cmake
[8.387s] -- Installing: /home/vsadnik/ros2_ws/frob_robot/install/frob_interfaces/share/frob_interfaces/cmake/frob_interfaces__rosidl_typesupport_introspection_cppExport-noconfig.cmake
[8.387s] -- Installing: /home/vsadnik/ros2_ws/frob_robot/install/frob_interfaces/share/frob_interfaces/cmake/frob_interfaces__rosidl_typesupport_cppExport.cmake
[8.387s] -- Installing: /home/vsadnik/ros2_ws/frob_robot/install/frob_interfaces/share/frob_interfaces/cmake/frob_interfaces__rosidl_typesupport_cppExport-noconfig.cmake
[8.387s] -- Installing: /home/vsadnik/ros2_ws/frob_robot/install/frob_interfaces/share/frob_interfaces/cmake/export_frob_interfaces__rosidl_generator_pyExport.cmake
[8.387s] -- Installing: /home/vsadnik/ros2_ws/frob_robot/install/frob_interfaces/share/frob_interfaces/cmake/export_frob_interfaces__rosidl_generator_pyExport-noconfig.cmake
[8.389s] Invoked command in '/home/vsadnik/ros2_ws/frob_robot/build/frob_interfaces' returned '0': CMAKE_PREFIX_PATH=${CMAKE_PREFIX_PATH}:/opt/ros/jazzy DEBUGINFOD_URLS=https://debuginfod.ubuntu.com /usr/bin/cmake --install /home/vsadnik/ros2_ws/frob_robot/build/frob_interfaces
