[0.051s] Invoking command in '/home/pi/Frob_robot/ros2/src/ros2_ws/build/frob_interfaces': CMAKE_PREFIX_PATH=${CMAKE_PREFIX_PATH}:/opt/ros/jazzy /home/pi/.local/bin/cmake --build /home/pi/Frob_robot/ros2/src/ros2_ws/build/frob_interfaces -- -j4 -l4
[0.729s] [  2%] Built target frob_interfaces__rosidl_generator_type_description
[0.770s] [  4%] Built target frob_interfaces__cpp
[0.775s] [  4%] Built target ament_cmake_python_copy_frob_interfaces
[0.811s] [ 22%] Built target frob_interfaces__rosidl_generator_c
[0.900s] [ 25%] [32mBuilding CXX object CMakeFiles/frob_interfaces__rosidl_typesupport_introspection_cpp.dir/rosidl_typesupport_introspection_cpp/frob_interfaces/srv/detail/forward__type_support.cpp.o[0m
[0.915s] [ 27%] [32mBuilding CXX object CMakeFiles/frob_interfaces__rosidl_typesupport_fastrtps_cpp.dir/rosidl_typesupport_fastrtps_cpp/frob_interfaces/srv/detail/dds_fastrtps/forward__type_support.cpp.o[0m
[0.915s] [ 29%] [32mBuilding CXX object CMakeFiles/frob_interfaces__rosidl_typesupport_cpp.dir/rosidl_typesupport_cpp/frob_interfaces/srv/forward__type_support.cpp.o[0m
[1.222s] running egg_info
[1.264s] writing frob_interfaces.egg-info/PKG-INFO
[1.265s] writing dependency_links to frob_interfaces.egg-info/dependency_links.txt
[1.266s] writing top-level names to frob_interfaces.egg-info/top_level.txt
[1.414s] reading manifest file 'frob_interfaces.egg-info/SOURCES.txt'
[1.417s] writing manifest file 'frob_interfaces.egg-info/SOURCES.txt'
[1.580s] [ 29%] Built target ament_cmake_python_build_frob_interfaces_egg
[1.690s] [ 38%] Built target frob_interfaces__rosidl_typesupport_c
[1.698s] [ 40%] [32mBuilding CXX object CMakeFiles/frob_interfaces__rosidl_typesupport_cpp.dir/rosidl_typesupport_cpp/frob_interfaces/srv/turn__type_support.cpp.o[0m
[3.279s] [ 43%] [32mBuilding CXX object CMakeFiles/frob_interfaces__rosidl_typesupport_introspection_cpp.dir/rosidl_typesupport_introspection_cpp/frob_interfaces/srv/detail/turn__type_support.cpp.o[0m
[3.910s] [ 45%] [32mBuilding CXX object CMakeFiles/frob_interfaces__rosidl_typesupport_fastrtps_cpp.dir/rosidl_typesupport_fastrtps_cpp/frob_interfaces/srv/detail/dds_fastrtps/turn__type_support.cpp.o[0m
[4.293s] [ 47%] [1m[32mLinking CXX shared library libfrob_interfaces__rosidl_typesupport_cpp.so[0m
[4.663s] [ 50%] [32mBuilding CXX object CMakeFiles/frob_interfaces__rosidl_typesupport_fastrtps_c.dir/rosidl_typesupport_fastrtps_c/frob_interfaces/srv/detail/forward__type_support_c.cpp.o[0m
[4.843s] [ 52%] Built target frob_interfaces__rosidl_typesupport_cpp
[4.856s] [ 54%] [32mBuilding CXX object CMakeFiles/frob_interfaces__rosidl_typesupport_fastrtps_c.dir/rosidl_typesupport_fastrtps_c/frob_interfaces/srv/detail/turn__type_support_c.cpp.o[0m
[5.004s] [ 56%] [1m[32mLinking CXX shared library libfrob_interfaces__rosidl_typesupport_introspection_cpp.so[0m
[5.412s] [ 59%] Built target frob_interfaces__rosidl_typesupport_introspection_cpp
[5.496s] [ 68%] Built target frob_interfaces__rosidl_typesupport_introspection_c
[7.238s] [ 70%] [1m[32mLinking CXX shared library libfrob_interfaces__rosidl_typesupport_fastrtps_cpp.so[0m
[7.387s] [ 72%] [1m[32mLinking CXX shared library libfrob_interfaces__rosidl_typesupport_fastrtps_c.so[0m
[7.511s] [ 75%] Built target frob_interfaces__rosidl_typesupport_fastrtps_c
[7.686s] [ 77%] Built target frob_interfaces__rosidl_typesupport_fastrtps_cpp
[7.735s] [ 77%] Built target frob_interfaces
[7.785s] [ 79%] Built target frob_interfaces__py
[7.867s] [ 81%] [32mBuilding C object CMakeFiles/frob_interfaces__rosidl_generator_py.dir/rosidl_generator_py/frob_interfaces/srv/_forward_s.c.o[0m
[7.869s] [ 84%] [32mBuilding C object CMakeFiles/frob_interfaces__rosidl_generator_py.dir/rosidl_generator_py/frob_interfaces/srv/_turn_s.c.o[0m
[9.535s] [ 86%] [1m[32mLinking C shared library libfrob_interfaces__rosidl_generator_py.so[0m
[9.740s] [ 86%] Built target frob_interfaces__rosidl_generator_py
[9.814s] [ 88%] [32mBuilding C object CMakeFiles/frob_interfaces_s__rosidl_typesupport_fastrtps_c.dir/rosidl_generator_py/frob_interfaces/_frob_interfaces_s.ep.rosidl_typesupport_fastrtps_c.c.o[0m
[9.820s] [ 90%] [32mBuilding C object CMakeFiles/frob_interfaces_s__rosidl_typesupport_c.dir/rosidl_generator_py/frob_interfaces/_frob_interfaces_s.ep.rosidl_typesupport_c.c.o[0m
[9.830s] [ 93%] [32mBuilding C object CMakeFiles/frob_interfaces_s__rosidl_typesupport_introspection_c.dir/rosidl_generator_py/frob_interfaces/_frob_interfaces_s.ep.rosidl_typesupport_introspection_c.c.o[0m
[10.168s] [ 95%] [1m[32mLinking C shared module rosidl_generator_py/frob_interfaces/frob_interfaces_s__rosidl_typesupport_fastrtps_c.so[0m
[10.293s] [ 95%] Built target frob_interfaces_s__rosidl_typesupport_fastrtps_c
[10.329s] [ 97%] [1m[32mLinking C shared module rosidl_generator_py/frob_interfaces/frob_interfaces_s__rosidl_typesupport_c.so[0m
[10.398s] [100%] [1m[32mLinking C shared module rosidl_generator_py/frob_interfaces/frob_interfaces_s__rosidl_typesupport_introspection_c.so[0m
[10.422s] [100%] Built target frob_interfaces_s__rosidl_typesupport_c
[10.573s] [100%] Built target frob_interfaces_s__rosidl_typesupport_introspection_c
[10.615s] Invoked command in '/home/pi/Frob_robot/ros2/src/ros2_ws/build/frob_interfaces' returned '0': CMAKE_PREFIX_PATH=${CMAKE_PREFIX_PATH}:/opt/ros/jazzy /home/pi/.local/bin/cmake --build /home/pi/Frob_robot/ros2/src/ros2_ws/build/frob_interfaces -- -j4 -l4
[10.621s] Invoking command in '/home/pi/Frob_robot/ros2/src/ros2_ws/build/frob_interfaces': CMAKE_PREFIX_PATH=${CMAKE_PREFIX_PATH}:/opt/ros/jazzy /home/pi/.local/bin/cmake --install /home/pi/Frob_robot/ros2/src/ros2_ws/build/frob_interfaces
[10.968s] -- Install configuration: ""
[10.972s] -- Up-to-date: /home/pi/Frob_robot/ros2/src/ros2_ws/install/frob_interfaces/share/ament_index/resource_index/rosidl_interfaces/frob_interfaces
[10.972s] -- Up-to-date: /home/pi/Frob_robot/ros2/src/ros2_ws/install/frob_interfaces/share/frob_interfaces/srv/Turn.json
[10.973s] -- Up-to-date: /home/pi/Frob_robot/ros2/src/ros2_ws/install/frob_interfaces/share/frob_interfaces/srv/Forward.json
[10.973s] -- Up-to-date: /home/pi/Frob_robot/ros2/src/ros2_ws/install/frob_interfaces/include/frob_interfaces/frob_interfaces
[10.974s] -- Up-to-date: /home/pi/Frob_robot/ros2/src/ros2_ws/install/frob_interfaces/include/frob_interfaces/frob_interfaces/msg
[10.974s] -- Up-to-date: /home/pi/Frob_robot/ros2/src/ros2_ws/install/frob_interfaces/include/frob_interfaces/frob_interfaces/msg/rosidl_generator_c__visibility_control.h
[10.974s] -- Up-to-date: /home/pi/Frob_robot/ros2/src/ros2_ws/install/frob_interfaces/include/frob_interfaces/frob_interfaces/srv
[10.974s] -- Up-to-date: /home/pi/Frob_robot/ros2/src/ros2_ws/install/frob_interfaces/include/frob_interfaces/frob_interfaces/srv/turn.h
[10.975s] -- Up-to-date: /home/pi/Frob_robot/ros2/src/ros2_ws/install/frob_interfaces/include/frob_interfaces/frob_interfaces/srv/forward.h
[10.977s] -- Up-to-date: /home/pi/Frob_robot/ros2/src/ros2_ws/install/frob_interfaces/include/frob_interfaces/frob_interfaces/srv/detail
[10.980s] -- Up-to-date: /home/pi/Frob_robot/ros2/src/ros2_ws/install/frob_interfaces/include/frob_interfaces/frob_interfaces/srv/detail/turn__functions.h
[10.982s] -- Installing: /home/pi/Frob_robot/ros2/src/ros2_ws/install/frob_interfaces/include/frob_interfaces/frob_interfaces/srv/detail/turn__type_support.c
[10.982s] -- Up-to-date: /home/pi/Frob_robot/ros2/src/ros2_ws/install/frob_interfaces/include/frob_interfaces/frob_interfaces/srv/detail/turn__functions.c
[10.982s] -- Installing: /home/pi/Frob_robot/ros2/src/ros2_ws/install/frob_interfaces/include/frob_interfaces/frob_interfaces/srv/detail/forward__type_support.c
[10.982s] -- Up-to-date: /home/pi/Frob_robot/ros2/src/ros2_ws/install/frob_interfaces/include/frob_interfaces/frob_interfaces/srv/detail/forward__struct.h
[10.982s] -- Up-to-date: /home/pi/Frob_robot/ros2/src/ros2_ws/install/frob_interfaces/include/frob_interfaces/frob_interfaces/srv/detail/forward__type_support.h
[10.983s] -- Up-to-date: /home/pi/Frob_robot/ros2/src/ros2_ws/install/frob_interfaces/include/frob_interfaces/frob_interfaces/srv/detail/forward__functions.c
[10.983s] -- Up-to-date: /home/pi/Frob_robot/ros2/src/ros2_ws/install/frob_interfaces/include/frob_interfaces/frob_interfaces/srv/detail/turn__type_support.h
[10.983s] -- Up-to-date: /home/pi/Frob_robot/ros2/src/ros2_ws/install/frob_interfaces/include/frob_interfaces/frob_interfaces/srv/detail/turn__struct.h
[10.983s] -- Up-to-date: /home/pi/Frob_robot/ros2/src/ros2_ws/install/frob_interfaces/include/frob_interfaces/frob_interfaces/srv/detail/turn__description.c
[10.983s] -- Up-to-date: /home/pi/Frob_robot/ros2/src/ros2_ws/install/frob_interfaces/include/frob_interfaces/frob_interfaces/srv/detail/forward__functions.h
[10.983s] -- Up-to-date: /home/pi/Frob_robot/ros2/src/ros2_ws/install/frob_interfaces/include/frob_interfaces/frob_interfaces/srv/detail/forward__description.c
[10.983s] -- Up-to-date: /home/pi/Frob_robot/ros2/src/ros2_ws/install/frob_interfaces/share/frob_interfaces/environment/library_path.sh
[10.983s] -- Up-to-date: /home/pi/Frob_robot/ros2/src/ros2_ws/install/frob_interfaces/share/frob_interfaces/environment/library_path.dsv
[10.989s] -- Up-to-date: /home/pi/Frob_robot/ros2/src/ros2_ws/install/frob_interfaces/lib/libfrob_interfaces__rosidl_generator_c.so
[10.989s] -- Up-to-date: /home/pi/Frob_robot/ros2/src/ros2_ws/install/frob_interfaces/include/frob_interfaces/frob_interfaces
[10.989s] -- Up-to-date: /home/pi/Frob_robot/ros2/src/ros2_ws/install/frob_interfaces/include/frob_interfaces/frob_interfaces/msg
[10.989s] -- Up-to-date: /home/pi/Frob_robot/ros2/src/ros2_ws/install/frob_interfaces/include/frob_interfaces/frob_interfaces/msg/rosidl_typesupport_fastrtps_c__visibility_control.h
[10.990s] -- Up-to-date: /home/pi/Frob_robot/ros2/src/ros2_ws/install/frob_interfaces/include/frob_interfaces/frob_interfaces/srv
[10.990s] -- Up-to-date: /home/pi/Frob_robot/ros2/src/ros2_ws/install/frob_interfaces/include/frob_interfaces/frob_interfaces/srv/detail
[10.990s] -- Up-to-date: /home/pi/Frob_robot/ros2/src/ros2_ws/install/frob_interfaces/include/frob_interfaces/frob_interfaces/srv/detail/forward__rosidl_typesupport_fastrtps_c.h
[10.990s] -- Up-to-date: /home/pi/Frob_robot/ros2/src/ros2_ws/install/frob_interfaces/include/frob_interfaces/frob_interfaces/srv/detail/turn__rosidl_typesupport_fastrtps_c.h
[10.990s] -- Installing: /home/pi/Frob_robot/ros2/src/ros2_ws/install/frob_interfaces/lib/libfrob_interfaces__rosidl_typesupport_fastrtps_c.so
[10.990s] -- Set non-toolchain portion of runtime path of "/home/pi/Frob_robot/ros2/src/ros2_ws/install/frob_interfaces/lib/libfrob_interfaces__rosidl_typesupport_fastrtps_c.so" to ""
[10.993s] -- Up-to-date: /home/pi/Frob_robot/ros2/src/ros2_ws/install/frob_interfaces/include/frob_interfaces/frob_interfaces
[10.993s] -- Up-to-date: /home/pi/Frob_robot/ros2/src/ros2_ws/install/frob_interfaces/include/frob_interfaces/frob_interfaces/msg
[10.993s] -- Up-to-date: /home/pi/Frob_robot/ros2/src/ros2_ws/install/frob_interfaces/include/frob_interfaces/frob_interfaces/msg/rosidl_typesupport_introspection_c__visibility_control.h
[10.994s] -- Up-to-date: /home/pi/Frob_robot/ros2/src/ros2_ws/install/frob_interfaces/include/frob_interfaces/frob_interfaces/srv
[10.994s] -- Up-to-date: /home/pi/Frob_robot/ros2/src/ros2_ws/install/frob_interfaces/include/frob_interfaces/frob_interfaces/srv/detail
[10.994s] -- Installing: /home/pi/Frob_robot/ros2/src/ros2_ws/install/frob_interfaces/include/frob_interfaces/frob_interfaces/srv/detail/turn__type_support.c
[10.995s] -- Installing: /home/pi/Frob_robot/ros2/src/ros2_ws/install/frob_interfaces/include/frob_interfaces/frob_interfaces/srv/detail/forward__type_support.c
[10.997s] -- Up-to-date: /home/pi/Frob_robot/ros2/src/ros2_ws/install/frob_interfaces/include/frob_interfaces/frob_interfaces/srv/detail/forward__rosidl_typesupport_introspection_c.h
[10.997s] -- Up-to-date: /home/pi/Frob_robot/ros2/src/ros2_ws/install/frob_interfaces/include/frob_interfaces/frob_interfaces/srv/detail/turn__rosidl_typesupport_introspection_c.h
[10.999s] -- Up-to-date: /home/pi/Frob_robot/ros2/src/ros2_ws/install/frob_interfaces/lib/libfrob_interfaces__rosidl_typesupport_introspection_c.so
[11.002s] -- Up-to-date: /home/pi/Frob_robot/ros2/src/ros2_ws/install/frob_interfaces/lib/libfrob_interfaces__rosidl_typesupport_c.so
[11.002s] -- Up-to-date: /home/pi/Frob_robot/ros2/src/ros2_ws/install/frob_interfaces/include/frob_interfaces/frob_interfaces
[11.002s] -- Up-to-date: /home/pi/Frob_robot/ros2/src/ros2_ws/install/frob_interfaces/include/frob_interfaces/frob_interfaces/msg
[11.003s] -- Up-to-date: /home/pi/Frob_robot/ros2/src/ros2_ws/install/frob_interfaces/include/frob_interfaces/frob_interfaces/msg/rosidl_generator_cpp__visibility_control.hpp
[11.003s] -- Up-to-date: /home/pi/Frob_robot/ros2/src/ros2_ws/install/frob_interfaces/include/frob_interfaces/frob_interfaces/srv
[11.003s] -- Up-to-date: /home/pi/Frob_robot/ros2/src/ros2_ws/install/frob_interfaces/include/frob_interfaces/frob_interfaces/srv/turn.hpp
[11.003s] -- Up-to-date: /home/pi/Frob_robot/ros2/src/ros2_ws/install/frob_interfaces/include/frob_interfaces/frob_interfaces/srv/forward.hpp
[11.003s] -- Up-to-date: /home/pi/Frob_robot/ros2/src/ros2_ws/install/frob_interfaces/include/frob_interfaces/frob_interfaces/srv/detail
[11.003s] -- Up-to-date: /home/pi/Frob_robot/ros2/src/ros2_ws/install/frob_interfaces/include/frob_interfaces/frob_interfaces/srv/detail/turn__traits.hpp
[11.003s] -- Up-to-date: /home/pi/Frob_robot/ros2/src/ros2_ws/install/frob_interfaces/include/frob_interfaces/frob_interfaces/srv/detail/forward__type_support.hpp
[11.003s] -- Up-to-date: /home/pi/Frob_robot/ros2/src/ros2_ws/install/frob_interfaces/include/frob_interfaces/frob_interfaces/srv/detail/forward__struct.hpp
[11.004s] -- Up-to-date: /home/pi/Frob_robot/ros2/src/ros2_ws/install/frob_interfaces/include/frob_interfaces/frob_interfaces/srv/detail/turn__struct.hpp
[11.004s] -- Up-to-date: /home/pi/Frob_robot/ros2/src/ros2_ws/install/frob_interfaces/include/frob_interfaces/frob_interfaces/srv/detail/forward__traits.hpp
[11.004s] -- Up-to-date: /home/pi/Frob_robot/ros2/src/ros2_ws/install/frob_interfaces/include/frob_interfaces/frob_interfaces/srv/detail/forward__builder.hpp
[11.008s] -- Up-to-date: /home/pi/Frob_robot/ros2/src/ros2_ws/install/frob_interfaces/include/frob_interfaces/frob_interfaces/srv/detail/turn__builder.hpp
[11.008s] -- Up-to-date: /home/pi/Frob_robot/ros2/src/ros2_ws/install/frob_interfaces/include/frob_interfaces/frob_interfaces/srv/detail/turn__type_support.hpp
[11.009s] -- Up-to-date: /home/pi/Frob_robot/ros2/src/ros2_ws/install/frob_interfaces/include/frob_interfaces/frob_interfaces
[11.009s] -- Up-to-date: /home/pi/Frob_robot/ros2/src/ros2_ws/install/frob_interfaces/include/frob_interfaces/frob_interfaces/msg
[11.009s] -- Up-to-date: /home/pi/Frob_robot/ros2/src/ros2_ws/install/frob_interfaces/include/frob_interfaces/frob_interfaces/msg/rosidl_typesupport_fastrtps_cpp__visibility_control.h
[11.009s] -- Up-to-date: /home/pi/Frob_robot/ros2/src/ros2_ws/install/frob_interfaces/include/frob_interfaces/frob_interfaces/srv
[11.009s] -- Up-to-date: /home/pi/Frob_robot/ros2/src/ros2_ws/install/frob_interfaces/include/frob_interfaces/frob_interfaces/srv/detail
[11.009s] -- Up-to-date: /home/pi/Frob_robot/ros2/src/ros2_ws/install/frob_interfaces/include/frob_interfaces/frob_interfaces/srv/detail/forward__rosidl_typesupport_fastrtps_cpp.hpp
[11.009s] -- Up-to-date: /home/pi/Frob_robot/ros2/src/ros2_ws/install/frob_interfaces/include/frob_interfaces/frob_interfaces/srv/detail/dds_fastrtps
[11.010s] -- Up-to-date: /home/pi/Frob_robot/ros2/src/ros2_ws/install/frob_interfaces/include/frob_interfaces/frob_interfaces/srv/detail/turn__rosidl_typesupport_fastrtps_cpp.hpp
[11.011s] -- Installing: /home/pi/Frob_robot/ros2/src/ros2_ws/install/frob_interfaces/lib/libfrob_interfaces__rosidl_typesupport_fastrtps_cpp.so
[11.011s] -- Set non-toolchain portion of runtime path of "/home/pi/Frob_robot/ros2/src/ros2_ws/install/frob_interfaces/lib/libfrob_interfaces__rosidl_typesupport_fastrtps_cpp.so" to ""
[11.012s] -- Up-to-date: /home/pi/Frob_robot/ros2/src/ros2_ws/install/frob_interfaces/include/frob_interfaces/frob_interfaces
[11.014s] -- Up-to-date: /home/pi/Frob_robot/ros2/src/ros2_ws/install/frob_interfaces/include/frob_interfaces/frob_interfaces/srv
[11.014s] -- Up-to-date: /home/pi/Frob_robot/ros2/src/ros2_ws/install/frob_interfaces/include/frob_interfaces/frob_interfaces/srv/detail
[11.015s] -- Up-to-date: /home/pi/Frob_robot/ros2/src/ros2_ws/install/frob_interfaces/include/frob_interfaces/frob_interfaces/srv/detail/forward__rosidl_typesupport_introspection_cpp.hpp
[11.015s] -- Up-to-date: /home/pi/Frob_robot/ros2/src/ros2_ws/install/frob_interfaces/include/frob_interfaces/frob_interfaces/srv/detail/forward__type_support.cpp
[11.015s] -- Up-to-date: /home/pi/Frob_robot/ros2/src/ros2_ws/install/frob_interfaces/include/frob_interfaces/frob_interfaces/srv/detail/turn__type_support.cpp
[11.015s] -- Up-to-date: /home/pi/Frob_robot/ros2/src/ros2_ws/install/frob_interfaces/include/frob_interfaces/frob_interfaces/srv/detail/turn__rosidl_typesupport_introspection_cpp.hpp
[11.016s] -- Installing: /home/pi/Frob_robot/ros2/src/ros2_ws/install/frob_interfaces/lib/libfrob_interfaces__rosidl_typesupport_introspection_cpp.so
[11.018s] -- Set non-toolchain portion of runtime path of "/home/pi/Frob_robot/ros2/src/ros2_ws/install/frob_interfaces/lib/libfrob_interfaces__rosidl_typesupport_introspection_cpp.so" to ""
[11.021s] -- Installing: /home/pi/Frob_robot/ros2/src/ros2_ws/install/frob_interfaces/lib/libfrob_interfaces__rosidl_typesupport_cpp.so
[11.022s] -- Set non-toolchain portion of runtime path of "/home/pi/Frob_robot/ros2/src/ros2_ws/install/frob_interfaces/lib/libfrob_interfaces__rosidl_typesupport_cpp.so" to ""
[11.022s] -- Up-to-date: /home/pi/Frob_robot/ros2/src/ros2_ws/install/frob_interfaces/share/frob_interfaces/environment/pythonpath.sh
[11.022s] -- Up-to-date: /home/pi/Frob_robot/ros2/src/ros2_ws/install/frob_interfaces/share/frob_interfaces/environment/pythonpath.dsv
[11.025s] -- Up-to-date: /home/pi/Frob_robot/ros2/src/ros2_ws/install/frob_interfaces/lib/python3.12/site-packages/frob_interfaces-0.0.0-py3.12.egg-info
[11.026s] -- Installing: /home/pi/Frob_robot/ros2/src/ros2_ws/install/frob_interfaces/lib/python3.12/site-packages/frob_interfaces-0.0.0-py3.12.egg-info/dependency_links.txt
[11.026s] -- Installing: /home/pi/Frob_robot/ros2/src/ros2_ws/install/frob_interfaces/lib/python3.12/site-packages/frob_interfaces-0.0.0-py3.12.egg-info/PKG-INFO
[11.026s] -- Installing: /home/pi/Frob_robot/ros2/src/ros2_ws/install/frob_interfaces/lib/python3.12/site-packages/frob_interfaces-0.0.0-py3.12.egg-info/top_level.txt
[11.026s] -- Installing: /home/pi/Frob_robot/ros2/src/ros2_ws/install/frob_interfaces/lib/python3.12/site-packages/frob_interfaces-0.0.0-py3.12.egg-info/SOURCES.txt
[11.026s] -- Up-to-date: /home/pi/Frob_robot/ros2/src/ros2_ws/install/frob_interfaces/lib/python3.12/site-packages/frob_interfaces
[11.029s] -- Installing: /home/pi/Frob_robot/ros2/src/ros2_ws/install/frob_interfaces/lib/python3.12/site-packages/frob_interfaces/frob_interfaces_s__rosidl_typesupport_introspection_c.so
[11.031s] -- Installing: /home/pi/Frob_robot/ros2/src/ros2_ws/install/frob_interfaces/lib/python3.12/site-packages/frob_interfaces/frob_interfaces_s__rosidl_typesupport_fastrtps_c.so
[11.032s] -- Up-to-date: /home/pi/Frob_robot/ros2/src/ros2_ws/install/frob_interfaces/lib/python3.12/site-packages/frob_interfaces/_frob_interfaces_s.ep.rosidl_typesupport_introspection_c.c
[11.032s] -- Up-to-date: /home/pi/Frob_robot/ros2/src/ros2_ws/install/frob_interfaces/lib/python3.12/site-packages/frob_interfaces/_frob_interfaces_s.ep.rosidl_typesupport_fastrtps_c.c
[11.033s] -- Installing: /home/pi/Frob_robot/ros2/src/ros2_ws/install/frob_interfaces/lib/python3.12/site-packages/frob_interfaces/frob_interfaces_s__rosidl_typesupport_c.so
[11.033s] -- Up-to-date: /home/pi/Frob_robot/ros2/src/ros2_ws/install/frob_interfaces/lib/python3.12/site-packages/frob_interfaces/srv
[11.033s] -- Up-to-date: /home/pi/Frob_robot/ros2/src/ros2_ws/install/frob_interfaces/lib/python3.12/site-packages/frob_interfaces/srv/_forward_s.c
[11.033s] -- Up-to-date: /home/pi/Frob_robot/ros2/src/ros2_ws/install/frob_interfaces/lib/python3.12/site-packages/frob_interfaces/srv/_forward.py
[11.033s] -- Up-to-date: /home/pi/Frob_robot/ros2/src/ros2_ws/install/frob_interfaces/lib/python3.12/site-packages/frob_interfaces/srv/__init__.py
[11.033s] -- Up-to-date: /home/pi/Frob_robot/ros2/src/ros2_ws/install/frob_interfaces/lib/python3.12/site-packages/frob_interfaces/srv/_turn.py
[11.034s] -- Up-to-date: /home/pi/Frob_robot/ros2/src/ros2_ws/install/frob_interfaces/lib/python3.12/site-packages/frob_interfaces/srv/_turn_s.c
[11.034s] -- Up-to-date: /home/pi/Frob_robot/ros2/src/ros2_ws/install/frob_interfaces/lib/python3.12/site-packages/frob_interfaces/__init__.py
[11.036s] -- Up-to-date: /home/pi/Frob_robot/ros2/src/ros2_ws/install/frob_interfaces/lib/python3.12/site-packages/frob_interfaces/_frob_interfaces_s.ep.rosidl_typesupport_c.c
[11.134s] Listing '/home/pi/Frob_robot/ros2/src/ros2_ws/install/frob_interfaces/lib/python3.12/site-packages/frob_interfaces'...
[11.134s] Listing '/home/pi/Frob_robot/ros2/src/ros2_ws/install/frob_interfaces/lib/python3.12/site-packages/frob_interfaces/srv'...
[11.170s] -- Installing: /home/pi/Frob_robot/ros2/src/ros2_ws/install/frob_interfaces/lib/python3.12/site-packages/frob_interfaces/frob_interfaces_s__rosidl_typesupport_fastrtps_c.so
[11.171s] -- Set non-toolchain portion of runtime path of "/home/pi/Frob_robot/ros2/src/ros2_ws/install/frob_interfaces/lib/python3.12/site-packages/frob_interfaces/frob_interfaces_s__rosidl_typesupport_fastrtps_c.so" to ""
[11.171s] -- Installing: /home/pi/Frob_robot/ros2/src/ros2_ws/install/frob_interfaces/lib/python3.12/site-packages/frob_interfaces/frob_interfaces_s__rosidl_typesupport_introspection_c.so
[11.173s] -- Set non-toolchain portion of runtime path of "/home/pi/Frob_robot/ros2/src/ros2_ws/install/frob_interfaces/lib/python3.12/site-packages/frob_interfaces/frob_interfaces_s__rosidl_typesupport_introspection_c.so" to ""
[11.176s] -- Installing: /home/pi/Frob_robot/ros2/src/ros2_ws/install/frob_interfaces/lib/python3.12/site-packages/frob_interfaces/frob_interfaces_s__rosidl_typesupport_c.so
[11.177s] -- Set non-toolchain portion of runtime path of "/home/pi/Frob_robot/ros2/src/ros2_ws/install/frob_interfaces/lib/python3.12/site-packages/frob_interfaces/frob_interfaces_s__rosidl_typesupport_c.so" to ""
[11.180s] -- Installing: /home/pi/Frob_robot/ros2/src/ros2_ws/install/frob_interfaces/lib/libfrob_interfaces__rosidl_generator_py.so
[11.183s] -- Set non-toolchain portion of runtime path of "/home/pi/Frob_robot/ros2/src/ros2_ws/install/frob_interfaces/lib/libfrob_interfaces__rosidl_generator_py.so" to ""
[11.184s] -- Up-to-date: /home/pi/Frob_robot/ros2/src/ros2_ws/install/frob_interfaces/share/frob_interfaces/srv/Turn.idl
[11.190s] -- Up-to-date: /home/pi/Frob_robot/ros2/src/ros2_ws/install/frob_interfaces/share/frob_interfaces/srv/Forward.idl
[11.190s] -- Up-to-date: /home/pi/Frob_robot/ros2/src/ros2_ws/install/frob_interfaces/share/frob_interfaces/srv/Turn.srv
[11.190s] -- Up-to-date: /home/pi/Frob_robot/ros2/src/ros2_ws/install/frob_interfaces/share/frob_interfaces/srv/Forward.srv
[11.191s] -- Up-to-date: /home/pi/Frob_robot/ros2/src/ros2_ws/install/frob_interfaces/share/ament_index/resource_index/package_run_dependencies/frob_interfaces
[11.191s] -- Up-to-date: /home/pi/Frob_robot/ros2/src/ros2_ws/install/frob_interfaces/share/ament_index/resource_index/parent_prefix_path/frob_interfaces
[11.191s] -- Up-to-date: /home/pi/Frob_robot/ros2/src/ros2_ws/install/frob_interfaces/share/frob_interfaces/environment/ament_prefix_path.sh
[11.191s] -- Up-to-date: /home/pi/Frob_robot/ros2/src/ros2_ws/install/frob_interfaces/share/frob_interfaces/environment/ament_prefix_path.dsv
[11.191s] -- Up-to-date: /home/pi/Frob_robot/ros2/src/ros2_ws/install/frob_interfaces/share/frob_interfaces/environment/path.sh
[11.191s] -- Up-to-date: /home/pi/Frob_robot/ros2/src/ros2_ws/install/frob_interfaces/share/frob_interfaces/environment/path.dsv
[11.191s] -- Up-to-date: /home/pi/Frob_robot/ros2/src/ros2_ws/install/frob_interfaces/share/frob_interfaces/local_setup.bash
[11.192s] -- Up-to-date: /home/pi/Frob_robot/ros2/src/ros2_ws/install/frob_interfaces/share/frob_interfaces/local_setup.sh
[11.196s] -- Up-to-date: /home/pi/Frob_robot/ros2/src/ros2_ws/install/frob_interfaces/share/frob_interfaces/local_setup.zsh
[11.196s] -- Up-to-date: /home/pi/Frob_robot/ros2/src/ros2_ws/install/frob_interfaces/share/frob_interfaces/local_setup.dsv
[11.196s] -- Installing: /home/pi/Frob_robot/ros2/src/ros2_ws/install/frob_interfaces/share/frob_interfaces/package.dsv
[11.197s] -- Up-to-date: /home/pi/Frob_robot/ros2/src/ros2_ws/install/frob_interfaces/share/ament_index/resource_index/packages/frob_interfaces
[11.202s] -- Up-to-date: /home/pi/Frob_robot/ros2/src/ros2_ws/install/frob_interfaces/share/frob_interfaces/cmake/export_frob_interfaces__rosidl_generator_cExport.cmake
[11.203s] -- Up-to-date: /home/pi/Frob_robot/ros2/src/ros2_ws/install/frob_interfaces/share/frob_interfaces/cmake/export_frob_interfaces__rosidl_generator_cExport-noconfig.cmake
[11.204s] -- Up-to-date: /home/pi/Frob_robot/ros2/src/ros2_ws/install/frob_interfaces/share/frob_interfaces/cmake/export_frob_interfaces__rosidl_typesupport_fastrtps_cExport.cmake
[11.204s] -- Up-to-date: /home/pi/Frob_robot/ros2/src/ros2_ws/install/frob_interfaces/share/frob_interfaces/cmake/export_frob_interfaces__rosidl_typesupport_fastrtps_cExport-noconfig.cmake
[11.209s] -- Up-to-date: /home/pi/Frob_robot/ros2/src/ros2_ws/install/frob_interfaces/share/frob_interfaces/cmake/frob_interfaces__rosidl_typesupport_introspection_cExport.cmake
[11.209s] -- Up-to-date: /home/pi/Frob_robot/ros2/src/ros2_ws/install/frob_interfaces/share/frob_interfaces/cmake/frob_interfaces__rosidl_typesupport_introspection_cExport-noconfig.cmake
[11.210s] -- Up-to-date: /home/pi/Frob_robot/ros2/src/ros2_ws/install/frob_interfaces/share/frob_interfaces/cmake/frob_interfaces__rosidl_typesupport_cExport.cmake
[11.211s] -- Up-to-date: /home/pi/Frob_robot/ros2/src/ros2_ws/install/frob_interfaces/share/frob_interfaces/cmake/frob_interfaces__rosidl_typesupport_cExport-noconfig.cmake
[11.213s] -- Up-to-date: /home/pi/Frob_robot/ros2/src/ros2_ws/install/frob_interfaces/share/frob_interfaces/cmake/export_frob_interfaces__rosidl_generator_cppExport.cmake
[11.215s] -- Up-to-date: /home/pi/Frob_robot/ros2/src/ros2_ws/install/frob_interfaces/share/frob_interfaces/cmake/export_frob_interfaces__rosidl_typesupport_fastrtps_cppExport.cmake
[11.216s] -- Up-to-date: /home/pi/Frob_robot/ros2/src/ros2_ws/install/frob_interfaces/share/frob_interfaces/cmake/export_frob_interfaces__rosidl_typesupport_fastrtps_cppExport-noconfig.cmake
[11.221s] -- Up-to-date: /home/pi/Frob_robot/ros2/src/ros2_ws/install/frob_interfaces/share/frob_interfaces/cmake/frob_interfaces__rosidl_typesupport_introspection_cppExport.cmake
[11.221s] -- Up-to-date: /home/pi/Frob_robot/ros2/src/ros2_ws/install/frob_interfaces/share/frob_interfaces/cmake/frob_interfaces__rosidl_typesupport_introspection_cppExport-noconfig.cmake
[11.225s] -- Up-to-date: /home/pi/Frob_robot/ros2/src/ros2_ws/install/frob_interfaces/share/frob_interfaces/cmake/frob_interfaces__rosidl_typesupport_cppExport.cmake
[11.225s] -- Up-to-date: /home/pi/Frob_robot/ros2/src/ros2_ws/install/frob_interfaces/share/frob_interfaces/cmake/frob_interfaces__rosidl_typesupport_cppExport-noconfig.cmake
[11.227s] -- Up-to-date: /home/pi/Frob_robot/ros2/src/ros2_ws/install/frob_interfaces/share/frob_interfaces/cmake/export_frob_interfaces__rosidl_generator_pyExport.cmake
[11.227s] -- Up-to-date: /home/pi/Frob_robot/ros2/src/ros2_ws/install/frob_interfaces/share/frob_interfaces/cmake/export_frob_interfaces__rosidl_generator_pyExport-noconfig.cmake
[11.227s] -- Up-to-date: /home/pi/Frob_robot/ros2/src/ros2_ws/install/frob_interfaces/share/frob_interfaces/cmake/rosidl_cmake-extras.cmake
[11.227s] -- Up-to-date: /home/pi/Frob_robot/ros2/src/ros2_ws/install/frob_interfaces/share/frob_interfaces/cmake/ament_cmake_export_dependencies-extras.cmake
[11.227s] -- Up-to-date: /home/pi/Frob_robot/ros2/src/ros2_ws/install/frob_interfaces/share/frob_interfaces/cmake/ament_cmake_export_include_directories-extras.cmake
[11.228s] -- Up-to-date: /home/pi/Frob_robot/ros2/src/ros2_ws/install/frob_interfaces/share/frob_interfaces/cmake/ament_cmake_export_libraries-extras.cmake
[11.232s] -- Up-to-date: /home/pi/Frob_robot/ros2/src/ros2_ws/install/frob_interfaces/share/frob_interfaces/cmake/ament_cmake_export_targets-extras.cmake
[11.232s] -- Up-to-date: /home/pi/Frob_robot/ros2/src/ros2_ws/install/frob_interfaces/share/frob_interfaces/cmake/rosidl_cmake_export_typesupport_targets-extras.cmake
[11.232s] -- Up-to-date: /home/pi/Frob_robot/ros2/src/ros2_ws/install/frob_interfaces/share/frob_interfaces/cmake/rosidl_cmake_export_typesupport_libraries-extras.cmake
[11.232s] -- Up-to-date: /home/pi/Frob_robot/ros2/src/ros2_ws/install/frob_interfaces/share/frob_interfaces/cmake/frob_interfacesConfig.cmake
[11.233s] -- Up-to-date: /home/pi/Frob_robot/ros2/src/ros2_ws/install/frob_interfaces/share/frob_interfaces/cmake/frob_interfacesConfig-version.cmake
[11.233s] -- Up-to-date: /home/pi/Frob_robot/ros2/src/ros2_ws/install/frob_interfaces/share/frob_interfaces/package.xml
[11.238s] Invoked command in '/home/pi/Frob_robot/ros2/src/ros2_ws/build/frob_interfaces' returned '0': CMAKE_PREFIX_PATH=${CMAKE_PREFIX_PATH}:/opt/ros/jazzy /home/pi/.local/bin/cmake --install /home/pi/Frob_robot/ros2/src/ros2_ws/build/frob_interfaces
