[0.026s] Invoking command in '/home/pi/Frob_robot/ros2/src/ros2_ws/build/rf2o_laser_odometry': CMAKE_PREFIX_PATH=${CMAKE_PREFIX_PATH}:/opt/ros/jazzy /home/pi/.local/bin/cmake /home/pi/Frob_robot/ros2/src/ros2_ws/src/rf2o_laser_odometry -DCMAKE_INSTALL_PREFIX=/home/pi/Frob_robot/ros2/src/ros2_ws/install/rf2o_laser_odometry
[0.333s] [0mCMake Deprecation Warning at CMakeLists.txt:1 (cmake_minimum_required):
[0.333s]   Compatibility with CMake < 3.10 will be removed from a future version of
[0.342s]   CMake.
[0.342s] 
[0.342s]   Update the VERSION argument <min> value.  Or, use the <min>...<max> syntax
[0.342s]   to tell CMake that the project requires at least <min> but has been updated
[0.342s]   to work with policies introduced by <max> or earlier.
[0.343s] 
[0.343s] [0m
[0.652s] -- The C compiler identification is GNU 13.3.0
[1.023s] -- The CXX compiler identification is GNU 13.3.0
[1.057s] -- Detecting C compiler ABI info
[1.364s] -- Detecting C compiler ABI info - done
[1.476s] -- Check for working C compiler: /usr/bin/cc - skipped
[1.476s] -- Detecting C compile features
[1.476s] -- Detecting C compile features - done
[1.547s] -- Detecting CXX compiler ABI info
[2.019s] -- Detecting CXX compiler ABI info - done
[2.114s] -- Check for working CXX compiler: /usr/bin/c++ - skipped
[2.114s] -- Detecting CXX compile features
[2.122s] -- Detecting CXX compile features - done
[2.184s] -- Found ament_cmake: 2.5.5 (/opt/ros/jazzy/share/ament_cmake/cmake)
[3.945s] -- Found Python3: /usr/bin/python3 (found version "3.12.3") found components: Interpreter
[4.885s] -- Found rclcpp: 28.1.16 (/opt/ros/jazzy/share/rclcpp/cmake)
[5.299s] -- Found rosidl_generator_c: 4.6.7 (/opt/ros/jazzy/share/rosidl_generator_c/cmake)
[5.443s] -- Found rosidl_generator_cpp: 4.6.7 (/opt/ros/jazzy/share/rosidl_generator_cpp/cmake)
[5.533s] -- Using all available rosidl_typesupport_c: rosidl_typesupport_fastrtps_c;rosidl_typesupport_introspection_c
[5.590s] -- Using all available rosidl_typesupport_cpp: rosidl_typesupport_fastrtps_cpp;rosidl_typesupport_introspection_cpp
[5.907s] -- Found rmw_implementation_cmake: 7.3.3 (/opt/ros/jazzy/share/rmw_implementation_cmake/cmake)
[5.930s] -- Found rmw_fastrtps_cpp: 8.4.3 (/opt/ros/jazzy/share/rmw_fastrtps_cpp/cmake)
[6.476s] -- Found OpenSSL: /usr/lib/aarch64-linux-gnu/libcrypto.so (found version "3.0.13")
[6.608s] -- Found FastRTPS: /opt/ros/jazzy/include (Required is at least version "2.13")
[6.774s] -- Using RMW implementation 'rmw_fastrtps_cpp' as default
[7.419s] -- Found std_msgs: 5.3.6 (/opt/ros/jazzy/share/std_msgs/cmake)
[7.504s] -- Found geometry_msgs: 5.3.6 (/opt/ros/jazzy/share/geometry_msgs/cmake)
[7.601s] -- Found tf2_geometry_msgs: 0.36.19 (/opt/ros/jazzy/share/tf2_geometry_msgs/cmake)
[7.718s] -- Found eigen3_cmake_module: 0.3.0 (/opt/ros/jazzy/share/eigen3_cmake_module/cmake)
[7.731s] -- Found Eigen3: TRUE (found version "3.4.0")
[7.731s] -- Ensuring Eigen3 include directory is part of orocos-kdl CMake target
[9.049s] -- Found sensor_msgs: 5.3.6 (/opt/ros/jazzy/share/sensor_msgs/cmake)
[9.204s] -- Found nav_msgs: 5.3.6 (/opt/ros/jazzy/share/nav_msgs/cmake)
[9.392s] [33mCMake Warning (dev) at CMakeLists.txt:24 (find_package):
[9.392s]   Policy CMP0167 is not set: The FindBoost module is removed.  Run "cmake
[9.393s]   --help-policy CMP0167" for policy details.  Use the cmake_policy command to
[9.393s]   set the policy and suppress this warning.
[9.393s] 
[9.393s] This warning is for project developers.  Use -Wno-dev to suppress it.
[9.393s] [0m
[9.486s] -- Found Boost: /usr/lib/aarch64-linux-gnu/cmake/Boost-1.83.0/BoostConfig.cmake (found version "1.83.0")
[10.233s] -- Configuring done (9.9s)
[10.335s] -- Generating done (0.1s)
[10.356s] -- Build files have been written to: /home/pi/Frob_robot/ros2/src/ros2_ws/build/rf2o_laser_odometry
[10.402s] Invoked command in '/home/pi/Frob_robot/ros2/src/ros2_ws/build/rf2o_laser_odometry' returned '0': CMAKE_PREFIX_PATH=${CMAKE_PREFIX_PATH}:/opt/ros/jazzy /home/pi/.local/bin/cmake /home/pi/Frob_robot/ros2/src/ros2_ws/src/rf2o_laser_odometry -DCMAKE_INSTALL_PREFIX=/home/pi/Frob_robot/ros2/src/ros2_ws/install/rf2o_laser_odometry
[10.405s] Invoking command in '/home/pi/Frob_robot/ros2/src/ros2_ws/build/rf2o_laser_odometry': CMAKE_PREFIX_PATH=${CMAKE_PREFIX_PATH}:/opt/ros/jazzy /home/pi/.local/bin/cmake --build /home/pi/Frob_robot/ros2/src/ros2_ws/build/rf2o_laser_odometry -- -j4 -l4
[10.846s] [ 20%] [32mBuilding CXX object CMakeFiles/rf2o_laser_odometry_node.dir/src/CLaserOdometry2D.cpp.o[0m
[10.852s] [ 40%] [32mBuilding CXX object CMakeFiles/rf2o_laser_odometry.dir/src/CLaserOdometry2D.cpp.o[0m
[10.855s] [ 60%] [32mBuilding CXX object CMakeFiles/rf2o_laser_odometry_node.dir/src/CLaserOdometry2DNode.cpp.o[0m
[56.761s] [ 80%] [1m[32mLinking CXX static library librf2o_laser_odometry.a[0m
[56.913s] [100%] [1m[32mLinking CXX executable rf2o_laser_odometry_node[0m
[57.917s] [100%] Built target rf2o_laser_odometry
[59.523s] [100%] Built target rf2o_laser_odometry_node
[59.532s] Invoked command in '/home/pi/Frob_robot/ros2/src/ros2_ws/build/rf2o_laser_odometry' returned '0': CMAKE_PREFIX_PATH=${CMAKE_PREFIX_PATH}:/opt/ros/jazzy /home/pi/.local/bin/cmake --build /home/pi/Frob_robot/ros2/src/ros2_ws/build/rf2o_laser_odometry -- -j4 -l4
[59.535s] Invoking command in '/home/pi/Frob_robot/ros2/src/ros2_ws/build/rf2o_laser_odometry': CMAKE_PREFIX_PATH=${CMAKE_PREFIX_PATH}:/opt/ros/jazzy /home/pi/.local/bin/cmake --install /home/pi/Frob_robot/ros2/src/ros2_ws/build/rf2o_laser_odometry
[59.717s] -- Install configuration: ""
[59.717s] -- Installing: /home/pi/Frob_robot/ros2/src/ros2_ws/install/rf2o_laser_odometry/lib/rf2o_laser_odometry/rf2o_laser_odometry_node
[59.743s] -- Set non-toolchain portion of runtime path of "/home/pi/Frob_robot/ros2/src/ros2_ws/install/rf2o_laser_odometry/lib/rf2o_laser_odometry/rf2o_laser_odometry_node" to ""
[59.744s] -- Installing: /home/pi/Frob_robot/ros2/src/ros2_ws/install/rf2o_laser_odometry/share/rf2o_laser_odometry/launch
[59.744s] -- Installing: /home/pi/Frob_robot/ros2/src/ros2_ws/install/rf2o_laser_odometry/share/rf2o_laser_odometry/launch/rf2o_laser_odometry.launch.py
[59.745s] -- Installing: /home/pi/Frob_robot/ros2/src/ros2_ws/install/rf2o_laser_odometry/share/ament_index/resource_index/package_run_dependencies/rf2o_laser_odometry
[59.746s] -- Installing: /home/pi/Frob_robot/ros2/src/ros2_ws/install/rf2o_laser_odometry/share/ament_index/resource_index/parent_prefix_path/rf2o_laser_odometry
[59.746s] -- Installing: /home/pi/Frob_robot/ros2/src/ros2_ws/install/rf2o_laser_odometry/share/rf2o_laser_odometry/environment/ament_prefix_path.sh
[59.746s] -- Installing: /home/pi/Frob_robot/ros2/src/ros2_ws/install/rf2o_laser_odometry/share/rf2o_laser_odometry/environment/ament_prefix_path.dsv
[59.747s] -- Installing: /home/pi/Frob_robot/ros2/src/ros2_ws/install/rf2o_laser_odometry/share/rf2o_laser_odometry/environment/path.sh
[59.747s] -- Installing: /home/pi/Frob_robot/ros2/src/ros2_ws/install/rf2o_laser_odometry/share/rf2o_laser_odometry/environment/path.dsv
[59.747s] -- Installing: /home/pi/Frob_robot/ros2/src/ros2_ws/install/rf2o_laser_odometry/share/rf2o_laser_odometry/local_setup.bash
[59.748s] -- Installing: /home/pi/Frob_robot/ros2/src/ros2_ws/install/rf2o_laser_odometry/share/rf2o_laser_odometry/local_setup.sh
[59.748s] -- Installing: /home/pi/Frob_robot/ros2/src/ros2_ws/install/rf2o_laser_odometry/share/rf2o_laser_odometry/local_setup.zsh
[59.749s] -- Installing: /home/pi/Frob_robot/ros2/src/ros2_ws/install/rf2o_laser_odometry/share/rf2o_laser_odometry/local_setup.dsv
[59.749s] -- Installing: /home/pi/Frob_robot/ros2/src/ros2_ws/install/rf2o_laser_odometry/share/rf2o_laser_odometry/package.dsv
[59.750s] -- Installing: /home/pi/Frob_robot/ros2/src/ros2_ws/install/rf2o_laser_odometry/share/ament_index/resource_index/packages/rf2o_laser_odometry
[59.750s] -- Installing: /home/pi/Frob_robot/ros2/src/ros2_ws/install/rf2o_laser_odometry/share/rf2o_laser_odometry/cmake/rf2o_laser_odometryConfig.cmake
[59.750s] -- Installing: /home/pi/Frob_robot/ros2/src/ros2_ws/install/rf2o_laser_odometry/share/rf2o_laser_odometry/cmake/rf2o_laser_odometryConfig-version.cmake
[59.751s] -- Installing: /home/pi/Frob_robot/ros2/src/ros2_ws/install/rf2o_laser_odometry/share/rf2o_laser_odometry/package.xml
[59.753s] Invoked command in '/home/pi/Frob_robot/ros2/src/ros2_ws/build/rf2o_laser_odometry' returned '0': CMAKE_PREFIX_PATH=${CMAKE_PREFIX_PATH}:/opt/ros/jazzy /home/pi/.local/bin/cmake --install /home/pi/Frob_robot/ros2/src/ros2_ws/build/rf2o_laser_odometry
