running egg_info
writing ../../build/frob_description/frob_description.egg-info/PKG-INFO
writing dependency_links to ../../build/frob_description/frob_description.egg-info/dependency_links.txt
writing requirements to ../../build/frob_description/frob_description.egg-info/requires.txt
writing top-level names to ../../build/frob_description/frob_description.egg-info/top_level.txt
reading manifest file '../../build/frob_description/frob_description.egg-info/SOURCES.txt'
writing manifest file '../../build/frob_description/frob_description.egg-info/SOURCES.txt'
running build
running build_py
copying frob_description/__init__.py -> /home/pi/Frob_robot/ros2/src/ros2_ws/build/frob_description/build/lib/frob_description
running install
running install_lib
running install_data
copying resource/frob_description -> /home/pi/Frob_robot/ros2/src/ros2_ws/install/frob_description/share/ament_index/resource_index/packages
copying package.xml -> /home/pi/Frob_robot/ros2/src/ros2_ws/install/frob_description/share/frob_description
copying launch/display_slam.launch.py -> /home/pi/Frob_robot/ros2/src/ros2_ws/install/frob_description/share/frob_description/launch
copying launch/display_navigation.launch.py -> /home/pi/Frob_robot/ros2/src/ros2_ws/install/frob_description/share/frob_description/launch
copying launch/description.launch.py -> /home/pi/Frob_robot/ros2/src/ros2_ws/install/frob_description/share/frob_description/launch
copying launch/display_odom.launch.py -> /home/pi/Frob_robot/ros2/src/ros2_ws/install/frob_description/share/frob_description/launch
copying launch/display_model.launch.py -> /home/pi/Frob_robot/ros2/src/ros2_ws/install/frob_description/share/frob_description/launch
copying urdf/robot.urdf -> /home/pi/Frob_robot/ros2/src/ros2_ws/install/frob_description/share/frob_description/urdf
copying rviz/display_config.rviz -> /home/pi/Frob_robot/ros2/src/ros2_ws/install/frob_description/share/frob_description/rviz
copying rviz/lidar_config.rviz -> /home/pi/Frob_robot/ros2/src/ros2_ws/install/frob_description/share/frob_description/rviz
copying rviz/display_odom.rviz -> /home/pi/Frob_robot/ros2/src/ros2_ws/install/frob_description/share/frob_description/rviz
copying rviz/display_slam.rviz -> /home/pi/Frob_robot/ros2/src/ros2_ws/install/frob_description/share/frob_description/rviz
running install_egg_info
removing '/home/pi/Frob_robot/ros2/src/ros2_ws/install/frob_description/lib/python3.12/site-packages/frob_description-0.0.0-py3.12.egg-info' (and everything under it)
Copying ../../build/frob_description/frob_description.egg-info to /home/pi/Frob_robot/ros2/src/ros2_ws/install/frob_description/lib/python3.12/site-packages/frob_description-0.0.0-py3.12.egg-info
running install_scripts
writing list of installed files to '/home/pi/Frob_robot/ros2/src/ros2_ws/build/frob_description/install.log'
