[1.730s] Invoking command in '/home/pi/Frob_robot/ros2/src/ros2_ws/src/frob_description': PYTHONPATH=/home/pi/Frob_robot/ros2/src/ros2_ws/build/frob_description/prefix_override:/usr/lib/python3/dist-packages/colcon_core/task/python/colcon_distutils_commands:/home/pi/Frob_robot/ros2/src/ros2_ws/install/frob_description/lib/python3.12/site-packages:${PYTHONPATH} /usr/bin/python3 -W ignore:setup.py install is deprecated -W ignore:easy_install command is deprecated setup.py egg_info --egg-base ../../build/frob_description build --build-base /home/pi/Frob_robot/ros2/src/ros2_ws/build/frob_description/build install --record /home/pi/Frob_robot/ros2/src/ros2_ws/build/frob_description/install.log --single-version-externally-managed install_data
[2.381s] running egg_info
[2.454s] writing ../../build/frob_description/frob_description.egg-info/PKG-INFO
[2.457s] writing dependency_links to ../../build/frob_description/frob_description.egg-info/dependency_links.txt
[2.458s] writing requirements to ../../build/frob_description/frob_description.egg-info/requires.txt
[2.458s] writing top-level names to ../../build/frob_description/frob_description.egg-info/top_level.txt
[2.543s] reading manifest file '../../build/frob_description/frob_description.egg-info/SOURCES.txt'
[2.544s] writing manifest file '../../build/frob_description/frob_description.egg-info/SOURCES.txt'
[2.545s] running build
[2.545s] running build_py
[2.547s] copying frob_description/__init__.py -> /home/pi/Frob_robot/ros2/src/ros2_ws/build/frob_description/build/lib/frob_description
[2.548s] running install
[2.556s] running install_lib
[2.613s] running install_data
[2.614s] copying resource/frob_description -> /home/pi/Frob_robot/ros2/src/ros2_ws/install/frob_description/share/ament_index/resource_index/packages
[2.614s] copying package.xml -> /home/pi/Frob_robot/ros2/src/ros2_ws/install/frob_description/share/frob_description
[2.615s] copying launch/display_slam.launch.py -> /home/pi/Frob_robot/ros2/src/ros2_ws/install/frob_description/share/frob_description/launch
[2.616s] copying launch/display_navigation.launch.py -> /home/pi/Frob_robot/ros2/src/ros2_ws/install/frob_description/share/frob_description/launch
[2.617s] copying launch/description.launch.py -> /home/pi/Frob_robot/ros2/src/ros2_ws/install/frob_description/share/frob_description/launch
[2.618s] copying launch/display_odom.launch.py -> /home/pi/Frob_robot/ros2/src/ros2_ws/install/frob_description/share/frob_description/launch
[2.619s] copying launch/display_model.launch.py -> /home/pi/Frob_robot/ros2/src/ros2_ws/install/frob_description/share/frob_description/launch
[2.620s] copying urdf/robot.urdf -> /home/pi/Frob_robot/ros2/src/ros2_ws/install/frob_description/share/frob_description/urdf
[2.622s] copying rviz/display_config.rviz -> /home/pi/Frob_robot/ros2/src/ros2_ws/install/frob_description/share/frob_description/rviz
[2.623s] copying rviz/lidar_config.rviz -> /home/pi/Frob_robot/ros2/src/ros2_ws/install/frob_description/share/frob_description/rviz
[2.624s] copying rviz/display_odom.rviz -> /home/pi/Frob_robot/ros2/src/ros2_ws/install/frob_description/share/frob_description/rviz
[2.625s] copying rviz/display_slam.rviz -> /home/pi/Frob_robot/ros2/src/ros2_ws/install/frob_description/share/frob_description/rviz
[2.626s] running install_egg_info
[2.688s] removing '/home/pi/Frob_robot/ros2/src/ros2_ws/install/frob_description/lib/python3.12/site-packages/frob_description-0.0.0-py3.12.egg-info' (and everything under it)
[2.688s] Copying ../../build/frob_description/frob_description.egg-info to /home/pi/Frob_robot/ros2/src/ros2_ws/install/frob_description/lib/python3.12/site-packages/frob_description-0.0.0-py3.12.egg-info
[2.690s] running install_scripts
[2.757s] writing list of installed files to '/home/pi/Frob_robot/ros2/src/ros2_ws/build/frob_description/install.log'
[2.892s] Invoked command in '/home/pi/Frob_robot/ros2/src/ros2_ws/src/frob_description' returned '0': PYTHONPATH=/home/pi/Frob_robot/ros2/src/ros2_ws/build/frob_description/prefix_override:/usr/lib/python3/dist-packages/colcon_core/task/python/colcon_distutils_commands:/home/pi/Frob_robot/ros2/src/ros2_ws/install/frob_description/lib/python3.12/site-packages:${PYTHONPATH} /usr/bin/python3 -W ignore:setup.py install is deprecated -W ignore:easy_install command is deprecated setup.py egg_info --egg-base ../../build/frob_description build --build-base /home/pi/Frob_robot/ros2/src/ros2_ws/build/frob_description/build install --record /home/pi/Frob_robot/ros2/src/ros2_ws/build/frob_description/install.log --single-version-externally-managed install_data
