[2.543s] Invoking command in '/home/pi/Frob_robot/ros2/src/ros2_ws/src/keyboard_vel_control': PYTHONPATH=/home/pi/Frob_robot/ros2/src/ros2_ws/build/keyboard_vel_control/prefix_override:/usr/lib/python3/dist-packages/colcon_core/task/python/colcon_distutils_commands:/home/pi/Frob_robot/ros2/src/ros2_ws/install/keyboard_vel_control/lib/python3.12/site-packages:${PYTHONPATH} /usr/bin/python3 -W ignore:setup.py install is deprecated -W ignore:easy_install command is deprecated setup.py egg_info --egg-base ../../build/keyboard_vel_control build --build-base /home/pi/Frob_robot/ros2/src/ros2_ws/build/keyboard_vel_control/build install --record /home/pi/Frob_robot/ros2/src/ros2_ws/build/keyboard_vel_control/install.log --single-version-externally-managed install_data
[2.992s] /home/pi/.local/lib/python3.12/site-packages/setuptools/_distutils/dist.py:289: UserWarning: Unknown distribution option: 'tests_require'
[2.992s]   warnings.warn(msg)
[3.368s] running egg_info
[3.447s] writing ../../build/keyboard_vel_control/keyboard_vel_control.egg-info/PKG-INFO
[3.450s] writing dependency_links to ../../build/keyboard_vel_control/keyboard_vel_control.egg-info/dependency_links.txt
[3.451s] writing entry points to ../../build/keyboard_vel_control/keyboard_vel_control.egg-info/entry_points.txt
[3.454s] writing requirements to ../../build/keyboard_vel_control/keyboard_vel_control.egg-info/requires.txt
[3.455s] writing top-level names to ../../build/keyboard_vel_control/keyboard_vel_control.egg-info/top_level.txt
[3.630s] reading manifest file '../../build/keyboard_vel_control/keyboard_vel_control.egg-info/SOURCES.txt'
[3.638s] writing manifest file '../../build/keyboard_vel_control/keyboard_vel_control.egg-info/SOURCES.txt'
[3.638s] running build
[3.638s] running build_py
[3.640s] copying keyboard_vel_control/__init__.py -> /home/pi/Frob_robot/ros2/src/ros2_ws/build/keyboard_vel_control/build/lib/keyboard_vel_control
[3.640s] copying keyboard_vel_control/keyboard_vel_control_node.py -> /home/pi/Frob_robot/ros2/src/ros2_ws/build/keyboard_vel_control/build/lib/keyboard_vel_control
[3.646s] running install
[3.656s] running install_lib
[3.727s] running install_data
[3.729s] copying resource/keyboard_vel_control -> /home/pi/Frob_robot/ros2/src/ros2_ws/install/keyboard_vel_control/share/ament_index/resource_index/packages
[3.730s] copying package.xml -> /home/pi/Frob_robot/ros2/src/ros2_ws/install/keyboard_vel_control/share/keyboard_vel_control
[3.735s] running install_egg_info
[3.770s] removing '/home/pi/Frob_robot/ros2/src/ros2_ws/install/keyboard_vel_control/lib/python3.12/site-packages/keyboard_vel_control-0.0.0-py3.12.egg-info' (and everything under it)
[3.772s] Copying ../../build/keyboard_vel_control/keyboard_vel_control.egg-info to /home/pi/Frob_robot/ros2/src/ros2_ws/install/keyboard_vel_control/lib/python3.12/site-packages/keyboard_vel_control-0.0.0-py3.12.egg-info
[3.777s] running install_scripts
[3.852s] Installing keyboard_vel_control script to /home/pi/Frob_robot/ros2/src/ros2_ws/install/keyboard_vel_control/lib/keyboard_vel_control
[3.856s] writing list of installed files to '/home/pi/Frob_robot/ros2/src/ros2_ws/build/keyboard_vel_control/install.log'
[4.043s] Invoked command in '/home/pi/Frob_robot/ros2/src/ros2_ws/src/keyboard_vel_control' returned '0': PYTHONPATH=/home/pi/Frob_robot/ros2/src/ros2_ws/build/keyboard_vel_control/prefix_override:/usr/lib/python3/dist-packages/colcon_core/task/python/colcon_distutils_commands:/home/pi/Frob_robot/ros2/src/ros2_ws/install/keyboard_vel_control/lib/python3.12/site-packages:${PYTHONPATH} /usr/bin/python3 -W ignore:setup.py install is deprecated -W ignore:easy_install command is deprecated setup.py egg_info --egg-base ../../build/keyboard_vel_control build --build-base /home/pi/Frob_robot/ros2/src/ros2_ws/build/keyboard_vel_control/build install --record /home/pi/Frob_robot/ros2/src/ros2_ws/build/keyboard_vel_control/install.log --single-version-externally-managed install_data
