[0.171s] Invoking command in '/home/pi/Frob_robot/ros2/src/ros2_ws/build/so101_moveit': AMENT_PREFIX_PATH=/home/pi/Frob_robot/ros2/src/ros2_ws/install/so101_description:${AMENT_PREFIX_PATH} CMAKE_PREFIX_PATH=/home/pi/Frob_robot/ros2/src/ros2_ws/install/so101_description:/opt/ros/jazzy/opt/gz_sim_vendor:/opt/ros/jazzy/opt/gz_sensors_vendor:/opt/ros/jazzy/opt/gz_physics_vendor:/opt/ros/jazzy/opt/sdformat_vendor:/opt/ros/jazzy/opt/gz_gui_vendor:/opt/ros/jazzy/opt/gz_transport_vendor:/opt/ros/jazzy/opt/gz_rendering_vendor:/opt/ros/jazzy/opt/gz_plugin_vendor:/opt/ros/jazzy/opt/gz_fuel_tools_vendor:/opt/ros/jazzy/opt/gz_msgs_vendor:/opt/ros/jazzy/opt/gz_common_vendor:/opt/ros/jazzy/opt/gz_math_vendor:/opt/ros/jazzy/opt/gz_utils_vendor:/opt/ros/jazzy/opt/gz_tools_vendor:/opt/ros/jazzy/opt/gz_ogre_next_vendor:/opt/ros/jazzy/opt/gz_dartsim_vendor:/opt/ros/jazzy/opt/gz_cmake_vendor:/opt/ros/jazzy /home/pi/.local/bin/cmake --build /home/pi/Frob_robot/ros2/src/ros2_ws/build/so101_moveit -- -j4 -l4
[2.058s] Invoked command in '/home/pi/Frob_robot/ros2/src/ros2_ws/build/so101_moveit' returned '0': AMENT_PREFIX_PATH=/home/pi/Frob_robot/ros2/src/ros2_ws/install/so101_description:${AMENT_PREFIX_PATH} CMAKE_PREFIX_PATH=/home/pi/Frob_robot/ros2/src/ros2_ws/install/so101_description:/opt/ros/jazzy/opt/gz_sim_vendor:/opt/ros/jazzy/opt/gz_sensors_vendor:/opt/ros/jazzy/opt/gz_physics_vendor:/opt/ros/jazzy/opt/sdformat_vendor:/opt/ros/jazzy/opt/gz_gui_vendor:/opt/ros/jazzy/opt/gz_transport_vendor:/opt/ros/jazzy/opt/gz_rendering_vendor:/opt/ros/jazzy/opt/gz_plugin_vendor:/opt/ros/jazzy/opt/gz_fuel_tools_vendor:/opt/ros/jazzy/opt/gz_msgs_vendor:/opt/ros/jazzy/opt/gz_common_vendor:/opt/ros/jazzy/opt/gz_math_vendor:/opt/ros/jazzy/opt/gz_utils_vendor:/opt/ros/jazzy/opt/gz_tools_vendor:/opt/ros/jazzy/opt/gz_ogre_next_vendor:/opt/ros/jazzy/opt/gz_dartsim_vendor:/opt/ros/jazzy/opt/gz_cmake_vendor:/opt/ros/jazzy /home/pi/.local/bin/cmake --build /home/pi/Frob_robot/ros2/src/ros2_ws/build/so101_moveit -- -j4 -l4
[2.065s] Invoking command in '/home/pi/Frob_robot/ros2/src/ros2_ws/build/so101_moveit': AMENT_PREFIX_PATH=/home/pi/Frob_robot/ros2/src/ros2_ws/install/so101_description:${AMENT_PREFIX_PATH} CMAKE_PREFIX_PATH=/home/pi/Frob_robot/ros2/src/ros2_ws/install/so101_description:/opt/ros/jazzy/opt/gz_sim_vendor:/opt/ros/jazzy/opt/gz_sensors_vendor:/opt/ros/jazzy/opt/gz_physics_vendor:/opt/ros/jazzy/opt/sdformat_vendor:/opt/ros/jazzy/opt/gz_gui_vendor:/opt/ros/jazzy/opt/gz_transport_vendor:/opt/ros/jazzy/opt/gz_rendering_vendor:/opt/ros/jazzy/opt/gz_plugin_vendor:/opt/ros/jazzy/opt/gz_fuel_tools_vendor:/opt/ros/jazzy/opt/gz_msgs_vendor:/opt/ros/jazzy/opt/gz_common_vendor:/opt/ros/jazzy/opt/gz_math_vendor:/opt/ros/jazzy/opt/gz_utils_vendor:/opt/ros/jazzy/opt/gz_tools_vendor:/opt/ros/jazzy/opt/gz_ogre_next_vendor:/opt/ros/jazzy/opt/gz_dartsim_vendor:/opt/ros/jazzy/opt/gz_cmake_vendor:/opt/ros/jazzy /home/pi/.local/bin/cmake --install /home/pi/Frob_robot/ros2/src/ros2_ws/build/so101_moveit
[2.631s] -- Install configuration: ""
[2.636s] -- Up-to-date: /home/pi/Frob_robot/ros2/src/ros2_ws/install/so101_moveit/share/ament_index/resource_index/package_run_dependencies/so101_moveit
[2.637s] -- Up-to-date: /home/pi/Frob_robot/ros2/src/ros2_ws/install/so101_moveit/share/ament_index/resource_index/parent_prefix_path/so101_moveit
[2.641s] -- Up-to-date: /home/pi/Frob_robot/ros2/src/ros2_ws/install/so101_moveit/share/so101_moveit/environment/ament_prefix_path.sh
[2.641s] -- Up-to-date: /home/pi/Frob_robot/ros2/src/ros2_ws/install/so101_moveit/share/so101_moveit/environment/ament_prefix_path.dsv
[2.641s] -- Up-to-date: /home/pi/Frob_robot/ros2/src/ros2_ws/install/so101_moveit/share/so101_moveit/environment/path.sh
[2.641s] -- Up-to-date: /home/pi/Frob_robot/ros2/src/ros2_ws/install/so101_moveit/share/so101_moveit/environment/path.dsv
[2.641s] -- Up-to-date: /home/pi/Frob_robot/ros2/src/ros2_ws/install/so101_moveit/share/so101_moveit/local_setup.bash
[2.641s] -- Up-to-date: /home/pi/Frob_robot/ros2/src/ros2_ws/install/so101_moveit/share/so101_moveit/local_setup.sh
[2.641s] -- Up-to-date: /home/pi/Frob_robot/ros2/src/ros2_ws/install/so101_moveit/share/so101_moveit/local_setup.zsh
[2.642s] -- Up-to-date: /home/pi/Frob_robot/ros2/src/ros2_ws/install/so101_moveit/share/so101_moveit/local_setup.dsv
[2.642s] -- Installing: /home/pi/Frob_robot/ros2/src/ros2_ws/install/so101_moveit/share/so101_moveit/package.dsv
[2.645s] -- Up-to-date: /home/pi/Frob_robot/ros2/src/ros2_ws/install/so101_moveit/share/ament_index/resource_index/packages/so101_moveit
[2.648s] -- Up-to-date: /home/pi/Frob_robot/ros2/src/ros2_ws/install/so101_moveit/share/so101_moveit/cmake/so101_moveitConfig.cmake
[2.649s] -- Up-to-date: /home/pi/Frob_robot/ros2/src/ros2_ws/install/so101_moveit/share/so101_moveit/cmake/so101_moveitConfig-version.cmake
[2.649s] -- Up-to-date: /home/pi/Frob_robot/ros2/src/ros2_ws/install/so101_moveit/share/so101_moveit/package.xml
[2.649s] -- Up-to-date: /home/pi/Frob_robot/ros2/src/ros2_ws/install/so101_moveit/share/so101_moveit/launch
[2.649s] -- Up-to-date: /home/pi/Frob_robot/ros2/src/ros2_ws/install/so101_moveit/share/so101_moveit/launch/setup_assistant.launch.py
[2.649s] -- Up-to-date: /home/pi/Frob_robot/ros2/src/ros2_ws/install/so101_moveit/share/so101_moveit/launch/rsp.launch.py
[2.649s] -- Up-to-date: /home/pi/Frob_robot/ros2/src/ros2_ws/install/so101_moveit/share/so101_moveit/launch/warehouse_db.launch.py
[2.649s] -- Up-to-date: /home/pi/Frob_robot/ros2/src/ros2_ws/install/so101_moveit/share/so101_moveit/launch/move_group.launch.py
[2.649s] -- Up-to-date: /home/pi/Frob_robot/ros2/src/ros2_ws/install/so101_moveit/share/so101_moveit/launch/moveit_rviz.launch.py
[2.649s] -- Up-to-date: /home/pi/Frob_robot/ros2/src/ros2_ws/install/so101_moveit/share/so101_moveit/launch/static_virtual_joint_tfs.launch.py
[2.649s] -- Up-to-date: /home/pi/Frob_robot/ros2/src/ros2_ws/install/so101_moveit/share/so101_moveit/launch/demo.launch.py
[2.650s] -- Up-to-date: /home/pi/Frob_robot/ros2/src/ros2_ws/install/so101_moveit/share/so101_moveit/launch/demo2.launch.py
[2.650s] -- Up-to-date: /home/pi/Frob_robot/ros2/src/ros2_ws/install/so101_moveit/share/so101_moveit/launch/spawn_controllers.launch.py
[2.650s] -- Up-to-date: /home/pi/Frob_robot/ros2/src/ros2_ws/install/so101_moveit/share/so101_moveit/config
[2.650s] -- Up-to-date: /home/pi/Frob_robot/ros2/src/ros2_ws/install/so101_moveit/share/so101_moveit/config/so101_new_calib.urdf.xacro
[2.650s] -- Up-to-date: /home/pi/Frob_robot/ros2/src/ros2_ws/install/so101_moveit/share/so101_moveit/config/moveit.rviz
[2.650s] -- Up-to-date: /home/pi/Frob_robot/ros2/src/ros2_ws/install/so101_moveit/share/so101_moveit/config/so101_new_calib.ros2_control.xacro
[2.650s] -- Up-to-date: /home/pi/Frob_robot/ros2/src/ros2_ws/install/so101_moveit/share/so101_moveit/config/initial_positions.yaml
[2.652s] -- Up-to-date: /home/pi/Frob_robot/ros2/src/ros2_ws/install/so101_moveit/share/so101_moveit/config/so101_new_calib.srdf
[2.652s] -- Up-to-date: /home/pi/Frob_robot/ros2/src/ros2_ws/install/so101_moveit/share/so101_moveit/config/ros2_controllers.yaml
[2.652s] -- Up-to-date: /home/pi/Frob_robot/ros2/src/ros2_ws/install/so101_moveit/share/so101_moveit/config/joint_limits.yaml
[2.652s] -- Up-to-date: /home/pi/Frob_robot/ros2/src/ros2_ws/install/so101_moveit/share/so101_moveit/config/motor_calibration.yaml
[2.652s] -- Up-to-date: /home/pi/Frob_robot/ros2/src/ros2_ws/install/so101_moveit/share/so101_moveit/config/moveit_controllers.yaml
[2.652s] -- Up-to-date: /home/pi/Frob_robot/ros2/src/ros2_ws/install/so101_moveit/share/so101_moveit/config/pilz_cartesian_limits.yaml
[2.652s] -- Up-to-date: /home/pi/Frob_robot/ros2/src/ros2_ws/install/so101_moveit/share/so101_moveit/config/kinematics.yaml
[2.653s] -- Up-to-date: /home/pi/Frob_robot/ros2/src/ros2_ws/install/so101_moveit/share/so101_moveit/.setup_assistant
[2.660s] Invoked command in '/home/pi/Frob_robot/ros2/src/ros2_ws/build/so101_moveit' returned '0': AMENT_PREFIX_PATH=/home/pi/Frob_robot/ros2/src/ros2_ws/install/so101_description:${AMENT_PREFIX_PATH} CMAKE_PREFIX_PATH=/home/pi/Frob_robot/ros2/src/ros2_ws/install/so101_description:/opt/ros/jazzy/opt/gz_sim_vendor:/opt/ros/jazzy/opt/gz_sensors_vendor:/opt/ros/jazzy/opt/gz_physics_vendor:/opt/ros/jazzy/opt/sdformat_vendor:/opt/ros/jazzy/opt/gz_gui_vendor:/opt/ros/jazzy/opt/gz_transport_vendor:/opt/ros/jazzy/opt/gz_rendering_vendor:/opt/ros/jazzy/opt/gz_plugin_vendor:/opt/ros/jazzy/opt/gz_fuel_tools_vendor:/opt/ros/jazzy/opt/gz_msgs_vendor:/opt/ros/jazzy/opt/gz_common_vendor:/opt/ros/jazzy/opt/gz_math_vendor:/opt/ros/jazzy/opt/gz_utils_vendor:/opt/ros/jazzy/opt/gz_tools_vendor:/opt/ros/jazzy/opt/gz_ogre_next_vendor:/opt/ros/jazzy/opt/gz_dartsim_vendor:/opt/ros/jazzy/opt/gz_cmake_vendor:/opt/ros/jazzy /home/pi/.local/bin/cmake --install /home/pi/Frob_robot/ros2/src/ros2_ws/build/so101_moveit
