[3.752s] Invoking command in '/home/pi/Frob_robot/ros2/src/ros2_ws/src/frob_bringup': AMENT_PREFIX_PATH=/home/pi/Frob_robot/ros2/src/ros2_ws/install/ros2_arduino_bridge:/home/pi/Frob_robot/ros2/src/ros2_ws/install/sllidar_ros2:/home/pi/Frob_robot/ros2/src/ros2_ws/install/frob_interfaces:${AMENT_PREFIX_PATH} CMAKE_PREFIX_PATH=/home/pi/Frob_robot/ros2/src/ros2_ws/install/sllidar_ros2:/home/pi/Frob_robot/ros2/src/ros2_ws/install/frob_interfaces:${CMAKE_PREFIX_PATH} LD_LIBRARY_PATH=/home/pi/Frob_robot/ros2/src/ros2_ws/install/frob_interfaces/lib:${LD_LIBRARY_PATH} PYTHONPATH=/home/pi/Frob_robot/ros2/src/ros2_ws/build/frob_bringup/prefix_override:/usr/lib/python3/dist-packages/colcon_core/task/python/colcon_distutils_commands:/home/pi/Frob_robot/ros2/src/ros2_ws/install/frob_bringup/lib/python3.12/site-packages:/home/pi/Frob_robot/ros2/src/ros2_ws/install/ros2_arduino_bridge/lib/python3.12/site-packages:/home/pi/Frob_robot/ros2/src/ros2_ws/install/frob_interfaces/lib/python3.12/site-packages:${PYTHONPATH} /usr/bin/python3 -W ignore:setup.py install is deprecated -W ignore:easy_install command is deprecated setup.py egg_info --egg-base ../../build/frob_bringup build --build-base /home/pi/Frob_robot/ros2/src/ros2_ws/build/frob_bringup/build install --record /home/pi/Frob_robot/ros2/src/ros2_ws/build/frob_bringup/install.log --single-version-externally-managed install_data
[4.508s] running egg_info
[4.562s] writing ../../build/frob_bringup/frob_bringup.egg-info/PKG-INFO
[4.571s] writing dependency_links to ../../build/frob_bringup/frob_bringup.egg-info/dependency_links.txt
[4.573s] writing entry points to ../../build/frob_bringup/frob_bringup.egg-info/entry_points.txt
[4.573s] writing requirements to ../../build/frob_bringup/frob_bringup.egg-info/requires.txt
[4.574s] writing top-level names to ../../build/frob_bringup/frob_bringup.egg-info/top_level.txt
[4.687s] reading manifest file '../../build/frob_bringup/frob_bringup.egg-info/SOURCES.txt'
[4.691s] writing manifest file '../../build/frob_bringup/frob_bringup.egg-info/SOURCES.txt'
[4.692s] running build
[4.693s] running build_py
[4.694s] copying frob_bringup/__init__.py -> /home/pi/Frob_robot/ros2/src/ros2_ws/build/frob_bringup/build/lib/frob_bringup
[4.696s] copying frob_bringup/cmd_vel_teleop.py -> /home/pi/Frob_robot/ros2/src/ros2_ws/build/frob_bringup/build/lib/frob_bringup
[4.697s] running install
[4.709s] running install_lib
[4.767s] running install_data
[4.768s] copying package.xml -> /home/pi/Frob_robot/ros2/src/ros2_ws/install/frob_bringup/share/frob_bringup
[4.770s] copying launch/bringup.launch.py -> /home/pi/Frob_robot/ros2/src/ros2_ws/install/frob_bringup/share/frob_bringup/launch
[4.774s] running install_egg_info
[4.829s] removing '/home/pi/Frob_robot/ros2/src/ros2_ws/install/frob_bringup/lib/python3.12/site-packages/frob_bringup-0.1.0-py3.12.egg-info' (and everything under it)
[4.831s] Copying ../../build/frob_bringup/frob_bringup.egg-info to /home/pi/Frob_robot/ros2/src/ros2_ws/install/frob_bringup/lib/python3.12/site-packages/frob_bringup-0.1.0-py3.12.egg-info
[4.834s] running install_scripts
[4.950s] Installing keyboard_teleop script to /home/pi/Frob_robot/ros2/src/ros2_ws/install/frob_bringup/lib/frob_bringup
[4.951s] writing list of installed files to '/home/pi/Frob_robot/ros2/src/ros2_ws/build/frob_bringup/install.log'
[5.046s] Invoked command in '/home/pi/Frob_robot/ros2/src/ros2_ws/src/frob_bringup' returned '0': AMENT_PREFIX_PATH=/home/pi/Frob_robot/ros2/src/ros2_ws/install/ros2_arduino_bridge:/home/pi/Frob_robot/ros2/src/ros2_ws/install/sllidar_ros2:/home/pi/Frob_robot/ros2/src/ros2_ws/install/frob_interfaces:${AMENT_PREFIX_PATH} CMAKE_PREFIX_PATH=/home/pi/Frob_robot/ros2/src/ros2_ws/install/sllidar_ros2:/home/pi/Frob_robot/ros2/src/ros2_ws/install/frob_interfaces:${CMAKE_PREFIX_PATH} LD_LIBRARY_PATH=/home/pi/Frob_robot/ros2/src/ros2_ws/install/frob_interfaces/lib:${LD_LIBRARY_PATH} PYTHONPATH=/home/pi/Frob_robot/ros2/src/ros2_ws/build/frob_bringup/prefix_override:/usr/lib/python3/dist-packages/colcon_core/task/python/colcon_distutils_commands:/home/pi/Frob_robot/ros2/src/ros2_ws/install/frob_bringup/lib/python3.12/site-packages:/home/pi/Frob_robot/ros2/src/ros2_ws/install/ros2_arduino_bridge/lib/python3.12/site-packages:/home/pi/Frob_robot/ros2/src/ros2_ws/install/frob_interfaces/lib/python3.12/site-packages:${PYTHONPATH} /usr/bin/python3 -W ignore:setup.py install is deprecated -W ignore:easy_install command is deprecated setup.py egg_info --egg-base ../../build/frob_bringup build --build-base /home/pi/Frob_robot/ros2/src/ros2_ws/build/frob_bringup/build install --record /home/pi/Frob_robot/ros2/src/ros2_ws/build/frob_bringup/install.log --single-version-externally-managed install_data
