[3.051s] Invoking command in '/home/pi/Frob_robot/ros2/src/ros2_ws/src/frob_odometry': PYTHONPATH=/home/pi/Frob_robot/ros2/src/ros2_ws/build/frob_odometry/prefix_override:/usr/lib/python3/dist-packages/colcon_core/task/python/colcon_distutils_commands:/home/pi/Frob_robot/ros2/src/ros2_ws/install/frob_odometry/lib/python3.12/site-packages:${PYTHONPATH} /usr/bin/python3 -W ignore:setup.py install is deprecated -W ignore:easy_install command is deprecated setup.py egg_info --egg-base ../../build/frob_odometry build --build-base /home/pi/Frob_robot/ros2/src/ros2_ws/build/frob_odometry/build install --record /home/pi/Frob_robot/ros2/src/ros2_ws/build/frob_odometry/install.log --single-version-externally-managed install_data
[4.580s] running egg_info
[4.666s] creating ../../build/frob_odometry/frob_odometry.egg-info
[4.672s] writing ../../build/frob_odometry/frob_odometry.egg-info/PKG-INFO
[4.672s] writing dependency_links to ../../build/frob_odometry/frob_odometry.egg-info/dependency_links.txt
[4.676s] writing entry points to ../../build/frob_odometry/frob_odometry.egg-info/entry_points.txt
[4.676s] writing requirements to ../../build/frob_odometry/frob_odometry.egg-info/requires.txt
[4.676s] writing top-level names to ../../build/frob_odometry/frob_odometry.egg-info/top_level.txt
[4.677s] writing manifest file '../../build/frob_odometry/frob_odometry.egg-info/SOURCES.txt'
[4.905s] reading manifest file '../../build/frob_odometry/frob_odometry.egg-info/SOURCES.txt'
[4.910s] writing manifest file '../../build/frob_odometry/frob_odometry.egg-info/SOURCES.txt'
[4.910s] running build
[4.910s] running build_py
[4.911s] creating /home/pi/Frob_robot/ros2/src/ros2_ws/build/frob_odometry/build/lib/frob_odometry
[4.911s] copying frob_odometry/old_odometry.py -> /home/pi/Frob_robot/ros2/src/ros2_ws/build/frob_odometry/build/lib/frob_odometry
[4.916s] copying frob_odometry/odom.py -> /home/pi/Frob_robot/ros2/src/ros2_ws/build/frob_odometry/build/lib/frob_odometry
[4.920s] copying frob_odometry/__init__.py -> /home/pi/Frob_robot/ros2/src/ros2_ws/build/frob_odometry/build/lib/frob_odometry
[4.921s] running install
[4.945s] running install_lib
[5.086s] creating /home/pi/Frob_robot/ros2/src/ros2_ws/install/frob_odometry/lib/python3.12/site-packages/frob_odometry
[5.086s] copying /home/pi/Frob_robot/ros2/src/ros2_ws/build/frob_odometry/build/lib/frob_odometry/old_odometry.py -> /home/pi/Frob_robot/ros2/src/ros2_ws/install/frob_odometry/lib/python3.12/site-packages/frob_odometry
[5.087s] copying /home/pi/Frob_robot/ros2/src/ros2_ws/build/frob_odometry/build/lib/frob_odometry/odom.py -> /home/pi/Frob_robot/ros2/src/ros2_ws/install/frob_odometry/lib/python3.12/site-packages/frob_odometry
[5.092s] copying /home/pi/Frob_robot/ros2/src/ros2_ws/build/frob_odometry/build/lib/frob_odometry/__init__.py -> /home/pi/Frob_robot/ros2/src/ros2_ws/install/frob_odometry/lib/python3.12/site-packages/frob_odometry
[5.093s] byte-compiling /home/pi/Frob_robot/ros2/src/ros2_ws/install/frob_odometry/lib/python3.12/site-packages/frob_odometry/old_odometry.py to old_odometry.cpython-312.pyc
[5.099s] byte-compiling /home/pi/Frob_robot/ros2/src/ros2_ws/install/frob_odometry/lib/python3.12/site-packages/frob_odometry/odom.py to odom.cpython-312.pyc
[5.106s] byte-compiling /home/pi/Frob_robot/ros2/src/ros2_ws/install/frob_odometry/lib/python3.12/site-packages/frob_odometry/__init__.py to __init__.cpython-312.pyc
[5.106s] running install_data
[5.113s] creating /home/pi/Frob_robot/ros2/src/ros2_ws/install/frob_odometry/share/ament_index/resource_index/packages
[5.113s] copying resource/frob_odometry -> /home/pi/Frob_robot/ros2/src/ros2_ws/install/frob_odometry/share/ament_index/resource_index/packages
[5.113s] copying package.xml -> /home/pi/Frob_robot/ros2/src/ros2_ws/install/frob_odometry/share/frob_odometry
[5.113s] creating /home/pi/Frob_robot/ros2/src/ros2_ws/install/frob_odometry/share/frob_odometry/launch
[5.113s] copying launch/odometry.launch.py -> /home/pi/Frob_robot/ros2/src/ros2_ws/install/frob_odometry/share/frob_odometry/launch
[5.114s] creating /home/pi/Frob_robot/ros2/src/ros2_ws/install/frob_odometry/share/frob_odometry/config
[5.117s] copying config/odometry_params.yaml -> /home/pi/Frob_robot/ros2/src/ros2_ws/install/frob_odometry/share/frob_odometry/config
[5.118s] copying config/ekf.yaml -> /home/pi/Frob_robot/ros2/src/ros2_ws/install/frob_odometry/share/frob_odometry/config
[5.119s] running install_egg_info
[5.245s] Copying ../../build/frob_odometry/frob_odometry.egg-info to /home/pi/Frob_robot/ros2/src/ros2_ws/install/frob_odometry/lib/python3.12/site-packages/frob_odometry-0.0.0-py3.12.egg-info
[5.252s] running install_scripts
[5.454s] Installing odometry_publisher script to /home/pi/Frob_robot/ros2/src/ros2_ws/install/frob_odometry/lib/frob_odometry
[5.463s] writing list of installed files to '/home/pi/Frob_robot/ros2/src/ros2_ws/build/frob_odometry/install.log'
[5.702s] Invoked command in '/home/pi/Frob_robot/ros2/src/ros2_ws/src/frob_odometry' returned '0': PYTHONPATH=/home/pi/Frob_robot/ros2/src/ros2_ws/build/frob_odometry/prefix_override:/usr/lib/python3/dist-packages/colcon_core/task/python/colcon_distutils_commands:/home/pi/Frob_robot/ros2/src/ros2_ws/install/frob_odometry/lib/python3.12/site-packages:${PYTHONPATH} /usr/bin/python3 -W ignore:setup.py install is deprecated -W ignore:easy_install command is deprecated setup.py egg_info --egg-base ../../build/frob_odometry build --build-base /home/pi/Frob_robot/ros2/src/ros2_ws/build/frob_odometry/build install --record /home/pi/Frob_robot/ros2/src/ros2_ws/build/frob_odometry/install.log --single-version-externally-managed install_data
