[0.026s] Invoking command in '/home/pi/Frob_robot/ros2/src/ros2_ws/build/so101_moveit': CMAKE_PREFIX_PATH=/home/pi/Frob_robot/ros2/src/ros2_ws/install/so101_description:/home/pi/Frob_robot/ros2/src/ros2_ws/install/so101_moveit:/home/pi/Frob_robot/ros2/src/ros2_ws/install/so101_hardware:/home/pi/Frob_robot/ros2/src/ros2_ws/install/sllidar_ros2:/home/pi/Frob_robot/ros2/src/ros2_ws/install/ros2_mpu6050:/home/pi/Frob_robot/ros2/src/ros2_ws/install/rf2o_laser_odometry:/home/pi/Frob_robot/ros2/src/ros2_ws/install/frob_interfaces:/opt/ros/jazzy/opt/gz_sim_vendor:/opt/ros/jazzy/opt/gz_sensors_vendor:/opt/ros/jazzy/opt/gz_physics_vendor:/opt/ros/jazzy/opt/sdformat_vendor:/opt/ros/jazzy/opt/gz_gui_vendor:/opt/ros/jazzy/opt/gz_transport_vendor:/opt/ros/jazzy/opt/gz_rendering_vendor:/opt/ros/jazzy/opt/gz_plugin_vendor:/opt/ros/jazzy/opt/gz_fuel_tools_vendor:/opt/ros/jazzy/opt/gz_msgs_vendor:/opt/ros/jazzy/opt/gz_common_vendor:/opt/ros/jazzy/opt/gz_math_vendor:/opt/ros/jazzy/opt/gz_utils_vendor:/opt/ros/jazzy/opt/gz_tools_vendor:/opt/ros/jazzy/opt/gz_ogre_next_vendor:/opt/ros/jazzy/opt/gz_dartsim_vendor:/opt/ros/jazzy/opt/gz_cmake_vendor:/home/pi/Frob_robot/ros2/src/ros2_ws/install/frob_bringup:/home/pi/Frob_robot/ros2/src/ros2_ws/install/ros2_arduino_bridge:/home/pi/Frob_robot/ros2/src/ros2_ws/install/lidar_filter:/home/pi/Frob_robot/ros2/src/ros2_ws/install/keyboard_vel_control:/home/pi/Frob_robot/ros2/src/ros2_ws/install/frob_odometry:/home/pi/Frob_robot/ros2/src/ros2_ws/install/frob_navigation:/home/pi/Frob_robot/ros2/src/ros2_ws/install/frob_description:/home/pi/Frob_robot/ros2/src/ros2_ws/install/frob_control:/opt/ros/jazzy /home/pi/.local/bin/cmake --build /home/pi/Frob_robot/ros2/src/ros2_ws/build/so101_moveit -- -j4 -l4
[0.832s] Invoked command in '/home/pi/Frob_robot/ros2/src/ros2_ws/build/so101_moveit' returned '0': CMAKE_PREFIX_PATH=/home/pi/Frob_robot/ros2/src/ros2_ws/install/so101_description:/home/pi/Frob_robot/ros2/src/ros2_ws/install/so101_moveit:/home/pi/Frob_robot/ros2/src/ros2_ws/install/so101_hardware:/home/pi/Frob_robot/ros2/src/ros2_ws/install/sllidar_ros2:/home/pi/Frob_robot/ros2/src/ros2_ws/install/ros2_mpu6050:/home/pi/Frob_robot/ros2/src/ros2_ws/install/rf2o_laser_odometry:/home/pi/Frob_robot/ros2/src/ros2_ws/install/frob_interfaces:/opt/ros/jazzy/opt/gz_sim_vendor:/opt/ros/jazzy/opt/gz_sensors_vendor:/opt/ros/jazzy/opt/gz_physics_vendor:/opt/ros/jazzy/opt/sdformat_vendor:/opt/ros/jazzy/opt/gz_gui_vendor:/opt/ros/jazzy/opt/gz_transport_vendor:/opt/ros/jazzy/opt/gz_rendering_vendor:/opt/ros/jazzy/opt/gz_plugin_vendor:/opt/ros/jazzy/opt/gz_fuel_tools_vendor:/opt/ros/jazzy/opt/gz_msgs_vendor:/opt/ros/jazzy/opt/gz_common_vendor:/opt/ros/jazzy/opt/gz_math_vendor:/opt/ros/jazzy/opt/gz_utils_vendor:/opt/ros/jazzy/opt/gz_tools_vendor:/opt/ros/jazzy/opt/gz_ogre_next_vendor:/opt/ros/jazzy/opt/gz_dartsim_vendor:/opt/ros/jazzy/opt/gz_cmake_vendor:/home/pi/Frob_robot/ros2/src/ros2_ws/install/frob_bringup:/home/pi/Frob_robot/ros2/src/ros2_ws/install/ros2_arduino_bridge:/home/pi/Frob_robot/ros2/src/ros2_ws/install/lidar_filter:/home/pi/Frob_robot/ros2/src/ros2_ws/install/keyboard_vel_control:/home/pi/Frob_robot/ros2/src/ros2_ws/install/frob_odometry:/home/pi/Frob_robot/ros2/src/ros2_ws/install/frob_navigation:/home/pi/Frob_robot/ros2/src/ros2_ws/install/frob_description:/home/pi/Frob_robot/ros2/src/ros2_ws/install/frob_control:/opt/ros/jazzy /home/pi/.local/bin/cmake --build /home/pi/Frob_robot/ros2/src/ros2_ws/build/so101_moveit -- -j4 -l4
[0.837s] Invoking command in '/home/pi/Frob_robot/ros2/src/ros2_ws/build/so101_moveit': CMAKE_PREFIX_PATH=/home/pi/Frob_robot/ros2/src/ros2_ws/install/so101_description:/home/pi/Frob_robot/ros2/src/ros2_ws/install/so101_moveit:/home/pi/Frob_robot/ros2/src/ros2_ws/install/so101_hardware:/home/pi/Frob_robot/ros2/src/ros2_ws/install/sllidar_ros2:/home/pi/Frob_robot/ros2/src/ros2_ws/install/ros2_mpu6050:/home/pi/Frob_robot/ros2/src/ros2_ws/install/rf2o_laser_odometry:/home/pi/Frob_robot/ros2/src/ros2_ws/install/frob_interfaces:/opt/ros/jazzy/opt/gz_sim_vendor:/opt/ros/jazzy/opt/gz_sensors_vendor:/opt/ros/jazzy/opt/gz_physics_vendor:/opt/ros/jazzy/opt/sdformat_vendor:/opt/ros/jazzy/opt/gz_gui_vendor:/opt/ros/jazzy/opt/gz_transport_vendor:/opt/ros/jazzy/opt/gz_rendering_vendor:/opt/ros/jazzy/opt/gz_plugin_vendor:/opt/ros/jazzy/opt/gz_fuel_tools_vendor:/opt/ros/jazzy/opt/gz_msgs_vendor:/opt/ros/jazzy/opt/gz_common_vendor:/opt/ros/jazzy/opt/gz_math_vendor:/opt/ros/jazzy/opt/gz_utils_vendor:/opt/ros/jazzy/opt/gz_tools_vendor:/opt/ros/jazzy/opt/gz_ogre_next_vendor:/opt/ros/jazzy/opt/gz_dartsim_vendor:/opt/ros/jazzy/opt/gz_cmake_vendor:/home/pi/Frob_robot/ros2/src/ros2_ws/install/frob_bringup:/home/pi/Frob_robot/ros2/src/ros2_ws/install/ros2_arduino_bridge:/home/pi/Frob_robot/ros2/src/ros2_ws/install/lidar_filter:/home/pi/Frob_robot/ros2/src/ros2_ws/install/keyboard_vel_control:/home/pi/Frob_robot/ros2/src/ros2_ws/install/frob_odometry:/home/pi/Frob_robot/ros2/src/ros2_ws/install/frob_navigation:/home/pi/Frob_robot/ros2/src/ros2_ws/install/frob_description:/home/pi/Frob_robot/ros2/src/ros2_ws/install/frob_control:/opt/ros/jazzy /home/pi/.local/bin/cmake --install /home/pi/Frob_robot/ros2/src/ros2_ws/build/so101_moveit
[1.039s] -- Install configuration: ""
[1.040s] -- Up-to-date: /home/pi/Frob_robot/ros2/src/ros2_ws/install/so101_moveit/share/ament_index/resource_index/package_run_dependencies/so101_moveit
[1.040s] -- Up-to-date: /home/pi/Frob_robot/ros2/src/ros2_ws/install/so101_moveit/share/ament_index/resource_index/parent_prefix_path/so101_moveit
[1.040s] -- Up-to-date: /home/pi/Frob_robot/ros2/src/ros2_ws/install/so101_moveit/share/so101_moveit/environment/ament_prefix_path.sh
[1.040s] -- Up-to-date: /home/pi/Frob_robot/ros2/src/ros2_ws/install/so101_moveit/share/so101_moveit/environment/ament_prefix_path.dsv
[1.040s] -- Up-to-date: /home/pi/Frob_robot/ros2/src/ros2_ws/install/so101_moveit/share/so101_moveit/environment/path.sh
[1.040s] -- Up-to-date: /home/pi/Frob_robot/ros2/src/ros2_ws/install/so101_moveit/share/so101_moveit/environment/path.dsv
[1.040s] -- Up-to-date: /home/pi/Frob_robot/ros2/src/ros2_ws/install/so101_moveit/share/so101_moveit/local_setup.bash
[1.040s] -- Up-to-date: /home/pi/Frob_robot/ros2/src/ros2_ws/install/so101_moveit/share/so101_moveit/local_setup.sh
[1.041s] -- Up-to-date: /home/pi/Frob_robot/ros2/src/ros2_ws/install/so101_moveit/share/so101_moveit/local_setup.zsh
[1.041s] -- Up-to-date: /home/pi/Frob_robot/ros2/src/ros2_ws/install/so101_moveit/share/so101_moveit/local_setup.dsv
[1.041s] -- Installing: /home/pi/Frob_robot/ros2/src/ros2_ws/install/so101_moveit/share/so101_moveit/package.dsv
[1.041s] -- Up-to-date: /home/pi/Frob_robot/ros2/src/ros2_ws/install/so101_moveit/share/ament_index/resource_index/packages/so101_moveit
[1.041s] -- Up-to-date: /home/pi/Frob_robot/ros2/src/ros2_ws/install/so101_moveit/share/so101_moveit/cmake/so101_moveitConfig.cmake
[1.041s] -- Up-to-date: /home/pi/Frob_robot/ros2/src/ros2_ws/install/so101_moveit/share/so101_moveit/cmake/so101_moveitConfig-version.cmake
[1.041s] -- Up-to-date: /home/pi/Frob_robot/ros2/src/ros2_ws/install/so101_moveit/share/so101_moveit/package.xml
[1.041s] -- Up-to-date: /home/pi/Frob_robot/ros2/src/ros2_ws/install/so101_moveit/share/so101_moveit/launch
[1.041s] -- Up-to-date: /home/pi/Frob_robot/ros2/src/ros2_ws/install/so101_moveit/share/so101_moveit/launch/setup_assistant.launch.py
[1.041s] -- Up-to-date: /home/pi/Frob_robot/ros2/src/ros2_ws/install/so101_moveit/share/so101_moveit/launch/rsp.launch.py
[1.042s] -- Up-to-date: /home/pi/Frob_robot/ros2/src/ros2_ws/install/so101_moveit/share/so101_moveit/launch/warehouse_db.launch.py
[1.042s] -- Up-to-date: /home/pi/Frob_robot/ros2/src/ros2_ws/install/so101_moveit/share/so101_moveit/launch/move_group.launch.py
[1.042s] -- Up-to-date: /home/pi/Frob_robot/ros2/src/ros2_ws/install/so101_moveit/share/so101_moveit/launch/moveit_rviz.launch.py
[1.042s] -- Up-to-date: /home/pi/Frob_robot/ros2/src/ros2_ws/install/so101_moveit/share/so101_moveit/launch/static_virtual_joint_tfs.launch.py
[1.042s] -- Up-to-date: /home/pi/Frob_robot/ros2/src/ros2_ws/install/so101_moveit/share/so101_moveit/launch/demo.launch.py
[1.042s] -- Installing: /home/pi/Frob_robot/ros2/src/ros2_ws/install/so101_moveit/share/so101_moveit/launch/demo2.launch.py
[1.042s] -- Up-to-date: /home/pi/Frob_robot/ros2/src/ros2_ws/install/so101_moveit/share/so101_moveit/launch/spawn_controllers.launch.py
[1.042s] -- Up-to-date: /home/pi/Frob_robot/ros2/src/ros2_ws/install/so101_moveit/share/so101_moveit/config
[1.043s] -- Up-to-date: /home/pi/Frob_robot/ros2/src/ros2_ws/install/so101_moveit/share/so101_moveit/config/so101_new_calib.urdf.xacro
[1.043s] -- Up-to-date: /home/pi/Frob_robot/ros2/src/ros2_ws/install/so101_moveit/share/so101_moveit/config/moveit.rviz
[1.043s] -- Up-to-date: /home/pi/Frob_robot/ros2/src/ros2_ws/install/so101_moveit/share/so101_moveit/config/so101_new_calib.ros2_control.xacro
[1.043s] -- Up-to-date: /home/pi/Frob_robot/ros2/src/ros2_ws/install/so101_moveit/share/so101_moveit/config/initial_positions.yaml
[1.043s] -- Up-to-date: /home/pi/Frob_robot/ros2/src/ros2_ws/install/so101_moveit/share/so101_moveit/config/so101_new_calib.srdf
[1.043s] -- Installing: /home/pi/Frob_robot/ros2/src/ros2_ws/install/so101_moveit/share/so101_moveit/config/ros2_controllers.yaml
[1.043s] -- Up-to-date: /home/pi/Frob_robot/ros2/src/ros2_ws/install/so101_moveit/share/so101_moveit/config/joint_limits.yaml
[1.043s] -- Up-to-date: /home/pi/Frob_robot/ros2/src/ros2_ws/install/so101_moveit/share/so101_moveit/config/motor_calibration.yaml
[1.043s] -- Up-to-date: /home/pi/Frob_robot/ros2/src/ros2_ws/install/so101_moveit/share/so101_moveit/config/moveit_controllers.yaml
[1.043s] -- Up-to-date: /home/pi/Frob_robot/ros2/src/ros2_ws/install/so101_moveit/share/so101_moveit/config/pilz_cartesian_limits.yaml
[1.043s] -- Up-to-date: /home/pi/Frob_robot/ros2/src/ros2_ws/install/so101_moveit/share/so101_moveit/config/kinematics.yaml
[1.043s] -- Up-to-date: /home/pi/Frob_robot/ros2/src/ros2_ws/install/so101_moveit/share/so101_moveit/.setup_assistant
[1.045s] Invoked command in '/home/pi/Frob_robot/ros2/src/ros2_ws/build/so101_moveit' returned '0': CMAKE_PREFIX_PATH=/home/pi/Frob_robot/ros2/src/ros2_ws/install/so101_description:/home/pi/Frob_robot/ros2/src/ros2_ws/install/so101_moveit:/home/pi/Frob_robot/ros2/src/ros2_ws/install/so101_hardware:/home/pi/Frob_robot/ros2/src/ros2_ws/install/sllidar_ros2:/home/pi/Frob_robot/ros2/src/ros2_ws/install/ros2_mpu6050:/home/pi/Frob_robot/ros2/src/ros2_ws/install/rf2o_laser_odometry:/home/pi/Frob_robot/ros2/src/ros2_ws/install/frob_interfaces:/opt/ros/jazzy/opt/gz_sim_vendor:/opt/ros/jazzy/opt/gz_sensors_vendor:/opt/ros/jazzy/opt/gz_physics_vendor:/opt/ros/jazzy/opt/sdformat_vendor:/opt/ros/jazzy/opt/gz_gui_vendor:/opt/ros/jazzy/opt/gz_transport_vendor:/opt/ros/jazzy/opt/gz_rendering_vendor:/opt/ros/jazzy/opt/gz_plugin_vendor:/opt/ros/jazzy/opt/gz_fuel_tools_vendor:/opt/ros/jazzy/opt/gz_msgs_vendor:/opt/ros/jazzy/opt/gz_common_vendor:/opt/ros/jazzy/opt/gz_math_vendor:/opt/ros/jazzy/opt/gz_utils_vendor:/opt/ros/jazzy/opt/gz_tools_vendor:/opt/ros/jazzy/opt/gz_ogre_next_vendor:/opt/ros/jazzy/opt/gz_dartsim_vendor:/opt/ros/jazzy/opt/gz_cmake_vendor:/home/pi/Frob_robot/ros2/src/ros2_ws/install/frob_bringup:/home/pi/Frob_robot/ros2/src/ros2_ws/install/ros2_arduino_bridge:/home/pi/Frob_robot/ros2/src/ros2_ws/install/lidar_filter:/home/pi/Frob_robot/ros2/src/ros2_ws/install/keyboard_vel_control:/home/pi/Frob_robot/ros2/src/ros2_ws/install/frob_odometry:/home/pi/Frob_robot/ros2/src/ros2_ws/install/frob_navigation:/home/pi/Frob_robot/ros2/src/ros2_ws/install/frob_description:/home/pi/Frob_robot/ros2/src/ros2_ws/install/frob_control:/opt/ros/jazzy /home/pi/.local/bin/cmake --install /home/pi/Frob_robot/ros2/src/ros2_ws/build/so101_moveit
