/home/pi/.local/lib/python3.12/site-packages/setuptools/_distutils/dist.py:289: UserWarning: Unknown distribution option: 'tests_require'
  warnings.warn(msg)
running egg_info
creating ../../build/keyboard_vel_control/keyboard_vel_control.egg-info
writing ../../build/keyboard_vel_control/keyboard_vel_control.egg-info/PKG-INFO
writing dependency_links to ../../build/keyboard_vel_control/keyboard_vel_control.egg-info/dependency_links.txt
writing entry points to ../../build/keyboard_vel_control/keyboard_vel_control.egg-info/entry_points.txt
writing requirements to ../../build/keyboard_vel_control/keyboard_vel_control.egg-info/requires.txt
writing top-level names to ../../build/keyboard_vel_control/keyboard_vel_control.egg-info/top_level.txt
writing manifest file '../../build/keyboard_vel_control/keyboard_vel_control.egg-info/SOURCES.txt'
reading manifest file '../../build/keyboard_vel_control/keyboard_vel_control.egg-info/SOURCES.txt'
writing manifest file '../../build/keyboard_vel_control/keyboard_vel_control.egg-info/SOURCES.txt'
running build
running build_py
creating /home/pi/Frob_robot/ros2/src/ros2_ws/build/keyboard_vel_control/build/lib/keyboard_vel_control
copying keyboard_vel_control/__init__.py -> /home/pi/Frob_robot/ros2/src/ros2_ws/build/keyboard_vel_control/build/lib/keyboard_vel_control
copying keyboard_vel_control/keyboard_vel_control_node.py -> /home/pi/Frob_robot/ros2/src/ros2_ws/build/keyboard_vel_control/build/lib/keyboard_vel_control
running install
running install_lib
creating /home/pi/Frob_robot/ros2/src/ros2_ws/install/keyboard_vel_control/lib/python3.12/site-packages/keyboard_vel_control
copying /home/pi/Frob_robot/ros2/src/ros2_ws/build/keyboard_vel_control/build/lib/keyboard_vel_control/__init__.py -> /home/pi/Frob_robot/ros2/src/ros2_ws/install/keyboard_vel_control/lib/python3.12/site-packages/keyboard_vel_control
copying /home/pi/Frob_robot/ros2/src/ros2_ws/build/keyboard_vel_control/build/lib/keyboard_vel_control/keyboard_vel_control_node.py -> /home/pi/Frob_robot/ros2/src/ros2_ws/install/keyboard_vel_control/lib/python3.12/site-packages/keyboard_vel_control
byte-compiling /home/pi/Frob_robot/ros2/src/ros2_ws/install/keyboard_vel_control/lib/python3.12/site-packages/keyboard_vel_control/__init__.py to __init__.cpython-312.pyc
byte-compiling /home/pi/Frob_robot/ros2/src/ros2_ws/install/keyboard_vel_control/lib/python3.12/site-packages/keyboard_vel_control/keyboard_vel_control_node.py to keyboard_vel_control_node.cpython-312.pyc
running install_data
creating /home/pi/Frob_robot/ros2/src/ros2_ws/install/keyboard_vel_control/share/ament_index/resource_index/packages
copying resource/keyboard_vel_control -> /home/pi/Frob_robot/ros2/src/ros2_ws/install/keyboard_vel_control/share/ament_index/resource_index/packages
copying package.xml -> /home/pi/Frob_robot/ros2/src/ros2_ws/install/keyboard_vel_control/share/keyboard_vel_control
running install_egg_info
Copying ../../build/keyboard_vel_control/keyboard_vel_control.egg-info to /home/pi/Frob_robot/ros2/src/ros2_ws/install/keyboard_vel_control/lib/python3.12/site-packages/keyboard_vel_control-0.0.0-py3.12.egg-info
running install_scripts
Installing keyboard_vel_control script to /home/pi/Frob_robot/ros2/src/ros2_ws/install/keyboard_vel_control/lib/keyboard_vel_control
writing list of installed files to '/home/pi/Frob_robot/ros2/src/ros2_ws/build/keyboard_vel_control/install.log'
