[1.918s] Invoking command in '/home/pi/Frob_robot/ros2/src/ros2_ws/src/frob_description': PYTHONPATH=/home/pi/Frob_robot/ros2/src/ros2_ws/build/frob_description/prefix_override:/usr/lib/python3/dist-packages/colcon_core/task/python/colcon_distutils_commands:/home/pi/Frob_robot/ros2/src/ros2_ws/install/frob_description/lib/python3.12/site-packages:${PYTHONPATH} /usr/bin/python3 -W ignore:setup.py install is deprecated -W ignore:easy_install command is deprecated setup.py egg_info --egg-base ../../build/frob_description build --build-base /home/pi/Frob_robot/ros2/src/ros2_ws/build/frob_description/build install --record /home/pi/Frob_robot/ros2/src/ros2_ws/build/frob_description/install.log --single-version-externally-managed install_data
[2.448s] running egg_info
[2.478s] writing ../../build/frob_description/frob_description.egg-info/PKG-INFO
[2.480s] writing dependency_links to ../../build/frob_description/frob_description.egg-info/dependency_links.txt
[2.481s] writing requirements to ../../build/frob_description/frob_description.egg-info/requires.txt
[2.482s] writing top-level names to ../../build/frob_description/frob_description.egg-info/top_level.txt
[2.553s] reading manifest file '../../build/frob_description/frob_description.egg-info/SOURCES.txt'
[2.556s] writing manifest file '../../build/frob_description/frob_description.egg-info/SOURCES.txt'
[2.557s] running build
[2.557s] running build_py
[2.560s] copying frob_description/__init__.py -> /home/pi/Frob_robot/ros2/src/ros2_ws/build/frob_description/build/lib/frob_description
[2.561s] running install
[2.572s] running install_lib
[2.605s] running install_data
[2.605s] copying resource/frob_description -> /home/pi/Frob_robot/ros2/src/ros2_ws/install/frob_description/share/ament_index/resource_index/packages
[2.606s] copying package.xml -> /home/pi/Frob_robot/ros2/src/ros2_ws/install/frob_description/share/frob_description
[2.607s] copying launch/display_slam.launch.py -> /home/pi/Frob_robot/ros2/src/ros2_ws/install/frob_description/share/frob_description/launch
[2.607s] copying launch/display_navigation.launch.py -> /home/pi/Frob_robot/ros2/src/ros2_ws/install/frob_description/share/frob_description/launch
[2.610s] copying launch/description.launch.py -> /home/pi/Frob_robot/ros2/src/ros2_ws/install/frob_description/share/frob_description/launch
[2.610s] copying launch/display_odom.launch.py -> /home/pi/Frob_robot/ros2/src/ros2_ws/install/frob_description/share/frob_description/launch
[2.610s] copying launch/display_model.launch.py -> /home/pi/Frob_robot/ros2/src/ros2_ws/install/frob_description/share/frob_description/launch
[2.610s] copying urdf/robot.urdf -> /home/pi/Frob_robot/ros2/src/ros2_ws/install/frob_description/share/frob_description/urdf
[2.612s] copying rviz/display_config.rviz -> /home/pi/Frob_robot/ros2/src/ros2_ws/install/frob_description/share/frob_description/rviz
[2.613s] copying rviz/lidar_config.rviz -> /home/pi/Frob_robot/ros2/src/ros2_ws/install/frob_description/share/frob_description/rviz
[2.614s] copying rviz/display_odom.rviz -> /home/pi/Frob_robot/ros2/src/ros2_ws/install/frob_description/share/frob_description/rviz
[2.615s] copying rviz/display_slam.rviz -> /home/pi/Frob_robot/ros2/src/ros2_ws/install/frob_description/share/frob_description/rviz
[2.616s] running install_egg_info
[2.652s] removing '/home/pi/Frob_robot/ros2/src/ros2_ws/install/frob_description/lib/python3.12/site-packages/frob_description-0.0.0-py3.12.egg-info' (and everything under it)
[2.653s] Copying ../../build/frob_description/frob_description.egg-info to /home/pi/Frob_robot/ros2/src/ros2_ws/install/frob_description/lib/python3.12/site-packages/frob_description-0.0.0-py3.12.egg-info
[2.655s] running install_scripts
[2.721s] writing list of installed files to '/home/pi/Frob_robot/ros2/src/ros2_ws/build/frob_description/install.log'
[2.861s] Invoked command in '/home/pi/Frob_robot/ros2/src/ros2_ws/src/frob_description' returned '0': PYTHONPATH=/home/pi/Frob_robot/ros2/src/ros2_ws/build/frob_description/prefix_override:/usr/lib/python3/dist-packages/colcon_core/task/python/colcon_distutils_commands:/home/pi/Frob_robot/ros2/src/ros2_ws/install/frob_description/lib/python3.12/site-packages:${PYTHONPATH} /usr/bin/python3 -W ignore:setup.py install is deprecated -W ignore:easy_install command is deprecated setup.py egg_info --egg-base ../../build/frob_description build --build-base /home/pi/Frob_robot/ros2/src/ros2_ws/build/frob_description/build install --record /home/pi/Frob_robot/ros2/src/ros2_ws/build/frob_description/install.log --single-version-externally-managed install_data
