[0.037s] Invoking command in '/home/pi/Frob_robot/ros2/src/ros2_ws/build/frob_interfaces': CMAKE_PREFIX_PATH=${CMAKE_PREFIX_PATH}:/home/pi/Frob_robot/ros2/src/ros2_ws/install/frob_bringup:/home/pi/Frob_robot/ros2/src/ros2_ws/install/ros2_arduino_bridge:/home/pi/Frob_robot/ros2/src/ros2_ws/install/lidar_filter:/home/pi/Frob_robot/ros2/src/ros2_ws/install/keyboard_vel_control:/home/pi/Frob_robot/ros2/src/ros2_ws/install/frob_odometry:/home/pi/Frob_robot/ros2/src/ros2_ws/install/frob_navigation:/home/pi/Frob_robot/ros2/src/ros2_ws/install/frob_description:/home/pi/Frob_robot/ros2/src/ros2_ws/install/frob_control:/opt/ros/jazzy /home/pi/.local/bin/cmake --build /home/pi/Frob_robot/ros2/src/ros2_ws/build/frob_interfaces -- -j4 -l4
[0.326s] [  2%] Built target frob_interfaces__rosidl_generator_type_description
[0.351s] [  2%] Built target ament_cmake_python_copy_frob_interfaces
[0.353s] [  4%] Built target frob_interfaces__cpp
[0.357s] [ 22%] Built target frob_interfaces__rosidl_generator_c
[0.393s] [ 31%] Built target frob_interfaces__rosidl_typesupport_introspection_cpp
[0.400s] [ 40%] Built target frob_interfaces__rosidl_typesupport_cpp
[0.401s] [ 50%] Built target frob_interfaces__rosidl_typesupport_fastrtps_cpp
[0.422s] [ 59%] Built target frob_interfaces__rosidl_typesupport_c
[0.430s] [ 68%] Built target frob_interfaces__rosidl_typesupport_introspection_c
[0.432s] [ 77%] Built target frob_interfaces__rosidl_typesupport_fastrtps_c
[0.449s] [ 77%] Built target frob_interfaces
[0.468s] [ 79%] Built target frob_interfaces__py
[0.490s] [ 86%] Built target frob_interfaces__rosidl_generator_py
[0.526s] [ 90%] Built target frob_interfaces_s__rosidl_typesupport_c
[0.528s] [ 95%] Built target frob_interfaces_s__rosidl_typesupport_fastrtps_c
[0.530s] [100%] Built target frob_interfaces_s__rosidl_typesupport_introspection_c
[0.748s] running egg_info
[0.786s] writing frob_interfaces.egg-info/PKG-INFO
[0.786s] writing dependency_links to frob_interfaces.egg-info/dependency_links.txt
[0.787s] writing top-level names to frob_interfaces.egg-info/top_level.txt
[0.905s] reading manifest file 'frob_interfaces.egg-info/SOURCES.txt'
[0.907s] writing manifest file 'frob_interfaces.egg-info/SOURCES.txt'
[0.993s] [100%] Built target ament_cmake_python_build_frob_interfaces_egg
[1.033s] Invoked command in '/home/pi/Frob_robot/ros2/src/ros2_ws/build/frob_interfaces' returned '0': CMAKE_PREFIX_PATH=${CMAKE_PREFIX_PATH}:/home/pi/Frob_robot/ros2/src/ros2_ws/install/frob_bringup:/home/pi/Frob_robot/ros2/src/ros2_ws/install/ros2_arduino_bridge:/home/pi/Frob_robot/ros2/src/ros2_ws/install/lidar_filter:/home/pi/Frob_robot/ros2/src/ros2_ws/install/keyboard_vel_control:/home/pi/Frob_robot/ros2/src/ros2_ws/install/frob_odometry:/home/pi/Frob_robot/ros2/src/ros2_ws/install/frob_navigation:/home/pi/Frob_robot/ros2/src/ros2_ws/install/frob_description:/home/pi/Frob_robot/ros2/src/ros2_ws/install/frob_control:/opt/ros/jazzy /home/pi/.local/bin/cmake --build /home/pi/Frob_robot/ros2/src/ros2_ws/build/frob_interfaces -- -j4 -l4
[1.034s] Invoking command in '/home/pi/Frob_robot/ros2/src/ros2_ws/build/frob_interfaces': CMAKE_PREFIX_PATH=${CMAKE_PREFIX_PATH}:/home/pi/Frob_robot/ros2/src/ros2_ws/install/frob_bringup:/home/pi/Frob_robot/ros2/src/ros2_ws/install/ros2_arduino_bridge:/home/pi/Frob_robot/ros2/src/ros2_ws/install/lidar_filter:/home/pi/Frob_robot/ros2/src/ros2_ws/install/keyboard_vel_control:/home/pi/Frob_robot/ros2/src/ros2_ws/install/frob_odometry:/home/pi/Frob_robot/ros2/src/ros2_ws/install/frob_navigation:/home/pi/Frob_robot/ros2/src/ros2_ws/install/frob_description:/home/pi/Frob_robot/ros2/src/ros2_ws/install/frob_control:/opt/ros/jazzy /home/pi/.local/bin/cmake --install /home/pi/Frob_robot/ros2/src/ros2_ws/build/frob_interfaces
[1.238s] -- Install configuration: ""
[1.238s] -- Up-to-date: /home/pi/Frob_robot/ros2/src/ros2_ws/install/frob_interfaces/share/ament_index/resource_index/rosidl_interfaces/frob_interfaces
[1.238s] -- Up-to-date: /home/pi/Frob_robot/ros2/src/ros2_ws/install/frob_interfaces/share/frob_interfaces/srv/Turn.json
[1.238s] -- Up-to-date: /home/pi/Frob_robot/ros2/src/ros2_ws/install/frob_interfaces/share/frob_interfaces/srv/Forward.json
[1.239s] -- Up-to-date: /home/pi/Frob_robot/ros2/src/ros2_ws/install/frob_interfaces/include/frob_interfaces/frob_interfaces
[1.239s] -- Up-to-date: /home/pi/Frob_robot/ros2/src/ros2_ws/install/frob_interfaces/include/frob_interfaces/frob_interfaces/msg
[1.239s] -- Up-to-date: /home/pi/Frob_robot/ros2/src/ros2_ws/install/frob_interfaces/include/frob_interfaces/frob_interfaces/msg/rosidl_generator_c__visibility_control.h
[1.239s] -- Up-to-date: /home/pi/Frob_robot/ros2/src/ros2_ws/install/frob_interfaces/include/frob_interfaces/frob_interfaces/srv
[1.239s] -- Up-to-date: /home/pi/Frob_robot/ros2/src/ros2_ws/install/frob_interfaces/include/frob_interfaces/frob_interfaces/srv/turn.h
[1.239s] -- Up-to-date: /home/pi/Frob_robot/ros2/src/ros2_ws/install/frob_interfaces/include/frob_interfaces/frob_interfaces/srv/forward.h
[1.239s] -- Up-to-date: /home/pi/Frob_robot/ros2/src/ros2_ws/install/frob_interfaces/include/frob_interfaces/frob_interfaces/srv/detail
[1.240s] -- Up-to-date: /home/pi/Frob_robot/ros2/src/ros2_ws/install/frob_interfaces/include/frob_interfaces/frob_interfaces/srv/detail/turn__functions.h
[1.240s] -- Installing: /home/pi/Frob_robot/ros2/src/ros2_ws/install/frob_interfaces/include/frob_interfaces/frob_interfaces/srv/detail/turn__type_support.c
[1.240s] -- Up-to-date: /home/pi/Frob_robot/ros2/src/ros2_ws/install/frob_interfaces/include/frob_interfaces/frob_interfaces/srv/detail/turn__functions.c
[1.240s] -- Installing: /home/pi/Frob_robot/ros2/src/ros2_ws/install/frob_interfaces/include/frob_interfaces/frob_interfaces/srv/detail/forward__type_support.c
[1.240s] -- Up-to-date: /home/pi/Frob_robot/ros2/src/ros2_ws/install/frob_interfaces/include/frob_interfaces/frob_interfaces/srv/detail/forward__struct.h
[1.240s] -- Up-to-date: /home/pi/Frob_robot/ros2/src/ros2_ws/install/frob_interfaces/include/frob_interfaces/frob_interfaces/srv/detail/forward__type_support.h
[1.240s] -- Up-to-date: /home/pi/Frob_robot/ros2/src/ros2_ws/install/frob_interfaces/include/frob_interfaces/frob_interfaces/srv/detail/forward__functions.c
[1.240s] -- Up-to-date: /home/pi/Frob_robot/ros2/src/ros2_ws/install/frob_interfaces/include/frob_interfaces/frob_interfaces/srv/detail/turn__type_support.h
[1.240s] -- Up-to-date: /home/pi/Frob_robot/ros2/src/ros2_ws/install/frob_interfaces/include/frob_interfaces/frob_interfaces/srv/detail/turn__struct.h
[1.241s] -- Up-to-date: /home/pi/Frob_robot/ros2/src/ros2_ws/install/frob_interfaces/include/frob_interfaces/frob_interfaces/srv/detail/turn__description.c
[1.241s] -- Up-to-date: /home/pi/Frob_robot/ros2/src/ros2_ws/install/frob_interfaces/include/frob_interfaces/frob_interfaces/srv/detail/forward__functions.h
[1.241s] -- Up-to-date: /home/pi/Frob_robot/ros2/src/ros2_ws/install/frob_interfaces/include/frob_interfaces/frob_interfaces/srv/detail/forward__description.c
[1.241s] -- Up-to-date: /home/pi/Frob_robot/ros2/src/ros2_ws/install/frob_interfaces/share/frob_interfaces/environment/library_path.sh
[1.241s] -- Up-to-date: /home/pi/Frob_robot/ros2/src/ros2_ws/install/frob_interfaces/share/frob_interfaces/environment/library_path.dsv
[1.241s] -- Up-to-date: /home/pi/Frob_robot/ros2/src/ros2_ws/install/frob_interfaces/lib/libfrob_interfaces__rosidl_generator_c.so
[1.241s] -- Up-to-date: /home/pi/Frob_robot/ros2/src/ros2_ws/install/frob_interfaces/include/frob_interfaces/frob_interfaces
[1.241s] -- Up-to-date: /home/pi/Frob_robot/ros2/src/ros2_ws/install/frob_interfaces/include/frob_interfaces/frob_interfaces/msg
[1.241s] -- Up-to-date: /home/pi/Frob_robot/ros2/src/ros2_ws/install/frob_interfaces/include/frob_interfaces/frob_interfaces/msg/rosidl_typesupport_fastrtps_c__visibility_control.h
[1.241s] -- Up-to-date: /home/pi/Frob_robot/ros2/src/ros2_ws/install/frob_interfaces/include/frob_interfaces/frob_interfaces/srv
[1.242s] -- Up-to-date: /home/pi/Frob_robot/ros2/src/ros2_ws/install/frob_interfaces/include/frob_interfaces/frob_interfaces/srv/detail
[1.242s] -- Up-to-date: /home/pi/Frob_robot/ros2/src/ros2_ws/install/frob_interfaces/include/frob_interfaces/frob_interfaces/srv/detail/forward__rosidl_typesupport_fastrtps_c.h
[1.242s] -- Up-to-date: /home/pi/Frob_robot/ros2/src/ros2_ws/install/frob_interfaces/include/frob_interfaces/frob_interfaces/srv/detail/turn__rosidl_typesupport_fastrtps_c.h
[1.242s] -- Up-to-date: /home/pi/Frob_robot/ros2/src/ros2_ws/install/frob_interfaces/lib/libfrob_interfaces__rosidl_typesupport_fastrtps_c.so
[1.242s] -- Up-to-date: /home/pi/Frob_robot/ros2/src/ros2_ws/install/frob_interfaces/include/frob_interfaces/frob_interfaces
[1.242s] -- Up-to-date: /home/pi/Frob_robot/ros2/src/ros2_ws/install/frob_interfaces/include/frob_interfaces/frob_interfaces/msg
[1.243s] -- Up-to-date: /home/pi/Frob_robot/ros2/src/ros2_ws/install/frob_interfaces/include/frob_interfaces/frob_interfaces/msg/rosidl_typesupport_introspection_c__visibility_control.h
[1.243s] -- Up-to-date: /home/pi/Frob_robot/ros2/src/ros2_ws/install/frob_interfaces/include/frob_interfaces/frob_interfaces/srv
[1.243s] -- Up-to-date: /home/pi/Frob_robot/ros2/src/ros2_ws/install/frob_interfaces/include/frob_interfaces/frob_interfaces/srv/detail
[1.243s] -- Installing: /home/pi/Frob_robot/ros2/src/ros2_ws/install/frob_interfaces/include/frob_interfaces/frob_interfaces/srv/detail/turn__type_support.c
[1.243s] -- Installing: /home/pi/Frob_robot/ros2/src/ros2_ws/install/frob_interfaces/include/frob_interfaces/frob_interfaces/srv/detail/forward__type_support.c
[1.244s] -- Up-to-date: /home/pi/Frob_robot/ros2/src/ros2_ws/install/frob_interfaces/include/frob_interfaces/frob_interfaces/srv/detail/forward__rosidl_typesupport_introspection_c.h
[1.244s] -- Up-to-date: /home/pi/Frob_robot/ros2/src/ros2_ws/install/frob_interfaces/include/frob_interfaces/frob_interfaces/srv/detail/turn__rosidl_typesupport_introspection_c.h
[1.244s] -- Up-to-date: /home/pi/Frob_robot/ros2/src/ros2_ws/install/frob_interfaces/lib/libfrob_interfaces__rosidl_typesupport_introspection_c.so
[1.244s] -- Up-to-date: /home/pi/Frob_robot/ros2/src/ros2_ws/install/frob_interfaces/lib/libfrob_interfaces__rosidl_typesupport_c.so
[1.244s] -- Up-to-date: /home/pi/Frob_robot/ros2/src/ros2_ws/install/frob_interfaces/include/frob_interfaces/frob_interfaces
[1.244s] -- Up-to-date: /home/pi/Frob_robot/ros2/src/ros2_ws/install/frob_interfaces/include/frob_interfaces/frob_interfaces/msg
[1.244s] -- Up-to-date: /home/pi/Frob_robot/ros2/src/ros2_ws/install/frob_interfaces/include/frob_interfaces/frob_interfaces/msg/rosidl_generator_cpp__visibility_control.hpp
[1.244s] -- Up-to-date: /home/pi/Frob_robot/ros2/src/ros2_ws/install/frob_interfaces/include/frob_interfaces/frob_interfaces/srv
[1.244s] -- Up-to-date: /home/pi/Frob_robot/ros2/src/ros2_ws/install/frob_interfaces/include/frob_interfaces/frob_interfaces/srv/turn.hpp
[1.245s] -- Up-to-date: /home/pi/Frob_robot/ros2/src/ros2_ws/install/frob_interfaces/include/frob_interfaces/frob_interfaces/srv/forward.hpp
[1.245s] -- Up-to-date: /home/pi/Frob_robot/ros2/src/ros2_ws/install/frob_interfaces/include/frob_interfaces/frob_interfaces/srv/detail
[1.245s] -- Up-to-date: /home/pi/Frob_robot/ros2/src/ros2_ws/install/frob_interfaces/include/frob_interfaces/frob_interfaces/srv/detail/turn__traits.hpp
[1.245s] -- Up-to-date: /home/pi/Frob_robot/ros2/src/ros2_ws/install/frob_interfaces/include/frob_interfaces/frob_interfaces/srv/detail/forward__type_support.hpp
[1.245s] -- Up-to-date: /home/pi/Frob_robot/ros2/src/ros2_ws/install/frob_interfaces/include/frob_interfaces/frob_interfaces/srv/detail/forward__struct.hpp
[1.245s] -- Up-to-date: /home/pi/Frob_robot/ros2/src/ros2_ws/install/frob_interfaces/include/frob_interfaces/frob_interfaces/srv/detail/turn__struct.hpp
[1.245s] -- Up-to-date: /home/pi/Frob_robot/ros2/src/ros2_ws/install/frob_interfaces/include/frob_interfaces/frob_interfaces/srv/detail/forward__traits.hpp
[1.246s] -- Up-to-date: /home/pi/Frob_robot/ros2/src/ros2_ws/install/frob_interfaces/include/frob_interfaces/frob_interfaces/srv/detail/forward__builder.hpp
[1.246s] -- Up-to-date: /home/pi/Frob_robot/ros2/src/ros2_ws/install/frob_interfaces/include/frob_interfaces/frob_interfaces/srv/detail/turn__builder.hpp
[1.246s] -- Up-to-date: /home/pi/Frob_robot/ros2/src/ros2_ws/install/frob_interfaces/include/frob_interfaces/frob_interfaces/srv/detail/turn__type_support.hpp
[1.246s] -- Up-to-date: /home/pi/Frob_robot/ros2/src/ros2_ws/install/frob_interfaces/include/frob_interfaces/frob_interfaces
[1.246s] -- Up-to-date: /home/pi/Frob_robot/ros2/src/ros2_ws/install/frob_interfaces/include/frob_interfaces/frob_interfaces/msg
[1.246s] -- Up-to-date: /home/pi/Frob_robot/ros2/src/ros2_ws/install/frob_interfaces/include/frob_interfaces/frob_interfaces/msg/rosidl_typesupport_fastrtps_cpp__visibility_control.h
[1.247s] -- Up-to-date: /home/pi/Frob_robot/ros2/src/ros2_ws/install/frob_interfaces/include/frob_interfaces/frob_interfaces/srv
[1.247s] -- Up-to-date: /home/pi/Frob_robot/ros2/src/ros2_ws/install/frob_interfaces/include/frob_interfaces/frob_interfaces/srv/detail
[1.247s] -- Up-to-date: /home/pi/Frob_robot/ros2/src/ros2_ws/install/frob_interfaces/include/frob_interfaces/frob_interfaces/srv/detail/forward__rosidl_typesupport_fastrtps_cpp.hpp
[1.247s] -- Up-to-date: /home/pi/Frob_robot/ros2/src/ros2_ws/install/frob_interfaces/include/frob_interfaces/frob_interfaces/srv/detail/dds_fastrtps
[1.247s] -- Up-to-date: /home/pi/Frob_robot/ros2/src/ros2_ws/install/frob_interfaces/include/frob_interfaces/frob_interfaces/srv/detail/turn__rosidl_typesupport_fastrtps_cpp.hpp
[1.247s] -- Up-to-date: /home/pi/Frob_robot/ros2/src/ros2_ws/install/frob_interfaces/lib/libfrob_interfaces__rosidl_typesupport_fastrtps_cpp.so
[1.247s] -- Up-to-date: /home/pi/Frob_robot/ros2/src/ros2_ws/install/frob_interfaces/include/frob_interfaces/frob_interfaces
[1.247s] -- Up-to-date: /home/pi/Frob_robot/ros2/src/ros2_ws/install/frob_interfaces/include/frob_interfaces/frob_interfaces/srv
[1.247s] -- Up-to-date: /home/pi/Frob_robot/ros2/src/ros2_ws/install/frob_interfaces/include/frob_interfaces/frob_interfaces/srv/detail
[1.247s] -- Up-to-date: /home/pi/Frob_robot/ros2/src/ros2_ws/install/frob_interfaces/include/frob_interfaces/frob_interfaces/srv/detail/forward__rosidl_typesupport_introspection_cpp.hpp
[1.247s] -- Up-to-date: /home/pi/Frob_robot/ros2/src/ros2_ws/install/frob_interfaces/include/frob_interfaces/frob_interfaces/srv/detail/forward__type_support.cpp
[1.247s] -- Up-to-date: /home/pi/Frob_robot/ros2/src/ros2_ws/install/frob_interfaces/include/frob_interfaces/frob_interfaces/srv/detail/turn__type_support.cpp
[1.248s] -- Up-to-date: /home/pi/Frob_robot/ros2/src/ros2_ws/install/frob_interfaces/include/frob_interfaces/frob_interfaces/srv/detail/turn__rosidl_typesupport_introspection_cpp.hpp
[1.248s] -- Up-to-date: /home/pi/Frob_robot/ros2/src/ros2_ws/install/frob_interfaces/lib/libfrob_interfaces__rosidl_typesupport_introspection_cpp.so
[1.248s] -- Up-to-date: /home/pi/Frob_robot/ros2/src/ros2_ws/install/frob_interfaces/lib/libfrob_interfaces__rosidl_typesupport_cpp.so
[1.248s] -- Up-to-date: /home/pi/Frob_robot/ros2/src/ros2_ws/install/frob_interfaces/share/frob_interfaces/environment/pythonpath.sh
[1.248s] -- Up-to-date: /home/pi/Frob_robot/ros2/src/ros2_ws/install/frob_interfaces/share/frob_interfaces/environment/pythonpath.dsv
[1.248s] -- Up-to-date: /home/pi/Frob_robot/ros2/src/ros2_ws/install/frob_interfaces/lib/python3.12/site-packages/frob_interfaces-0.0.0-py3.12.egg-info
[1.248s] -- Installing: /home/pi/Frob_robot/ros2/src/ros2_ws/install/frob_interfaces/lib/python3.12/site-packages/frob_interfaces-0.0.0-py3.12.egg-info/dependency_links.txt
[1.248s] -- Installing: /home/pi/Frob_robot/ros2/src/ros2_ws/install/frob_interfaces/lib/python3.12/site-packages/frob_interfaces-0.0.0-py3.12.egg-info/PKG-INFO
[1.248s] -- Installing: /home/pi/Frob_robot/ros2/src/ros2_ws/install/frob_interfaces/lib/python3.12/site-packages/frob_interfaces-0.0.0-py3.12.egg-info/top_level.txt
[1.248s] -- Installing: /home/pi/Frob_robot/ros2/src/ros2_ws/install/frob_interfaces/lib/python3.12/site-packages/frob_interfaces-0.0.0-py3.12.egg-info/SOURCES.txt
[1.248s] -- Up-to-date: /home/pi/Frob_robot/ros2/src/ros2_ws/install/frob_interfaces/lib/python3.12/site-packages/frob_interfaces
[1.249s] -- Up-to-date: /home/pi/Frob_robot/ros2/src/ros2_ws/install/frob_interfaces/lib/python3.12/site-packages/frob_interfaces/frob_interfaces_s__rosidl_typesupport_introspection_c.so
[1.249s] -- Up-to-date: /home/pi/Frob_robot/ros2/src/ros2_ws/install/frob_interfaces/lib/python3.12/site-packages/frob_interfaces/frob_interfaces_s__rosidl_typesupport_fastrtps_c.so
[1.249s] -- Up-to-date: /home/pi/Frob_robot/ros2/src/ros2_ws/install/frob_interfaces/lib/python3.12/site-packages/frob_interfaces/_frob_interfaces_s.ep.rosidl_typesupport_introspection_c.c
[1.249s] -- Up-to-date: /home/pi/Frob_robot/ros2/src/ros2_ws/install/frob_interfaces/lib/python3.12/site-packages/frob_interfaces/_frob_interfaces_s.ep.rosidl_typesupport_fastrtps_c.c
[1.249s] -- Up-to-date: /home/pi/Frob_robot/ros2/src/ros2_ws/install/frob_interfaces/lib/python3.12/site-packages/frob_interfaces/frob_interfaces_s__rosidl_typesupport_c.so
[1.249s] -- Up-to-date: /home/pi/Frob_robot/ros2/src/ros2_ws/install/frob_interfaces/lib/python3.12/site-packages/frob_interfaces/srv
[1.250s] -- Up-to-date: /home/pi/Frob_robot/ros2/src/ros2_ws/install/frob_interfaces/lib/python3.12/site-packages/frob_interfaces/srv/_forward_s.c
[1.250s] -- Up-to-date: /home/pi/Frob_robot/ros2/src/ros2_ws/install/frob_interfaces/lib/python3.12/site-packages/frob_interfaces/srv/_forward.py
[1.250s] -- Up-to-date: /home/pi/Frob_robot/ros2/src/ros2_ws/install/frob_interfaces/lib/python3.12/site-packages/frob_interfaces/srv/__init__.py
[1.250s] -- Up-to-date: /home/pi/Frob_robot/ros2/src/ros2_ws/install/frob_interfaces/lib/python3.12/site-packages/frob_interfaces/srv/_turn.py
[1.250s] -- Up-to-date: /home/pi/Frob_robot/ros2/src/ros2_ws/install/frob_interfaces/lib/python3.12/site-packages/frob_interfaces/srv/_turn_s.c
[1.250s] -- Up-to-date: /home/pi/Frob_robot/ros2/src/ros2_ws/install/frob_interfaces/lib/python3.12/site-packages/frob_interfaces/__init__.py
[1.250s] -- Up-to-date: /home/pi/Frob_robot/ros2/src/ros2_ws/install/frob_interfaces/lib/python3.12/site-packages/frob_interfaces/_frob_interfaces_s.ep.rosidl_typesupport_c.c
[1.308s] Listing '/home/pi/Frob_robot/ros2/src/ros2_ws/install/frob_interfaces/lib/python3.12/site-packages/frob_interfaces'...
[1.309s] Listing '/home/pi/Frob_robot/ros2/src/ros2_ws/install/frob_interfaces/lib/python3.12/site-packages/frob_interfaces/srv'...
[1.322s] -- Up-to-date: /home/pi/Frob_robot/ros2/src/ros2_ws/install/frob_interfaces/lib/python3.12/site-packages/frob_interfaces/frob_interfaces_s__rosidl_typesupport_fastrtps_c.so
[1.322s] -- Up-to-date: /home/pi/Frob_robot/ros2/src/ros2_ws/install/frob_interfaces/lib/python3.12/site-packages/frob_interfaces/frob_interfaces_s__rosidl_typesupport_introspection_c.so
[1.323s] -- Up-to-date: /home/pi/Frob_robot/ros2/src/ros2_ws/install/frob_interfaces/lib/python3.12/site-packages/frob_interfaces/frob_interfaces_s__rosidl_typesupport_c.so
[1.323s] -- Up-to-date: /home/pi/Frob_robot/ros2/src/ros2_ws/install/frob_interfaces/lib/libfrob_interfaces__rosidl_generator_py.so
[1.323s] -- Up-to-date: /home/pi/Frob_robot/ros2/src/ros2_ws/install/frob_interfaces/share/frob_interfaces/srv/Turn.idl
[1.324s] -- Up-to-date: /home/pi/Frob_robot/ros2/src/ros2_ws/install/frob_interfaces/share/frob_interfaces/srv/Forward.idl
[1.324s] -- Up-to-date: /home/pi/Frob_robot/ros2/src/ros2_ws/install/frob_interfaces/share/frob_interfaces/srv/Turn.srv
[1.324s] -- Up-to-date: /home/pi/Frob_robot/ros2/src/ros2_ws/install/frob_interfaces/share/frob_interfaces/srv/Forward.srv
[1.324s] -- Up-to-date: /home/pi/Frob_robot/ros2/src/ros2_ws/install/frob_interfaces/share/ament_index/resource_index/package_run_dependencies/frob_interfaces
[1.324s] -- Up-to-date: /home/pi/Frob_robot/ros2/src/ros2_ws/install/frob_interfaces/share/ament_index/resource_index/parent_prefix_path/frob_interfaces
[1.324s] -- Up-to-date: /home/pi/Frob_robot/ros2/src/ros2_ws/install/frob_interfaces/share/frob_interfaces/environment/ament_prefix_path.sh
[1.324s] -- Up-to-date: /home/pi/Frob_robot/ros2/src/ros2_ws/install/frob_interfaces/share/frob_interfaces/environment/ament_prefix_path.dsv
[1.325s] -- Up-to-date: /home/pi/Frob_robot/ros2/src/ros2_ws/install/frob_interfaces/share/frob_interfaces/environment/path.sh
[1.325s] -- Up-to-date: /home/pi/Frob_robot/ros2/src/ros2_ws/install/frob_interfaces/share/frob_interfaces/environment/path.dsv
[1.325s] -- Up-to-date: /home/pi/Frob_robot/ros2/src/ros2_ws/install/frob_interfaces/share/frob_interfaces/local_setup.bash
[1.325s] -- Up-to-date: /home/pi/Frob_robot/ros2/src/ros2_ws/install/frob_interfaces/share/frob_interfaces/local_setup.sh
[1.325s] -- Up-to-date: /home/pi/Frob_robot/ros2/src/ros2_ws/install/frob_interfaces/share/frob_interfaces/local_setup.zsh
[1.325s] -- Up-to-date: /home/pi/Frob_robot/ros2/src/ros2_ws/install/frob_interfaces/share/frob_interfaces/local_setup.dsv
[1.326s] -- Installing: /home/pi/Frob_robot/ros2/src/ros2_ws/install/frob_interfaces/share/frob_interfaces/package.dsv
[1.326s] -- Up-to-date: /home/pi/Frob_robot/ros2/src/ros2_ws/install/frob_interfaces/share/ament_index/resource_index/packages/frob_interfaces
[1.326s] -- Up-to-date: /home/pi/Frob_robot/ros2/src/ros2_ws/install/frob_interfaces/share/frob_interfaces/cmake/export_frob_interfaces__rosidl_generator_cExport.cmake
[1.326s] -- Up-to-date: /home/pi/Frob_robot/ros2/src/ros2_ws/install/frob_interfaces/share/frob_interfaces/cmake/export_frob_interfaces__rosidl_generator_cExport-noconfig.cmake
[1.326s] -- Up-to-date: /home/pi/Frob_robot/ros2/src/ros2_ws/install/frob_interfaces/share/frob_interfaces/cmake/export_frob_interfaces__rosidl_typesupport_fastrtps_cExport.cmake
[1.326s] -- Up-to-date: /home/pi/Frob_robot/ros2/src/ros2_ws/install/frob_interfaces/share/frob_interfaces/cmake/export_frob_interfaces__rosidl_typesupport_fastrtps_cExport-noconfig.cmake
[1.327s] -- Up-to-date: /home/pi/Frob_robot/ros2/src/ros2_ws/install/frob_interfaces/share/frob_interfaces/cmake/frob_interfaces__rosidl_typesupport_introspection_cExport.cmake
[1.327s] -- Up-to-date: /home/pi/Frob_robot/ros2/src/ros2_ws/install/frob_interfaces/share/frob_interfaces/cmake/frob_interfaces__rosidl_typesupport_introspection_cExport-noconfig.cmake
[1.327s] -- Up-to-date: /home/pi/Frob_robot/ros2/src/ros2_ws/install/frob_interfaces/share/frob_interfaces/cmake/frob_interfaces__rosidl_typesupport_cExport.cmake
[1.327s] -- Up-to-date: /home/pi/Frob_robot/ros2/src/ros2_ws/install/frob_interfaces/share/frob_interfaces/cmake/frob_interfaces__rosidl_typesupport_cExport-noconfig.cmake
[1.327s] -- Up-to-date: /home/pi/Frob_robot/ros2/src/ros2_ws/install/frob_interfaces/share/frob_interfaces/cmake/export_frob_interfaces__rosidl_generator_cppExport.cmake
[1.327s] -- Up-to-date: /home/pi/Frob_robot/ros2/src/ros2_ws/install/frob_interfaces/share/frob_interfaces/cmake/export_frob_interfaces__rosidl_typesupport_fastrtps_cppExport.cmake
[1.327s] -- Up-to-date: /home/pi/Frob_robot/ros2/src/ros2_ws/install/frob_interfaces/share/frob_interfaces/cmake/export_frob_interfaces__rosidl_typesupport_fastrtps_cppExport-noconfig.cmake
[1.327s] -- Up-to-date: /home/pi/Frob_robot/ros2/src/ros2_ws/install/frob_interfaces/share/frob_interfaces/cmake/frob_interfaces__rosidl_typesupport_introspection_cppExport.cmake
[1.327s] -- Up-to-date: /home/pi/Frob_robot/ros2/src/ros2_ws/install/frob_interfaces/share/frob_interfaces/cmake/frob_interfaces__rosidl_typesupport_introspection_cppExport-noconfig.cmake
[1.327s] -- Up-to-date: /home/pi/Frob_robot/ros2/src/ros2_ws/install/frob_interfaces/share/frob_interfaces/cmake/frob_interfaces__rosidl_typesupport_cppExport.cmake
[1.327s] -- Up-to-date: /home/pi/Frob_robot/ros2/src/ros2_ws/install/frob_interfaces/share/frob_interfaces/cmake/frob_interfaces__rosidl_typesupport_cppExport-noconfig.cmake
[1.328s] -- Up-to-date: /home/pi/Frob_robot/ros2/src/ros2_ws/install/frob_interfaces/share/frob_interfaces/cmake/export_frob_interfaces__rosidl_generator_pyExport.cmake
[1.328s] -- Up-to-date: /home/pi/Frob_robot/ros2/src/ros2_ws/install/frob_interfaces/share/frob_interfaces/cmake/export_frob_interfaces__rosidl_generator_pyExport-noconfig.cmake
[1.328s] -- Up-to-date: /home/pi/Frob_robot/ros2/src/ros2_ws/install/frob_interfaces/share/frob_interfaces/cmake/rosidl_cmake-extras.cmake
[1.328s] -- Up-to-date: /home/pi/Frob_robot/ros2/src/ros2_ws/install/frob_interfaces/share/frob_interfaces/cmake/ament_cmake_export_dependencies-extras.cmake
[1.328s] -- Up-to-date: /home/pi/Frob_robot/ros2/src/ros2_ws/install/frob_interfaces/share/frob_interfaces/cmake/ament_cmake_export_include_directories-extras.cmake
[1.328s] -- Up-to-date: /home/pi/Frob_robot/ros2/src/ros2_ws/install/frob_interfaces/share/frob_interfaces/cmake/ament_cmake_export_libraries-extras.cmake
[1.328s] -- Up-to-date: /home/pi/Frob_robot/ros2/src/ros2_ws/install/frob_interfaces/share/frob_interfaces/cmake/ament_cmake_export_targets-extras.cmake
[1.328s] -- Up-to-date: /home/pi/Frob_robot/ros2/src/ros2_ws/install/frob_interfaces/share/frob_interfaces/cmake/rosidl_cmake_export_typesupport_targets-extras.cmake
[1.328s] -- Up-to-date: /home/pi/Frob_robot/ros2/src/ros2_ws/install/frob_interfaces/share/frob_interfaces/cmake/rosidl_cmake_export_typesupport_libraries-extras.cmake
[1.328s] -- Up-to-date: /home/pi/Frob_robot/ros2/src/ros2_ws/install/frob_interfaces/share/frob_interfaces/cmake/frob_interfacesConfig.cmake
[1.329s] -- Up-to-date: /home/pi/Frob_robot/ros2/src/ros2_ws/install/frob_interfaces/share/frob_interfaces/cmake/frob_interfacesConfig-version.cmake
[1.329s] -- Up-to-date: /home/pi/Frob_robot/ros2/src/ros2_ws/install/frob_interfaces/share/frob_interfaces/package.xml
[1.870s] Invoked command in '/home/pi/Frob_robot/ros2/src/ros2_ws/build/frob_interfaces' returned '0': CMAKE_PREFIX_PATH=${CMAKE_PREFIX_PATH}:/home/pi/Frob_robot/ros2/src/ros2_ws/install/frob_bringup:/home/pi/Frob_robot/ros2/src/ros2_ws/install/ros2_arduino_bridge:/home/pi/Frob_robot/ros2/src/ros2_ws/install/lidar_filter:/home/pi/Frob_robot/ros2/src/ros2_ws/install/keyboard_vel_control:/home/pi/Frob_robot/ros2/src/ros2_ws/install/frob_odometry:/home/pi/Frob_robot/ros2/src/ros2_ws/install/frob_navigation:/home/pi/Frob_robot/ros2/src/ros2_ws/install/frob_description:/home/pi/Frob_robot/ros2/src/ros2_ws/install/frob_control:/opt/ros/jazzy /home/pi/.local/bin/cmake --install /home/pi/Frob_robot/ros2/src/ros2_ws/build/frob_interfaces
