[1.926s] Invoking command in '/home/pi/Frob_robot/ros2/src/ros2_ws/src/frob_control': PYTHONPATH=/home/pi/Frob_robot/ros2/src/ros2_ws/build/frob_control/prefix_override:/usr/lib/python3/dist-packages/colcon_core/task/python/colcon_distutils_commands:/home/pi/Frob_robot/ros2/src/ros2_ws/install/frob_control/lib/python3.12/site-packages:${PYTHONPATH} /usr/bin/python3 -W ignore:setup.py install is deprecated -W ignore:easy_install command is deprecated setup.py egg_info --egg-base ../../build/frob_control build --build-base /home/pi/Frob_robot/ros2/src/ros2_ws/build/frob_control/build install --record /home/pi/Frob_robot/ros2/src/ros2_ws/build/frob_control/install.log --single-version-externally-managed install_data
[2.564s] running egg_info
[2.593s] writing ../../build/frob_control/frob_control.egg-info/PKG-INFO
[2.595s] writing dependency_links to ../../build/frob_control/frob_control.egg-info/dependency_links.txt
[2.598s] writing entry points to ../../build/frob_control/frob_control.egg-info/entry_points.txt
[2.598s] writing requirements to ../../build/frob_control/frob_control.egg-info/requires.txt
[2.599s] writing top-level names to ../../build/frob_control/frob_control.egg-info/top_level.txt
[2.695s] reading manifest file '../../build/frob_control/frob_control.egg-info/SOURCES.txt'
[2.700s] writing manifest file '../../build/frob_control/frob_control.egg-info/SOURCES.txt'
[2.702s] running build
[2.704s] running build_py
[2.705s] copying frob_control/joy_control.py -> /home/pi/Frob_robot/ros2/src/ros2_ws/build/frob_control/build/lib/frob_control
[2.707s] copying frob_control/__init__.py -> /home/pi/Frob_robot/ros2/src/ros2_ws/build/frob_control/build/lib/frob_control
[2.708s] running install
[2.731s] running install_lib
[2.779s] running install_data
[2.780s] copying resource/frob_control -> /home/pi/Frob_robot/ros2/src/ros2_ws/install/frob_control/share/ament_index/resource_index/packages
[2.781s] copying package.xml -> /home/pi/Frob_robot/ros2/src/ros2_ws/install/frob_control/share/frob_control
[2.782s] copying config/joy_config.yaml -> /home/pi/Frob_robot/ros2/src/ros2_ws/install/frob_control/share/frob_control/config
[2.784s] copying launch/joy_control.launch.py -> /home/pi/Frob_robot/ros2/src/ros2_ws/install/frob_control/share/frob_control/launch
[2.785s] running install_egg_info
[2.823s] removing '/home/pi/Frob_robot/ros2/src/ros2_ws/install/frob_control/lib/python3.12/site-packages/frob_control-0.0.0-py3.12.egg-info' (and everything under it)
[2.823s] Copying ../../build/frob_control/frob_control.egg-info to /home/pi/Frob_robot/ros2/src/ros2_ws/install/frob_control/lib/python3.12/site-packages/frob_control-0.0.0-py3.12.egg-info
[2.825s] running install_scripts
[2.950s] Installing joy_control script to /home/pi/Frob_robot/ros2/src/ros2_ws/install/frob_control/lib/frob_control
[2.953s] writing list of installed files to '/home/pi/Frob_robot/ros2/src/ros2_ws/build/frob_control/install.log'
[3.207s] Invoked command in '/home/pi/Frob_robot/ros2/src/ros2_ws/src/frob_control' returned '0': PYTHONPATH=/home/pi/Frob_robot/ros2/src/ros2_ws/build/frob_control/prefix_override:/usr/lib/python3/dist-packages/colcon_core/task/python/colcon_distutils_commands:/home/pi/Frob_robot/ros2/src/ros2_ws/install/frob_control/lib/python3.12/site-packages:${PYTHONPATH} /usr/bin/python3 -W ignore:setup.py install is deprecated -W ignore:easy_install command is deprecated setup.py egg_info --egg-base ../../build/frob_control build --build-base /home/pi/Frob_robot/ros2/src/ros2_ws/build/frob_control/build install --record /home/pi/Frob_robot/ros2/src/ros2_ws/build/frob_control/install.log --single-version-externally-managed install_data
