running develop
running egg_info
creating frob_perception.egg-info
writing frob_perception.egg-info/PKG-INFO
writing dependency_links to frob_perception.egg-info/dependency_links.txt
writing entry points to frob_perception.egg-info/entry_points.txt
writing requirements to frob_perception.egg-info/requires.txt
writing top-level names to frob_perception.egg-info/top_level.txt
writing manifest file 'frob_perception.egg-info/SOURCES.txt'
reading manifest file 'frob_perception.egg-info/SOURCES.txt'
writing manifest file 'frob_perception.egg-info/SOURCES.txt'
running build_ext
Creating /home/vsadnik/ros2_ws/frob_robot/install/frob_perception/lib/python3.12/site-packages/frob-perception.egg-link (link to .)
Installing camera_node script to /home/vsadnik/ros2_ws/frob_robot/install/frob_perception/lib/frob_perception
Installing perception_node script to /home/vsadnik/ros2_ws/frob_robot/install/frob_perception/lib/frob_perception

Installed /home/vsadnik/ros2_ws/frob_robot/build/frob_perception
running symlink_data
creating /home/vsadnik/ros2_ws/frob_robot/install/frob_perception/share/ament_index
creating /home/vsadnik/ros2_ws/frob_robot/install/frob_perception/share/ament_index/resource_index
creating /home/vsadnik/ros2_ws/frob_robot/install/frob_perception/share/ament_index/resource_index/packages
symbolically linking /home/vsadnik/ros2_ws/frob_robot/build/frob_perception/resource/frob_perception -> /home/vsadnik/ros2_ws/frob_robot/install/frob_perception/share/ament_index/resource_index/packages
symbolically linking /home/vsadnik/ros2_ws/frob_robot/build/frob_perception/package.xml -> /home/vsadnik/ros2_ws/frob_robot/install/frob_perception/share/frob_perception
creating /home/vsadnik/ros2_ws/frob_robot/install/frob_perception/share/frob_perception/config
symbolically linking /home/vsadnik/ros2_ws/frob_robot/build/frob_perception/config/perception_params.yaml -> /home/vsadnik/ros2_ws/frob_robot/install/frob_perception/share/frob_perception/config
creating /home/vsadnik/ros2_ws/frob_robot/install/frob_perception/share/frob_perception/launch
symbolically linking /home/vsadnik/ros2_ws/frob_robot/build/frob_perception/launch/perception.launch.py -> /home/vsadnik/ros2_ws/frob_robot/install/frob_perception/share/frob_perception/launch
