[0.677s] Invoking command in '/home/vsadnik/ros2_ws/frob_robot/build/frob_perception': AMENT_PREFIX_PATH=/home/vsadnik/ros2_ws/frob_robot/install/frob_interfaces:${AMENT_PREFIX_PATH} CMAKE_PREFIX_PATH=/home/vsadnik/ros2_ws/frob_robot/install/frob_interfaces:${CMAKE_PREFIX_PATH} DEBUGINFOD_URLS=https://debuginfod.ubuntu.com LD_LIBRARY_PATH=/home/vsadnik/ros2_ws/frob_robot/install/frob_interfaces/lib:${LD_LIBRARY_PATH} PYTHONPATH=/home/vsadnik/ros2_ws/frob_robot/build/frob_perception/prefix_override:/usr/lib/python3/dist-packages/colcon_core/task/python/colcon_distutils_commands:/home/vsadnik/ros2_ws/frob_robot/install/frob_perception/lib/python3.12/site-packages:/home/vsadnik/ros2_ws/frob_robot/install/frob_interfaces/lib/python3.12/site-packages:${PYTHONPATH} /usr/bin/python3 -W ignore:setup.py install is deprecated -W ignore:easy_install command is deprecated setup.py develop --editable --build-directory /home/vsadnik/ros2_ws/frob_robot/build/frob_perception/build --no-deps symlink_data
[0.912s] running develop
[1.053s] running egg_info
[1.054s] creating frob_perception.egg-info
[1.068s] writing frob_perception.egg-info/PKG-INFO
[1.069s] writing dependency_links to frob_perception.egg-info/dependency_links.txt
[1.069s] writing entry points to frob_perception.egg-info/entry_points.txt
[1.069s] writing requirements to frob_perception.egg-info/requires.txt
[1.069s] writing top-level names to frob_perception.egg-info/top_level.txt
[1.069s] writing manifest file 'frob_perception.egg-info/SOURCES.txt'
[1.096s] reading manifest file 'frob_perception.egg-info/SOURCES.txt'
[1.096s] writing manifest file 'frob_perception.egg-info/SOURCES.txt'
[1.111s] running build_ext
[1.111s] Creating /home/vsadnik/ros2_ws/frob_robot/install/frob_perception/lib/python3.12/site-packages/frob-perception.egg-link (link to .)
[1.112s] Installing camera_node script to /home/vsadnik/ros2_ws/frob_robot/install/frob_perception/lib/frob_perception
[1.112s] Installing perception_node script to /home/vsadnik/ros2_ws/frob_robot/install/frob_perception/lib/frob_perception
[1.112s] 
[1.112s] Installed /home/vsadnik/ros2_ws/frob_robot/build/frob_perception
[1.112s] running symlink_data
[1.112s] creating /home/vsadnik/ros2_ws/frob_robot/install/frob_perception/share/ament_index
[1.112s] creating /home/vsadnik/ros2_ws/frob_robot/install/frob_perception/share/ament_index/resource_index
[1.112s] creating /home/vsadnik/ros2_ws/frob_robot/install/frob_perception/share/ament_index/resource_index/packages
[1.112s] symbolically linking /home/vsadnik/ros2_ws/frob_robot/build/frob_perception/resource/frob_perception -> /home/vsadnik/ros2_ws/frob_robot/install/frob_perception/share/ament_index/resource_index/packages
[1.112s] symbolically linking /home/vsadnik/ros2_ws/frob_robot/build/frob_perception/package.xml -> /home/vsadnik/ros2_ws/frob_robot/install/frob_perception/share/frob_perception
[1.112s] creating /home/vsadnik/ros2_ws/frob_robot/install/frob_perception/share/frob_perception/config
[1.113s] symbolically linking /home/vsadnik/ros2_ws/frob_robot/build/frob_perception/config/perception_params.yaml -> /home/vsadnik/ros2_ws/frob_robot/install/frob_perception/share/frob_perception/config
[1.113s] creating /home/vsadnik/ros2_ws/frob_robot/install/frob_perception/share/frob_perception/launch
[1.113s] symbolically linking /home/vsadnik/ros2_ws/frob_robot/build/frob_perception/launch/perception.launch.py -> /home/vsadnik/ros2_ws/frob_robot/install/frob_perception/share/frob_perception/launch
[1.135s] Invoked command in '/home/vsadnik/ros2_ws/frob_robot/build/frob_perception' returned '0': AMENT_PREFIX_PATH=/home/vsadnik/ros2_ws/frob_robot/install/frob_interfaces:${AMENT_PREFIX_PATH} CMAKE_PREFIX_PATH=/home/vsadnik/ros2_ws/frob_robot/install/frob_interfaces:${CMAKE_PREFIX_PATH} DEBUGINFOD_URLS=https://debuginfod.ubuntu.com LD_LIBRARY_PATH=/home/vsadnik/ros2_ws/frob_robot/install/frob_interfaces/lib:${LD_LIBRARY_PATH} PYTHONPATH=/home/vsadnik/ros2_ws/frob_robot/build/frob_perception/prefix_override:/usr/lib/python3/dist-packages/colcon_core/task/python/colcon_distutils_commands:/home/vsadnik/ros2_ws/frob_robot/install/frob_perception/lib/python3.12/site-packages:/home/vsadnik/ros2_ws/frob_robot/install/frob_interfaces/lib/python3.12/site-packages:${PYTHONPATH} /usr/bin/python3 -W ignore:setup.py install is deprecated -W ignore:easy_install command is deprecated setup.py develop --editable --build-directory /home/vsadnik/ros2_ws/frob_robot/build/frob_perception/build --no-deps symlink_data
