[1.319s] Invoking command in '/home/pi/Frob_robot/ros2/src/ros2_ws/src/ros2_arduino_bridge': AMENT_PREFIX_PATH=/home/pi/Frob_robot/ros2/src/ros2_ws/install/frob_interfaces:${AMENT_PREFIX_PATH} CMAKE_PREFIX_PATH=/home/pi/Frob_robot/ros2/src/ros2_ws/install/frob_interfaces:${CMAKE_PREFIX_PATH} LD_LIBRARY_PATH=/home/pi/Frob_robot/ros2/src/ros2_ws/install/frob_interfaces/lib:${LD_LIBRARY_PATH} PYTHONPATH=/home/pi/Frob_robot/ros2/src/ros2_ws/build/ros2_arduino_bridge/prefix_override:/usr/lib/python3/dist-packages/colcon_core/task/python/colcon_distutils_commands:/home/pi/Frob_robot/ros2/src/ros2_ws/install/ros2_arduino_bridge/lib/python3.12/site-packages:/home/pi/Frob_robot/ros2/src/ros2_ws/install/frob_interfaces/lib/python3.12/site-packages:${PYTHONPATH} /usr/bin/python3 -W ignore:setup.py install is deprecated -W ignore:easy_install command is deprecated setup.py egg_info --egg-base ../../build/ros2_arduino_bridge build --build-base /home/pi/Frob_robot/ros2/src/ros2_ws/build/ros2_arduino_bridge/build install --record /home/pi/Frob_robot/ros2/src/ros2_ws/build/ros2_arduino_bridge/install.log --single-version-externally-managed install_data
[1.806s] running egg_info
[1.834s] writing ../../build/ros2_arduino_bridge/ros2_arduino_bridge.egg-info/PKG-INFO
[1.834s] writing dependency_links to ../../build/ros2_arduino_bridge/ros2_arduino_bridge.egg-info/dependency_links.txt
[1.835s] writing entry points to ../../build/ros2_arduino_bridge/ros2_arduino_bridge.egg-info/entry_points.txt
[1.836s] writing requirements to ../../build/ros2_arduino_bridge/ros2_arduino_bridge.egg-info/requires.txt
[1.837s] writing top-level names to ../../build/ros2_arduino_bridge/ros2_arduino_bridge.egg-info/top_level.txt
[1.897s] reading manifest file '../../build/ros2_arduino_bridge/ros2_arduino_bridge.egg-info/SOURCES.txt'
[1.899s] writing manifest file '../../build/ros2_arduino_bridge/ros2_arduino_bridge.egg-info/SOURCES.txt'
[1.899s] running build
[1.900s] running build_py
[1.900s] copying ros2_arduino_bridge/connection.py -> /home/pi/Frob_robot/ros2/src/ros2_ws/build/ros2_arduino_bridge/build/lib/ros2_arduino_bridge
[1.901s] copying ros2_arduino_bridge/arduino_bridge.py -> /home/pi/Frob_robot/ros2/src/ros2_ws/build/ros2_arduino_bridge/build/lib/ros2_arduino_bridge
[1.902s] copying ros2_arduino_bridge/__init__.py -> /home/pi/Frob_robot/ros2/src/ros2_ws/build/ros2_arduino_bridge/build/lib/ros2_arduino_bridge
[1.902s] running install
[1.910s] running install_lib
[1.938s] running install_data
[1.938s] copying resource/ros2_arduino_bridge -> /home/pi/Frob_robot/ros2/src/ros2_ws/install/ros2_arduino_bridge/share/ament_index/resource_index/packages
[1.939s] copying package.xml -> /home/pi/Frob_robot/ros2/src/ros2_ws/install/ros2_arduino_bridge/share/ros2_arduino_bridge
[1.939s] running install_egg_info
[1.967s] removing '/home/pi/Frob_robot/ros2/src/ros2_ws/install/ros2_arduino_bridge/lib/python3.12/site-packages/ros2_arduino_bridge-0.0.0-py3.12.egg-info' (and everything under it)
[1.967s] Copying ../../build/ros2_arduino_bridge/ros2_arduino_bridge.egg-info to /home/pi/Frob_robot/ros2/src/ros2_ws/install/ros2_arduino_bridge/lib/python3.12/site-packages/ros2_arduino_bridge-0.0.0-py3.12.egg-info
[1.969s] running install_scripts
[2.037s] Installing arduino_bridge script to /home/pi/Frob_robot/ros2/src/ros2_ws/install/ros2_arduino_bridge/lib/ros2_arduino_bridge
[2.038s] writing list of installed files to '/home/pi/Frob_robot/ros2/src/ros2_ws/build/ros2_arduino_bridge/install.log'
[2.150s] Invoked command in '/home/pi/Frob_robot/ros2/src/ros2_ws/src/ros2_arduino_bridge' returned '0': AMENT_PREFIX_PATH=/home/pi/Frob_robot/ros2/src/ros2_ws/install/frob_interfaces:${AMENT_PREFIX_PATH} CMAKE_PREFIX_PATH=/home/pi/Frob_robot/ros2/src/ros2_ws/install/frob_interfaces:${CMAKE_PREFIX_PATH} LD_LIBRARY_PATH=/home/pi/Frob_robot/ros2/src/ros2_ws/install/frob_interfaces/lib:${LD_LIBRARY_PATH} PYTHONPATH=/home/pi/Frob_robot/ros2/src/ros2_ws/build/ros2_arduino_bridge/prefix_override:/usr/lib/python3/dist-packages/colcon_core/task/python/colcon_distutils_commands:/home/pi/Frob_robot/ros2/src/ros2_ws/install/ros2_arduino_bridge/lib/python3.12/site-packages:/home/pi/Frob_robot/ros2/src/ros2_ws/install/frob_interfaces/lib/python3.12/site-packages:${PYTHONPATH} /usr/bin/python3 -W ignore:setup.py install is deprecated -W ignore:easy_install command is deprecated setup.py egg_info --egg-base ../../build/ros2_arduino_bridge build --build-base /home/pi/Frob_robot/ros2/src/ros2_ws/build/ros2_arduino_bridge/build install --record /home/pi/Frob_robot/ros2/src/ros2_ws/build/ros2_arduino_bridge/install.log --single-version-externally-managed install_data
