[0.421s] Invoking command in '/home/pi/Frob_robot/ros2/src/ros2_ws/build/rf2o_laser_odometry': CMAKE_PREFIX_PATH=${CMAKE_PREFIX_PATH}:/opt/ros/jazzy /home/pi/.local/bin/cmake --build /home/pi/Frob_robot/ros2/src/ros2_ws/build/rf2o_laser_odometry -- -j4 -l4
[0.781s] [ 40%] Built target rf2o_laser_odometry
[0.788s] [100%] Built target rf2o_laser_odometry_node
[0.803s] Invoked command in '/home/pi/Frob_robot/ros2/src/ros2_ws/build/rf2o_laser_odometry' returned '0': CMAKE_PREFIX_PATH=${CMAKE_PREFIX_PATH}:/opt/ros/jazzy /home/pi/.local/bin/cmake --build /home/pi/Frob_robot/ros2/src/ros2_ws/build/rf2o_laser_odometry -- -j4 -l4
[0.804s] Invoking command in '/home/pi/Frob_robot/ros2/src/ros2_ws/build/rf2o_laser_odometry': CMAKE_PREFIX_PATH=${CMAKE_PREFIX_PATH}:/opt/ros/jazzy /home/pi/.local/bin/cmake --install /home/pi/Frob_robot/ros2/src/ros2_ws/build/rf2o_laser_odometry
[1.024s] -- Install configuration: ""
[1.025s] -- Up-to-date: /home/pi/Frob_robot/ros2/src/ros2_ws/install/rf2o_laser_odometry/lib/rf2o_laser_odometry/rf2o_laser_odometry_node
[1.025s] -- Up-to-date: /home/pi/Frob_robot/ros2/src/ros2_ws/install/rf2o_laser_odometry/share/rf2o_laser_odometry/launch
[1.025s] -- Up-to-date: /home/pi/Frob_robot/ros2/src/ros2_ws/install/rf2o_laser_odometry/share/rf2o_laser_odometry/launch/rf2o_laser_odometry.launch.py
[1.025s] -- Up-to-date: /home/pi/Frob_robot/ros2/src/ros2_ws/install/rf2o_laser_odometry/share/ament_index/resource_index/package_run_dependencies/rf2o_laser_odometry
[1.026s] -- Up-to-date: /home/pi/Frob_robot/ros2/src/ros2_ws/install/rf2o_laser_odometry/share/ament_index/resource_index/parent_prefix_path/rf2o_laser_odometry
[1.026s] -- Up-to-date: /home/pi/Frob_robot/ros2/src/ros2_ws/install/rf2o_laser_odometry/share/rf2o_laser_odometry/environment/ament_prefix_path.sh
[1.026s] -- Up-to-date: /home/pi/Frob_robot/ros2/src/ros2_ws/install/rf2o_laser_odometry/share/rf2o_laser_odometry/environment/ament_prefix_path.dsv
[1.026s] -- Up-to-date: /home/pi/Frob_robot/ros2/src/ros2_ws/install/rf2o_laser_odometry/share/rf2o_laser_odometry/environment/path.sh
[1.026s] -- Up-to-date: /home/pi/Frob_robot/ros2/src/ros2_ws/install/rf2o_laser_odometry/share/rf2o_laser_odometry/environment/path.dsv
[1.026s] -- Up-to-date: /home/pi/Frob_robot/ros2/src/ros2_ws/install/rf2o_laser_odometry/share/rf2o_laser_odometry/local_setup.bash
[1.026s] -- Up-to-date: /home/pi/Frob_robot/ros2/src/ros2_ws/install/rf2o_laser_odometry/share/rf2o_laser_odometry/local_setup.sh
[1.026s] -- Up-to-date: /home/pi/Frob_robot/ros2/src/ros2_ws/install/rf2o_laser_odometry/share/rf2o_laser_odometry/local_setup.zsh
[1.026s] -- Up-to-date: /home/pi/Frob_robot/ros2/src/ros2_ws/install/rf2o_laser_odometry/share/rf2o_laser_odometry/local_setup.dsv
[1.027s] -- Installing: /home/pi/Frob_robot/ros2/src/ros2_ws/install/rf2o_laser_odometry/share/rf2o_laser_odometry/package.dsv
[1.027s] -- Up-to-date: /home/pi/Frob_robot/ros2/src/ros2_ws/install/rf2o_laser_odometry/share/ament_index/resource_index/packages/rf2o_laser_odometry
[1.027s] -- Up-to-date: /home/pi/Frob_robot/ros2/src/ros2_ws/install/rf2o_laser_odometry/share/rf2o_laser_odometry/cmake/rf2o_laser_odometryConfig.cmake
[1.027s] -- Up-to-date: /home/pi/Frob_robot/ros2/src/ros2_ws/install/rf2o_laser_odometry/share/rf2o_laser_odometry/cmake/rf2o_laser_odometryConfig-version.cmake
[1.027s] -- Up-to-date: /home/pi/Frob_robot/ros2/src/ros2_ws/install/rf2o_laser_odometry/share/rf2o_laser_odometry/package.xml
[1.031s] Invoked command in '/home/pi/Frob_robot/ros2/src/ros2_ws/build/rf2o_laser_odometry' returned '0': CMAKE_PREFIX_PATH=${CMAKE_PREFIX_PATH}:/opt/ros/jazzy /home/pi/.local/bin/cmake --install /home/pi/Frob_robot/ros2/src/ros2_ws/build/rf2o_laser_odometry
