[0.043s] Invoking command in '/home/pi/Frob_robot/ros2/src/ros2_ws/build/sllidar_ros2': CMAKE_PREFIX_PATH=${CMAKE_PREFIX_PATH}:/home/pi/Frob_robot/ros2/src/ros2_ws/install/frob_bringup:/home/pi/Frob_robot/ros2/src/ros2_ws/install/ros2_arduino_bridge:/home/pi/Frob_robot/ros2/src/ros2_ws/install/lidar_filter:/home/pi/Frob_robot/ros2/src/ros2_ws/install/keyboard_vel_control:/home/pi/Frob_robot/ros2/src/ros2_ws/install/frob_odometry:/home/pi/Frob_robot/ros2/src/ros2_ws/install/frob_navigation:/home/pi/Frob_robot/ros2/src/ros2_ws/install/frob_description:/home/pi/Frob_robot/ros2/src/ros2_ws/install/frob_control:/opt/ros/jazzy /home/pi/.local/bin/cmake --build /home/pi/Frob_robot/ros2/src/ros2_ws/build/sllidar_ros2 -- -j4 -l4
[0.903s] [ 65%] Built target sllidar_client
[0.909s] [100%] Built target sllidar_node
[1.004s] Invoked command in '/home/pi/Frob_robot/ros2/src/ros2_ws/build/sllidar_ros2' returned '0': CMAKE_PREFIX_PATH=${CMAKE_PREFIX_PATH}:/home/pi/Frob_robot/ros2/src/ros2_ws/install/frob_bringup:/home/pi/Frob_robot/ros2/src/ros2_ws/install/ros2_arduino_bridge:/home/pi/Frob_robot/ros2/src/ros2_ws/install/lidar_filter:/home/pi/Frob_robot/ros2/src/ros2_ws/install/keyboard_vel_control:/home/pi/Frob_robot/ros2/src/ros2_ws/install/frob_odometry:/home/pi/Frob_robot/ros2/src/ros2_ws/install/frob_navigation:/home/pi/Frob_robot/ros2/src/ros2_ws/install/frob_description:/home/pi/Frob_robot/ros2/src/ros2_ws/install/frob_control:/opt/ros/jazzy /home/pi/.local/bin/cmake --build /home/pi/Frob_robot/ros2/src/ros2_ws/build/sllidar_ros2 -- -j4 -l4
[1.008s] Invoking command in '/home/pi/Frob_robot/ros2/src/ros2_ws/build/sllidar_ros2': CMAKE_PREFIX_PATH=${CMAKE_PREFIX_PATH}:/home/pi/Frob_robot/ros2/src/ros2_ws/install/frob_bringup:/home/pi/Frob_robot/ros2/src/ros2_ws/install/ros2_arduino_bridge:/home/pi/Frob_robot/ros2/src/ros2_ws/install/lidar_filter:/home/pi/Frob_robot/ros2/src/ros2_ws/install/keyboard_vel_control:/home/pi/Frob_robot/ros2/src/ros2_ws/install/frob_odometry:/home/pi/Frob_robot/ros2/src/ros2_ws/install/frob_navigation:/home/pi/Frob_robot/ros2/src/ros2_ws/install/frob_description:/home/pi/Frob_robot/ros2/src/ros2_ws/install/frob_control:/opt/ros/jazzy /home/pi/.local/bin/cmake --install /home/pi/Frob_robot/ros2/src/ros2_ws/build/sllidar_ros2
[1.317s] -- Install configuration: ""
[1.317s] -- Up-to-date: /home/pi/Frob_robot/ros2/src/ros2_ws/install/sllidar_ros2/share/sllidar_ros2/launch
[1.319s] -- Up-to-date: /home/pi/Frob_robot/ros2/src/ros2_ws/install/sllidar_ros2/share/sllidar_ros2/launch/view_sllidar_a2m12_launch.py
[1.319s] -- Up-to-date: /home/pi/Frob_robot/ros2/src/ros2_ws/install/sllidar_ros2/share/sllidar_ros2/launch/view_sllidar_a2m8_launch.py
[1.319s] -- Up-to-date: /home/pi/Frob_robot/ros2/src/ros2_ws/install/sllidar_ros2/share/sllidar_ros2/launch/view_sllidar_s1_launch.py
[1.320s] -- Up-to-date: /home/pi/Frob_robot/ros2/src/ros2_ws/install/sllidar_ros2/share/sllidar_ros2/launch/sllidar_a2m7_launch.py
[1.320s] -- Up-to-date: /home/pi/Frob_robot/ros2/src/ros2_ws/install/sllidar_ros2/share/sllidar_ros2/launch/sllidar_c1_launch.py
[1.320s] -- Up-to-date: /home/pi/Frob_robot/ros2/src/ros2_ws/install/sllidar_ros2/share/sllidar_ros2/launch/sllidar_s3_launch.py
[1.320s] -- Up-to-date: /home/pi/Frob_robot/ros2/src/ros2_ws/install/sllidar_ros2/share/sllidar_ros2/launch/view_sllidar_s1_tcp_launch.py
[1.320s] -- Up-to-date: /home/pi/Frob_robot/ros2/src/ros2_ws/install/sllidar_ros2/share/sllidar_ros2/launch/sllidar_t1_launch.py
[1.320s] -- Up-to-date: /home/pi/Frob_robot/ros2/src/ros2_ws/install/sllidar_ros2/share/sllidar_ros2/launch/view_sllidar_t1_launch.py
[1.320s] -- Up-to-date: /home/pi/Frob_robot/ros2/src/ros2_ws/install/sllidar_ros2/share/sllidar_ros2/launch/view_sllidar_a1_launch.py
[1.320s] -- Up-to-date: /home/pi/Frob_robot/ros2/src/ros2_ws/install/sllidar_ros2/share/sllidar_ros2/launch/sllidar_s1_tcp_launch.py
[1.322s] -- Up-to-date: /home/pi/Frob_robot/ros2/src/ros2_ws/install/sllidar_ros2/share/sllidar_ros2/launch/view_sllidar_a3_launch.py
[1.323s] -- Up-to-date: /home/pi/Frob_robot/ros2/src/ros2_ws/install/sllidar_ros2/share/sllidar_ros2/launch/sllidar_a3_launch.py
[1.323s] -- Up-to-date: /home/pi/Frob_robot/ros2/src/ros2_ws/install/sllidar_ros2/share/sllidar_ros2/launch/sllidar_a2m12_launch .py
[1.323s] -- Up-to-date: /home/pi/Frob_robot/ros2/src/ros2_ws/install/sllidar_ros2/share/sllidar_ros2/launch/view_sllidar_s2e_launch.py
[1.323s] -- Up-to-date: /home/pi/Frob_robot/ros2/src/ros2_ws/install/sllidar_ros2/share/sllidar_ros2/launch/view_sllidar_s2_launch.py
[1.323s] -- Up-to-date: /home/pi/Frob_robot/ros2/src/ros2_ws/install/sllidar_ros2/share/sllidar_ros2/launch/sllidar_a1_launch.py
[1.323s] -- Up-to-date: /home/pi/Frob_robot/ros2/src/ros2_ws/install/sllidar_ros2/share/sllidar_ros2/launch/view_sllidar_s3_launch.py
[1.323s] -- Up-to-date: /home/pi/Frob_robot/ros2/src/ros2_ws/install/sllidar_ros2/share/sllidar_ros2/launch/view_sllidar_c1_launch.py
[1.324s] -- Up-to-date: /home/pi/Frob_robot/ros2/src/ros2_ws/install/sllidar_ros2/share/sllidar_ros2/launch/view_sllidar_a2m7_launch.py
[1.324s] -- Up-to-date: /home/pi/Frob_robot/ros2/src/ros2_ws/install/sllidar_ros2/share/sllidar_ros2/launch/sllidar_a2m8_launch.py
[1.324s] -- Up-to-date: /home/pi/Frob_robot/ros2/src/ros2_ws/install/sllidar_ros2/share/sllidar_ros2/launch/sllidar_s2e_launch.py
[1.324s] -- Up-to-date: /home/pi/Frob_robot/ros2/src/ros2_ws/install/sllidar_ros2/share/sllidar_ros2/launch/sllidar_s2_launch.py
[1.324s] -- Up-to-date: /home/pi/Frob_robot/ros2/src/ros2_ws/install/sllidar_ros2/share/sllidar_ros2/launch/sllidar_s1_launch.py
[1.324s] -- Up-to-date: /home/pi/Frob_robot/ros2/src/ros2_ws/install/sllidar_ros2/share/sllidar_ros2/rviz
[1.325s] -- Up-to-date: /home/pi/Frob_robot/ros2/src/ros2_ws/install/sllidar_ros2/share/sllidar_ros2/rviz/sllidar_ros2.rviz
[1.331s] -- Up-to-date: /home/pi/Frob_robot/ros2/src/ros2_ws/install/sllidar_ros2/lib/sllidar_ros2/sllidar_node
[1.335s] -- Up-to-date: /home/pi/Frob_robot/ros2/src/ros2_ws/install/sllidar_ros2/lib/sllidar_ros2/sllidar_client
[1.336s] -- Up-to-date: /home/pi/Frob_robot/ros2/src/ros2_ws/install/sllidar_ros2/share/ament_index/resource_index/package_run_dependencies/sllidar_ros2
[1.337s] -- Up-to-date: /home/pi/Frob_robot/ros2/src/ros2_ws/install/sllidar_ros2/share/ament_index/resource_index/parent_prefix_path/sllidar_ros2
[1.337s] -- Up-to-date: /home/pi/Frob_robot/ros2/src/ros2_ws/install/sllidar_ros2/share/sllidar_ros2/environment/ament_prefix_path.sh
[1.337s] -- Up-to-date: /home/pi/Frob_robot/ros2/src/ros2_ws/install/sllidar_ros2/share/sllidar_ros2/environment/ament_prefix_path.dsv
[1.337s] -- Up-to-date: /home/pi/Frob_robot/ros2/src/ros2_ws/install/sllidar_ros2/share/sllidar_ros2/environment/path.sh
[1.337s] -- Up-to-date: /home/pi/Frob_robot/ros2/src/ros2_ws/install/sllidar_ros2/share/sllidar_ros2/environment/path.dsv
[1.337s] -- Up-to-date: /home/pi/Frob_robot/ros2/src/ros2_ws/install/sllidar_ros2/share/sllidar_ros2/local_setup.bash
[1.338s] -- Up-to-date: /home/pi/Frob_robot/ros2/src/ros2_ws/install/sllidar_ros2/share/sllidar_ros2/local_setup.sh
[1.338s] -- Up-to-date: /home/pi/Frob_robot/ros2/src/ros2_ws/install/sllidar_ros2/share/sllidar_ros2/local_setup.zsh
[1.338s] -- Up-to-date: /home/pi/Frob_robot/ros2/src/ros2_ws/install/sllidar_ros2/share/sllidar_ros2/local_setup.dsv
[1.338s] -- Installing: /home/pi/Frob_robot/ros2/src/ros2_ws/install/sllidar_ros2/share/sllidar_ros2/package.dsv
[1.338s] -- Up-to-date: /home/pi/Frob_robot/ros2/src/ros2_ws/install/sllidar_ros2/share/ament_index/resource_index/packages/sllidar_ros2
[1.339s] -- Up-to-date: /home/pi/Frob_robot/ros2/src/ros2_ws/install/sllidar_ros2/share/sllidar_ros2/cmake/ament_cmake_export_dependencies-extras.cmake
[1.339s] -- Up-to-date: /home/pi/Frob_robot/ros2/src/ros2_ws/install/sllidar_ros2/share/sllidar_ros2/cmake/ament_cmake_export_include_directories-extras.cmake
[1.339s] -- Up-to-date: /home/pi/Frob_robot/ros2/src/ros2_ws/install/sllidar_ros2/share/sllidar_ros2/cmake/sllidar_ros2Config.cmake
[1.339s] -- Up-to-date: /home/pi/Frob_robot/ros2/src/ros2_ws/install/sllidar_ros2/share/sllidar_ros2/cmake/sllidar_ros2Config-version.cmake
[1.339s] -- Up-to-date: /home/pi/Frob_robot/ros2/src/ros2_ws/install/sllidar_ros2/share/sllidar_ros2/package.xml
[1.390s] Invoked command in '/home/pi/Frob_robot/ros2/src/ros2_ws/build/sllidar_ros2' returned '0': CMAKE_PREFIX_PATH=${CMAKE_PREFIX_PATH}:/home/pi/Frob_robot/ros2/src/ros2_ws/install/frob_bringup:/home/pi/Frob_robot/ros2/src/ros2_ws/install/ros2_arduino_bridge:/home/pi/Frob_robot/ros2/src/ros2_ws/install/lidar_filter:/home/pi/Frob_robot/ros2/src/ros2_ws/install/keyboard_vel_control:/home/pi/Frob_robot/ros2/src/ros2_ws/install/frob_odometry:/home/pi/Frob_robot/ros2/src/ros2_ws/install/frob_navigation:/home/pi/Frob_robot/ros2/src/ros2_ws/install/frob_description:/home/pi/Frob_robot/ros2/src/ros2_ws/install/frob_control:/opt/ros/jazzy /home/pi/.local/bin/cmake --install /home/pi/Frob_robot/ros2/src/ros2_ws/build/sllidar_ros2
