[0.000000] (-) TimerEvent: {}
[0.000111] (-) JobUnselected: {'identifier': 'frob_bringup'}
[0.000373] (-) JobUnselected: {'identifier': 'frob_control'}
[0.000387] (-) JobUnselected: {'identifier': 'frob_description'}
[0.000398] (-) JobUnselected: {'identifier': 'frob_interfaces'}
[0.000408] (-) JobUnselected: {'identifier': 'frob_navigation'}
[0.000417] (-) JobUnselected: {'identifier': 'frob_odometry'}
[0.000426] (-) JobUnselected: {'identifier': 'keyboard_vel_control'}
[0.000435] (-) JobUnselected: {'identifier': 'lidar_filter'}
[0.000443] (-) JobUnselected: {'identifier': 'rf2o_laser_odometry'}
[0.000451] (-) JobUnselected: {'identifier': 'ros2_arduino_bridge'}
[0.000460] (-) JobUnselected: {'identifier': 'ros2_mpu6050'}
[0.000469] (-) JobUnselected: {'identifier': 'sllidar_ros2'}
[0.000478] (-) JobUnselected: {'identifier': 'so101_description'}
[0.000486] (-) JobUnselected: {'identifier': 'so101_hardware'}
[0.000495] (-) JobUnselected: {'identifier': 'so101_moveit'}
[0.000506] (frob_perception) JobQueued: {'identifier': 'frob_perception', 'dependencies': OrderedDict({'frob_interfaces': '/home/vsadnik/ros2_ws/frob_robot/install/frob_interfaces'})}
[0.000521] (frob_perception) JobStarted: {'identifier': 'frob_perception'}
[0.099897] (-) TimerEvent: {}
[0.200030] (-) TimerEvent: {}
[0.300161] (-) TimerEvent: {}
[0.400292] (-) TimerEvent: {}
[0.491651] (frob_perception) Command: {'cmd': ['/usr/bin/python3', '-W', 'ignore:setup.py install is deprecated', '-W', 'ignore:easy_install command is deprecated', 'setup.py', 'develop', '--editable', '--build-directory', '/home/vsadnik/ros2_ws/frob_robot/build/frob_perception/build', '--no-deps', 'symlink_data'], 'cwd': '/home/vsadnik/ros2_ws/frob_robot/build/frob_perception', 'env': {'GJS_DEBUG_TOPICS': 'JS ERROR;JS LOG', 'OPENCODE_DISABLE_EMBEDDED_WEB_UI': 'true', 'GZ_SIM_RESOURCE_PATH': '/opt/ros/jazzy/share', 'USER': 'vsadnik', 'no_proxy': '127.0.0.1,localhost,::1', 'OPENCODE_SERVER_USERNAME': 'opencode', 'GZ_CONFIG_PATH': '/opt/ros/jazzy/opt/gz_sim_vendor/share/gz:/opt/ros/jazzy/opt/sdformat_vendor/share/gz:/opt/ros/jazzy/opt/gz_gui_vendor/share/gz:/opt/ros/jazzy/opt/gz_transport_vendor/share/gz:/opt/ros/jazzy/opt/gz_rendering_vendor/share/gz:/opt/ros/jazzy/opt/gz_plugin_vendor/share/gz:/opt/ros/jazzy/opt/gz_fuel_tools_vendor/share/gz:/opt/ros/jazzy/opt/gz_msgs_vendor/share/gz:/opt/ros/jazzy/opt/gz_common_vendor/share/gz', 'XDG_SESSION_TYPE': 'x11', 'CLUTTER_DISABLE_MIPMAPPED_TEXT': '1', 'LD_LIBRARY_PATH': '/home/vsadnik/ros2_ws/frob_robot/install/frob_interfaces/lib:/opt/ros/jazzy/opt/gz_sim_vendor/lib:/opt/ros/jazzy/opt/gz_sensors_vendor/lib:/opt/ros/jazzy/opt/gz_physics_vendor/lib:/opt/ros/jazzy/opt/sdformat_vendor/lib:/opt/ros/jazzy/opt/rviz_ogre_vendor/lib:/opt/ros/jazzy/lib/x86_64-linux-gnu:/opt/ros/jazzy/opt/gz_gui_vendor/lib:/opt/ros/jazzy/opt/gz_transport_vendor/lib:/opt/ros/jazzy/opt/gz_rendering_vendor/lib:/opt/ros/jazzy/opt/gz_plugin_vendor/lib:/opt/ros/jazzy/opt/gz_fuel_tools_vendor/lib:/opt/ros/jazzy/opt/gz_msgs_vendor/lib:/opt/ros/jazzy/opt/gz_common_vendor/lib:/opt/ros/jazzy/opt/gz_math_vendor/lib:/opt/ros/jazzy/opt/gz_utils_vendor/lib:/opt/ros/jazzy/opt/gz_tools_vendor/lib:/opt/ros/jazzy/opt/gz_ogre_next_vendor/lib:/opt/ros/jazzy/opt/gz_dartsim_vendor/lib:/opt/ros/jazzy/opt/gz_cmake_vendor/lib:/opt/ros/jazzy/lib', 'SHLVL': '1', 'CHROME_DESKTOP': 'ai.opencode.desktop.desktop', 'HOME': '/home/vsadnik', 'LESS': '-R', 'OLDPWD': '/home/vsadnik/ros2_ws/frob_robot', 'DESKTOP_SESSION': 'ubuntu', 'NO_PROXY': '127.0.0.1,localhost,::1', 'GIO_LAUNCHED_DESKTOP_FILE': '/usr/share/applications/ai.opencode.desktop.desktop', 'LSCOLORS': 'Gxfxcxdxbxegedabagacad', 'ZSH': '/home/vsadnik/.oh-my-zsh', 'GNOME_SHELL_SESSION_MODE': 'ubuntu', 'GTK_MODULES': 'gail:atk-bridge:appmenu-gtk-module', 'PAGER': 'less', 'ROS_PYTHON_VERSION': '3', 'MANAGERPID': '1765', 'DBUS_SESSION_BUS_ADDRESS': 'unix:path=/run/user/1000/bus', 'GSM_SKIP_SSH_AGENT_WORKAROUND': 'true', 'SYSTEMD_EXEC_PID': '2099', 'XDG_STATE_HOME': '/home/vsadnik/.config/ai.opencode.desktop', 'GIO_LAUNCHED_DESKTOP_FILE_PID': '6831', 'DEBUGINFOD_URLS': 'https://debuginfod.ubuntu.com', 'ROS_DISTRO': 'jazzy', 'LOGNAME': 'vsadnik', 'JOURNAL_STREAM': '9:17172', 'OPENCODE_CLIENT': 'desktop', '_': '/usr/bin/colcon', 'MEMORY_PRESSURE_WATCH': '/sys/fs/cgroup/user.slice/user-1000.slice/user@1000.service/session.slice/org.gnome.Shell@x11.service/memory.pressure', 'ROS_VERSION': '2', 'XDG_SESSION_CLASS': 'user', 'USERNAME': 'vsadnik', 'FC_FONTATIONS': '1', 'GNOME_DESKTOP_SESSION_ID': 'this-is-deprecated', 'WINDOWPATH': '2', 'PATH': '/home/vsadnik/.opencode/bin:/opt/ros/jazzy/opt/gz_msgs_vendor/bin:/opt/ros/jazzy/opt/gz_tools_vendor/bin:/opt/ros/jazzy/opt/gz_ogre_next_vendor/bin:/opt/ros/jazzy/bin:/usr/local/sbin:/usr/local/bin:/usr/sbin:/usr/bin:/sbin:/bin:/usr/games:/usr/local/games:/snap/bin:/snap/bin', 'INVOCATION_ID': '0c945ae3447b4d6c9d621fa20f370486', 'SESSION_MANAGER': 'local/vsadnik-PC:@/tmp/.ICE-unix/2073,unix/vsadnik-PC:/tmp/.ICE-unix/2073', 'OPENCODE_SERVER_PASSWORD': 'b40c96f9-b8f9-4751-9f05-c0ca66695fbb', 'GDK_BACKEND': 'x11', 'XDG_MENU_PREFIX': 'gnome-', 'XDG_RUNTIME_DIR': '/run/user/1000', 'DISPLAY': ':0', 'OPENCODE_EXPERIMENTAL_FILEWATCHER': 'true', 'LANG': 'en_US.UTF-8', 'OPENCODE_EXPERIMENTAL_ICON_DISCOVERY': 'true', 'XDG_CURRENT_DESKTOP': 'ubuntu:GNOME', 'XAUTHORITY': '/run/user/1000/gdm/Xauthority', 'XDG_SESSION_DESKTOP': 'ubuntu', 'XMODIFIERS': '@im=ibus', 'AMENT_PREFIX_PATH': '/home/vsadnik/ros2_ws/frob_robot/install/frob_interfaces:/opt/ros/jazzy', 'ROS_DOMAIN_ID': '56', 'SSH_AUTH_SOCK': '/run/user/1000/keyring/ssh', 'SHELL': '/usr/bin/zsh', 'GDMSESSION': 'ubuntu', 'NO_AT_BRIDGE': '1', 'QT_ACCESSIBILITY': '1', 'GJS_DEBUG_OUTPUT': 'stderr', 'GPG_AGENT_INFO': '/run/user/1000/gnupg/S.gpg-agent:0:1', 'QT_IM_MODULE': 'ibus', 'ROS_AUTOMATIC_DISCOVERY_RANGE': 'SUBNET', 'LC_ALL': 'en_US.UTF-8', 'PWD': '/home/vsadnik/ros2_ws/frob_robot/build/frob_perception', 'XDG_CONFIG_DIRS': '/etc/xdg/xdg-ubuntu:/etc/xdg', 'XDG_DATA_DIRS': '/usr/share/ubuntu:/usr/share/gnome:/usr/local/share/:/usr/share/:/var/lib/snapd/desktop', 'PYTHONPATH': '/home/vsadnik/ros2_ws/frob_robot/build/frob_perception/prefix_override:/usr/lib/python3/dist-packages/colcon_core/task/python/colcon_distutils_commands:/home/vsadnik/ros2_ws/frob_robot/install/frob_perception/lib/python3.12/site-packages:/home/vsadnik/ros2_ws/frob_robot/install/frob_interfaces/lib/python3.12/site-packages:/opt/ros/jazzy/lib/python3.12/site-packages', 'QTWEBENGINE_DICTIONARIES_PATH': '/usr/share/hunspell-bdic/', 'COLCON': '1', 'MEMORY_PRESSURE_WRITE': 'c29tZSAyMDAwMDAgMjAwMDAwMAA=', 'CMAKE_PREFIX_PATH': '/home/vsadnik/ros2_ws/frob_robot/install/frob_interfaces:/opt/ros/jazzy/opt/gz_sim_vendor:/opt/ros/jazzy/opt/gz_sensors_vendor:/opt/ros/jazzy/opt/gz_physics_vendor:/opt/ros/jazzy/opt/sdformat_vendor:/opt/ros/jazzy/opt/gz_gui_vendor:/opt/ros/jazzy/opt/gz_transport_vendor:/opt/ros/jazzy/opt/gz_rendering_vendor:/opt/ros/jazzy/opt/gz_plugin_vendor:/opt/ros/jazzy/opt/gz_fuel_tools_vendor:/opt/ros/jazzy/opt/gz_msgs_vendor:/opt/ros/jazzy/opt/gz_common_vendor:/opt/ros/jazzy/opt/gz_math_vendor:/opt/ros/jazzy/opt/gz_utils_vendor:/opt/ros/jazzy/opt/gz_tools_vendor:/opt/ros/jazzy/opt/gz_ogre_next_vendor:/opt/ros/jazzy/opt/gz_dartsim_vendor:/opt/ros/jazzy/opt/gz_cmake_vendor'}, 'shell': False}
[0.500358] (-) TimerEvent: {}
[0.600467] (-) TimerEvent: {}
[0.695563] (frob_perception) StdoutLine: {'line': b'running develop\n'}
[0.700536] (-) TimerEvent: {}
[0.800660] (-) TimerEvent: {}
[0.820615] (frob_perception) StdoutLine: {'line': b'running egg_info\n'}
[0.832249] (frob_perception) StdoutLine: {'line': b'writing frob_perception.egg-info/PKG-INFO\n'}
[0.832407] (frob_perception) StdoutLine: {'line': b'writing dependency_links to frob_perception.egg-info/dependency_links.txt\n'}
[0.832505] (frob_perception) StdoutLine: {'line': b'writing entry points to frob_perception.egg-info/entry_points.txt\n'}
[0.832616] (frob_perception) StdoutLine: {'line': b'writing requirements to frob_perception.egg-info/requires.txt\n'}
[0.832666] (frob_perception) StdoutLine: {'line': b'writing top-level names to frob_perception.egg-info/top_level.txt\n'}
[0.856882] (frob_perception) StdoutLine: {'line': b"reading manifest file 'frob_perception.egg-info/SOURCES.txt'\n"}
[0.857235] (frob_perception) StdoutLine: {'line': b"writing manifest file 'frob_perception.egg-info/SOURCES.txt'\n"}
[0.869445] (frob_perception) StdoutLine: {'line': b'running build_ext\n'}
[0.869590] (frob_perception) StdoutLine: {'line': b'Creating /home/vsadnik/ros2_ws/frob_robot/install/frob_perception/lib/python3.12/site-packages/frob-perception.egg-link (link to .)\n'}
[0.869820] (frob_perception) StdoutLine: {'line': b'Installing camera_node script to /home/vsadnik/ros2_ws/frob_robot/install/frob_perception/lib/frob_perception\n'}
[0.869960] (frob_perception) StdoutLine: {'line': b'Installing perception_node script to /home/vsadnik/ros2_ws/frob_robot/install/frob_perception/lib/frob_perception\n'}
[0.870105] (frob_perception) StdoutLine: {'line': b'\n'}
[0.870168] (frob_perception) StdoutLine: {'line': b'Installed /home/vsadnik/ros2_ws/frob_robot/build/frob_perception\n'}
[0.870216] (frob_perception) StdoutLine: {'line': b'running symlink_data\n'}
[0.888815] (frob_perception) CommandEnded: {'returncode': 0}
[0.894540] (frob_perception) JobEnded: {'identifier': 'frob_perception', 'rc': 0}
[0.894809] (-) EventReactorShutdown: {}
