[1.895s] Invoking command in '/home/pi/Frob_robot/ros2/src/ros2_ws/src/frob_control': PYTHONPATH=/home/pi/Frob_robot/ros2/src/ros2_ws/build/frob_control/prefix_override:/usr/lib/python3/dist-packages/colcon_core/task/python/colcon_distutils_commands:/home/pi/Frob_robot/ros2/src/ros2_ws/install/frob_control/lib/python3.12/site-packages:${PYTHONPATH} /usr/bin/python3 -W ignore:setup.py install is deprecated -W ignore:easy_install command is deprecated setup.py egg_info --egg-base ../../build/frob_control build --build-base /home/pi/Frob_robot/ros2/src/ros2_ws/build/frob_control/build install --record /home/pi/Frob_robot/ros2/src/ros2_ws/build/frob_control/install.log --single-version-externally-managed install_data
[2.408s] running egg_info
[2.439s] writing ../../build/frob_control/frob_control.egg-info/PKG-INFO
[2.440s] writing dependency_links to ../../build/frob_control/frob_control.egg-info/dependency_links.txt
[2.442s] writing entry points to ../../build/frob_control/frob_control.egg-info/entry_points.txt
[2.442s] writing requirements to ../../build/frob_control/frob_control.egg-info/requires.txt
[2.443s] writing top-level names to ../../build/frob_control/frob_control.egg-info/top_level.txt
[2.511s] reading manifest file '../../build/frob_control/frob_control.egg-info/SOURCES.txt'
[2.512s] writing manifest file '../../build/frob_control/frob_control.egg-info/SOURCES.txt'
[2.512s] running build
[2.512s] running build_py
[2.512s] copying frob_control/joy_control.py -> /home/pi/Frob_robot/ros2/src/ros2_ws/build/frob_control/build/lib/frob_control
[2.512s] copying frob_control/__init__.py -> /home/pi/Frob_robot/ros2/src/ros2_ws/build/frob_control/build/lib/frob_control
[2.512s] running install
[2.521s] running install_lib
[2.553s] running install_data
[2.553s] copying resource/frob_control -> /home/pi/Frob_robot/ros2/src/ros2_ws/install/frob_control/share/ament_index/resource_index/packages
[2.554s] copying package.xml -> /home/pi/Frob_robot/ros2/src/ros2_ws/install/frob_control/share/frob_control
[2.554s] copying config/joy_config.yaml -> /home/pi/Frob_robot/ros2/src/ros2_ws/install/frob_control/share/frob_control/config
[2.555s] copying launch/joy_control.launch.py -> /home/pi/Frob_robot/ros2/src/ros2_ws/install/frob_control/share/frob_control/launch
[2.557s] running install_egg_info
[2.585s] removing '/home/pi/Frob_robot/ros2/src/ros2_ws/install/frob_control/lib/python3.12/site-packages/frob_control-0.0.0-py3.12.egg-info' (and everything under it)
[2.585s] Copying ../../build/frob_control/frob_control.egg-info to /home/pi/Frob_robot/ros2/src/ros2_ws/install/frob_control/lib/python3.12/site-packages/frob_control-0.0.0-py3.12.egg-info
[2.587s] running install_scripts
[2.672s] Installing joy_control script to /home/pi/Frob_robot/ros2/src/ros2_ws/install/frob_control/lib/frob_control
[2.673s] writing list of installed files to '/home/pi/Frob_robot/ros2/src/ros2_ws/build/frob_control/install.log'
[2.783s] Invoked command in '/home/pi/Frob_robot/ros2/src/ros2_ws/src/frob_control' returned '0': PYTHONPATH=/home/pi/Frob_robot/ros2/src/ros2_ws/build/frob_control/prefix_override:/usr/lib/python3/dist-packages/colcon_core/task/python/colcon_distutils_commands:/home/pi/Frob_robot/ros2/src/ros2_ws/install/frob_control/lib/python3.12/site-packages:${PYTHONPATH} /usr/bin/python3 -W ignore:setup.py install is deprecated -W ignore:easy_install command is deprecated setup.py egg_info --egg-base ../../build/frob_control build --build-base /home/pi/Frob_robot/ros2/src/ros2_ws/build/frob_control/build install --record /home/pi/Frob_robot/ros2/src/ros2_ws/build/frob_control/install.log --single-version-externally-managed install_data
