[0.030s] Invoking command in '/home/pi/Frob_robot/ros2/src/ros2_ws/build/so101_moveit': AMENT_PREFIX_PATH=/home/pi/Frob_robot/ros2/src/ros2_ws/install/so101_description:${AMENT_PREFIX_PATH} CMAKE_PREFIX_PATH=/home/pi/Frob_robot/ros2/src/ros2_ws/install/so101_description:/opt/ros/jazzy/opt/gz_sim_vendor:/opt/ros/jazzy/opt/gz_sensors_vendor:/opt/ros/jazzy/opt/gz_physics_vendor:/opt/ros/jazzy/opt/sdformat_vendor:/opt/ros/jazzy/opt/gz_gui_vendor:/opt/ros/jazzy/opt/gz_transport_vendor:/opt/ros/jazzy/opt/gz_rendering_vendor:/opt/ros/jazzy/opt/gz_plugin_vendor:/opt/ros/jazzy/opt/gz_fuel_tools_vendor:/opt/ros/jazzy/opt/gz_msgs_vendor:/opt/ros/jazzy/opt/gz_common_vendor:/opt/ros/jazzy/opt/gz_math_vendor:/opt/ros/jazzy/opt/gz_utils_vendor:/opt/ros/jazzy/opt/gz_tools_vendor:/opt/ros/jazzy/opt/gz_ogre_next_vendor:/opt/ros/jazzy/opt/gz_dartsim_vendor:/opt/ros/jazzy/opt/gz_cmake_vendor:/opt/ros/jazzy /home/pi/.local/bin/cmake /home/pi/Frob_robot/ros2/src/ros2_ws/src/lerobot-ros-moveit/so101_moveit -DCMAKE_INSTALL_PREFIX=/home/pi/Frob_robot/ros2/src/ros2_ws/install/so101_moveit
[0.747s] -- The C compiler identification is GNU 13.3.0
[1.106s] -- The CXX compiler identification is GNU 13.3.0
[1.143s] -- Detecting C compiler ABI info
[1.427s] -- Detecting C compiler ABI info - done
[1.495s] -- Check for working C compiler: /usr/bin/cc - skipped
[1.501s] -- Detecting C compile features
[1.502s] -- Detecting C compile features - done
[1.566s] -- Detecting CXX compiler ABI info
[1.902s] -- Detecting CXX compiler ABI info - done
[1.961s] -- Check for working CXX compiler: /usr/bin/c++ - skipped
[1.963s] -- Detecting CXX compile features
[1.968s] -- Detecting CXX compile features - done
[2.019s] -- Found ament_cmake: 2.5.5 (/opt/ros/jazzy/share/ament_cmake/cmake)
[3.406s] -- Found Python3: /usr/bin/python3 (found version "3.12.3") found components: Interpreter
[4.705s] -- Configuring done (4.1s)
[4.724s] -- Generating done (0.0s)
[4.730s] -- Build files have been written to: /home/pi/Frob_robot/ros2/src/ros2_ws/build/so101_moveit
[4.766s] Invoked command in '/home/pi/Frob_robot/ros2/src/ros2_ws/build/so101_moveit' returned '0': AMENT_PREFIX_PATH=/home/pi/Frob_robot/ros2/src/ros2_ws/install/so101_description:${AMENT_PREFIX_PATH} CMAKE_PREFIX_PATH=/home/pi/Frob_robot/ros2/src/ros2_ws/install/so101_description:/opt/ros/jazzy/opt/gz_sim_vendor:/opt/ros/jazzy/opt/gz_sensors_vendor:/opt/ros/jazzy/opt/gz_physics_vendor:/opt/ros/jazzy/opt/sdformat_vendor:/opt/ros/jazzy/opt/gz_gui_vendor:/opt/ros/jazzy/opt/gz_transport_vendor:/opt/ros/jazzy/opt/gz_rendering_vendor:/opt/ros/jazzy/opt/gz_plugin_vendor:/opt/ros/jazzy/opt/gz_fuel_tools_vendor:/opt/ros/jazzy/opt/gz_msgs_vendor:/opt/ros/jazzy/opt/gz_common_vendor:/opt/ros/jazzy/opt/gz_math_vendor:/opt/ros/jazzy/opt/gz_utils_vendor:/opt/ros/jazzy/opt/gz_tools_vendor:/opt/ros/jazzy/opt/gz_ogre_next_vendor:/opt/ros/jazzy/opt/gz_dartsim_vendor:/opt/ros/jazzy/opt/gz_cmake_vendor:/opt/ros/jazzy /home/pi/.local/bin/cmake /home/pi/Frob_robot/ros2/src/ros2_ws/src/lerobot-ros-moveit/so101_moveit -DCMAKE_INSTALL_PREFIX=/home/pi/Frob_robot/ros2/src/ros2_ws/install/so101_moveit
[4.767s] Invoking command in '/home/pi/Frob_robot/ros2/src/ros2_ws/build/so101_moveit': AMENT_PREFIX_PATH=/home/pi/Frob_robot/ros2/src/ros2_ws/install/so101_description:${AMENT_PREFIX_PATH} CMAKE_PREFIX_PATH=/home/pi/Frob_robot/ros2/src/ros2_ws/install/so101_description:/opt/ros/jazzy/opt/gz_sim_vendor:/opt/ros/jazzy/opt/gz_sensors_vendor:/opt/ros/jazzy/opt/gz_physics_vendor:/opt/ros/jazzy/opt/sdformat_vendor:/opt/ros/jazzy/opt/gz_gui_vendor:/opt/ros/jazzy/opt/gz_transport_vendor:/opt/ros/jazzy/opt/gz_rendering_vendor:/opt/ros/jazzy/opt/gz_plugin_vendor:/opt/ros/jazzy/opt/gz_fuel_tools_vendor:/opt/ros/jazzy/opt/gz_msgs_vendor:/opt/ros/jazzy/opt/gz_common_vendor:/opt/ros/jazzy/opt/gz_math_vendor:/opt/ros/jazzy/opt/gz_utils_vendor:/opt/ros/jazzy/opt/gz_tools_vendor:/opt/ros/jazzy/opt/gz_ogre_next_vendor:/opt/ros/jazzy/opt/gz_dartsim_vendor:/opt/ros/jazzy/opt/gz_cmake_vendor:/opt/ros/jazzy /home/pi/.local/bin/cmake --build /home/pi/Frob_robot/ros2/src/ros2_ws/build/so101_moveit -- -j4 -l4
[5.432s] Invoked command in '/home/pi/Frob_robot/ros2/src/ros2_ws/build/so101_moveit' returned '0': AMENT_PREFIX_PATH=/home/pi/Frob_robot/ros2/src/ros2_ws/install/so101_description:${AMENT_PREFIX_PATH} CMAKE_PREFIX_PATH=/home/pi/Frob_robot/ros2/src/ros2_ws/install/so101_description:/opt/ros/jazzy/opt/gz_sim_vendor:/opt/ros/jazzy/opt/gz_sensors_vendor:/opt/ros/jazzy/opt/gz_physics_vendor:/opt/ros/jazzy/opt/sdformat_vendor:/opt/ros/jazzy/opt/gz_gui_vendor:/opt/ros/jazzy/opt/gz_transport_vendor:/opt/ros/jazzy/opt/gz_rendering_vendor:/opt/ros/jazzy/opt/gz_plugin_vendor:/opt/ros/jazzy/opt/gz_fuel_tools_vendor:/opt/ros/jazzy/opt/gz_msgs_vendor:/opt/ros/jazzy/opt/gz_common_vendor:/opt/ros/jazzy/opt/gz_math_vendor:/opt/ros/jazzy/opt/gz_utils_vendor:/opt/ros/jazzy/opt/gz_tools_vendor:/opt/ros/jazzy/opt/gz_ogre_next_vendor:/opt/ros/jazzy/opt/gz_dartsim_vendor:/opt/ros/jazzy/opt/gz_cmake_vendor:/opt/ros/jazzy /home/pi/.local/bin/cmake --build /home/pi/Frob_robot/ros2/src/ros2_ws/build/so101_moveit -- -j4 -l4
[5.433s] Invoking command in '/home/pi/Frob_robot/ros2/src/ros2_ws/build/so101_moveit': AMENT_PREFIX_PATH=/home/pi/Frob_robot/ros2/src/ros2_ws/install/so101_description:${AMENT_PREFIX_PATH} CMAKE_PREFIX_PATH=/home/pi/Frob_robot/ros2/src/ros2_ws/install/so101_description:/opt/ros/jazzy/opt/gz_sim_vendor:/opt/ros/jazzy/opt/gz_sensors_vendor:/opt/ros/jazzy/opt/gz_physics_vendor:/opt/ros/jazzy/opt/sdformat_vendor:/opt/ros/jazzy/opt/gz_gui_vendor:/opt/ros/jazzy/opt/gz_transport_vendor:/opt/ros/jazzy/opt/gz_rendering_vendor:/opt/ros/jazzy/opt/gz_plugin_vendor:/opt/ros/jazzy/opt/gz_fuel_tools_vendor:/opt/ros/jazzy/opt/gz_msgs_vendor:/opt/ros/jazzy/opt/gz_common_vendor:/opt/ros/jazzy/opt/gz_math_vendor:/opt/ros/jazzy/opt/gz_utils_vendor:/opt/ros/jazzy/opt/gz_tools_vendor:/opt/ros/jazzy/opt/gz_ogre_next_vendor:/opt/ros/jazzy/opt/gz_dartsim_vendor:/opt/ros/jazzy/opt/gz_cmake_vendor:/opt/ros/jazzy /home/pi/.local/bin/cmake --install /home/pi/Frob_robot/ros2/src/ros2_ws/build/so101_moveit
[6.010s] -- Install configuration: ""
[6.010s] -- Installing: /home/pi/Frob_robot/ros2/src/ros2_ws/install/so101_moveit/share/ament_index/resource_index/package_run_dependencies/so101_moveit
[6.011s] -- Installing: /home/pi/Frob_robot/ros2/src/ros2_ws/install/so101_moveit/share/ament_index/resource_index/parent_prefix_path/so101_moveit
[6.013s] -- Installing: /home/pi/Frob_robot/ros2/src/ros2_ws/install/so101_moveit/share/so101_moveit/environment/ament_prefix_path.sh
[6.015s] -- Installing: /home/pi/Frob_robot/ros2/src/ros2_ws/install/so101_moveit/share/so101_moveit/environment/ament_prefix_path.dsv
[6.016s] -- Installing: /home/pi/Frob_robot/ros2/src/ros2_ws/install/so101_moveit/share/so101_moveit/environment/path.sh
[6.017s] -- Installing: /home/pi/Frob_robot/ros2/src/ros2_ws/install/so101_moveit/share/so101_moveit/environment/path.dsv
[6.017s] -- Installing: /home/pi/Frob_robot/ros2/src/ros2_ws/install/so101_moveit/share/so101_moveit/local_setup.bash
[6.017s] -- Installing: /home/pi/Frob_robot/ros2/src/ros2_ws/install/so101_moveit/share/so101_moveit/local_setup.sh
[6.017s] -- Installing: /home/pi/Frob_robot/ros2/src/ros2_ws/install/so101_moveit/share/so101_moveit/local_setup.zsh
[6.020s] -- Installing: /home/pi/Frob_robot/ros2/src/ros2_ws/install/so101_moveit/share/so101_moveit/local_setup.dsv
[6.020s] -- Installing: /home/pi/Frob_robot/ros2/src/ros2_ws/install/so101_moveit/share/so101_moveit/package.dsv
[6.022s] -- Installing: /home/pi/Frob_robot/ros2/src/ros2_ws/install/so101_moveit/share/ament_index/resource_index/packages/so101_moveit
[6.023s] -- Installing: /home/pi/Frob_robot/ros2/src/ros2_ws/install/so101_moveit/share/so101_moveit/cmake/so101_moveitConfig.cmake
[6.023s] -- Installing: /home/pi/Frob_robot/ros2/src/ros2_ws/install/so101_moveit/share/so101_moveit/cmake/so101_moveitConfig-version.cmake
[6.023s] -- Installing: /home/pi/Frob_robot/ros2/src/ros2_ws/install/so101_moveit/share/so101_moveit/package.xml
[6.025s] -- Installing: /home/pi/Frob_robot/ros2/src/ros2_ws/install/so101_moveit/share/so101_moveit/launch
[6.025s] -- Installing: /home/pi/Frob_robot/ros2/src/ros2_ws/install/so101_moveit/share/so101_moveit/launch/setup_assistant.launch.py
[6.025s] -- Installing: /home/pi/Frob_robot/ros2/src/ros2_ws/install/so101_moveit/share/so101_moveit/launch/rsp.launch.py
[6.026s] -- Installing: /home/pi/Frob_robot/ros2/src/ros2_ws/install/so101_moveit/share/so101_moveit/launch/warehouse_db.launch.py
[6.026s] -- Installing: /home/pi/Frob_robot/ros2/src/ros2_ws/install/so101_moveit/share/so101_moveit/launch/move_group.launch.py
[6.028s] -- Installing: /home/pi/Frob_robot/ros2/src/ros2_ws/install/so101_moveit/share/so101_moveit/launch/moveit_rviz.launch.py
[6.028s] -- Installing: /home/pi/Frob_robot/ros2/src/ros2_ws/install/so101_moveit/share/so101_moveit/launch/static_virtual_joint_tfs.launch.py
[6.028s] -- Installing: /home/pi/Frob_robot/ros2/src/ros2_ws/install/so101_moveit/share/so101_moveit/launch/demo.launch.py
[6.028s] -- Installing: /home/pi/Frob_robot/ros2/src/ros2_ws/install/so101_moveit/share/so101_moveit/launch/spawn_controllers.launch.py
[6.030s] -- Installing: /home/pi/Frob_robot/ros2/src/ros2_ws/install/so101_moveit/share/so101_moveit/config
[6.030s] -- Installing: /home/pi/Frob_robot/ros2/src/ros2_ws/install/so101_moveit/share/so101_moveit/config/so101_new_calib.urdf.xacro
[6.032s] -- Installing: /home/pi/Frob_robot/ros2/src/ros2_ws/install/so101_moveit/share/so101_moveit/config/moveit.rviz
[6.032s] -- Installing: /home/pi/Frob_robot/ros2/src/ros2_ws/install/so101_moveit/share/so101_moveit/config/so101_new_calib.ros2_control.xacro
[6.032s] -- Installing: /home/pi/Frob_robot/ros2/src/ros2_ws/install/so101_moveit/share/so101_moveit/config/initial_positions.yaml
[6.032s] -- Installing: /home/pi/Frob_robot/ros2/src/ros2_ws/install/so101_moveit/share/so101_moveit/config/so101_new_calib.srdf
[6.033s] -- Installing: /home/pi/Frob_robot/ros2/src/ros2_ws/install/so101_moveit/share/so101_moveit/config/ros2_controllers.yaml
[6.035s] -- Installing: /home/pi/Frob_robot/ros2/src/ros2_ws/install/so101_moveit/share/so101_moveit/config/joint_limits.yaml
[6.036s] -- Installing: /home/pi/Frob_robot/ros2/src/ros2_ws/install/so101_moveit/share/so101_moveit/config/motor_calibration.yaml
[6.036s] -- Installing: /home/pi/Frob_robot/ros2/src/ros2_ws/install/so101_moveit/share/so101_moveit/config/moveit_controllers.yaml
[6.037s] -- Installing: /home/pi/Frob_robot/ros2/src/ros2_ws/install/so101_moveit/share/so101_moveit/config/pilz_cartesian_limits.yaml
[6.037s] -- Installing: /home/pi/Frob_robot/ros2/src/ros2_ws/install/so101_moveit/share/so101_moveit/config/kinematics.yaml
[6.037s] -- Installing: /home/pi/Frob_robot/ros2/src/ros2_ws/install/so101_moveit/share/so101_moveit/.setup_assistant
[6.045s] Invoked command in '/home/pi/Frob_robot/ros2/src/ros2_ws/build/so101_moveit' returned '0': AMENT_PREFIX_PATH=/home/pi/Frob_robot/ros2/src/ros2_ws/install/so101_description:${AMENT_PREFIX_PATH} CMAKE_PREFIX_PATH=/home/pi/Frob_robot/ros2/src/ros2_ws/install/so101_description:/opt/ros/jazzy/opt/gz_sim_vendor:/opt/ros/jazzy/opt/gz_sensors_vendor:/opt/ros/jazzy/opt/gz_physics_vendor:/opt/ros/jazzy/opt/sdformat_vendor:/opt/ros/jazzy/opt/gz_gui_vendor:/opt/ros/jazzy/opt/gz_transport_vendor:/opt/ros/jazzy/opt/gz_rendering_vendor:/opt/ros/jazzy/opt/gz_plugin_vendor:/opt/ros/jazzy/opt/gz_fuel_tools_vendor:/opt/ros/jazzy/opt/gz_msgs_vendor:/opt/ros/jazzy/opt/gz_common_vendor:/opt/ros/jazzy/opt/gz_math_vendor:/opt/ros/jazzy/opt/gz_utils_vendor:/opt/ros/jazzy/opt/gz_tools_vendor:/opt/ros/jazzy/opt/gz_ogre_next_vendor:/opt/ros/jazzy/opt/gz_dartsim_vendor:/opt/ros/jazzy/opt/gz_cmake_vendor:/opt/ros/jazzy /home/pi/.local/bin/cmake --install /home/pi/Frob_robot/ros2/src/ros2_ws/build/so101_moveit
