[0.017s] Invoking command in '/home/pi/Frob_robot/ros2/src/ros2_ws/build/ros2_mpu6050': CMAKE_PREFIX_PATH=${CMAKE_PREFIX_PATH}:/opt/ros/jazzy /home/pi/.local/bin/cmake --build /home/pi/Frob_robot/ros2/src/ros2_ws/build/ros2_mpu6050 -- -j4 -l4
[0.330s] [ 50%] Built target ros2_mpu6050_calibrate
[0.334s] [100%] Built target ros2_mpu6050
[0.343s] Invoked command in '/home/pi/Frob_robot/ros2/src/ros2_ws/build/ros2_mpu6050' returned '0': CMAKE_PREFIX_PATH=${CMAKE_PREFIX_PATH}:/opt/ros/jazzy /home/pi/.local/bin/cmake --build /home/pi/Frob_robot/ros2/src/ros2_ws/build/ros2_mpu6050 -- -j4 -l4
[0.347s] Invoking command in '/home/pi/Frob_robot/ros2/src/ros2_ws/build/ros2_mpu6050': CMAKE_PREFIX_PATH=${CMAKE_PREFIX_PATH}:/opt/ros/jazzy /home/pi/.local/bin/cmake --install /home/pi/Frob_robot/ros2/src/ros2_ws/build/ros2_mpu6050
[0.579s] -- Install configuration: ""
[0.580s] -- Up-to-date: /home/pi/Frob_robot/ros2/src/ros2_ws/install/ros2_mpu6050/include/include
[0.580s] -- Up-to-date: /home/pi/Frob_robot/ros2/src/ros2_ws/install/ros2_mpu6050/include/include/ros2_mpu6050
[0.580s] -- Up-to-date: /home/pi/Frob_robot/ros2/src/ros2_ws/install/ros2_mpu6050/include/include/ros2_mpu6050/mpu6050.h
[0.580s] -- Up-to-date: /home/pi/Frob_robot/ros2/src/ros2_ws/install/ros2_mpu6050/include/include/ros2_mpu6050/mpu6050_node.h
[0.580s] -- Up-to-date: /home/pi/Frob_robot/ros2/src/ros2_ws/install/ros2_mpu6050/include/include/ros2_mpu6050/mpu6050_hal.h
[0.581s] -- Up-to-date: /home/pi/Frob_robot/ros2/src/ros2_ws/install/ros2_mpu6050/lib/ros2_mpu6050/ros2_mpu6050
[0.585s] -- Up-to-date: /home/pi/Frob_robot/ros2/src/ros2_ws/install/ros2_mpu6050/lib/ros2_mpu6050/ros2_mpu6050_calibrate
[0.585s] -- Up-to-date: /home/pi/Frob_robot/ros2/src/ros2_ws/install/ros2_mpu6050/share/ros2_mpu6050/config
[0.586s] -- Up-to-date: /home/pi/Frob_robot/ros2/src/ros2_ws/install/ros2_mpu6050/share/ros2_mpu6050/config/params.yaml
[0.586s] -- Up-to-date: /home/pi/Frob_robot/ros2/src/ros2_ws/install/ros2_mpu6050/share/ros2_mpu6050/launch
[0.586s] -- Up-to-date: /home/pi/Frob_robot/ros2/src/ros2_ws/install/ros2_mpu6050/share/ros2_mpu6050/launch/ros2_mpu6050.launch.py
[0.586s] -- Up-to-date: /home/pi/Frob_robot/ros2/src/ros2_ws/install/ros2_mpu6050/share/ament_index/resource_index/package_run_dependencies/ros2_mpu6050
[0.586s] -- Up-to-date: /home/pi/Frob_robot/ros2/src/ros2_ws/install/ros2_mpu6050/share/ament_index/resource_index/parent_prefix_path/ros2_mpu6050
[0.586s] -- Up-to-date: /home/pi/Frob_robot/ros2/src/ros2_ws/install/ros2_mpu6050/share/ros2_mpu6050/environment/ament_prefix_path.sh
[0.588s] -- Up-to-date: /home/pi/Frob_robot/ros2/src/ros2_ws/install/ros2_mpu6050/share/ros2_mpu6050/environment/ament_prefix_path.dsv
[0.589s] -- Up-to-date: /home/pi/Frob_robot/ros2/src/ros2_ws/install/ros2_mpu6050/share/ros2_mpu6050/environment/path.sh
[0.589s] -- Up-to-date: /home/pi/Frob_robot/ros2/src/ros2_ws/install/ros2_mpu6050/share/ros2_mpu6050/environment/path.dsv
[0.590s] -- Up-to-date: /home/pi/Frob_robot/ros2/src/ros2_ws/install/ros2_mpu6050/share/ros2_mpu6050/local_setup.bash
[0.590s] -- Up-to-date: /home/pi/Frob_robot/ros2/src/ros2_ws/install/ros2_mpu6050/share/ros2_mpu6050/local_setup.sh
[0.590s] -- Up-to-date: /home/pi/Frob_robot/ros2/src/ros2_ws/install/ros2_mpu6050/share/ros2_mpu6050/local_setup.zsh
[0.590s] -- Up-to-date: /home/pi/Frob_robot/ros2/src/ros2_ws/install/ros2_mpu6050/share/ros2_mpu6050/local_setup.dsv
[0.590s] -- Installing: /home/pi/Frob_robot/ros2/src/ros2_ws/install/ros2_mpu6050/share/ros2_mpu6050/package.dsv
[0.590s] -- Up-to-date: /home/pi/Frob_robot/ros2/src/ros2_ws/install/ros2_mpu6050/share/ament_index/resource_index/packages/ros2_mpu6050
[0.590s] -- Up-to-date: /home/pi/Frob_robot/ros2/src/ros2_ws/install/ros2_mpu6050/share/ros2_mpu6050/cmake/ros2_mpu6050Config.cmake
[0.590s] -- Up-to-date: /home/pi/Frob_robot/ros2/src/ros2_ws/install/ros2_mpu6050/share/ros2_mpu6050/cmake/ros2_mpu6050Config-version.cmake
[0.590s] -- Up-to-date: /home/pi/Frob_robot/ros2/src/ros2_ws/install/ros2_mpu6050/share/ros2_mpu6050/package.xml
[0.594s] Invoked command in '/home/pi/Frob_robot/ros2/src/ros2_ws/build/ros2_mpu6050' returned '0': CMAKE_PREFIX_PATH=${CMAKE_PREFIX_PATH}:/opt/ros/jazzy /home/pi/.local/bin/cmake --install /home/pi/Frob_robot/ros2/src/ros2_ws/build/ros2_mpu6050
