[3.336s] Invoking command in '/home/pi/Frob_robot/ros2/src/ros2_ws/src/ros2_arduino_bridge': AMENT_PREFIX_PATH=/home/pi/Frob_robot/ros2/src/ros2_ws/install/frob_interfaces:${AMENT_PREFIX_PATH} CMAKE_PREFIX_PATH=/home/pi/Frob_robot/ros2/src/ros2_ws/install/frob_interfaces:${CMAKE_PREFIX_PATH} LD_LIBRARY_PATH=/home/pi/Frob_robot/ros2/src/ros2_ws/install/frob_interfaces/lib:${LD_LIBRARY_PATH} PYTHONPATH=/home/pi/Frob_robot/ros2/src/ros2_ws/build/ros2_arduino_bridge/prefix_override:/usr/lib/python3/dist-packages/colcon_core/task/python/colcon_distutils_commands:/home/pi/Frob_robot/ros2/src/ros2_ws/install/ros2_arduino_bridge/lib/python3.12/site-packages:/home/pi/Frob_robot/ros2/src/ros2_ws/install/frob_interfaces/lib/python3.12/site-packages:${PYTHONPATH} /usr/bin/python3 -W ignore:setup.py install is deprecated -W ignore:easy_install command is deprecated setup.py egg_info --egg-base ../../build/ros2_arduino_bridge build --build-base /home/pi/Frob_robot/ros2/src/ros2_ws/build/ros2_arduino_bridge/build install --record /home/pi/Frob_robot/ros2/src/ros2_ws/build/ros2_arduino_bridge/install.log --single-version-externally-managed install_data
[4.167s] running egg_info
[4.292s] creating ../../build/ros2_arduino_bridge/ros2_arduino_bridge.egg-info
[4.293s] writing ../../build/ros2_arduino_bridge/ros2_arduino_bridge.egg-info/PKG-INFO
[4.297s] writing dependency_links to ../../build/ros2_arduino_bridge/ros2_arduino_bridge.egg-info/dependency_links.txt
[4.298s] writing entry points to ../../build/ros2_arduino_bridge/ros2_arduino_bridge.egg-info/entry_points.txt
[4.298s] writing requirements to ../../build/ros2_arduino_bridge/ros2_arduino_bridge.egg-info/requires.txt
[4.299s] writing top-level names to ../../build/ros2_arduino_bridge/ros2_arduino_bridge.egg-info/top_level.txt
[4.299s] writing manifest file '../../build/ros2_arduino_bridge/ros2_arduino_bridge.egg-info/SOURCES.txt'
[4.545s] reading manifest file '../../build/ros2_arduino_bridge/ros2_arduino_bridge.egg-info/SOURCES.txt'
[4.545s] writing manifest file '../../build/ros2_arduino_bridge/ros2_arduino_bridge.egg-info/SOURCES.txt'
[4.550s] running build
[4.550s] running build_py
[4.551s] creating /home/pi/Frob_robot/ros2/src/ros2_ws/build/ros2_arduino_bridge/build/lib/ros2_arduino_bridge
[4.551s] copying ros2_arduino_bridge/connection.py -> /home/pi/Frob_robot/ros2/src/ros2_ws/build/ros2_arduino_bridge/build/lib/ros2_arduino_bridge
[4.551s] copying ros2_arduino_bridge/arduino_bridge.py -> /home/pi/Frob_robot/ros2/src/ros2_ws/build/ros2_arduino_bridge/build/lib/ros2_arduino_bridge
[4.557s] copying ros2_arduino_bridge/__init__.py -> /home/pi/Frob_robot/ros2/src/ros2_ws/build/ros2_arduino_bridge/build/lib/ros2_arduino_bridge
[4.557s] running install
[4.575s] running install_lib
[4.623s] creating /home/pi/Frob_robot/ros2/src/ros2_ws/install/ros2_arduino_bridge/lib/python3.12/site-packages/ros2_arduino_bridge
[4.625s] copying /home/pi/Frob_robot/ros2/src/ros2_ws/build/ros2_arduino_bridge/build/lib/ros2_arduino_bridge/connection.py -> /home/pi/Frob_robot/ros2/src/ros2_ws/install/ros2_arduino_bridge/lib/python3.12/site-packages/ros2_arduino_bridge
[4.626s] copying /home/pi/Frob_robot/ros2/src/ros2_ws/build/ros2_arduino_bridge/build/lib/ros2_arduino_bridge/arduino_bridge.py -> /home/pi/Frob_robot/ros2/src/ros2_ws/install/ros2_arduino_bridge/lib/python3.12/site-packages/ros2_arduino_bridge
[4.627s] copying /home/pi/Frob_robot/ros2/src/ros2_ws/build/ros2_arduino_bridge/build/lib/ros2_arduino_bridge/__init__.py -> /home/pi/Frob_robot/ros2/src/ros2_ws/install/ros2_arduino_bridge/lib/python3.12/site-packages/ros2_arduino_bridge
[4.629s] byte-compiling /home/pi/Frob_robot/ros2/src/ros2_ws/install/ros2_arduino_bridge/lib/python3.12/site-packages/ros2_arduino_bridge/connection.py to connection.cpython-312.pyc
[4.635s] byte-compiling /home/pi/Frob_robot/ros2/src/ros2_ws/install/ros2_arduino_bridge/lib/python3.12/site-packages/ros2_arduino_bridge/arduino_bridge.py to arduino_bridge.cpython-312.pyc
[4.637s] byte-compiling /home/pi/Frob_robot/ros2/src/ros2_ws/install/ros2_arduino_bridge/lib/python3.12/site-packages/ros2_arduino_bridge/__init__.py to __init__.cpython-312.pyc
[4.639s] running install_data
[4.640s] creating /home/pi/Frob_robot/ros2/src/ros2_ws/install/ros2_arduino_bridge/share/ament_index/resource_index/packages
[4.641s] copying resource/ros2_arduino_bridge -> /home/pi/Frob_robot/ros2/src/ros2_ws/install/ros2_arduino_bridge/share/ament_index/resource_index/packages
[4.642s] copying package.xml -> /home/pi/Frob_robot/ros2/src/ros2_ws/install/ros2_arduino_bridge/share/ros2_arduino_bridge
[4.643s] running install_egg_info
[4.692s] Copying ../../build/ros2_arduino_bridge/ros2_arduino_bridge.egg-info to /home/pi/Frob_robot/ros2/src/ros2_ws/install/ros2_arduino_bridge/lib/python3.12/site-packages/ros2_arduino_bridge-0.0.0-py3.12.egg-info
[4.697s] running install_scripts
[4.802s] Installing arduino_bridge script to /home/pi/Frob_robot/ros2/src/ros2_ws/install/ros2_arduino_bridge/lib/ros2_arduino_bridge
[4.803s] writing list of installed files to '/home/pi/Frob_robot/ros2/src/ros2_ws/build/ros2_arduino_bridge/install.log'
[4.948s] Invoked command in '/home/pi/Frob_robot/ros2/src/ros2_ws/src/ros2_arduino_bridge' returned '0': AMENT_PREFIX_PATH=/home/pi/Frob_robot/ros2/src/ros2_ws/install/frob_interfaces:${AMENT_PREFIX_PATH} CMAKE_PREFIX_PATH=/home/pi/Frob_robot/ros2/src/ros2_ws/install/frob_interfaces:${CMAKE_PREFIX_PATH} LD_LIBRARY_PATH=/home/pi/Frob_robot/ros2/src/ros2_ws/install/frob_interfaces/lib:${LD_LIBRARY_PATH} PYTHONPATH=/home/pi/Frob_robot/ros2/src/ros2_ws/build/ros2_arduino_bridge/prefix_override:/usr/lib/python3/dist-packages/colcon_core/task/python/colcon_distutils_commands:/home/pi/Frob_robot/ros2/src/ros2_ws/install/ros2_arduino_bridge/lib/python3.12/site-packages:/home/pi/Frob_robot/ros2/src/ros2_ws/install/frob_interfaces/lib/python3.12/site-packages:${PYTHONPATH} /usr/bin/python3 -W ignore:setup.py install is deprecated -W ignore:easy_install command is deprecated setup.py egg_info --egg-base ../../build/ros2_arduino_bridge build --build-base /home/pi/Frob_robot/ros2/src/ros2_ws/build/ros2_arduino_bridge/build install --record /home/pi/Frob_robot/ros2/src/ros2_ws/build/ros2_arduino_bridge/install.log --single-version-externally-managed install_data
