[4.581s] Invoking command in '/home/pi/Frob_robot/ros2/src/ros2_ws/src/frob_description': PYTHONPATH=/home/pi/Frob_robot/ros2/src/ros2_ws/build/frob_description/prefix_override:/usr/lib/python3/dist-packages/colcon_core/task/python/colcon_distutils_commands:/home/pi/Frob_robot/ros2/src/ros2_ws/install/frob_description/lib/python3.12/site-packages:${PYTHONPATH} /usr/bin/python3 -W ignore:setup.py install is deprecated -W ignore:easy_install command is deprecated setup.py egg_info --egg-base ../../build/frob_description build --build-base /home/pi/Frob_robot/ros2/src/ros2_ws/build/frob_description/build install --record /home/pi/Frob_robot/ros2/src/ros2_ws/build/frob_description/install.log --single-version-externally-managed install_data
[6.130s] running egg_info
[6.165s] writing ../../build/frob_description/frob_description.egg-info/PKG-INFO
[6.168s] writing dependency_links to ../../build/frob_description/frob_description.egg-info/dependency_links.txt
[6.172s] writing requirements to ../../build/frob_description/frob_description.egg-info/requires.txt
[6.173s] writing top-level names to ../../build/frob_description/frob_description.egg-info/top_level.txt
[6.292s] reading manifest file '../../build/frob_description/frob_description.egg-info/SOURCES.txt'
[6.297s] writing manifest file '../../build/frob_description/frob_description.egg-info/SOURCES.txt'
[6.298s] running build
[6.298s] running build_py
[6.304s] copying frob_description/__init__.py -> /home/pi/Frob_robot/ros2/src/ros2_ws/build/frob_description/build/lib/frob_description
[6.304s] running install
[6.324s] running install_lib
[6.439s] running install_data
[6.444s] copying resource/frob_description -> /home/pi/Frob_robot/ros2/src/ros2_ws/install/frob_description/share/ament_index/resource_index/packages
[6.444s] copying package.xml -> /home/pi/Frob_robot/ros2/src/ros2_ws/install/frob_description/share/frob_description
[6.450s] copying launch/display_slam.launch.py -> /home/pi/Frob_robot/ros2/src/ros2_ws/install/frob_description/share/frob_description/launch
[6.454s] copying launch/display_navigation.launch.py -> /home/pi/Frob_robot/ros2/src/ros2_ws/install/frob_description/share/frob_description/launch
[6.454s] copying launch/description.launch.py -> /home/pi/Frob_robot/ros2/src/ros2_ws/install/frob_description/share/frob_description/launch
[6.455s] copying launch/display_odom.launch.py -> /home/pi/Frob_robot/ros2/src/ros2_ws/install/frob_description/share/frob_description/launch
[6.460s] copying launch/display_model.launch.py -> /home/pi/Frob_robot/ros2/src/ros2_ws/install/frob_description/share/frob_description/launch
[6.469s] copying urdf/robot.urdf -> /home/pi/Frob_robot/ros2/src/ros2_ws/install/frob_description/share/frob_description/urdf
[6.479s] copying rviz/display_config.rviz -> /home/pi/Frob_robot/ros2/src/ros2_ws/install/frob_description/share/frob_description/rviz
[6.479s] copying rviz/lidar_config.rviz -> /home/pi/Frob_robot/ros2/src/ros2_ws/install/frob_description/share/frob_description/rviz
[6.479s] copying rviz/display_odom.rviz -> /home/pi/Frob_robot/ros2/src/ros2_ws/install/frob_description/share/frob_description/rviz
[6.485s] copying rviz/display_slam.rviz -> /home/pi/Frob_robot/ros2/src/ros2_ws/install/frob_description/share/frob_description/rviz
[6.485s] running install_egg_info
[6.608s] removing '/home/pi/Frob_robot/ros2/src/ros2_ws/install/frob_description/lib/python3.12/site-packages/frob_description-0.0.0-py3.12.egg-info' (and everything under it)
[6.609s] Copying ../../build/frob_description/frob_description.egg-info to /home/pi/Frob_robot/ros2/src/ros2_ws/install/frob_description/lib/python3.12/site-packages/frob_description-0.0.0-py3.12.egg-info
[6.617s] running install_scripts
[6.880s] writing list of installed files to '/home/pi/Frob_robot/ros2/src/ros2_ws/build/frob_description/install.log'
[7.116s] Invoked command in '/home/pi/Frob_robot/ros2/src/ros2_ws/src/frob_description' returned '0': PYTHONPATH=/home/pi/Frob_robot/ros2/src/ros2_ws/build/frob_description/prefix_override:/usr/lib/python3/dist-packages/colcon_core/task/python/colcon_distutils_commands:/home/pi/Frob_robot/ros2/src/ros2_ws/install/frob_description/lib/python3.12/site-packages:${PYTHONPATH} /usr/bin/python3 -W ignore:setup.py install is deprecated -W ignore:easy_install command is deprecated setup.py egg_info --egg-base ../../build/frob_description build --build-base /home/pi/Frob_robot/ros2/src/ros2_ws/build/frob_description/build install --record /home/pi/Frob_robot/ros2/src/ros2_ws/build/frob_description/install.log --single-version-externally-managed install_data
