[0.000000] (-) TimerEvent: {}
[0.000127] (-) JobUnselected: {'identifier': 'frob_bringup'}
[0.000146] (-) JobUnselected: {'identifier': 'frob_control'}
[0.000158] (-) JobUnselected: {'identifier': 'frob_description'}
[0.000168] (-) JobUnselected: {'identifier': 'frob_navigation'}
[0.000176] (-) JobUnselected: {'identifier': 'frob_odometry'}
[0.000184] (-) JobUnselected: {'identifier': 'keyboard_vel_control'}
[0.000193] (-) JobUnselected: {'identifier': 'lidar_filter'}
[0.000200] (-) JobUnselected: {'identifier': 'rf2o_laser_odometry'}
[0.000207] (-) JobUnselected: {'identifier': 'ros2_arduino_bridge'}
[0.000214] (-) JobUnselected: {'identifier': 'ros2_mpu6050'}
[0.000222] (-) JobUnselected: {'identifier': 'sllidar_ros2'}
[0.000229] (-) JobUnselected: {'identifier': 'so101_description'}
[0.000236] (-) JobUnselected: {'identifier': 'so101_hardware'}
[0.000243] (-) JobUnselected: {'identifier': 'so101_moveit'}
[0.000252] (frob_interfaces) JobQueued: {'identifier': 'frob_interfaces', 'dependencies': OrderedDict()}
[0.000263] (frob_perception) JobQueued: {'identifier': 'frob_perception', 'dependencies': OrderedDict({'frob_interfaces': '/home/vsadnik/ros2_ws/frob_robot/install/frob_interfaces'})}
[0.000274] (frob_interfaces) JobStarted: {'identifier': 'frob_interfaces'}
[0.004767] (frob_interfaces) JobProgress: {'identifier': 'frob_interfaces', 'progress': 'cmake'}
[0.005081] (frob_interfaces) Command: {'cmd': ['/usr/bin/cmake', '/home/vsadnik/ros2_ws/frob_robot/src/frob_interfaces', '-DAMENT_CMAKE_SYMLINK_INSTALL=1', '-DCMAKE_INSTALL_PREFIX=/home/vsadnik/ros2_ws/frob_robot/install/frob_interfaces'], 'cwd': '/home/vsadnik/ros2_ws/frob_robot/build/frob_interfaces', 'env': OrderedDict({'GJS_DEBUG_TOPICS': 'JS ERROR;JS LOG', 'OPENCODE_DISABLE_EMBEDDED_WEB_UI': 'true', 'GZ_SIM_RESOURCE_PATH': '/opt/ros/jazzy/share', 'USER': 'vsadnik', 'no_proxy': '127.0.0.1,localhost,::1', 'OPENCODE_SERVER_USERNAME': 'opencode', 'GZ_CONFIG_PATH': '/opt/ros/jazzy/opt/gz_sim_vendor/share/gz:/opt/ros/jazzy/opt/sdformat_vendor/share/gz:/opt/ros/jazzy/opt/gz_gui_vendor/share/gz:/opt/ros/jazzy/opt/gz_transport_vendor/share/gz:/opt/ros/jazzy/opt/gz_rendering_vendor/share/gz:/opt/ros/jazzy/opt/gz_plugin_vendor/share/gz:/opt/ros/jazzy/opt/gz_fuel_tools_vendor/share/gz:/opt/ros/jazzy/opt/gz_msgs_vendor/share/gz:/opt/ros/jazzy/opt/gz_common_vendor/share/gz', 'XDG_SESSION_TYPE': 'x11', 'CLUTTER_DISABLE_MIPMAPPED_TEXT': '1', 'LD_LIBRARY_PATH': '/opt/ros/jazzy/opt/gz_sim_vendor/lib:/opt/ros/jazzy/opt/gz_sensors_vendor/lib:/opt/ros/jazzy/opt/gz_physics_vendor/lib:/opt/ros/jazzy/opt/sdformat_vendor/lib:/opt/ros/jazzy/opt/rviz_ogre_vendor/lib:/opt/ros/jazzy/lib/x86_64-linux-gnu:/opt/ros/jazzy/opt/gz_gui_vendor/lib:/opt/ros/jazzy/opt/gz_transport_vendor/lib:/opt/ros/jazzy/opt/gz_rendering_vendor/lib:/opt/ros/jazzy/opt/gz_plugin_vendor/lib:/opt/ros/jazzy/opt/gz_fuel_tools_vendor/lib:/opt/ros/jazzy/opt/gz_msgs_vendor/lib:/opt/ros/jazzy/opt/gz_common_vendor/lib:/opt/ros/jazzy/opt/gz_math_vendor/lib:/opt/ros/jazzy/opt/gz_utils_vendor/lib:/opt/ros/jazzy/opt/gz_tools_vendor/lib:/opt/ros/jazzy/opt/gz_ogre_next_vendor/lib:/opt/ros/jazzy/opt/gz_dartsim_vendor/lib:/opt/ros/jazzy/opt/gz_cmake_vendor/lib:/opt/ros/jazzy/lib', 'SHLVL': '0', 'CHROME_DESKTOP': 'ai.opencode.desktop.desktop', 'HOME': '/home/vsadnik', 'LESS': '-R', 'OLDPWD': '/home/vsadnik/ros2_ws/frob_robot', 'DESKTOP_SESSION': 'ubuntu', 'NO_PROXY': '127.0.0.1,localhost,::1', 'GIO_LAUNCHED_DESKTOP_FILE': '/usr/share/applications/ai.opencode.desktop.desktop', 'LSCOLORS': 'Gxfxcxdxbxegedabagacad', 'ZSH': '/home/vsadnik/.oh-my-zsh', 'GNOME_SHELL_SESSION_MODE': 'ubuntu', 'GTK_MODULES': 'gail:atk-bridge:appmenu-gtk-module', 'PAGER': 'less', 'ROS_PYTHON_VERSION': '3', 'MANAGERPID': '1765', 'DBUS_SESSION_BUS_ADDRESS': 'unix:path=/run/user/1000/bus', 'GSM_SKIP_SSH_AGENT_WORKAROUND': 'true', 'SYSTEMD_EXEC_PID': '2099', 'XDG_STATE_HOME': '/home/vsadnik/.config/ai.opencode.desktop', 'GIO_LAUNCHED_DESKTOP_FILE_PID': '6831', 'DEBUGINFOD_URLS': 'https://debuginfod.ubuntu.com', 'ROS_DISTRO': 'jazzy', 'LOGNAME': 'vsadnik', 'JOURNAL_STREAM': '9:17172', 'OPENCODE_CLIENT': 'desktop', '_': '/usr/bin/colcon', 'MEMORY_PRESSURE_WATCH': '/sys/fs/cgroup/user.slice/user-1000.slice/user@1000.service/session.slice/org.gnome.Shell@x11.service/memory.pressure', 'ROS_VERSION': '2', 'XDG_SESSION_CLASS': 'user', 'USERNAME': 'vsadnik', 'FC_FONTATIONS': '1', 'GNOME_DESKTOP_SESSION_ID': 'this-is-deprecated', 'WINDOWPATH': '2', 'PATH': '/home/vsadnik/.opencode/bin:/opt/ros/jazzy/opt/gz_msgs_vendor/bin:/opt/ros/jazzy/opt/gz_tools_vendor/bin:/opt/ros/jazzy/opt/gz_ogre_next_vendor/bin:/opt/ros/jazzy/bin:/usr/local/sbin:/usr/local/bin:/usr/sbin:/usr/bin:/sbin:/bin:/usr/games:/usr/local/games:/snap/bin:/snap/bin', 'INVOCATION_ID': '0c945ae3447b4d6c9d621fa20f370486', 'SESSION_MANAGER': 'local/vsadnik-PC:@/tmp/.ICE-unix/2073,unix/vsadnik-PC:/tmp/.ICE-unix/2073', 'OPENCODE_SERVER_PASSWORD': 'b40c96f9-b8f9-4751-9f05-c0ca66695fbb', 'GDK_BACKEND': 'x11', 'XDG_MENU_PREFIX': 'gnome-', 'XDG_RUNTIME_DIR': '/run/user/1000', 'DISPLAY': ':0', 'OPENCODE_EXPERIMENTAL_FILEWATCHER': 'true', 'LANG': 'en_US.UTF-8', 'OPENCODE_EXPERIMENTAL_ICON_DISCOVERY': 'true', 'XDG_CURRENT_DESKTOP': 'ubuntu:GNOME', 'XAUTHORITY': '/run/user/1000/gdm/Xauthority', 'XDG_SESSION_DESKTOP': 'ubuntu', 'XMODIFIERS': '@im=ibus', 'AMENT_PREFIX_PATH': '/opt/ros/jazzy', 'ROS_DOMAIN_ID': '56', 'SSH_AUTH_SOCK': '/run/user/1000/keyring/ssh', 'SHELL': '/usr/bin/zsh', 'GDMSESSION': 'ubuntu', 'NO_AT_BRIDGE': '1', 'QT_ACCESSIBILITY': '1', 'GJS_DEBUG_OUTPUT': 'stderr', 'GPG_AGENT_INFO': '/run/user/1000/gnupg/S.gpg-agent:0:1', 'QT_IM_MODULE': 'ibus', 'ROS_AUTOMATIC_DISCOVERY_RANGE': 'SUBNET', 'LC_ALL': 'en_US.UTF-8', 'PWD': '/home/vsadnik/ros2_ws/frob_robot/build/frob_interfaces', 'XDG_CONFIG_DIRS': '/etc/xdg/xdg-ubuntu:/etc/xdg', 'XDG_DATA_DIRS': '/usr/share/ubuntu:/usr/share/gnome:/usr/local/share/:/usr/share/:/var/lib/snapd/desktop', 'PYTHONPATH': '/opt/ros/jazzy/lib/python3.12/site-packages', 'QTWEBENGINE_DICTIONARIES_PATH': '/usr/share/hunspell-bdic/', 'COLCON': '1', 'MEMORY_PRESSURE_WRITE': 'c29tZSAyMDAwMDAgMjAwMDAwMAA=', 'CMAKE_PREFIX_PATH': '/opt/ros/jazzy/opt/gz_sim_vendor:/opt/ros/jazzy/opt/gz_sensors_vendor:/opt/ros/jazzy/opt/gz_physics_vendor:/opt/ros/jazzy/opt/sdformat_vendor:/opt/ros/jazzy/opt/gz_gui_vendor:/opt/ros/jazzy/opt/gz_transport_vendor:/opt/ros/jazzy/opt/gz_rendering_vendor:/opt/ros/jazzy/opt/gz_plugin_vendor:/opt/ros/jazzy/opt/gz_fuel_tools_vendor:/opt/ros/jazzy/opt/gz_msgs_vendor:/opt/ros/jazzy/opt/gz_common_vendor:/opt/ros/jazzy/opt/gz_math_vendor:/opt/ros/jazzy/opt/gz_utils_vendor:/opt/ros/jazzy/opt/gz_tools_vendor:/opt/ros/jazzy/opt/gz_ogre_next_vendor:/opt/ros/jazzy/opt/gz_dartsim_vendor:/opt/ros/jazzy/opt/gz_cmake_vendor:/opt/ros/jazzy'}), 'shell': False}
[0.099840] (-) TimerEvent: {}
[0.199968] (-) TimerEvent: {}
[0.300105] (-) TimerEvent: {}
[0.400235] (-) TimerEvent: {}
[0.500369] (-) TimerEvent: {}
[0.600505] (-) TimerEvent: {}
[0.700637] (-) TimerEvent: {}
[0.737613] (frob_interfaces) StdoutLine: {'line': b'-- The C compiler identification is GNU 13.3.0\n'}
[0.800716] (-) TimerEvent: {}
[0.903264] (-) TimerEvent: {}
[1.003415] (-) TimerEvent: {}
[1.103548] (-) TimerEvent: {}
[1.144754] (frob_interfaces) StdoutLine: {'line': b'-- The CXX compiler identification is GNU 13.3.0\n'}
[1.166709] (frob_interfaces) StdoutLine: {'line': b'-- Detecting C compiler ABI info\n'}
[1.203620] (-) TimerEvent: {}
[1.292924] (frob_interfaces) StdoutLine: {'line': b'-- Detecting C compiler ABI info - done\n'}
[1.298297] (frob_interfaces) StdoutLine: {'line': b'-- Check for working C compiler: /usr/bin/cc - skipped\n'}
[1.299426] (frob_interfaces) StdoutLine: {'line': b'-- Detecting C compile features\n'}
[1.299793] (frob_interfaces) StdoutLine: {'line': b'-- Detecting C compile features - done\n'}
[1.303681] (-) TimerEvent: {}
[1.306934] (frob_interfaces) StdoutLine: {'line': b'-- Detecting CXX compiler ABI info\n'}
[1.389266] (frob_interfaces) StdoutLine: {'line': b'-- Detecting CXX compiler ABI info - done\n'}
[1.395123] (frob_interfaces) StdoutLine: {'line': b'-- Check for working CXX compiler: /usr/bin/c++ - skipped\n'}
[1.395319] (frob_interfaces) StdoutLine: {'line': b'-- Detecting CXX compile features\n'}
[1.395620] (frob_interfaces) StdoutLine: {'line': b'-- Detecting CXX compile features - done\n'}
[1.403752] (-) TimerEvent: {}
[1.403836] (frob_interfaces) StdoutLine: {'line': b'-- Found ament_cmake: 2.5.6 (/opt/ros/jazzy/share/ament_cmake/cmake)\n'}
[1.503847] (-) TimerEvent: {}
[1.511555] (frob_interfaces) StdoutLine: {'line': b'-- Found Python3: /usr/bin/python3 (found version "3.12.3") found components: Interpreter \n'}
[1.561924] (frob_interfaces) StdoutLine: {'line': b'-- Override CMake install command with custom implementation using symlinks instead of copying resources\n'}
[1.603916] (-) TimerEvent: {}
[1.614771] (frob_interfaces) StdoutLine: {'line': b'-- Found rosidl_default_generators: 1.6.0 (/opt/ros/jazzy/share/rosidl_default_generators/cmake)\n'}
[1.624995] (frob_interfaces) StdoutLine: {'line': b'-- Using all available rosidl_typesupport_c: rosidl_typesupport_fastrtps_c;rosidl_typesupport_introspection_c\n'}
[1.696538] (frob_interfaces) StdoutLine: {'line': b'-- Using all available rosidl_typesupport_cpp: rosidl_typesupport_fastrtps_cpp;rosidl_typesupport_introspection_cpp\n'}
[1.703981] (-) TimerEvent: {}
[1.757912] (frob_interfaces) StdoutLine: {'line': b'-- Found rosidl_adapter: 4.6.7 (/opt/ros/jazzy/share/rosidl_adapter/cmake)\n'}
[1.804067] (-) TimerEvent: {}
[1.904211] (-) TimerEvent: {}
[2.004339] (-) TimerEvent: {}
[2.104464] (-) TimerEvent: {}
[2.172633] (frob_interfaces) StdoutLine: {'line': b'-- Found ament_cmake_ros: 0.12.0 (/opt/ros/jazzy/share/ament_cmake_ros/cmake)\n'}
[2.204542] (-) TimerEvent: {}
[2.304671] (-) TimerEvent: {}
[2.404798] (-) TimerEvent: {}
[2.454432] (frob_interfaces) StdoutLine: {'line': b'-- Using all available rosidl_typesupport_c: rosidl_typesupport_fastrtps_c;rosidl_typesupport_introspection_c\n'}
[2.504881] (-) TimerEvent: {}
[2.605009] (-) TimerEvent: {}
[2.705139] (-) TimerEvent: {}
[2.805266] (-) TimerEvent: {}
[2.807127] (frob_interfaces) StdoutLine: {'line': b'-- Using all available rosidl_typesupport_cpp: rosidl_typesupport_fastrtps_cpp;rosidl_typesupport_introspection_cpp\n'}
[2.811052] (frob_interfaces) StdoutLine: {'line': b'-- Found python_cmake_module: 0.11.1 (/opt/ros/jazzy/share/python_cmake_module/cmake)\n'}
[2.895754] (frob_interfaces) StdoutLine: {'line': b'-- Found PythonExtra: /usr/bin/python3  \n'}
[2.905334] (-) TimerEvent: {}
[3.005448] (-) TimerEvent: {}
[3.105576] (-) TimerEvent: {}
[3.198798] (frob_interfaces) StdoutLine: {'line': b'-- Found Python3: /usr/bin/python3 (found version "3.12.3") found components: Interpreter Development NumPy Development.Module Development.Embed \n'}
[3.205638] (-) TimerEvent: {}
[3.305740] (-) TimerEvent: {}
[3.311920] (frob_interfaces) StdoutLine: {'line': b'-- Found Python3: /usr/bin/python3 (found version "3.12.3") found components: Interpreter \n'}
[3.328312] (frob_interfaces) StdoutLine: {'line': b'-- Configuring done (3.3s)\n'}
[3.354328] (frob_interfaces) StdoutLine: {'line': b'-- Generating done (0.0s)\n'}
[3.367175] (frob_interfaces) StdoutLine: {'line': b'-- Build files have been written to: /home/vsadnik/ros2_ws/frob_robot/build/frob_interfaces\n'}
[3.373541] (frob_interfaces) CommandEnded: {'returncode': 0}
[3.373910] (frob_interfaces) JobProgress: {'identifier': 'frob_interfaces', 'progress': 'build'}
[3.374326] (frob_interfaces) Command: {'cmd': ['/usr/bin/cmake', '--build', '/home/vsadnik/ros2_ws/frob_robot/build/frob_interfaces', '--', '-j12', '-l12'], 'cwd': '/home/vsadnik/ros2_ws/frob_robot/build/frob_interfaces', 'env': OrderedDict({'GJS_DEBUG_TOPICS': 'JS ERROR;JS LOG', 'OPENCODE_DISABLE_EMBEDDED_WEB_UI': 'true', 'GZ_SIM_RESOURCE_PATH': '/opt/ros/jazzy/share', 'USER': 'vsadnik', 'no_proxy': '127.0.0.1,localhost,::1', 'OPENCODE_SERVER_USERNAME': 'opencode', 'GZ_CONFIG_PATH': '/opt/ros/jazzy/opt/gz_sim_vendor/share/gz:/opt/ros/jazzy/opt/sdformat_vendor/share/gz:/opt/ros/jazzy/opt/gz_gui_vendor/share/gz:/opt/ros/jazzy/opt/gz_transport_vendor/share/gz:/opt/ros/jazzy/opt/gz_rendering_vendor/share/gz:/opt/ros/jazzy/opt/gz_plugin_vendor/share/gz:/opt/ros/jazzy/opt/gz_fuel_tools_vendor/share/gz:/opt/ros/jazzy/opt/gz_msgs_vendor/share/gz:/opt/ros/jazzy/opt/gz_common_vendor/share/gz', 'XDG_SESSION_TYPE': 'x11', 'CLUTTER_DISABLE_MIPMAPPED_TEXT': '1', 'LD_LIBRARY_PATH': '/opt/ros/jazzy/opt/gz_sim_vendor/lib:/opt/ros/jazzy/opt/gz_sensors_vendor/lib:/opt/ros/jazzy/opt/gz_physics_vendor/lib:/opt/ros/jazzy/opt/sdformat_vendor/lib:/opt/ros/jazzy/opt/rviz_ogre_vendor/lib:/opt/ros/jazzy/lib/x86_64-linux-gnu:/opt/ros/jazzy/opt/gz_gui_vendor/lib:/opt/ros/jazzy/opt/gz_transport_vendor/lib:/opt/ros/jazzy/opt/gz_rendering_vendor/lib:/opt/ros/jazzy/opt/gz_plugin_vendor/lib:/opt/ros/jazzy/opt/gz_fuel_tools_vendor/lib:/opt/ros/jazzy/opt/gz_msgs_vendor/lib:/opt/ros/jazzy/opt/gz_common_vendor/lib:/opt/ros/jazzy/opt/gz_math_vendor/lib:/opt/ros/jazzy/opt/gz_utils_vendor/lib:/opt/ros/jazzy/opt/gz_tools_vendor/lib:/opt/ros/jazzy/opt/gz_ogre_next_vendor/lib:/opt/ros/jazzy/opt/gz_dartsim_vendor/lib:/opt/ros/jazzy/opt/gz_cmake_vendor/lib:/opt/ros/jazzy/lib', 'SHLVL': '0', 'CHROME_DESKTOP': 'ai.opencode.desktop.desktop', 'HOME': '/home/vsadnik', 'LESS': '-R', 'OLDPWD': '/home/vsadnik/ros2_ws/frob_robot', 'DESKTOP_SESSION': 'ubuntu', 'NO_PROXY': '127.0.0.1,localhost,::1', 'GIO_LAUNCHED_DESKTOP_FILE': '/usr/share/applications/ai.opencode.desktop.desktop', 'LSCOLORS': 'Gxfxcxdxbxegedabagacad', 'ZSH': '/home/vsadnik/.oh-my-zsh', 'GNOME_SHELL_SESSION_MODE': 'ubuntu', 'GTK_MODULES': 'gail:atk-bridge:appmenu-gtk-module', 'PAGER': 'less', 'ROS_PYTHON_VERSION': '3', 'MANAGERPID': '1765', 'DBUS_SESSION_BUS_ADDRESS': 'unix:path=/run/user/1000/bus', 'GSM_SKIP_SSH_AGENT_WORKAROUND': 'true', 'SYSTEMD_EXEC_PID': '2099', 'XDG_STATE_HOME': '/home/vsadnik/.config/ai.opencode.desktop', 'GIO_LAUNCHED_DESKTOP_FILE_PID': '6831', 'DEBUGINFOD_URLS': 'https://debuginfod.ubuntu.com', 'ROS_DISTRO': 'jazzy', 'LOGNAME': 'vsadnik', 'JOURNAL_STREAM': '9:17172', 'OPENCODE_CLIENT': 'desktop', '_': '/usr/bin/colcon', 'MEMORY_PRESSURE_WATCH': '/sys/fs/cgroup/user.slice/user-1000.slice/user@1000.service/session.slice/org.gnome.Shell@x11.service/memory.pressure', 'ROS_VERSION': '2', 'XDG_SESSION_CLASS': 'user', 'USERNAME': 'vsadnik', 'FC_FONTATIONS': '1', 'GNOME_DESKTOP_SESSION_ID': 'this-is-deprecated', 'WINDOWPATH': '2', 'PATH': '/home/vsadnik/.opencode/bin:/opt/ros/jazzy/opt/gz_msgs_vendor/bin:/opt/ros/jazzy/opt/gz_tools_vendor/bin:/opt/ros/jazzy/opt/gz_ogre_next_vendor/bin:/opt/ros/jazzy/bin:/usr/local/sbin:/usr/local/bin:/usr/sbin:/usr/bin:/sbin:/bin:/usr/games:/usr/local/games:/snap/bin:/snap/bin', 'INVOCATION_ID': '0c945ae3447b4d6c9d621fa20f370486', 'SESSION_MANAGER': 'local/vsadnik-PC:@/tmp/.ICE-unix/2073,unix/vsadnik-PC:/tmp/.ICE-unix/2073', 'OPENCODE_SERVER_PASSWORD': 'b40c96f9-b8f9-4751-9f05-c0ca66695fbb', 'GDK_BACKEND': 'x11', 'XDG_MENU_PREFIX': 'gnome-', 'XDG_RUNTIME_DIR': '/run/user/1000', 'DISPLAY': ':0', 'OPENCODE_EXPERIMENTAL_FILEWATCHER': 'true', 'LANG': 'en_US.UTF-8', 'OPENCODE_EXPERIMENTAL_ICON_DISCOVERY': 'true', 'XDG_CURRENT_DESKTOP': 'ubuntu:GNOME', 'XAUTHORITY': '/run/user/1000/gdm/Xauthority', 'XDG_SESSION_DESKTOP': 'ubuntu', 'XMODIFIERS': '@im=ibus', 'AMENT_PREFIX_PATH': '/opt/ros/jazzy', 'ROS_DOMAIN_ID': '56', 'SSH_AUTH_SOCK': '/run/user/1000/keyring/ssh', 'SHELL': '/usr/bin/zsh', 'GDMSESSION': 'ubuntu', 'NO_AT_BRIDGE': '1', 'QT_ACCESSIBILITY': '1', 'GJS_DEBUG_OUTPUT': 'stderr', 'GPG_AGENT_INFO': '/run/user/1000/gnupg/S.gpg-agent:0:1', 'QT_IM_MODULE': 'ibus', 'ROS_AUTOMATIC_DISCOVERY_RANGE': 'SUBNET', 'LC_ALL': 'en_US.UTF-8', 'PWD': '/home/vsadnik/ros2_ws/frob_robot/build/frob_interfaces', 'XDG_CONFIG_DIRS': '/etc/xdg/xdg-ubuntu:/etc/xdg', 'XDG_DATA_DIRS': '/usr/share/ubuntu:/usr/share/gnome:/usr/local/share/:/usr/share/:/var/lib/snapd/desktop', 'PYTHONPATH': '/opt/ros/jazzy/lib/python3.12/site-packages', 'QTWEBENGINE_DICTIONARIES_PATH': '/usr/share/hunspell-bdic/', 'COLCON': '1', 'MEMORY_PRESSURE_WRITE': 'c29tZSAyMDAwMDAgMjAwMDAwMAA=', 'CMAKE_PREFIX_PATH': '/opt/ros/jazzy/opt/gz_sim_vendor:/opt/ros/jazzy/opt/gz_sensors_vendor:/opt/ros/jazzy/opt/gz_physics_vendor:/opt/ros/jazzy/opt/sdformat_vendor:/opt/ros/jazzy/opt/gz_gui_vendor:/opt/ros/jazzy/opt/gz_transport_vendor:/opt/ros/jazzy/opt/gz_rendering_vendor:/opt/ros/jazzy/opt/gz_plugin_vendor:/opt/ros/jazzy/opt/gz_fuel_tools_vendor:/opt/ros/jazzy/opt/gz_msgs_vendor:/opt/ros/jazzy/opt/gz_common_vendor:/opt/ros/jazzy/opt/gz_math_vendor:/opt/ros/jazzy/opt/gz_utils_vendor:/opt/ros/jazzy/opt/gz_tools_vendor:/opt/ros/jazzy/opt/gz_ogre_next_vendor:/opt/ros/jazzy/opt/gz_dartsim_vendor:/opt/ros/jazzy/opt/gz_cmake_vendor:/opt/ros/jazzy'}), 'shell': False}
[3.405828] (-) TimerEvent: {}
[3.412758] (frob_interfaces) StdoutLine: {'line': b'[  1%] Generating Rust code for ROS interfaces\n'}
[3.412897] (frob_interfaces) StdoutLine: {'line': b'[  2%] Generating type hashes for ROS interfaces\n'}
[3.418752] (frob_interfaces) StdoutLine: {'line': b'[  2%] Built target ament_cmake_python_symlink_frob_interfaces\n'}
[3.505904] (-) TimerEvent: {}
[3.561513] (frob_interfaces) StdoutLine: {'line': b'running egg_info\n'}
[3.562058] (frob_interfaces) StdoutLine: {'line': b'creating frob_interfaces.egg-info\n'}
[3.576936] (frob_interfaces) StdoutLine: {'line': b'writing frob_interfaces.egg-info/PKG-INFO\n'}
[3.577081] (frob_interfaces) StdoutLine: {'line': b'writing dependency_links to frob_interfaces.egg-info/dependency_links.txt\n'}
[3.577154] (frob_interfaces) StdoutLine: {'line': b'writing top-level names to frob_interfaces.egg-info/top_level.txt\n'}
[3.577212] (frob_interfaces) StdoutLine: {'line': b"writing manifest file 'frob_interfaces.egg-info/SOURCES.txt'\n"}
[3.582095] (frob_interfaces) StdoutLine: {'line': b'[  2%] Built target frob_interfaces__rosidl_generator_type_description\n'}
[3.590122] (frob_interfaces) StdoutLine: {'line': b'[  3%] Generating C code for ROS interfaces\n'}
[3.598983] (frob_interfaces) StdoutLine: {'line': b'[  4%] Generating C++ code for ROS interfaces\n'}
[3.605982] (-) TimerEvent: {}
[3.610603] (frob_interfaces) StdoutLine: {'line': b'[  4%] Built target frob_interfaces__rs\n'}
[3.618888] (frob_interfaces) StdoutLine: {'line': b"reading manifest file 'frob_interfaces.egg-info/SOURCES.txt'\n"}
[3.619200] (frob_interfaces) StdoutLine: {'line': b"writing manifest file 'frob_interfaces.egg-info/SOURCES.txt'\n"}
[3.636606] (frob_interfaces) StdoutLine: {'line': b'[  4%] Built target ament_cmake_python_build_frob_interfaces_egg\n'}
[3.706067] (-) TimerEvent: {}
[3.806191] (-) TimerEvent: {}
[3.908082] (-) TimerEvent: {}
[3.917041] (frob_interfaces) StdoutLine: {'line': b'[  4%] Built target frob_interfaces__cpp\n'}
[3.975071] (frob_interfaces) StdoutLine: {'line': b'[  5%] Building C object CMakeFiles/frob_interfaces__rosidl_generator_c.dir/rosidl_generator_c/frob_interfaces/msg/detail/line_detection__functions.c.o\n'}
[3.976153] (frob_interfaces) StdoutLine: {'line': b'[  7%] Building C object CMakeFiles/frob_interfaces__rosidl_generator_c.dir/rosidl_generator_c/frob_interfaces/srv/detail/turn__description.c.o\n'}
[3.976232] (frob_interfaces) StdoutLine: {'line': b'[  9%] Building C object CMakeFiles/frob_interfaces__rosidl_generator_c.dir/rosidl_generator_c/frob_interfaces/srv/detail/turn__functions.c.o\n'}
[3.976283] (frob_interfaces) StdoutLine: {'line': b'[  9%] Building C object CMakeFiles/frob_interfaces__rosidl_generator_c.dir/rosidl_generator_c/frob_interfaces/msg/detail/sign_detection__description.c.o\n'}
[3.976330] (frob_interfaces) StdoutLine: {'line': b'[ 10%] Building C object CMakeFiles/frob_interfaces__rosidl_generator_c.dir/rosidl_generator_c/frob_interfaces/srv/detail/forward__functions.c.o\n'}
[3.976378] (frob_interfaces) StdoutLine: {'line': b'[ 11%] Building C object CMakeFiles/frob_interfaces__rosidl_generator_c.dir/rosidl_generator_c/frob_interfaces/msg/detail/line_detection__description.c.o\n'}
[3.976482] (frob_interfaces) StdoutLine: {'line': b'[ 12%] Building C object CMakeFiles/frob_interfaces__rosidl_generator_c.dir/rosidl_generator_c/frob_interfaces/msg/detail/line_detection__type_support.c.o\n'}
[3.976536] (frob_interfaces) StdoutLine: {'line': b'[ 14%] Building C object CMakeFiles/frob_interfaces__rosidl_generator_c.dir/rosidl_generator_c/frob_interfaces/srv/detail/forward__type_support.c.o\n'}
[3.977413] (frob_interfaces) StdoutLine: {'line': b'[ 16%] Building C object CMakeFiles/frob_interfaces__rosidl_generator_c.dir/rosidl_generator_c/frob_interfaces/msg/detail/sign_detection__type_support.c.o\n'}
[3.977523] (frob_interfaces) StdoutLine: {'line': b'[ 16%] Building C object CMakeFiles/frob_interfaces__rosidl_generator_c.dir/rosidl_generator_c/frob_interfaces/srv/detail/forward__description.c.o\n'}
[3.978876] (frob_interfaces) StdoutLine: {'line': b'[ 17%] Building C object CMakeFiles/frob_interfaces__rosidl_generator_c.dir/rosidl_generator_c/frob_interfaces/msg/detail/sign_detection__functions.c.o\n'}
[3.979017] (frob_interfaces) StdoutLine: {'line': b'[ 18%] Building C object CMakeFiles/frob_interfaces__rosidl_generator_c.dir/rosidl_generator_c/frob_interfaces/srv/detail/turn__type_support.c.o\n'}
[4.008161] (-) TimerEvent: {}
[4.024124] (frob_interfaces) StdoutLine: {'line': b'[ 20%] Building C object CMakeFiles/frob_interfaces__rosidl_generator_c.dir/rosidl_generator_c/frob_interfaces/msg/detail/intersection_detection__description.c.o\n'}
[4.026395] (frob_interfaces) StdoutLine: {'line': b'[ 21%] Building C object CMakeFiles/frob_interfaces__rosidl_generator_c.dir/rosidl_generator_c/frob_interfaces/msg/detail/intersection_detection__functions.c.o\n'}
[4.051078] (frob_interfaces) StdoutLine: {'line': b'[ 25%] Building C object CMakeFiles/frob_interfaces__rosidl_generator_c.dir/rosidl_generator_c/frob_interfaces/msg/detail/intersection_detection__type_support.c.o\n'}
[4.051213] (frob_interfaces) StdoutLine: {'line': b'[ 25%] Building C object CMakeFiles/frob_interfaces__rosidl_generator_c.dir/rosidl_generator_c/frob_interfaces/msg/detail/obstacle_detection__description.c.o\n'}
[4.051263] (frob_interfaces) StdoutLine: {'line': b'[ 25%] Building C object CMakeFiles/frob_interfaces__rosidl_generator_c.dir/rosidl_generator_c/frob_interfaces/msg/detail/obstacle_detection__type_support.c.o\n'}
[4.051305] (frob_interfaces) StdoutLine: {'line': b'[ 25%] Building C object CMakeFiles/frob_interfaces__rosidl_generator_c.dir/rosidl_generator_c/frob_interfaces/msg/detail/obstacle_detection__functions.c.o\n'}
[4.108294] (frob_interfaces) StdoutLine: {'line': b'[ 27%] Linking C shared library libfrob_interfaces__rosidl_generator_c.so\n'}
[4.108427] (-) TimerEvent: {}
[4.138685] (frob_interfaces) StdoutLine: {'line': b'[ 27%] Built target frob_interfaces__rosidl_generator_c\n'}
[4.146232] (frob_interfaces) StdoutLine: {'line': b'[ 29%] Generating C++ introspection for ROS interfaces\n'}
[4.146411] (frob_interfaces) StdoutLine: {'line': b'[ 29%] Generating C type support for eProsima Fast-RTPS\n'}
[4.146468] (frob_interfaces) StdoutLine: {'line': b'[ 30%] Generating C++ type support for eProsima Fast-RTPS\n'}
[4.146550] (frob_interfaces) StdoutLine: {'line': b'[ 32%] Generating C type support dispatch for ROS interfaces\n'}
[4.146611] (frob_interfaces) StdoutLine: {'line': b'[ 31%] Generating C++ type support dispatch for ROS interfaces\n'}
[4.146652] (frob_interfaces) StdoutLine: {'line': b'[ 34%] Generating C introspection for ROS interfaces\n'}
[4.208515] (-) TimerEvent: {}
[4.308647] (-) TimerEvent: {}
[4.362053] (frob_interfaces) StdoutLine: {'line': b'[ 36%] Building CXX object CMakeFiles/frob_interfaces__rosidl_typesupport_c.dir/rosidl_typesupport_c/frob_interfaces/srv/forward__type_support.cpp.o\n'}
[4.362188] (frob_interfaces) StdoutLine: {'line': b'[ 36%] Building CXX object CMakeFiles/frob_interfaces__rosidl_typesupport_c.dir/rosidl_typesupport_c/frob_interfaces/srv/turn__type_support.cpp.o\n'}
[4.362238] (frob_interfaces) StdoutLine: {'line': b'[ 37%] Building CXX object CMakeFiles/frob_interfaces__rosidl_typesupport_c.dir/rosidl_typesupport_c/frob_interfaces/msg/line_detection__type_support.cpp.o\n'}
[4.363899] (frob_interfaces) StdoutLine: {'line': b'[ 38%] Building CXX object CMakeFiles/frob_interfaces__rosidl_typesupport_c.dir/rosidl_typesupport_c/frob_interfaces/msg/sign_detection__type_support.cpp.o\n'}
[4.364129] (frob_interfaces) StdoutLine: {'line': b'[ 40%] Building CXX object CMakeFiles/frob_interfaces__rosidl_typesupport_c.dir/rosidl_typesupport_c/frob_interfaces/msg/obstacle_detection__type_support.cpp.o\n'}
[4.364191] (frob_interfaces) StdoutLine: {'line': b'[ 41%] Building CXX object CMakeFiles/frob_interfaces__rosidl_typesupport_c.dir/rosidl_typesupport_c/frob_interfaces/msg/intersection_detection__type_support.cpp.o\n'}
[4.393559] (frob_interfaces) StdoutLine: {'line': b'[ 43%] Building CXX object CMakeFiles/frob_interfaces__rosidl_typesupport_cpp.dir/rosidl_typesupport_cpp/frob_interfaces/srv/forward__type_support.cpp.o\n'}
[4.393701] (frob_interfaces) StdoutLine: {'line': b'[ 43%] Building CXX object CMakeFiles/frob_interfaces__rosidl_typesupport_cpp.dir/rosidl_typesupport_cpp/frob_interfaces/srv/turn__type_support.cpp.o\n'}
[4.408729] (-) TimerEvent: {}
[4.466989] (frob_interfaces) StdoutLine: {'line': b'[ 44%] Building CXX object CMakeFiles/frob_interfaces__rosidl_typesupport_introspection_cpp.dir/rosidl_typesupport_introspection_cpp/frob_interfaces/srv/detail/turn__type_support.cpp.o\n'}
[4.469660] (frob_interfaces) StdoutLine: {'line': b'[ 45%] Building C object CMakeFiles/frob_interfaces__rosidl_typesupport_introspection_c.dir/rosidl_typesupport_introspection_c/frob_interfaces/srv/detail/turn__type_support.c.o\n'}
[4.495494] (frob_interfaces) StdoutLine: {'line': b'[ 47%] Building C object CMakeFiles/frob_interfaces__rosidl_typesupport_introspection_c.dir/rosidl_typesupport_introspection_c/frob_interfaces/srv/detail/forward__type_support.c.o\n'}
[4.498821] (frob_interfaces) StdoutLine: {'line': b'[ 48%] Linking CXX shared library libfrob_interfaces__rosidl_typesupport_c.so\n'}
[4.499224] (frob_interfaces) StdoutLine: {'line': b'[ 49%] Building C object CMakeFiles/frob_interfaces__rosidl_typesupport_introspection_c.dir/rosidl_typesupport_introspection_c/frob_interfaces/msg/detail/line_detection__type_support.c.o\n'}
[4.499951] (frob_interfaces) StdoutLine: {'line': b'[ 50%] Building CXX object CMakeFiles/frob_interfaces__rosidl_typesupport_introspection_cpp.dir/rosidl_typesupport_introspection_cpp/frob_interfaces/srv/detail/forward__type_support.cpp.o\n'}
[4.501227] (frob_interfaces) StdoutLine: {'line': b'[ 51%] Building CXX object CMakeFiles/frob_interfaces__rosidl_typesupport_introspection_cpp.dir/rosidl_typesupport_introspection_cpp/frob_interfaces/msg/detail/line_detection__type_support.cpp.o\n'}
[4.502603] (frob_interfaces) StdoutLine: {'line': b'[ 52%] Building CXX object CMakeFiles/frob_interfaces__rosidl_typesupport_cpp.dir/rosidl_typesupport_cpp/frob_interfaces/msg/line_detection__type_support.cpp.o\n'}
[4.508813] (-) TimerEvent: {}
[4.527997] (frob_interfaces) StdoutLine: {'line': b'[ 54%] Building CXX object CMakeFiles/frob_interfaces__rosidl_typesupport_introspection_cpp.dir/rosidl_typesupport_introspection_cpp/frob_interfaces/msg/detail/sign_detection__type_support.cpp.o\n'}
[4.528156] (frob_interfaces) StdoutLine: {'line': b'[ 55%] Building CXX object CMakeFiles/frob_interfaces__rosidl_typesupport_introspection_cpp.dir/rosidl_typesupport_introspection_cpp/frob_interfaces/msg/detail/intersection_detection__type_support.cpp.o\n'}
[4.533971] (frob_interfaces) StdoutLine: {'line': b'[ 55%] Built target frob_interfaces__rosidl_typesupport_c\n'}
[4.534545] (frob_interfaces) StdoutLine: {'line': b'[ 56%] Building C object CMakeFiles/frob_interfaces__rosidl_typesupport_introspection_c.dir/rosidl_typesupport_introspection_c/frob_interfaces/msg/detail/sign_detection__type_support.c.o\n'}
[4.542122] (frob_interfaces) StdoutLine: {'line': b'[ 57%] Building CXX object CMakeFiles/frob_interfaces__rosidl_typesupport_introspection_cpp.dir/rosidl_typesupport_introspection_cpp/frob_interfaces/msg/detail/obstacle_detection__type_support.cpp.o\n'}
[4.548883] (frob_interfaces) StdoutLine: {'line': b'[ 58%] Building CXX object CMakeFiles/frob_interfaces__rosidl_typesupport_fastrtps_cpp.dir/rosidl_typesupport_fastrtps_cpp/frob_interfaces/srv/detail/dds_fastrtps/turn__type_support.cpp.o\n'}
[4.564640] (frob_interfaces) StdoutLine: {'line': b'[ 60%] Building C object CMakeFiles/frob_interfaces__rosidl_typesupport_introspection_c.dir/rosidl_typesupport_introspection_c/frob_interfaces/msg/detail/intersection_detection__type_support.c.o\n'}
[4.569081] (frob_interfaces) StdoutLine: {'line': b'[ 61%] Building CXX object CMakeFiles/frob_interfaces__rosidl_typesupport_fastrtps_c.dir/rosidl_typesupport_fastrtps_c/frob_interfaces/srv/detail/turn__type_support_c.cpp.o\n'}
[4.600018] (frob_interfaces) StdoutLine: {'line': b'[ 62%] Building C object CMakeFiles/frob_interfaces__rosidl_typesupport_introspection_c.dir/rosidl_typesupport_introspection_c/frob_interfaces/msg/detail/obstacle_detection__type_support.c.o\n'}
[4.608912] (-) TimerEvent: {}
[4.640178] (frob_interfaces) StdoutLine: {'line': b'[ 63%] Linking C shared library libfrob_interfaces__rosidl_typesupport_introspection_c.so\n'}
[4.691072] (frob_interfaces) StdoutLine: {'line': b'[ 63%] Built target frob_interfaces__rosidl_typesupport_introspection_c\n'}
[4.703067] (frob_interfaces) StdoutLine: {'line': b'[ 64%] Building CXX object CMakeFiles/frob_interfaces__rosidl_typesupport_fastrtps_c.dir/rosidl_typesupport_fastrtps_c/frob_interfaces/srv/detail/forward__type_support_c.cpp.o\n'}
[4.709000] (-) TimerEvent: {}
[4.767105] (frob_interfaces) StdoutLine: {'line': b'[ 65%] Building CXX object CMakeFiles/frob_interfaces__rosidl_typesupport_cpp.dir/rosidl_typesupport_cpp/frob_interfaces/msg/sign_detection__type_support.cpp.o\n'}
[4.767551] (frob_interfaces) StdoutLine: {'line': b'[ 67%] Building CXX object CMakeFiles/frob_interfaces__rosidl_typesupport_cpp.dir/rosidl_typesupport_cpp/frob_interfaces/msg/intersection_detection__type_support.cpp.o\n'}
[4.768414] (frob_interfaces) StdoutLine: {'line': b'[ 68%] Building CXX object CMakeFiles/frob_interfaces__rosidl_typesupport_fastrtps_cpp.dir/rosidl_typesupport_fastrtps_cpp/frob_interfaces/srv/detail/dds_fastrtps/forward__type_support.cpp.o\n'}
[4.769842] (frob_interfaces) StdoutLine: {'line': b'[ 69%] Building CXX object CMakeFiles/frob_interfaces__rosidl_typesupport_fastrtps_cpp.dir/rosidl_typesupport_fastrtps_cpp/frob_interfaces/msg/detail/dds_fastrtps/line_detection__type_support.cpp.o\n'}
[4.777997] (frob_interfaces) StdoutLine: {'line': b'[ 70%] Building CXX object CMakeFiles/frob_interfaces__rosidl_typesupport_fastrtps_cpp.dir/rosidl_typesupport_fastrtps_cpp/frob_interfaces/msg/detail/dds_fastrtps/sign_detection__type_support.cpp.o\n'}
[4.809100] (-) TimerEvent: {}
[4.888189] (frob_interfaces) StdoutLine: {'line': b'[ 71%] Building CXX object CMakeFiles/frob_interfaces__rosidl_typesupport_cpp.dir/rosidl_typesupport_cpp/frob_interfaces/msg/obstacle_detection__type_support.cpp.o\n'}
[4.892357] (frob_interfaces) StdoutLine: {'line': b'[ 72%] Building CXX object CMakeFiles/frob_interfaces__rosidl_typesupport_fastrtps_c.dir/rosidl_typesupport_fastrtps_c/frob_interfaces/msg/detail/line_detection__type_support_c.cpp.o\n'}
[4.904275] (frob_interfaces) StdoutLine: {'line': b'[ 74%] Linking CXX shared library libfrob_interfaces__rosidl_typesupport_introspection_cpp.so\n'}
[4.910072] (-) TimerEvent: {}
[4.961391] (frob_interfaces) StdoutLine: {'line': b'[ 75%] Building CXX object CMakeFiles/frob_interfaces__rosidl_typesupport_fastrtps_c.dir/rosidl_typesupport_fastrtps_c/frob_interfaces/msg/detail/sign_detection__type_support_c.cpp.o\n'}
[4.987719] (frob_interfaces) StdoutLine: {'line': b'[ 75%] Built target frob_interfaces__rosidl_typesupport_introspection_cpp\n'}
[4.999370] (frob_interfaces) StdoutLine: {'line': b'[ 76%] Building CXX object CMakeFiles/frob_interfaces__rosidl_typesupport_fastrtps_c.dir/rosidl_typesupport_fastrtps_c/frob_interfaces/msg/detail/intersection_detection__type_support_c.cpp.o\n'}
[5.010169] (-) TimerEvent: {}
[5.020069] (frob_interfaces) StdoutLine: {'line': b'[ 77%] Building CXX object CMakeFiles/frob_interfaces__rosidl_typesupport_fastrtps_cpp.dir/rosidl_typesupport_fastrtps_cpp/frob_interfaces/msg/detail/dds_fastrtps/intersection_detection__type_support.cpp.o\n'}
[5.044497] (frob_interfaces) StdoutLine: {'line': b'[ 78%] Building CXX object CMakeFiles/frob_interfaces__rosidl_typesupport_fastrtps_cpp.dir/rosidl_typesupport_fastrtps_cpp/frob_interfaces/msg/detail/dds_fastrtps/obstacle_detection__type_support.cpp.o\n'}
[5.069920] (frob_interfaces) StdoutLine: {'line': b'[ 80%] Building CXX object CMakeFiles/frob_interfaces__rosidl_typesupport_fastrtps_c.dir/rosidl_typesupport_fastrtps_c/frob_interfaces/msg/detail/obstacle_detection__type_support_c.cpp.o\n'}
[5.110267] (-) TimerEvent: {}
[5.136158] (frob_interfaces) StdoutLine: {'line': b'[ 81%] Linking CXX shared library libfrob_interfaces__rosidl_typesupport_cpp.so\n'}
[5.210362] (-) TimerEvent: {}
[5.214322] (frob_interfaces) StdoutLine: {'line': b'[ 81%] Built target frob_interfaces__rosidl_typesupport_cpp\n'}
[5.310447] (-) TimerEvent: {}
[5.351055] (frob_interfaces) StdoutLine: {'line': b'[ 82%] Linking CXX shared library libfrob_interfaces__rosidl_typesupport_fastrtps_cpp.so\n'}
[5.383839] (frob_interfaces) StdoutLine: {'line': b'[ 83%] Linking CXX shared library libfrob_interfaces__rosidl_typesupport_fastrtps_c.so\n'}
[5.406889] (frob_interfaces) StdoutLine: {'line': b'[ 83%] Built target frob_interfaces__rosidl_typesupport_fastrtps_cpp\n'}
[5.410504] (-) TimerEvent: {}
[5.417929] (frob_interfaces) StdoutLine: {'line': b'[ 83%] Built target frob_interfaces__rosidl_typesupport_fastrtps_c\n'}
[5.433429] (frob_interfaces) StdoutLine: {'line': b'[ 83%] Built target frob_interfaces\n'}
[5.448784] (frob_interfaces) StdoutLine: {'line': b'[ 84%] Generating Python code for ROS interfaces\n'}
[5.510584] (-) TimerEvent: {}
[5.610704] (-) TimerEvent: {}
[5.710831] (-) TimerEvent: {}
[5.810958] (-) TimerEvent: {}
[5.911092] (-) TimerEvent: {}
[5.961276] (frob_interfaces) StdoutLine: {'line': b'[ 84%] Built target frob_interfaces__py\n'}
[5.977847] (frob_interfaces) StdoutLine: {'line': b'[ 85%] Building C object CMakeFiles/frob_interfaces__rosidl_generator_py.dir/rosidl_generator_py/frob_interfaces/msg/_intersection_detection_s.c.o\n'}
[5.978026] (frob_interfaces) StdoutLine: {'line': b'[ 87%] Building C object CMakeFiles/frob_interfaces__rosidl_generator_py.dir/rosidl_generator_py/frob_interfaces/srv/_forward_s.c.o\n'}
[5.978155] (frob_interfaces) StdoutLine: {'line': b'[ 88%] Building C object CMakeFiles/frob_interfaces__rosidl_generator_py.dir/rosidl_generator_py/frob_interfaces/msg/_line_detection_s.c.o\n'}
[5.978274] (frob_interfaces) StdoutLine: {'line': b'[ 89%] Building C object CMakeFiles/frob_interfaces__rosidl_generator_py.dir/rosidl_generator_py/frob_interfaces/srv/_turn_s.c.o\n'}
[5.978566] (frob_interfaces) StdoutLine: {'line': b'[ 90%] Building C object CMakeFiles/frob_interfaces__rosidl_generator_py.dir/rosidl_generator_py/frob_interfaces/msg/_obstacle_detection_s.c.o\n'}
[5.978849] (frob_interfaces) StdoutLine: {'line': b'[ 91%] Building C object CMakeFiles/frob_interfaces__rosidl_generator_py.dir/rosidl_generator_py/frob_interfaces/msg/_sign_detection_s.c.o\n'}
[6.011181] (-) TimerEvent: {}
[6.111330] (-) TimerEvent: {}
[6.136354] (frob_interfaces) StdoutLine: {'line': b'[ 92%] Linking C shared library libfrob_interfaces__rosidl_generator_py.so\n'}
[6.170637] (frob_interfaces) StdoutLine: {'line': b'[ 92%] Built target frob_interfaces__rosidl_generator_py\n'}
[6.186385] (frob_interfaces) StdoutLine: {'line': b'[ 95%] Building C object CMakeFiles/frob_interfaces_s__rosidl_typesupport_c.dir/rosidl_generator_py/frob_interfaces/_frob_interfaces_s.ep.rosidl_typesupport_c.c.o\n'}
[6.186504] (frob_interfaces) StdoutLine: {'line': b'[ 95%] Building C object CMakeFiles/frob_interfaces_s__rosidl_typesupport_fastrtps_c.dir/rosidl_generator_py/frob_interfaces/_frob_interfaces_s.ep.rosidl_typesupport_fastrtps_c.c.o\n'}
[6.187019] (frob_interfaces) StdoutLine: {'line': b'[ 96%] Building C object CMakeFiles/frob_interfaces_s__rosidl_typesupport_introspection_c.dir/rosidl_generator_py/frob_interfaces/_frob_interfaces_s.ep.rosidl_typesupport_introspection_c.c.o\n'}
[6.211415] (-) TimerEvent: {}
[6.266160] (frob_interfaces) StdoutLine: {'line': b'[100%] Linking C shared module rosidl_generator_py/frob_interfaces/frob_interfaces_s__rosidl_typesupport_introspection_c.so\n'}
[6.266317] (frob_interfaces) StdoutLine: {'line': b'[100%] Linking C shared module rosidl_generator_py/frob_interfaces/frob_interfaces_s__rosidl_typesupport_c.so\n'}
[6.266367] (frob_interfaces) StdoutLine: {'line': b'[100%] Linking C shared module rosidl_generator_py/frob_interfaces/frob_interfaces_s__rosidl_typesupport_fastrtps_c.so\n'}
[6.288500] (frob_interfaces) StdoutLine: {'line': b'[100%] Built target frob_interfaces_s__rosidl_typesupport_introspection_c\n'}
[6.288656] (frob_interfaces) StdoutLine: {'line': b'[100%] Built target frob_interfaces_s__rosidl_typesupport_c\n'}
[6.288704] (frob_interfaces) StdoutLine: {'line': b'[100%] Built target frob_interfaces_s__rosidl_typesupport_fastrtps_c\n'}
[6.297998] (frob_interfaces) CommandEnded: {'returncode': 0}
[6.298489] (frob_interfaces) JobProgress: {'identifier': 'frob_interfaces', 'progress': 'install'}
[6.305788] (frob_interfaces) Command: {'cmd': ['/usr/bin/cmake', '--install', '/home/vsadnik/ros2_ws/frob_robot/build/frob_interfaces'], 'cwd': '/home/vsadnik/ros2_ws/frob_robot/build/frob_interfaces', 'env': OrderedDict({'GJS_DEBUG_TOPICS': 'JS ERROR;JS LOG', 'OPENCODE_DISABLE_EMBEDDED_WEB_UI': 'true', 'GZ_SIM_RESOURCE_PATH': '/opt/ros/jazzy/share', 'USER': 'vsadnik', 'no_proxy': '127.0.0.1,localhost,::1', 'OPENCODE_SERVER_USERNAME': 'opencode', 'GZ_CONFIG_PATH': '/opt/ros/jazzy/opt/gz_sim_vendor/share/gz:/opt/ros/jazzy/opt/sdformat_vendor/share/gz:/opt/ros/jazzy/opt/gz_gui_vendor/share/gz:/opt/ros/jazzy/opt/gz_transport_vendor/share/gz:/opt/ros/jazzy/opt/gz_rendering_vendor/share/gz:/opt/ros/jazzy/opt/gz_plugin_vendor/share/gz:/opt/ros/jazzy/opt/gz_fuel_tools_vendor/share/gz:/opt/ros/jazzy/opt/gz_msgs_vendor/share/gz:/opt/ros/jazzy/opt/gz_common_vendor/share/gz', 'XDG_SESSION_TYPE': 'x11', 'CLUTTER_DISABLE_MIPMAPPED_TEXT': '1', 'LD_LIBRARY_PATH': '/opt/ros/jazzy/opt/gz_sim_vendor/lib:/opt/ros/jazzy/opt/gz_sensors_vendor/lib:/opt/ros/jazzy/opt/gz_physics_vendor/lib:/opt/ros/jazzy/opt/sdformat_vendor/lib:/opt/ros/jazzy/opt/rviz_ogre_vendor/lib:/opt/ros/jazzy/lib/x86_64-linux-gnu:/opt/ros/jazzy/opt/gz_gui_vendor/lib:/opt/ros/jazzy/opt/gz_transport_vendor/lib:/opt/ros/jazzy/opt/gz_rendering_vendor/lib:/opt/ros/jazzy/opt/gz_plugin_vendor/lib:/opt/ros/jazzy/opt/gz_fuel_tools_vendor/lib:/opt/ros/jazzy/opt/gz_msgs_vendor/lib:/opt/ros/jazzy/opt/gz_common_vendor/lib:/opt/ros/jazzy/opt/gz_math_vendor/lib:/opt/ros/jazzy/opt/gz_utils_vendor/lib:/opt/ros/jazzy/opt/gz_tools_vendor/lib:/opt/ros/jazzy/opt/gz_ogre_next_vendor/lib:/opt/ros/jazzy/opt/gz_dartsim_vendor/lib:/opt/ros/jazzy/opt/gz_cmake_vendor/lib:/opt/ros/jazzy/lib', 'SHLVL': '0', 'CHROME_DESKTOP': 'ai.opencode.desktop.desktop', 'HOME': '/home/vsadnik', 'LESS': '-R', 'OLDPWD': '/home/vsadnik/ros2_ws/frob_robot', 'DESKTOP_SESSION': 'ubuntu', 'NO_PROXY': '127.0.0.1,localhost,::1', 'GIO_LAUNCHED_DESKTOP_FILE': '/usr/share/applications/ai.opencode.desktop.desktop', 'LSCOLORS': 'Gxfxcxdxbxegedabagacad', 'ZSH': '/home/vsadnik/.oh-my-zsh', 'GNOME_SHELL_SESSION_MODE': 'ubuntu', 'GTK_MODULES': 'gail:atk-bridge:appmenu-gtk-module', 'PAGER': 'less', 'ROS_PYTHON_VERSION': '3', 'MANAGERPID': '1765', 'DBUS_SESSION_BUS_ADDRESS': 'unix:path=/run/user/1000/bus', 'GSM_SKIP_SSH_AGENT_WORKAROUND': 'true', 'SYSTEMD_EXEC_PID': '2099', 'XDG_STATE_HOME': '/home/vsadnik/.config/ai.opencode.desktop', 'GIO_LAUNCHED_DESKTOP_FILE_PID': '6831', 'DEBUGINFOD_URLS': 'https://debuginfod.ubuntu.com', 'ROS_DISTRO': 'jazzy', 'LOGNAME': 'vsadnik', 'JOURNAL_STREAM': '9:17172', 'OPENCODE_CLIENT': 'desktop', '_': '/usr/bin/colcon', 'MEMORY_PRESSURE_WATCH': '/sys/fs/cgroup/user.slice/user-1000.slice/user@1000.service/session.slice/org.gnome.Shell@x11.service/memory.pressure', 'ROS_VERSION': '2', 'XDG_SESSION_CLASS': 'user', 'USERNAME': 'vsadnik', 'FC_FONTATIONS': '1', 'GNOME_DESKTOP_SESSION_ID': 'this-is-deprecated', 'WINDOWPATH': '2', 'PATH': '/home/vsadnik/.opencode/bin:/opt/ros/jazzy/opt/gz_msgs_vendor/bin:/opt/ros/jazzy/opt/gz_tools_vendor/bin:/opt/ros/jazzy/opt/gz_ogre_next_vendor/bin:/opt/ros/jazzy/bin:/usr/local/sbin:/usr/local/bin:/usr/sbin:/usr/bin:/sbin:/bin:/usr/games:/usr/local/games:/snap/bin:/snap/bin', 'INVOCATION_ID': '0c945ae3447b4d6c9d621fa20f370486', 'SESSION_MANAGER': 'local/vsadnik-PC:@/tmp/.ICE-unix/2073,unix/vsadnik-PC:/tmp/.ICE-unix/2073', 'OPENCODE_SERVER_PASSWORD': 'b40c96f9-b8f9-4751-9f05-c0ca66695fbb', 'GDK_BACKEND': 'x11', 'XDG_MENU_PREFIX': 'gnome-', 'XDG_RUNTIME_DIR': '/run/user/1000', 'DISPLAY': ':0', 'OPENCODE_EXPERIMENTAL_FILEWATCHER': 'true', 'LANG': 'en_US.UTF-8', 'OPENCODE_EXPERIMENTAL_ICON_DISCOVERY': 'true', 'XDG_CURRENT_DESKTOP': 'ubuntu:GNOME', 'XAUTHORITY': '/run/user/1000/gdm/Xauthority', 'XDG_SESSION_DESKTOP': 'ubuntu', 'XMODIFIERS': '@im=ibus', 'AMENT_PREFIX_PATH': '/opt/ros/jazzy', 'ROS_DOMAIN_ID': '56', 'SSH_AUTH_SOCK': '/run/user/1000/keyring/ssh', 'SHELL': '/usr/bin/zsh', 'GDMSESSION': 'ubuntu', 'NO_AT_BRIDGE': '1', 'QT_ACCESSIBILITY': '1', 'GJS_DEBUG_OUTPUT': 'stderr', 'GPG_AGENT_INFO': '/run/user/1000/gnupg/S.gpg-agent:0:1', 'QT_IM_MODULE': 'ibus', 'ROS_AUTOMATIC_DISCOVERY_RANGE': 'SUBNET', 'LC_ALL': 'en_US.UTF-8', 'PWD': '/home/vsadnik/ros2_ws/frob_robot/build/frob_interfaces', 'XDG_CONFIG_DIRS': '/etc/xdg/xdg-ubuntu:/etc/xdg', 'XDG_DATA_DIRS': '/usr/share/ubuntu:/usr/share/gnome:/usr/local/share/:/usr/share/:/var/lib/snapd/desktop', 'PYTHONPATH': '/opt/ros/jazzy/lib/python3.12/site-packages', 'QTWEBENGINE_DICTIONARIES_PATH': '/usr/share/hunspell-bdic/', 'COLCON': '1', 'MEMORY_PRESSURE_WRITE': 'c29tZSAyMDAwMDAgMjAwMDAwMAA=', 'CMAKE_PREFIX_PATH': '/opt/ros/jazzy/opt/gz_sim_vendor:/opt/ros/jazzy/opt/gz_sensors_vendor:/opt/ros/jazzy/opt/gz_physics_vendor:/opt/ros/jazzy/opt/sdformat_vendor:/opt/ros/jazzy/opt/gz_gui_vendor:/opt/ros/jazzy/opt/gz_transport_vendor:/opt/ros/jazzy/opt/gz_rendering_vendor:/opt/ros/jazzy/opt/gz_plugin_vendor:/opt/ros/jazzy/opt/gz_fuel_tools_vendor:/opt/ros/jazzy/opt/gz_msgs_vendor:/opt/ros/jazzy/opt/gz_common_vendor:/opt/ros/jazzy/opt/gz_math_vendor:/opt/ros/jazzy/opt/gz_utils_vendor:/opt/ros/jazzy/opt/gz_tools_vendor:/opt/ros/jazzy/opt/gz_ogre_next_vendor:/opt/ros/jazzy/opt/gz_dartsim_vendor:/opt/ros/jazzy/opt/gz_cmake_vendor:/opt/ros/jazzy'}), 'shell': False}
[6.311480] (-) TimerEvent: {}
[6.313428] (frob_interfaces) StdoutLine: {'line': b'-- Install configuration: ""\n'}
[6.313909] (frob_interfaces) StdoutLine: {'line': b'-- Execute custom install script\n'}
[6.314135] (frob_interfaces) StdoutLine: {'line': b'-- Symlinking: /home/vsadnik/ros2_ws/frob_robot/install/frob_interfaces/share/ament_index/resource_index/rosidl_interfaces/frob_interfaces\n'}
[6.321917] (frob_interfaces) StdoutLine: {'line': b'-- Symlinking: /home/vsadnik/ros2_ws/frob_robot/install/frob_interfaces/share/frob_interfaces/srv/Turn.json\n'}
[6.328915] (frob_interfaces) StdoutLine: {'line': b'-- Symlinking: /home/vsadnik/ros2_ws/frob_robot/install/frob_interfaces/share/frob_interfaces/srv/Forward.json\n'}
[6.336290] (frob_interfaces) StdoutLine: {'line': b'-- Symlinking: /home/vsadnik/ros2_ws/frob_robot/install/frob_interfaces/share/frob_interfaces/msg/LineDetection.json\n'}
[6.343379] (frob_interfaces) StdoutLine: {'line': b'-- Symlinking: /home/vsadnik/ros2_ws/frob_robot/install/frob_interfaces/share/frob_interfaces/msg/SignDetection.json\n'}
[6.350457] (frob_interfaces) StdoutLine: {'line': b'-- Symlinking: /home/vsadnik/ros2_ws/frob_robot/install/frob_interfaces/share/frob_interfaces/msg/IntersectionDetection.json\n'}
[6.357003] (frob_interfaces) StdoutLine: {'line': b'-- Symlinking: /home/vsadnik/ros2_ws/frob_robot/install/frob_interfaces/share/frob_interfaces/msg/ObstacleDetection.json\n'}
[6.363925] (frob_interfaces) StdoutLine: {'line': b'-- Symlinking: /home/vsadnik/ros2_ws/frob_robot/install/frob_interfaces/include/frob_interfaces/frob_interfaces/msg/detail/intersection_detection__functions.h\n'}
[6.373057] (frob_interfaces) StdoutLine: {'line': b'-- Symlinking: /home/vsadnik/ros2_ws/frob_robot/install/frob_interfaces/include/frob_interfaces/frob_interfaces/msg/detail/intersection_detection__struct.h\n'}
[6.380341] (frob_interfaces) StdoutLine: {'line': b'-- Symlinking: /home/vsadnik/ros2_ws/frob_robot/install/frob_interfaces/include/frob_interfaces/frob_interfaces/msg/detail/intersection_detection__type_support.h\n'}
[6.387430] (frob_interfaces) StdoutLine: {'line': b'-- Symlinking: /home/vsadnik/ros2_ws/frob_robot/install/frob_interfaces/include/frob_interfaces/frob_interfaces/msg/detail/line_detection__functions.h\n'}
[6.394215] (frob_interfaces) StdoutLine: {'line': b'-- Symlinking: /home/vsadnik/ros2_ws/frob_robot/install/frob_interfaces/include/frob_interfaces/frob_interfaces/msg/detail/line_detection__struct.h\n'}
[6.400379] (frob_interfaces) StdoutLine: {'line': b'-- Symlinking: /home/vsadnik/ros2_ws/frob_robot/install/frob_interfaces/include/frob_interfaces/frob_interfaces/msg/detail/line_detection__type_support.h\n'}
[6.406358] (frob_interfaces) StdoutLine: {'line': b'-- Symlinking: /home/vsadnik/ros2_ws/frob_robot/install/frob_interfaces/include/frob_interfaces/frob_interfaces/msg/detail/obstacle_detection__functions.h\n'}
[6.411551] (-) TimerEvent: {}
[6.412339] (frob_interfaces) StdoutLine: {'line': b'-- Symlinking: /home/vsadnik/ros2_ws/frob_robot/install/frob_interfaces/include/frob_interfaces/frob_interfaces/msg/detail/obstacle_detection__struct.h\n'}
[6.419592] (frob_interfaces) StdoutLine: {'line': b'-- Symlinking: /home/vsadnik/ros2_ws/frob_robot/install/frob_interfaces/include/frob_interfaces/frob_interfaces/msg/detail/obstacle_detection__type_support.h\n'}
[6.425815] (frob_interfaces) StdoutLine: {'line': b'-- Symlinking: /home/vsadnik/ros2_ws/frob_robot/install/frob_interfaces/include/frob_interfaces/frob_interfaces/msg/detail/sign_detection__functions.h\n'}
[6.433377] (frob_interfaces) StdoutLine: {'line': b'-- Symlinking: /home/vsadnik/ros2_ws/frob_robot/install/frob_interfaces/include/frob_interfaces/frob_interfaces/msg/detail/sign_detection__struct.h\n'}
[6.439822] (frob_interfaces) StdoutLine: {'line': b'-- Symlinking: /home/vsadnik/ros2_ws/frob_robot/install/frob_interfaces/include/frob_interfaces/frob_interfaces/msg/detail/sign_detection__type_support.h\n'}
[6.446990] (frob_interfaces) StdoutLine: {'line': b'-- Symlinking: /home/vsadnik/ros2_ws/frob_robot/install/frob_interfaces/include/frob_interfaces/frob_interfaces/msg/intersection_detection.h\n'}
[6.453724] (frob_interfaces) StdoutLine: {'line': b'-- Symlinking: /home/vsadnik/ros2_ws/frob_robot/install/frob_interfaces/include/frob_interfaces/frob_interfaces/msg/line_detection.h\n'}
[6.460233] (frob_interfaces) StdoutLine: {'line': b'-- Symlinking: /home/vsadnik/ros2_ws/frob_robot/install/frob_interfaces/include/frob_interfaces/frob_interfaces/msg/obstacle_detection.h\n'}
[6.467073] (frob_interfaces) StdoutLine: {'line': b'-- Symlinking: /home/vsadnik/ros2_ws/frob_robot/install/frob_interfaces/include/frob_interfaces/frob_interfaces/msg/rosidl_generator_c__visibility_control.h\n'}
[6.474459] (frob_interfaces) StdoutLine: {'line': b'-- Symlinking: /home/vsadnik/ros2_ws/frob_robot/install/frob_interfaces/include/frob_interfaces/frob_interfaces/msg/sign_detection.h\n'}
[6.481320] (frob_interfaces) StdoutLine: {'line': b'-- Symlinking: /home/vsadnik/ros2_ws/frob_robot/install/frob_interfaces/include/frob_interfaces/frob_interfaces/srv/detail/forward__functions.h\n'}
[6.488907] (frob_interfaces) StdoutLine: {'line': b'-- Symlinking: /home/vsadnik/ros2_ws/frob_robot/install/frob_interfaces/include/frob_interfaces/frob_interfaces/srv/detail/forward__struct.h\n'}
[6.496019] (frob_interfaces) StdoutLine: {'line': b'-- Symlinking: /home/vsadnik/ros2_ws/frob_robot/install/frob_interfaces/include/frob_interfaces/frob_interfaces/srv/detail/forward__type_support.h\n'}
[6.503020] (frob_interfaces) StdoutLine: {'line': b'-- Symlinking: /home/vsadnik/ros2_ws/frob_robot/install/frob_interfaces/include/frob_interfaces/frob_interfaces/srv/detail/turn__functions.h\n'}
[6.509871] (frob_interfaces) StdoutLine: {'line': b'-- Symlinking: /home/vsadnik/ros2_ws/frob_robot/install/frob_interfaces/include/frob_interfaces/frob_interfaces/srv/detail/turn__struct.h\n'}
[6.511614] (-) TimerEvent: {}
[6.516927] (frob_interfaces) StdoutLine: {'line': b'-- Symlinking: /home/vsadnik/ros2_ws/frob_robot/install/frob_interfaces/include/frob_interfaces/frob_interfaces/srv/detail/turn__type_support.h\n'}
[6.524126] (frob_interfaces) StdoutLine: {'line': b'-- Symlinking: /home/vsadnik/ros2_ws/frob_robot/install/frob_interfaces/include/frob_interfaces/frob_interfaces/srv/forward.h\n'}
[6.531139] (frob_interfaces) StdoutLine: {'line': b'-- Symlinking: /home/vsadnik/ros2_ws/frob_robot/install/frob_interfaces/include/frob_interfaces/frob_interfaces/srv/turn.h\n'}
[6.538122] (frob_interfaces) StdoutLine: {'line': b'-- Symlinking: /home/vsadnik/ros2_ws/frob_robot/install/frob_interfaces/share/frob_interfaces/environment/library_path.sh\n'}
[6.545259] (frob_interfaces) StdoutLine: {'line': b'-- Symlinking: /home/vsadnik/ros2_ws/frob_robot/install/frob_interfaces/share/frob_interfaces/environment/library_path.dsv\n'}
[6.554658] (frob_interfaces) StdoutLine: {'line': b'-- Symlinking: /home/vsadnik/ros2_ws/frob_robot/install/frob_interfaces/include/frob_interfaces/frob_interfaces/msg/detail/intersection_detection__rosidl_typesupport_fastrtps_c.h\n'}
[6.563101] (frob_interfaces) StdoutLine: {'line': b'-- Symlinking: /home/vsadnik/ros2_ws/frob_robot/install/frob_interfaces/include/frob_interfaces/frob_interfaces/msg/detail/line_detection__rosidl_typesupport_fastrtps_c.h\n'}
[6.570316] (frob_interfaces) StdoutLine: {'line': b'-- Symlinking: /home/vsadnik/ros2_ws/frob_robot/install/frob_interfaces/include/frob_interfaces/frob_interfaces/msg/detail/obstacle_detection__rosidl_typesupport_fastrtps_c.h\n'}
[6.576752] (frob_interfaces) StdoutLine: {'line': b'-- Symlinking: /home/vsadnik/ros2_ws/frob_robot/install/frob_interfaces/include/frob_interfaces/frob_interfaces/msg/detail/sign_detection__rosidl_typesupport_fastrtps_c.h\n'}
[6.583090] (frob_interfaces) StdoutLine: {'line': b'-- Symlinking: /home/vsadnik/ros2_ws/frob_robot/install/frob_interfaces/include/frob_interfaces/frob_interfaces/msg/rosidl_typesupport_fastrtps_c__visibility_control.h\n'}
[6.589439] (frob_interfaces) StdoutLine: {'line': b'-- Symlinking: /home/vsadnik/ros2_ws/frob_robot/install/frob_interfaces/include/frob_interfaces/frob_interfaces/srv/detail/forward__rosidl_typesupport_fastrtps_c.h\n'}
[6.595982] (frob_interfaces) StdoutLine: {'line': b'-- Symlinking: /home/vsadnik/ros2_ws/frob_robot/install/frob_interfaces/include/frob_interfaces/frob_interfaces/srv/detail/turn__rosidl_typesupport_fastrtps_c.h\n'}
[6.602435] (frob_interfaces) StdoutLine: {'line': b'-- Symlinking: /home/vsadnik/ros2_ws/frob_robot/install/frob_interfaces/include/frob_interfaces/frob_interfaces/msg/detail/intersection_detection__rosidl_typesupport_introspection_c.h\n'}
[6.610065] (frob_interfaces) StdoutLine: {'line': b'-- Symlinking: /home/vsadnik/ros2_ws/frob_robot/install/frob_interfaces/include/frob_interfaces/frob_interfaces/msg/detail/line_detection__rosidl_typesupport_introspection_c.h\n'}
[6.611672] (-) TimerEvent: {}
[6.617543] (frob_interfaces) StdoutLine: {'line': b'-- Symlinking: /home/vsadnik/ros2_ws/frob_robot/install/frob_interfaces/include/frob_interfaces/frob_interfaces/msg/detail/obstacle_detection__rosidl_typesupport_introspection_c.h\n'}
[6.625116] (frob_interfaces) StdoutLine: {'line': b'-- Symlinking: /home/vsadnik/ros2_ws/frob_robot/install/frob_interfaces/include/frob_interfaces/frob_interfaces/msg/detail/sign_detection__rosidl_typesupport_introspection_c.h\n'}
[6.632394] (frob_interfaces) StdoutLine: {'line': b'-- Symlinking: /home/vsadnik/ros2_ws/frob_robot/install/frob_interfaces/include/frob_interfaces/frob_interfaces/msg/rosidl_typesupport_introspection_c__visibility_control.h\n'}
[6.639830] (frob_interfaces) StdoutLine: {'line': b'-- Symlinking: /home/vsadnik/ros2_ws/frob_robot/install/frob_interfaces/include/frob_interfaces/frob_interfaces/srv/detail/forward__rosidl_typesupport_introspection_c.h\n'}
[6.647300] (frob_interfaces) StdoutLine: {'line': b'-- Symlinking: /home/vsadnik/ros2_ws/frob_robot/install/frob_interfaces/include/frob_interfaces/frob_interfaces/srv/detail/turn__rosidl_typesupport_introspection_c.h\n'}
[6.655483] (frob_interfaces) StdoutLine: {'line': b'-- Symlinking: /home/vsadnik/ros2_ws/frob_robot/install/frob_interfaces/include/frob_interfaces/frob_interfaces/msg/detail/intersection_detection__builder.hpp\n'}
[6.663215] (frob_interfaces) StdoutLine: {'line': b'-- Symlinking: /home/vsadnik/ros2_ws/frob_robot/install/frob_interfaces/include/frob_interfaces/frob_interfaces/msg/detail/intersection_detection__struct.hpp\n'}
[6.669614] (frob_interfaces) StdoutLine: {'line': b'-- Symlinking: /home/vsadnik/ros2_ws/frob_robot/install/frob_interfaces/include/frob_interfaces/frob_interfaces/msg/detail/intersection_detection__traits.hpp\n'}
[6.677194] (frob_interfaces) StdoutLine: {'line': b'-- Symlinking: /home/vsadnik/ros2_ws/frob_robot/install/frob_interfaces/include/frob_interfaces/frob_interfaces/msg/detail/intersection_detection__type_support.hpp\n'}
[6.684947] (frob_interfaces) StdoutLine: {'line': b'-- Symlinking: /home/vsadnik/ros2_ws/frob_robot/install/frob_interfaces/include/frob_interfaces/frob_interfaces/msg/detail/line_detection__builder.hpp\n'}
[6.692876] (frob_interfaces) StdoutLine: {'line': b'-- Symlinking: /home/vsadnik/ros2_ws/frob_robot/install/frob_interfaces/include/frob_interfaces/frob_interfaces/msg/detail/line_detection__struct.hpp\n'}
[6.700287] (frob_interfaces) StdoutLine: {'line': b'-- Symlinking: /home/vsadnik/ros2_ws/frob_robot/install/frob_interfaces/include/frob_interfaces/frob_interfaces/msg/detail/line_detection__traits.hpp\n'}
[6.706829] (frob_interfaces) StdoutLine: {'line': b'-- Symlinking: /home/vsadnik/ros2_ws/frob_robot/install/frob_interfaces/include/frob_interfaces/frob_interfaces/msg/detail/line_detection__type_support.hpp\n'}
[6.711746] (-) TimerEvent: {}
[6.713184] (frob_interfaces) StdoutLine: {'line': b'-- Symlinking: /home/vsadnik/ros2_ws/frob_robot/install/frob_interfaces/include/frob_interfaces/frob_interfaces/msg/detail/obstacle_detection__builder.hpp\n'}
[6.718875] (frob_interfaces) StdoutLine: {'line': b'-- Symlinking: /home/vsadnik/ros2_ws/frob_robot/install/frob_interfaces/include/frob_interfaces/frob_interfaces/msg/detail/obstacle_detection__struct.hpp\n'}
[6.724490] (frob_interfaces) StdoutLine: {'line': b'-- Symlinking: /home/vsadnik/ros2_ws/frob_robot/install/frob_interfaces/include/frob_interfaces/frob_interfaces/msg/detail/obstacle_detection__traits.hpp\n'}
[6.730999] (frob_interfaces) StdoutLine: {'line': b'-- Symlinking: /home/vsadnik/ros2_ws/frob_robot/install/frob_interfaces/include/frob_interfaces/frob_interfaces/msg/detail/obstacle_detection__type_support.hpp\n'}
[6.737314] (frob_interfaces) StdoutLine: {'line': b'-- Symlinking: /home/vsadnik/ros2_ws/frob_robot/install/frob_interfaces/include/frob_interfaces/frob_interfaces/msg/detail/sign_detection__builder.hpp\n'}
[6.743008] (frob_interfaces) StdoutLine: {'line': b'-- Symlinking: /home/vsadnik/ros2_ws/frob_robot/install/frob_interfaces/include/frob_interfaces/frob_interfaces/msg/detail/sign_detection__struct.hpp\n'}
[6.748501] (frob_interfaces) StdoutLine: {'line': b'-- Symlinking: /home/vsadnik/ros2_ws/frob_robot/install/frob_interfaces/include/frob_interfaces/frob_interfaces/msg/detail/sign_detection__traits.hpp\n'}
[6.755110] (frob_interfaces) StdoutLine: {'line': b'-- Symlinking: /home/vsadnik/ros2_ws/frob_robot/install/frob_interfaces/include/frob_interfaces/frob_interfaces/msg/detail/sign_detection__type_support.hpp\n'}
[6.760961] (frob_interfaces) StdoutLine: {'line': b'-- Symlinking: /home/vsadnik/ros2_ws/frob_robot/install/frob_interfaces/include/frob_interfaces/frob_interfaces/msg/intersection_detection.hpp\n'}
[6.766785] (frob_interfaces) StdoutLine: {'line': b'-- Symlinking: /home/vsadnik/ros2_ws/frob_robot/install/frob_interfaces/include/frob_interfaces/frob_interfaces/msg/line_detection.hpp\n'}
[6.772452] (frob_interfaces) StdoutLine: {'line': b'-- Symlinking: /home/vsadnik/ros2_ws/frob_robot/install/frob_interfaces/include/frob_interfaces/frob_interfaces/msg/obstacle_detection.hpp\n'}
[6.778285] (frob_interfaces) StdoutLine: {'line': b'-- Symlinking: /home/vsadnik/ros2_ws/frob_robot/install/frob_interfaces/include/frob_interfaces/frob_interfaces/msg/rosidl_generator_cpp__visibility_control.hpp\n'}
[6.784717] (frob_interfaces) StdoutLine: {'line': b'-- Symlinking: /home/vsadnik/ros2_ws/frob_robot/install/frob_interfaces/include/frob_interfaces/frob_interfaces/msg/sign_detection.hpp\n'}
[6.790800] (frob_interfaces) StdoutLine: {'line': b'-- Symlinking: /home/vsadnik/ros2_ws/frob_robot/install/frob_interfaces/include/frob_interfaces/frob_interfaces/srv/detail/forward__builder.hpp\n'}
[6.796642] (frob_interfaces) StdoutLine: {'line': b'-- Symlinking: /home/vsadnik/ros2_ws/frob_robot/install/frob_interfaces/include/frob_interfaces/frob_interfaces/srv/detail/forward__struct.hpp\n'}
[6.802243] (frob_interfaces) StdoutLine: {'line': b'-- Symlinking: /home/vsadnik/ros2_ws/frob_robot/install/frob_interfaces/include/frob_interfaces/frob_interfaces/srv/detail/forward__traits.hpp\n'}
[6.808409] (frob_interfaces) StdoutLine: {'line': b'-- Symlinking: /home/vsadnik/ros2_ws/frob_robot/install/frob_interfaces/include/frob_interfaces/frob_interfaces/srv/detail/forward__type_support.hpp\n'}
[6.811817] (-) TimerEvent: {}
[6.814567] (frob_interfaces) StdoutLine: {'line': b'-- Symlinking: /home/vsadnik/ros2_ws/frob_robot/install/frob_interfaces/include/frob_interfaces/frob_interfaces/srv/detail/turn__builder.hpp\n'}
[6.820612] (frob_interfaces) StdoutLine: {'line': b'-- Symlinking: /home/vsadnik/ros2_ws/frob_robot/install/frob_interfaces/include/frob_interfaces/frob_interfaces/srv/detail/turn__struct.hpp\n'}
[6.826983] (frob_interfaces) StdoutLine: {'line': b'-- Symlinking: /home/vsadnik/ros2_ws/frob_robot/install/frob_interfaces/include/frob_interfaces/frob_interfaces/srv/detail/turn__traits.hpp\n'}
[6.833589] (frob_interfaces) StdoutLine: {'line': b'-- Symlinking: /home/vsadnik/ros2_ws/frob_robot/install/frob_interfaces/include/frob_interfaces/frob_interfaces/srv/detail/turn__type_support.hpp\n'}
[6.839854] (frob_interfaces) StdoutLine: {'line': b'-- Symlinking: /home/vsadnik/ros2_ws/frob_robot/install/frob_interfaces/include/frob_interfaces/frob_interfaces/srv/forward.hpp\n'}
[6.846347] (frob_interfaces) StdoutLine: {'line': b'-- Symlinking: /home/vsadnik/ros2_ws/frob_robot/install/frob_interfaces/include/frob_interfaces/frob_interfaces/srv/turn.hpp\n'}
[6.852674] (frob_interfaces) StdoutLine: {'line': b'-- Symlinking: /home/vsadnik/ros2_ws/frob_robot/install/frob_interfaces/include/frob_interfaces/frob_interfaces/msg/detail/intersection_detection__rosidl_typesupport_fastrtps_cpp.hpp\n'}
[6.858981] (frob_interfaces) StdoutLine: {'line': b'-- Symlinking: /home/vsadnik/ros2_ws/frob_robot/install/frob_interfaces/include/frob_interfaces/frob_interfaces/msg/detail/line_detection__rosidl_typesupport_fastrtps_cpp.hpp\n'}
[6.864739] (frob_interfaces) StdoutLine: {'line': b'-- Symlinking: /home/vsadnik/ros2_ws/frob_robot/install/frob_interfaces/include/frob_interfaces/frob_interfaces/msg/detail/obstacle_detection__rosidl_typesupport_fastrtps_cpp.hpp\n'}
[6.871575] (frob_interfaces) StdoutLine: {'line': b'-- Symlinking: /home/vsadnik/ros2_ws/frob_robot/install/frob_interfaces/include/frob_interfaces/frob_interfaces/msg/detail/sign_detection__rosidl_typesupport_fastrtps_cpp.hpp\n'}
[6.877514] (frob_interfaces) StdoutLine: {'line': b'-- Symlinking: /home/vsadnik/ros2_ws/frob_robot/install/frob_interfaces/include/frob_interfaces/frob_interfaces/msg/rosidl_typesupport_fastrtps_cpp__visibility_control.h\n'}
[6.883439] (frob_interfaces) StdoutLine: {'line': b'-- Symlinking: /home/vsadnik/ros2_ws/frob_robot/install/frob_interfaces/include/frob_interfaces/frob_interfaces/srv/detail/forward__rosidl_typesupport_fastrtps_cpp.hpp\n'}
[6.889477] (frob_interfaces) StdoutLine: {'line': b'-- Symlinking: /home/vsadnik/ros2_ws/frob_robot/install/frob_interfaces/include/frob_interfaces/frob_interfaces/srv/detail/turn__rosidl_typesupport_fastrtps_cpp.hpp\n'}
[6.896167] (frob_interfaces) StdoutLine: {'line': b'-- Symlinking: /home/vsadnik/ros2_ws/frob_robot/install/frob_interfaces/include/frob_interfaces/frob_interfaces/msg/detail/intersection_detection__rosidl_typesupport_introspection_cpp.hpp\n'}
[6.902407] (frob_interfaces) StdoutLine: {'line': b'-- Symlinking: /home/vsadnik/ros2_ws/frob_robot/install/frob_interfaces/include/frob_interfaces/frob_interfaces/msg/detail/line_detection__rosidl_typesupport_introspection_cpp.hpp\n'}
[6.908224] (frob_interfaces) StdoutLine: {'line': b'-- Symlinking: /home/vsadnik/ros2_ws/frob_robot/install/frob_interfaces/include/frob_interfaces/frob_interfaces/msg/detail/obstacle_detection__rosidl_typesupport_introspection_cpp.hpp\n'}
[6.911882] (-) TimerEvent: {}
[6.914577] (frob_interfaces) StdoutLine: {'line': b'-- Symlinking: /home/vsadnik/ros2_ws/frob_robot/install/frob_interfaces/include/frob_interfaces/frob_interfaces/msg/detail/sign_detection__rosidl_typesupport_introspection_cpp.hpp\n'}
[6.920715] (frob_interfaces) StdoutLine: {'line': b'-- Symlinking: /home/vsadnik/ros2_ws/frob_robot/install/frob_interfaces/include/frob_interfaces/frob_interfaces/srv/detail/forward__rosidl_typesupport_introspection_cpp.hpp\n'}
[6.926572] (frob_interfaces) StdoutLine: {'line': b'-- Symlinking: /home/vsadnik/ros2_ws/frob_robot/install/frob_interfaces/include/frob_interfaces/frob_interfaces/srv/detail/turn__rosidl_typesupport_introspection_cpp.hpp\n'}
[6.932807] (frob_interfaces) StdoutLine: {'line': b'-- Symlinking: /home/vsadnik/ros2_ws/frob_robot/install/frob_interfaces/share/frob_interfaces/environment/pythonpath.sh\n'}
[6.939165] (frob_interfaces) StdoutLine: {'line': b'-- Symlinking: /home/vsadnik/ros2_ws/frob_robot/install/frob_interfaces/share/frob_interfaces/environment/pythonpath.dsv\n'}
[6.945653] (frob_interfaces) StdoutLine: {'line': b'-- Symlinking: /home/vsadnik/ros2_ws/frob_robot/install/frob_interfaces/lib/python3.12/site-packages/frob_interfaces-0.0.0-py3.12.egg-info/PKG-INFO\n'}
[6.951595] (frob_interfaces) StdoutLine: {'line': b'-- Symlinking: /home/vsadnik/ros2_ws/frob_robot/install/frob_interfaces/lib/python3.12/site-packages/frob_interfaces-0.0.0-py3.12.egg-info/SOURCES.txt\n'}
[6.958242] (frob_interfaces) StdoutLine: {'line': b'-- Symlinking: /home/vsadnik/ros2_ws/frob_robot/install/frob_interfaces/lib/python3.12/site-packages/frob_interfaces-0.0.0-py3.12.egg-info/dependency_links.txt\n'}
[6.964484] (frob_interfaces) StdoutLine: {'line': b'-- Symlinking: /home/vsadnik/ros2_ws/frob_robot/install/frob_interfaces/lib/python3.12/site-packages/frob_interfaces-0.0.0-py3.12.egg-info/top_level.txt\n'}
[6.971416] (frob_interfaces) StdoutLine: {'line': b'-- Symlinking: /home/vsadnik/ros2_ws/frob_robot/install/frob_interfaces/lib/python3.12/site-packages/frob_interfaces/__init__.py\n'}
[6.977999] (frob_interfaces) StdoutLine: {'line': b'-- Symlinking: /home/vsadnik/ros2_ws/frob_robot/install/frob_interfaces/lib/python3.12/site-packages/frob_interfaces/_frob_interfaces_s.ep.rosidl_typesupport_c.c\n'}
[6.984062] (frob_interfaces) StdoutLine: {'line': b'-- Symlinking: /home/vsadnik/ros2_ws/frob_robot/install/frob_interfaces/lib/python3.12/site-packages/frob_interfaces/_frob_interfaces_s.ep.rosidl_typesupport_fastrtps_c.c\n'}
[6.990172] (frob_interfaces) StdoutLine: {'line': b'-- Symlinking: /home/vsadnik/ros2_ws/frob_robot/install/frob_interfaces/lib/python3.12/site-packages/frob_interfaces/_frob_interfaces_s.ep.rosidl_typesupport_introspection_c.c\n'}
[6.996832] (frob_interfaces) StdoutLine: {'line': b'-- Symlinking: /home/vsadnik/ros2_ws/frob_robot/install/frob_interfaces/lib/python3.12/site-packages/frob_interfaces/frob_interfaces_s__rosidl_typesupport_c.so\n'}
[7.002985] (frob_interfaces) StdoutLine: {'line': b'-- Symlinking: /home/vsadnik/ros2_ws/frob_robot/install/frob_interfaces/lib/python3.12/site-packages/frob_interfaces/frob_interfaces_s__rosidl_typesupport_fastrtps_c.so\n'}
[7.008740] (frob_interfaces) StdoutLine: {'line': b'-- Symlinking: /home/vsadnik/ros2_ws/frob_robot/install/frob_interfaces/lib/python3.12/site-packages/frob_interfaces/frob_interfaces_s__rosidl_typesupport_introspection_c.so\n'}
[7.011949] (-) TimerEvent: {}
[7.014485] (frob_interfaces) StdoutLine: {'line': b'-- Symlinking: /home/vsadnik/ros2_ws/frob_robot/install/frob_interfaces/lib/python3.12/site-packages/frob_interfaces/msg/__init__.py\n'}
[7.020862] (frob_interfaces) StdoutLine: {'line': b'-- Symlinking: /home/vsadnik/ros2_ws/frob_robot/install/frob_interfaces/lib/python3.12/site-packages/frob_interfaces/msg/_intersection_detection.py\n'}
[7.026930] (frob_interfaces) StdoutLine: {'line': b'-- Symlinking: /home/vsadnik/ros2_ws/frob_robot/install/frob_interfaces/lib/python3.12/site-packages/frob_interfaces/msg/_intersection_detection_s.c\n'}
[7.032575] (frob_interfaces) StdoutLine: {'line': b'-- Symlinking: /home/vsadnik/ros2_ws/frob_robot/install/frob_interfaces/lib/python3.12/site-packages/frob_interfaces/msg/_line_detection.py\n'}
[7.038204] (frob_interfaces) StdoutLine: {'line': b'-- Symlinking: /home/vsadnik/ros2_ws/frob_robot/install/frob_interfaces/lib/python3.12/site-packages/frob_interfaces/msg/_line_detection_s.c\n'}
[7.043925] (frob_interfaces) StdoutLine: {'line': b'-- Symlinking: /home/vsadnik/ros2_ws/frob_robot/install/frob_interfaces/lib/python3.12/site-packages/frob_interfaces/msg/_obstacle_detection.py\n'}
[7.050062] (frob_interfaces) StdoutLine: {'line': b'-- Symlinking: /home/vsadnik/ros2_ws/frob_robot/install/frob_interfaces/lib/python3.12/site-packages/frob_interfaces/msg/_obstacle_detection_s.c\n'}
[7.056266] (frob_interfaces) StdoutLine: {'line': b'-- Symlinking: /home/vsadnik/ros2_ws/frob_robot/install/frob_interfaces/lib/python3.12/site-packages/frob_interfaces/msg/_sign_detection.py\n'}
[7.062412] (frob_interfaces) StdoutLine: {'line': b'-- Symlinking: /home/vsadnik/ros2_ws/frob_robot/install/frob_interfaces/lib/python3.12/site-packages/frob_interfaces/msg/_sign_detection_s.c\n'}
[7.069347] (frob_interfaces) StdoutLine: {'line': b'-- Symlinking: /home/vsadnik/ros2_ws/frob_robot/install/frob_interfaces/lib/python3.12/site-packages/frob_interfaces/srv/__init__.py\n'}
[7.075548] (frob_interfaces) StdoutLine: {'line': b'-- Symlinking: /home/vsadnik/ros2_ws/frob_robot/install/frob_interfaces/lib/python3.12/site-packages/frob_interfaces/srv/_forward.py\n'}
[7.081699] (frob_interfaces) StdoutLine: {'line': b'-- Symlinking: /home/vsadnik/ros2_ws/frob_robot/install/frob_interfaces/lib/python3.12/site-packages/frob_interfaces/srv/_forward_s.c\n'}
[7.087890] (frob_interfaces) StdoutLine: {'line': b'-- Symlinking: /home/vsadnik/ros2_ws/frob_robot/install/frob_interfaces/lib/python3.12/site-packages/frob_interfaces/srv/_turn.py\n'}
[7.094164] (frob_interfaces) StdoutLine: {'line': b'-- Symlinking: /home/vsadnik/ros2_ws/frob_robot/install/frob_interfaces/lib/python3.12/site-packages/frob_interfaces/srv/_turn_s.c\n'}
[7.100960] (frob_interfaces) StdoutLine: {'line': b'-- Up-to-date symlink: /home/vsadnik/ros2_ws/frob_robot/install/frob_interfaces/lib/python3.12/site-packages/frob_interfaces/frob_interfaces_s__rosidl_typesupport_fastrtps_c.so\n'}
[7.101113] (frob_interfaces) StdoutLine: {'line': b'-- Up-to-date symlink: /home/vsadnik/ros2_ws/frob_robot/install/frob_interfaces/lib/python3.12/site-packages/frob_interfaces/frob_interfaces_s__rosidl_typesupport_introspection_c.so\n'}
[7.101358] (frob_interfaces) StdoutLine: {'line': b'-- Up-to-date symlink: /home/vsadnik/ros2_ws/frob_robot/install/frob_interfaces/lib/python3.12/site-packages/frob_interfaces/frob_interfaces_s__rosidl_typesupport_c.so\n'}
[7.101577] (frob_interfaces) StdoutLine: {'line': b'-- Symlinking: /home/vsadnik/ros2_ws/frob_robot/install/frob_interfaces/share/ament_index/resource_index/rust_packages/frob_interfaces\n'}
[7.108508] (frob_interfaces) StdoutLine: {'line': b'-- Symlinking: /home/vsadnik/ros2_ws/frob_robot/install/frob_interfaces/share/frob_interfaces/rust/Cargo.toml\n'}
[7.112008] (-) TimerEvent: {}
[7.115320] (frob_interfaces) StdoutLine: {'line': b'-- Symlinking: /home/vsadnik/ros2_ws/frob_robot/install/frob_interfaces/share/frob_interfaces/rust/build.rs\n'}
[7.121909] (frob_interfaces) StdoutLine: {'line': b'-- Symlinking: /home/vsadnik/ros2_ws/frob_robot/install/frob_interfaces/share/frob_interfaces/rust/src/lib.rs\n'}
[7.128243] (frob_interfaces) StdoutLine: {'line': b'-- Symlinking: /home/vsadnik/ros2_ws/frob_robot/install/frob_interfaces/share/frob_interfaces/rust/src/msg.rs\n'}
[7.134667] (frob_interfaces) StdoutLine: {'line': b'-- Symlinking: /home/vsadnik/ros2_ws/frob_robot/install/frob_interfaces/share/frob_interfaces/rust/src/msg/rmw.rs\n'}
[7.140534] (frob_interfaces) StdoutLine: {'line': b'-- Symlinking: /home/vsadnik/ros2_ws/frob_robot/install/frob_interfaces/share/frob_interfaces/rust/src/srv.rs\n'}
[7.146286] (frob_interfaces) StdoutLine: {'line': b'-- Symlinking: /home/vsadnik/ros2_ws/frob_robot/install/frob_interfaces/share/frob_interfaces/rust/src/srv/rmw.rs\n'}
[7.152736] (frob_interfaces) StdoutLine: {'line': b'-- Symlinking: /home/vsadnik/ros2_ws/frob_robot/install/frob_interfaces/share/frob_interfaces/srv/Turn.idl\n'}
[7.158942] (frob_interfaces) StdoutLine: {'line': b'-- Symlinking: /home/vsadnik/ros2_ws/frob_robot/install/frob_interfaces/share/frob_interfaces/srv/Forward.idl\n'}
[7.165125] (frob_interfaces) StdoutLine: {'line': b'-- Symlinking: /home/vsadnik/ros2_ws/frob_robot/install/frob_interfaces/share/frob_interfaces/msg/LineDetection.idl\n'}
[7.171455] (frob_interfaces) StdoutLine: {'line': b'-- Symlinking: /home/vsadnik/ros2_ws/frob_robot/install/frob_interfaces/share/frob_interfaces/msg/SignDetection.idl\n'}
[7.178108] (frob_interfaces) StdoutLine: {'line': b'-- Symlinking: /home/vsadnik/ros2_ws/frob_robot/install/frob_interfaces/share/frob_interfaces/msg/IntersectionDetection.idl\n'}
[7.184467] (frob_interfaces) StdoutLine: {'line': b'-- Symlinking: /home/vsadnik/ros2_ws/frob_robot/install/frob_interfaces/share/frob_interfaces/msg/ObstacleDetection.idl\n'}
[7.190630] (frob_interfaces) StdoutLine: {'line': b'-- Symlinking: /home/vsadnik/ros2_ws/frob_robot/install/frob_interfaces/share/frob_interfaces/srv/Turn.srv\n'}
[7.197062] (frob_interfaces) StdoutLine: {'line': b'-- Symlinking: /home/vsadnik/ros2_ws/frob_robot/install/frob_interfaces/share/frob_interfaces/srv/Forward.srv\n'}
[7.203174] (frob_interfaces) StdoutLine: {'line': b'-- Symlinking: /home/vsadnik/ros2_ws/frob_robot/install/frob_interfaces/share/frob_interfaces/msg/LineDetection.msg\n'}
[7.209477] (frob_interfaces) StdoutLine: {'line': b'-- Symlinking: /home/vsadnik/ros2_ws/frob_robot/install/frob_interfaces/share/frob_interfaces/msg/SignDetection.msg\n'}
[7.212047] (-) TimerEvent: {}
[7.215610] (frob_interfaces) StdoutLine: {'line': b'-- Symlinking: /home/vsadnik/ros2_ws/frob_robot/install/frob_interfaces/share/frob_interfaces/msg/IntersectionDetection.msg\n'}
[7.221756] (frob_interfaces) StdoutLine: {'line': b'-- Symlinking: /home/vsadnik/ros2_ws/frob_robot/install/frob_interfaces/share/frob_interfaces/msg/ObstacleDetection.msg\n'}
[7.228561] (frob_interfaces) StdoutLine: {'line': b'-- Symlinking: /home/vsadnik/ros2_ws/frob_robot/install/frob_interfaces/share/ament_index/resource_index/package_run_dependencies/frob_interfaces\n'}
[7.234973] (frob_interfaces) StdoutLine: {'line': b'-- Symlinking: /home/vsadnik/ros2_ws/frob_robot/install/frob_interfaces/share/ament_index/resource_index/parent_prefix_path/frob_interfaces\n'}
[7.240895] (frob_interfaces) StdoutLine: {'line': b'-- Symlinking: /home/vsadnik/ros2_ws/frob_robot/install/frob_interfaces/share/frob_interfaces/environment/ament_prefix_path.sh\n'}
[7.246587] (frob_interfaces) StdoutLine: {'line': b'-- Symlinking: /home/vsadnik/ros2_ws/frob_robot/install/frob_interfaces/share/frob_interfaces/environment/ament_prefix_path.dsv\n'}
[7.252492] (frob_interfaces) StdoutLine: {'line': b'-- Symlinking: /home/vsadnik/ros2_ws/frob_robot/install/frob_interfaces/share/frob_interfaces/environment/path.sh\n'}
[7.259150] (frob_interfaces) StdoutLine: {'line': b'-- Symlinking: /home/vsadnik/ros2_ws/frob_robot/install/frob_interfaces/share/frob_interfaces/environment/path.dsv\n'}
[7.265147] (frob_interfaces) StdoutLine: {'line': b'-- Symlinking: /home/vsadnik/ros2_ws/frob_robot/install/frob_interfaces/share/frob_interfaces/local_setup.bash\n'}
[7.271693] (frob_interfaces) StdoutLine: {'line': b'-- Symlinking: /home/vsadnik/ros2_ws/frob_robot/install/frob_interfaces/share/frob_interfaces/local_setup.sh\n'}
[7.277980] (frob_interfaces) StdoutLine: {'line': b'-- Symlinking: /home/vsadnik/ros2_ws/frob_robot/install/frob_interfaces/share/frob_interfaces/local_setup.zsh\n'}
[7.284261] (frob_interfaces) StdoutLine: {'line': b'-- Symlinking: /home/vsadnik/ros2_ws/frob_robot/install/frob_interfaces/share/frob_interfaces/local_setup.dsv\n'}
[7.290876] (frob_interfaces) StdoutLine: {'line': b'-- Symlinking: /home/vsadnik/ros2_ws/frob_robot/install/frob_interfaces/share/frob_interfaces/package.dsv\n'}
[7.297545] (frob_interfaces) StdoutLine: {'line': b'-- Symlinking: /home/vsadnik/ros2_ws/frob_robot/install/frob_interfaces/share/ament_index/resource_index/packages/frob_interfaces\n'}
[7.303858] (frob_interfaces) StdoutLine: {'line': b'-- Symlinking: /home/vsadnik/ros2_ws/frob_robot/install/frob_interfaces/share/frob_interfaces/cmake/rosidl_cmake-extras.cmake\n'}
[7.310373] (frob_interfaces) StdoutLine: {'line': b'-- Symlinking: /home/vsadnik/ros2_ws/frob_robot/install/frob_interfaces/share/frob_interfaces/cmake/ament_cmake_export_dependencies-extras.cmake\n'}
[7.312106] (-) TimerEvent: {}
[7.316836] (frob_interfaces) StdoutLine: {'line': b'-- Symlinking: /home/vsadnik/ros2_ws/frob_robot/install/frob_interfaces/share/frob_interfaces/cmake/ament_cmake_export_include_directories-extras.cmake\n'}
[7.323006] (frob_interfaces) StdoutLine: {'line': b'-- Symlinking: /home/vsadnik/ros2_ws/frob_robot/install/frob_interfaces/share/frob_interfaces/cmake/ament_cmake_export_libraries-extras.cmake\n'}
[7.328999] (frob_interfaces) StdoutLine: {'line': b'-- Symlinking: /home/vsadnik/ros2_ws/frob_robot/install/frob_interfaces/share/frob_interfaces/cmake/ament_cmake_export_targets-extras.cmake\n'}
[7.335696] (frob_interfaces) StdoutLine: {'line': b'-- Symlinking: /home/vsadnik/ros2_ws/frob_robot/install/frob_interfaces/share/frob_interfaces/cmake/rosidl_cmake_export_typesupport_targets-extras.cmake\n'}
[7.342332] (frob_interfaces) StdoutLine: {'line': b'-- Symlinking: /home/vsadnik/ros2_ws/frob_robot/install/frob_interfaces/share/frob_interfaces/cmake/rosidl_cmake_export_typesupport_libraries-extras.cmake\n'}
[7.348456] (frob_interfaces) StdoutLine: {'line': b'-- Symlinking: /home/vsadnik/ros2_ws/frob_robot/install/frob_interfaces/share/frob_interfaces/cmake/frob_interfacesConfig.cmake\n'}
[7.355025] (frob_interfaces) StdoutLine: {'line': b'-- Symlinking: /home/vsadnik/ros2_ws/frob_robot/install/frob_interfaces/share/frob_interfaces/cmake/frob_interfacesConfig-version.cmake\n'}
[7.360941] (frob_interfaces) StdoutLine: {'line': b'-- Symlinking: /home/vsadnik/ros2_ws/frob_robot/install/frob_interfaces/share/frob_interfaces/package.xml\n'}
[7.366664] (frob_interfaces) StdoutLine: {'line': b'-- Installing: /home/vsadnik/ros2_ws/frob_robot/install/frob_interfaces/lib/libfrob_interfaces__rosidl_generator_c.so\n'}
[7.367090] (frob_interfaces) StdoutLine: {'line': b'-- Set non-toolchain portion of runtime path of "/home/vsadnik/ros2_ws/frob_robot/install/frob_interfaces/lib/libfrob_interfaces__rosidl_generator_c.so" to ""\n'}
[7.367155] (frob_interfaces) StdoutLine: {'line': b'-- Installing: /home/vsadnik/ros2_ws/frob_robot/install/frob_interfaces/lib/libfrob_interfaces__rosidl_typesupport_fastrtps_c.so\n'}
[7.367523] (frob_interfaces) StdoutLine: {'line': b'-- Set non-toolchain portion of runtime path of "/home/vsadnik/ros2_ws/frob_robot/install/frob_interfaces/lib/libfrob_interfaces__rosidl_typesupport_fastrtps_c.so" to ""\n'}
[7.367584] (frob_interfaces) StdoutLine: {'line': b'-- Installing: /home/vsadnik/ros2_ws/frob_robot/install/frob_interfaces/lib/libfrob_interfaces__rosidl_typesupport_introspection_c.so\n'}
[7.367857] (frob_interfaces) StdoutLine: {'line': b'-- Set non-toolchain portion of runtime path of "/home/vsadnik/ros2_ws/frob_robot/install/frob_interfaces/lib/libfrob_interfaces__rosidl_typesupport_introspection_c.so" to ""\n'}
[7.367913] (frob_interfaces) StdoutLine: {'line': b'-- Installing: /home/vsadnik/ros2_ws/frob_robot/install/frob_interfaces/lib/libfrob_interfaces__rosidl_typesupport_c.so\n'}
[7.368171] (frob_interfaces) StdoutLine: {'line': b'-- Set non-toolchain portion of runtime path of "/home/vsadnik/ros2_ws/frob_robot/install/frob_interfaces/lib/libfrob_interfaces__rosidl_typesupport_c.so" to ""\n'}
[7.368232] (frob_interfaces) StdoutLine: {'line': b'-- Installing: /home/vsadnik/ros2_ws/frob_robot/install/frob_interfaces/lib/libfrob_interfaces__rosidl_typesupport_fastrtps_cpp.so\n'}
[7.368621] (frob_interfaces) StdoutLine: {'line': b'-- Set non-toolchain portion of runtime path of "/home/vsadnik/ros2_ws/frob_robot/install/frob_interfaces/lib/libfrob_interfaces__rosidl_typesupport_fastrtps_cpp.so" to ""\n'}
[7.368682] (frob_interfaces) StdoutLine: {'line': b'-- Installing: /home/vsadnik/ros2_ws/frob_robot/install/frob_interfaces/lib/libfrob_interfaces__rosidl_typesupport_introspection_cpp.so\n'}
[7.369046] (frob_interfaces) StdoutLine: {'line': b'-- Set non-toolchain portion of runtime path of "/home/vsadnik/ros2_ws/frob_robot/install/frob_interfaces/lib/libfrob_interfaces__rosidl_typesupport_introspection_cpp.so" to ""\n'}
[7.369111] (frob_interfaces) StdoutLine: {'line': b'-- Installing: /home/vsadnik/ros2_ws/frob_robot/install/frob_interfaces/lib/libfrob_interfaces__rosidl_typesupport_cpp.so\n'}
[7.369441] (frob_interfaces) StdoutLine: {'line': b'-- Set non-toolchain portion of runtime path of "/home/vsadnik/ros2_ws/frob_robot/install/frob_interfaces/lib/libfrob_interfaces__rosidl_typesupport_cpp.so" to ""\n'}
[7.412179] (-) TimerEvent: {}
[7.439843] (frob_interfaces) StdoutLine: {'line': b"Listing '/home/vsadnik/ros2_ws/frob_robot/install/frob_interfaces/lib/python3.12/site-packages/frob_interfaces'...\n"}
[7.439960] (frob_interfaces) StdoutLine: {'line': b"Compiling '/home/vsadnik/ros2_ws/frob_robot/install/frob_interfaces/lib/python3.12/site-packages/frob_interfaces/__init__.py'...\n"}
[7.440006] (frob_interfaces) StdoutLine: {'line': b"Listing '/home/vsadnik/ros2_ws/frob_robot/install/frob_interfaces/lib/python3.12/site-packages/frob_interfaces/msg'...\n"}
[7.440054] (frob_interfaces) StdoutLine: {'line': b"Compiling '/home/vsadnik/ros2_ws/frob_robot/install/frob_interfaces/lib/python3.12/site-packages/frob_interfaces/msg/__init__.py'...\n"}
[7.440092] (frob_interfaces) StdoutLine: {'line': b"Compiling '/home/vsadnik/ros2_ws/frob_robot/install/frob_interfaces/lib/python3.12/site-packages/frob_interfaces/msg/_intersection_detection.py'...\n"}
[7.440127] (frob_interfaces) StdoutLine: {'line': b"Compiling '/home/vsadnik/ros2_ws/frob_robot/install/frob_interfaces/lib/python3.12/site-packages/frob_interfaces/msg/_line_detection.py'...\n"}
[7.440161] (frob_interfaces) StdoutLine: {'line': b"Compiling '/home/vsadnik/ros2_ws/frob_robot/install/frob_interfaces/lib/python3.12/site-packages/frob_interfaces/msg/_obstacle_detection.py'...\n"}
[7.440195] (frob_interfaces) StdoutLine: {'line': b"Compiling '/home/vsadnik/ros2_ws/frob_robot/install/frob_interfaces/lib/python3.12/site-packages/frob_interfaces/msg/_sign_detection.py'...\n"}
[7.440229] (frob_interfaces) StdoutLine: {'line': b"Listing '/home/vsadnik/ros2_ws/frob_robot/install/frob_interfaces/lib/python3.12/site-packages/frob_interfaces/srv'...\n"}
[7.440262] (frob_interfaces) StdoutLine: {'line': b"Compiling '/home/vsadnik/ros2_ws/frob_robot/install/frob_interfaces/lib/python3.12/site-packages/frob_interfaces/srv/__init__.py'...\n"}
[7.440295] (frob_interfaces) StdoutLine: {'line': b"Compiling '/home/vsadnik/ros2_ws/frob_robot/install/frob_interfaces/lib/python3.12/site-packages/frob_interfaces/srv/_forward.py'...\n"}
[7.440328] (frob_interfaces) StdoutLine: {'line': b"Compiling '/home/vsadnik/ros2_ws/frob_robot/install/frob_interfaces/lib/python3.12/site-packages/frob_interfaces/srv/_turn.py'...\n"}
[7.443341] (frob_interfaces) StdoutLine: {'line': b'-- Installing: /home/vsadnik/ros2_ws/frob_robot/install/frob_interfaces/lib/libfrob_interfaces__rosidl_generator_py.so\n'}
[7.443659] (frob_interfaces) StdoutLine: {'line': b'-- Set non-toolchain portion of runtime path of "/home/vsadnik/ros2_ws/frob_robot/install/frob_interfaces/lib/libfrob_interfaces__rosidl_generator_py.so" to ""\n'}
[7.443743] (frob_interfaces) StdoutLine: {'line': b'-- Installing: /home/vsadnik/ros2_ws/frob_robot/install/frob_interfaces/share/frob_interfaces/cmake/export_frob_interfaces__rosidl_generator_cExport.cmake\n'}
[7.443821] (frob_interfaces) StdoutLine: {'line': b'-- Installing: /home/vsadnik/ros2_ws/frob_robot/install/frob_interfaces/share/frob_interfaces/cmake/export_frob_interfaces__rosidl_generator_cExport-noconfig.cmake\n'}
[7.443944] (frob_interfaces) StdoutLine: {'line': b'-- Installing: /home/vsadnik/ros2_ws/frob_robot/install/frob_interfaces/share/frob_interfaces/cmake/export_frob_interfaces__rosidl_typesupport_fastrtps_cExport.cmake\n'}
[7.444053] (frob_interfaces) StdoutLine: {'line': b'-- Installing: /home/vsadnik/ros2_ws/frob_robot/install/frob_interfaces/share/frob_interfaces/cmake/export_frob_interfaces__rosidl_typesupport_fastrtps_cExport-noconfig.cmake\n'}
[7.444168] (frob_interfaces) StdoutLine: {'line': b'-- Installing: /home/vsadnik/ros2_ws/frob_robot/install/frob_interfaces/share/frob_interfaces/cmake/frob_interfaces__rosidl_typesupport_introspection_cExport.cmake\n'}
[7.444273] (frob_interfaces) StdoutLine: {'line': b'-- Installing: /home/vsadnik/ros2_ws/frob_robot/install/frob_interfaces/share/frob_interfaces/cmake/frob_interfaces__rosidl_typesupport_introspection_cExport-noconfig.cmake\n'}
[7.444385] (frob_interfaces) StdoutLine: {'line': b'-- Installing: /home/vsadnik/ros2_ws/frob_robot/install/frob_interfaces/share/frob_interfaces/cmake/frob_interfaces__rosidl_typesupport_cExport.cmake\n'}
[7.444493] (frob_interfaces) StdoutLine: {'line': b'-- Installing: /home/vsadnik/ros2_ws/frob_robot/install/frob_interfaces/share/frob_interfaces/cmake/frob_interfaces__rosidl_typesupport_cExport-noconfig.cmake\n'}
[7.444604] (frob_interfaces) StdoutLine: {'line': b'-- Installing: /home/vsadnik/ros2_ws/frob_robot/install/frob_interfaces/share/frob_interfaces/cmake/export_frob_interfaces__rosidl_generator_cppExport.cmake\n'}
[7.444724] (frob_interfaces) StdoutLine: {'line': b'-- Installing: /home/vsadnik/ros2_ws/frob_robot/install/frob_interfaces/share/frob_interfaces/cmake/export_frob_interfaces__rosidl_typesupport_fastrtps_cppExport.cmake\n'}
[7.444832] (frob_interfaces) StdoutLine: {'line': b'-- Installing: /home/vsadnik/ros2_ws/frob_robot/install/frob_interfaces/share/frob_interfaces/cmake/export_frob_interfaces__rosidl_typesupport_fastrtps_cppExport-noconfig.cmake\n'}
[7.444943] (frob_interfaces) StdoutLine: {'line': b'-- Installing: /home/vsadnik/ros2_ws/frob_robot/install/frob_interfaces/share/frob_interfaces/cmake/frob_interfaces__rosidl_typesupport_introspection_cppExport.cmake\n'}
[7.445059] (frob_interfaces) StdoutLine: {'line': b'-- Installing: /home/vsadnik/ros2_ws/frob_robot/install/frob_interfaces/share/frob_interfaces/cmake/frob_interfaces__rosidl_typesupport_introspection_cppExport-noconfig.cmake\n'}
[7.445173] (frob_interfaces) StdoutLine: {'line': b'-- Installing: /home/vsadnik/ros2_ws/frob_robot/install/frob_interfaces/share/frob_interfaces/cmake/frob_interfaces__rosidl_typesupport_cppExport.cmake\n'}
[7.445304] (frob_interfaces) StdoutLine: {'line': b'-- Installing: /home/vsadnik/ros2_ws/frob_robot/install/frob_interfaces/share/frob_interfaces/cmake/frob_interfaces__rosidl_typesupport_cppExport-noconfig.cmake\n'}
[7.445394] (frob_interfaces) StdoutLine: {'line': b'-- Installing: /home/vsadnik/ros2_ws/frob_robot/install/frob_interfaces/share/frob_interfaces/cmake/export_frob_interfaces__rosidl_generator_pyExport.cmake\n'}
[7.445494] (frob_interfaces) StdoutLine: {'line': b'-- Installing: /home/vsadnik/ros2_ws/frob_robot/install/frob_interfaces/share/frob_interfaces/cmake/export_frob_interfaces__rosidl_generator_pyExport-noconfig.cmake\n'}
[7.447179] (frob_interfaces) CommandEnded: {'returncode': 0}
[7.459910] (frob_interfaces) JobEnded: {'identifier': 'frob_interfaces', 'rc': 0}
[7.460500] (frob_perception) JobStarted: {'identifier': 'frob_perception'}
[7.512258] (-) TimerEvent: {}
[7.612371] (-) TimerEvent: {}
[7.712490] (-) TimerEvent: {}
[7.812628] (-) TimerEvent: {}
[7.912754] (-) TimerEvent: {}
[8.012881] (-) TimerEvent: {}
[8.113004] (-) TimerEvent: {}
[8.213131] (-) TimerEvent: {}
[8.278879] (frob_perception) Command: {'cmd': ['/usr/bin/python3', '-W', 'ignore:setup.py install is deprecated', '-W', 'ignore:easy_install command is deprecated', 'setup.py', 'develop', '--editable', '--build-directory', '/home/vsadnik/ros2_ws/frob_robot/build/frob_perception/build', '--no-deps', 'symlink_data'], 'cwd': '/home/vsadnik/ros2_ws/frob_robot/build/frob_perception', 'env': {'GJS_DEBUG_TOPICS': 'JS ERROR;JS LOG', 'OPENCODE_DISABLE_EMBEDDED_WEB_UI': 'true', 'GZ_SIM_RESOURCE_PATH': '/opt/ros/jazzy/share', 'USER': 'vsadnik', 'no_proxy': '127.0.0.1,localhost,::1', 'OPENCODE_SERVER_USERNAME': 'opencode', 'GZ_CONFIG_PATH': '/opt/ros/jazzy/opt/gz_sim_vendor/share/gz:/opt/ros/jazzy/opt/sdformat_vendor/share/gz:/opt/ros/jazzy/opt/gz_gui_vendor/share/gz:/opt/ros/jazzy/opt/gz_transport_vendor/share/gz:/opt/ros/jazzy/opt/gz_rendering_vendor/share/gz:/opt/ros/jazzy/opt/gz_plugin_vendor/share/gz:/opt/ros/jazzy/opt/gz_fuel_tools_vendor/share/gz:/opt/ros/jazzy/opt/gz_msgs_vendor/share/gz:/opt/ros/jazzy/opt/gz_common_vendor/share/gz', 'XDG_SESSION_TYPE': 'x11', 'CLUTTER_DISABLE_MIPMAPPED_TEXT': '1', 'LD_LIBRARY_PATH': '/home/vsadnik/ros2_ws/frob_robot/install/frob_interfaces/lib:/opt/ros/jazzy/opt/gz_sim_vendor/lib:/opt/ros/jazzy/opt/gz_sensors_vendor/lib:/opt/ros/jazzy/opt/gz_physics_vendor/lib:/opt/ros/jazzy/opt/sdformat_vendor/lib:/opt/ros/jazzy/opt/rviz_ogre_vendor/lib:/opt/ros/jazzy/lib/x86_64-linux-gnu:/opt/ros/jazzy/opt/gz_gui_vendor/lib:/opt/ros/jazzy/opt/gz_transport_vendor/lib:/opt/ros/jazzy/opt/gz_rendering_vendor/lib:/opt/ros/jazzy/opt/gz_plugin_vendor/lib:/opt/ros/jazzy/opt/gz_fuel_tools_vendor/lib:/opt/ros/jazzy/opt/gz_msgs_vendor/lib:/opt/ros/jazzy/opt/gz_common_vendor/lib:/opt/ros/jazzy/opt/gz_math_vendor/lib:/opt/ros/jazzy/opt/gz_utils_vendor/lib:/opt/ros/jazzy/opt/gz_tools_vendor/lib:/opt/ros/jazzy/opt/gz_ogre_next_vendor/lib:/opt/ros/jazzy/opt/gz_dartsim_vendor/lib:/opt/ros/jazzy/opt/gz_cmake_vendor/lib:/opt/ros/jazzy/lib', 'SHLVL': '0', 'CHROME_DESKTOP': 'ai.opencode.desktop.desktop', 'HOME': '/home/vsadnik', 'LESS': '-R', 'OLDPWD': '/home/vsadnik/ros2_ws/frob_robot', 'DESKTOP_SESSION': 'ubuntu', 'NO_PROXY': '127.0.0.1,localhost,::1', 'GIO_LAUNCHED_DESKTOP_FILE': '/usr/share/applications/ai.opencode.desktop.desktop', 'LSCOLORS': 'Gxfxcxdxbxegedabagacad', 'ZSH': '/home/vsadnik/.oh-my-zsh', 'GNOME_SHELL_SESSION_MODE': 'ubuntu', 'GTK_MODULES': 'gail:atk-bridge:appmenu-gtk-module', 'PAGER': 'less', 'ROS_PYTHON_VERSION': '3', 'MANAGERPID': '1765', 'DBUS_SESSION_BUS_ADDRESS': 'unix:path=/run/user/1000/bus', 'GSM_SKIP_SSH_AGENT_WORKAROUND': 'true', 'SYSTEMD_EXEC_PID': '2099', 'XDG_STATE_HOME': '/home/vsadnik/.config/ai.opencode.desktop', 'GIO_LAUNCHED_DESKTOP_FILE_PID': '6831', 'DEBUGINFOD_URLS': 'https://debuginfod.ubuntu.com', 'ROS_DISTRO': 'jazzy', 'LOGNAME': 'vsadnik', 'JOURNAL_STREAM': '9:17172', 'OPENCODE_CLIENT': 'desktop', '_': '/usr/bin/colcon', 'MEMORY_PRESSURE_WATCH': '/sys/fs/cgroup/user.slice/user-1000.slice/user@1000.service/session.slice/org.gnome.Shell@x11.service/memory.pressure', 'ROS_VERSION': '2', 'XDG_SESSION_CLASS': 'user', 'USERNAME': 'vsadnik', 'FC_FONTATIONS': '1', 'GNOME_DESKTOP_SESSION_ID': 'this-is-deprecated', 'WINDOWPATH': '2', 'PATH': '/home/vsadnik/.opencode/bin:/opt/ros/jazzy/opt/gz_msgs_vendor/bin:/opt/ros/jazzy/opt/gz_tools_vendor/bin:/opt/ros/jazzy/opt/gz_ogre_next_vendor/bin:/opt/ros/jazzy/bin:/usr/local/sbin:/usr/local/bin:/usr/sbin:/usr/bin:/sbin:/bin:/usr/games:/usr/local/games:/snap/bin:/snap/bin', 'INVOCATION_ID': '0c945ae3447b4d6c9d621fa20f370486', 'SESSION_MANAGER': 'local/vsadnik-PC:@/tmp/.ICE-unix/2073,unix/vsadnik-PC:/tmp/.ICE-unix/2073', 'OPENCODE_SERVER_PASSWORD': 'b40c96f9-b8f9-4751-9f05-c0ca66695fbb', 'GDK_BACKEND': 'x11', 'XDG_MENU_PREFIX': 'gnome-', 'XDG_RUNTIME_DIR': '/run/user/1000', 'DISPLAY': ':0', 'OPENCODE_EXPERIMENTAL_FILEWATCHER': 'true', 'LANG': 'en_US.UTF-8', 'OPENCODE_EXPERIMENTAL_ICON_DISCOVERY': 'true', 'XDG_CURRENT_DESKTOP': 'ubuntu:GNOME', 'XAUTHORITY': '/run/user/1000/gdm/Xauthority', 'XDG_SESSION_DESKTOP': 'ubuntu', 'XMODIFIERS': '@im=ibus', 'AMENT_PREFIX_PATH': '/home/vsadnik/ros2_ws/frob_robot/install/frob_interfaces:/opt/ros/jazzy', 'ROS_DOMAIN_ID': '56', 'SSH_AUTH_SOCK': '/run/user/1000/keyring/ssh', 'SHELL': '/usr/bin/zsh', 'GDMSESSION': 'ubuntu', 'NO_AT_BRIDGE': '1', 'QT_ACCESSIBILITY': '1', 'GJS_DEBUG_OUTPUT': 'stderr', 'GPG_AGENT_INFO': '/run/user/1000/gnupg/S.gpg-agent:0:1', 'QT_IM_MODULE': 'ibus', 'ROS_AUTOMATIC_DISCOVERY_RANGE': 'SUBNET', 'LC_ALL': 'en_US.UTF-8', 'PWD': '/home/vsadnik/ros2_ws/frob_robot/build/frob_perception', 'XDG_CONFIG_DIRS': '/etc/xdg/xdg-ubuntu:/etc/xdg', 'XDG_DATA_DIRS': '/usr/share/ubuntu:/usr/share/gnome:/usr/local/share/:/usr/share/:/var/lib/snapd/desktop', 'PYTHONPATH': '/home/vsadnik/ros2_ws/frob_robot/build/frob_perception/prefix_override:/usr/lib/python3/dist-packages/colcon_core/task/python/colcon_distutils_commands:/home/vsadnik/ros2_ws/frob_robot/install/frob_perception/lib/python3.12/site-packages:/home/vsadnik/ros2_ws/frob_robot/install/frob_interfaces/lib/python3.12/site-packages:/opt/ros/jazzy/lib/python3.12/site-packages', 'QTWEBENGINE_DICTIONARIES_PATH': '/usr/share/hunspell-bdic/', 'COLCON': '1', 'MEMORY_PRESSURE_WRITE': 'c29tZSAyMDAwMDAgMjAwMDAwMAA=', 'CMAKE_PREFIX_PATH': '/home/vsadnik/ros2_ws/frob_robot/install/frob_interfaces:/opt/ros/jazzy/opt/gz_sim_vendor:/opt/ros/jazzy/opt/gz_sensors_vendor:/opt/ros/jazzy/opt/gz_physics_vendor:/opt/ros/jazzy/opt/sdformat_vendor:/opt/ros/jazzy/opt/gz_gui_vendor:/opt/ros/jazzy/opt/gz_transport_vendor:/opt/ros/jazzy/opt/gz_rendering_vendor:/opt/ros/jazzy/opt/gz_plugin_vendor:/opt/ros/jazzy/opt/gz_fuel_tools_vendor:/opt/ros/jazzy/opt/gz_msgs_vendor:/opt/ros/jazzy/opt/gz_common_vendor:/opt/ros/jazzy/opt/gz_math_vendor:/opt/ros/jazzy/opt/gz_utils_vendor:/opt/ros/jazzy/opt/gz_tools_vendor:/opt/ros/jazzy/opt/gz_ogre_next_vendor:/opt/ros/jazzy/opt/gz_dartsim_vendor:/opt/ros/jazzy/opt/gz_cmake_vendor'}, 'shell': False}
[8.313207] (-) TimerEvent: {}
[8.349682] (frob_perception) StderrLine: {'line': b'/usr/lib/python3/dist-packages/setuptools/dist.py:744: SetuptoolsDeprecationWarning: Invalid dash-separated options\n'}
[8.349851] (frob_perception) StderrLine: {'line': b'!!\n'}
[8.349916] (frob_perception) StderrLine: {'line': b'\n'}
[8.349971] (frob_perception) StderrLine: {'line': b'        ********************************************************************************\n'}
[8.350022] (frob_perception) StderrLine: {'line': b"        Usage of dash-separated 'script-dir' will not be supported in future\n"}
[8.350085] (frob_perception) StderrLine: {'line': b"        versions. Please use the underscore name 'script_dir' instead.\n"}
[8.350138] (frob_perception) StderrLine: {'line': b'\n'}
[8.350187] (frob_perception) StderrLine: {'line': b'        This deprecation is overdue, please update your project and remove deprecated\n'}
[8.350238] (frob_perception) StderrLine: {'line': b'        calls to avoid build errors in the future.\n'}
[8.350288] (frob_perception) StderrLine: {'line': b'\n'}
[8.350336] (frob_perception) StderrLine: {'line': b'        See https://setuptools.pypa.io/en/latest/userguide/declarative_config.html for details.\n'}
[8.350385] (frob_perception) StderrLine: {'line': b'        ********************************************************************************\n'}
[8.350433] (frob_perception) StderrLine: {'line': b'\n'}
[8.350480] (frob_perception) StderrLine: {'line': b'!!\n'}
[8.350527] (frob_perception) StderrLine: {'line': b'  opt = self.warn_dash_deprecation(opt, section)\n'}
[8.413284] (-) TimerEvent: {}
[8.470040] (frob_perception) StdoutLine: {'line': b'running develop\n'}
[8.513362] (-) TimerEvent: {}
[8.590037] (frob_perception) StdoutLine: {'line': b'running egg_info\n'}
[8.590182] (frob_perception) StdoutLine: {'line': b'creating frob_perception.egg-info\n'}
[8.601668] (frob_perception) StdoutLine: {'line': b'writing frob_perception.egg-info/PKG-INFO\n'}
[8.601856] (frob_perception) StdoutLine: {'line': b'writing dependency_links to frob_perception.egg-info/dependency_links.txt\n'}
[8.602023] (frob_perception) StdoutLine: {'line': b'writing entry points to frob_perception.egg-info/entry_points.txt\n'}
[8.602104] (frob_perception) StdoutLine: {'line': b'writing requirements to frob_perception.egg-info/requires.txt\n'}
[8.602169] (frob_perception) StdoutLine: {'line': b'writing top-level names to frob_perception.egg-info/top_level.txt\n'}
[8.602229] (frob_perception) StdoutLine: {'line': b"writing manifest file 'frob_perception.egg-info/SOURCES.txt'\n"}
[8.613429] (-) TimerEvent: {}
[8.624965] (frob_perception) StdoutLine: {'line': b"reading manifest file 'frob_perception.egg-info/SOURCES.txt'\n"}
[8.625275] (frob_perception) StdoutLine: {'line': b"writing manifest file 'frob_perception.egg-info/SOURCES.txt'\n"}
[8.637766] (frob_perception) StdoutLine: {'line': b'running build_ext\n'}
[8.637913] (frob_perception) StdoutLine: {'line': b'Creating /home/vsadnik/ros2_ws/frob_robot/install/frob_perception/lib/python3.12/site-packages/frob-perception.egg-link (link to .)\n'}
[8.638110] (frob_perception) StdoutLine: {'line': b'Installing camera_node script to /home/vsadnik/ros2_ws/frob_robot/install/frob_perception/lib/frob_perception\n'}
[8.638221] (frob_perception) StdoutLine: {'line': b'Installing perception_node script to /home/vsadnik/ros2_ws/frob_robot/install/frob_perception/lib/frob_perception\n'}
[8.638327] (frob_perception) StdoutLine: {'line': b'\n'}
[8.638378] (frob_perception) StdoutLine: {'line': b'Installed /home/vsadnik/ros2_ws/frob_robot/build/frob_perception\n'}
[8.638459] (frob_perception) StdoutLine: {'line': b'running symlink_data\n'}
[8.638516] (frob_perception) StdoutLine: {'line': b'creating /home/vsadnik/ros2_ws/frob_robot/install/frob_perception/share/ament_index\n'}
[8.638565] (frob_perception) StdoutLine: {'line': b'creating /home/vsadnik/ros2_ws/frob_robot/install/frob_perception/share/ament_index/resource_index\n'}
[8.638606] (frob_perception) StdoutLine: {'line': b'creating /home/vsadnik/ros2_ws/frob_robot/install/frob_perception/share/ament_index/resource_index/packages\n'}
[8.638667] (frob_perception) StdoutLine: {'line': b'symbolically linking /home/vsadnik/ros2_ws/frob_robot/build/frob_perception/resource/frob_perception -> /home/vsadnik/ros2_ws/frob_robot/install/frob_perception/share/ament_index/resource_index/packages\n'}
[8.638752] (frob_perception) StdoutLine: {'line': b'symbolically linking /home/vsadnik/ros2_ws/frob_robot/build/frob_perception/package.xml -> /home/vsadnik/ros2_ws/frob_robot/install/frob_perception/share/frob_perception\n'}
[8.638789] (frob_perception) StdoutLine: {'line': b'creating /home/vsadnik/ros2_ws/frob_robot/install/frob_perception/share/frob_perception/config\n'}
[8.638823] (frob_perception) StdoutLine: {'line': b'symbolically linking /home/vsadnik/ros2_ws/frob_robot/build/frob_perception/config/perception_params.yaml -> /home/vsadnik/ros2_ws/frob_robot/install/frob_perception/share/frob_perception/config\n'}
[8.638857] (frob_perception) StdoutLine: {'line': b'creating /home/vsadnik/ros2_ws/frob_robot/install/frob_perception/share/frob_perception/launch\n'}
[8.638896] (frob_perception) StdoutLine: {'line': b'symbolically linking /home/vsadnik/ros2_ws/frob_robot/build/frob_perception/launch/perception.launch.py -> /home/vsadnik/ros2_ws/frob_robot/install/frob_perception/share/frob_perception/launch\n'}
[8.655881] (frob_perception) CommandEnded: {'returncode': 0}
[8.660328] (frob_perception) JobEnded: {'identifier': 'frob_perception', 'rc': 0}
[8.660624] (-) EventReactorShutdown: {}
