[0.061s] DEBUG:colcon:Command line arguments: ['/usr/bin/colcon', 'build', '--packages-select', 'frob_interfaces', 'frob_perception', '--symlink-install']
[0.061s] DEBUG:colcon:Parsed command line arguments: Namespace(log_base=None, log_level=None, verb_name='build', build_base='build', install_base='install', merge_install=False, symlink_install=True, test_result_base=None, continue_on_error=False, executor='parallel', parallel_workers=12, event_handlers=None, ignore_user_meta=False, metas=['./colcon.meta'], base_paths=['.'], packages_ignore=None, packages_ignore_regex=None, paths=None, packages_up_to=None, packages_up_to_regex=None, packages_above=None, packages_above_and_dependencies=None, packages_above_depth=None, packages_select_by_dep=None, packages_skip_by_dep=None, packages_skip_up_to=None, packages_select_build_failed=False, packages_skip_build_finished=False, packages_select_test_failures=False, packages_skip_test_passed=False, packages_select=['frob_interfaces', 'frob_perception'], packages_skip=None, packages_select_regex=None, packages_skip_regex=None, packages_start=None, packages_end=None, allow_overriding=[], cmake_args=None, cmake_target=None, cmake_target_skip_unavailable=False, cmake_clean_cache=False, cmake_clean_first=False, cmake_force_configure=False, ament_cmake_args=None, catkin_cmake_args=None, catkin_skip_building_tests=False, mixin_files=None, mixin=None, verb_parser=<colcon_mixin.mixin.mixin_argument.MixinArgumentDecorator object at 0x7e84bf5c8080>, verb_extension=<colcon_core.verb.build.BuildVerb object at 0x7e84bf59be90>, main=<bound method BuildVerb.main of <colcon_core.verb.build.BuildVerb object at 0x7e84bf59be90>>, mixin_verb=('build',))
[0.083s] Level 1:colcon.colcon_core.package_discovery:discover_packages(colcon_meta) check parameters
[0.083s] Level 1:colcon.colcon_core.package_discovery:discover_packages(recursive) check parameters
[0.083s] Level 1:colcon.colcon_core.package_discovery:discover_packages(ignore) check parameters
[0.083s] Level 1:colcon.colcon_core.package_discovery:discover_packages(path) check parameters
[0.083s] Level 1:colcon.colcon_core.package_discovery:discover_packages(colcon_meta) discover
[0.083s] Level 1:colcon.colcon_core.package_discovery:discover_packages(recursive) discover
[0.083s] INFO:colcon.colcon_core.package_discovery:Crawling recursively for packages in '/home/vsadnik/ros2_ws/frob_robot'
[0.083s] Level 1:colcon.colcon_core.package_identification:_identify(.) by extensions ['ignore', 'ignore_ament_install']
[0.083s] Level 1:colcon.colcon_core.package_identification:_identify(.) by extension 'ignore'
[0.083s] Level 1:colcon.colcon_core.package_identification:_identify(.) by extension 'ignore_ament_install'
[0.083s] Level 1:colcon.colcon_core.package_identification:_identify(.) by extensions ['colcon_pkg']
[0.083s] Level 1:colcon.colcon_core.package_identification:_identify(.) by extension 'colcon_pkg'
[0.083s] Level 1:colcon.colcon_core.package_identification:_identify(.) by extensions ['colcon_meta']
[0.083s] Level 1:colcon.colcon_core.package_identification:_identify(.) by extension 'colcon_meta'
[0.083s] Level 1:colcon.colcon_core.package_identification:_identify(.) by extensions ['ros']
[0.083s] Level 1:colcon.colcon_core.package_identification:_identify(.) by extension 'ros'
[0.097s] Level 1:colcon.colcon_core.package_identification:_identify(.) by extensions ['cmake', 'python']
[0.098s] Level 1:colcon.colcon_core.package_identification:_identify(.) by extension 'cmake'
[0.098s] Level 1:colcon.colcon_core.package_identification:_identify(.) by extension 'python'
[0.098s] Level 1:colcon.colcon_core.package_identification:_identify(.) by extensions ['python_setup_py']
[0.098s] Level 1:colcon.colcon_core.package_identification:_identify(.) by extension 'python_setup_py'
[0.098s] Level 1:colcon.colcon_core.package_identification:_identify(build) by extensions ['ignore', 'ignore_ament_install']
[0.098s] Level 1:colcon.colcon_core.package_identification:_identify(build) by extension 'ignore'
[0.098s] Level 1:colcon.colcon_core.package_identification:_identify(build) ignored
[0.098s] Level 1:colcon.colcon_core.package_identification:_identify(install) by extensions ['ignore', 'ignore_ament_install']
[0.098s] Level 1:colcon.colcon_core.package_identification:_identify(install) by extension 'ignore'
[0.098s] Level 1:colcon.colcon_core.package_identification:_identify(install) ignored
[0.098s] Level 1:colcon.colcon_core.package_identification:_identify(log) by extensions ['ignore', 'ignore_ament_install']
[0.098s] Level 1:colcon.colcon_core.package_identification:_identify(log) by extension 'ignore'
[0.098s] Level 1:colcon.colcon_core.package_identification:_identify(log) ignored
[0.098s] Level 1:colcon.colcon_core.package_identification:_identify(src) by extensions ['ignore', 'ignore_ament_install']
[0.098s] Level 1:colcon.colcon_core.package_identification:_identify(src) by extension 'ignore'
[0.098s] Level 1:colcon.colcon_core.package_identification:_identify(src) by extension 'ignore_ament_install'
[0.098s] Level 1:colcon.colcon_core.package_identification:_identify(src) by extensions ['colcon_pkg']
[0.098s] Level 1:colcon.colcon_core.package_identification:_identify(src) by extension 'colcon_pkg'
[0.098s] Level 1:colcon.colcon_core.package_identification:_identify(src) by extensions ['colcon_meta']
[0.098s] Level 1:colcon.colcon_core.package_identification:_identify(src) by extension 'colcon_meta'
[0.098s] Level 1:colcon.colcon_core.package_identification:_identify(src) by extensions ['ros']
[0.098s] Level 1:colcon.colcon_core.package_identification:_identify(src) by extension 'ros'
[0.098s] Level 1:colcon.colcon_core.package_identification:_identify(src) by extensions ['cmake', 'python']
[0.098s] Level 1:colcon.colcon_core.package_identification:_identify(src) by extension 'cmake'
[0.098s] Level 1:colcon.colcon_core.package_identification:_identify(src) by extension 'python'
[0.098s] Level 1:colcon.colcon_core.package_identification:_identify(src) by extensions ['python_setup_py']
[0.098s] Level 1:colcon.colcon_core.package_identification:_identify(src) by extension 'python_setup_py'
[0.098s] Level 1:colcon.colcon_core.package_identification:_identify(src/frob_bringup) by extensions ['ignore', 'ignore_ament_install']
[0.098s] Level 1:colcon.colcon_core.package_identification:_identify(src/frob_bringup) by extension 'ignore'
[0.098s] Level 1:colcon.colcon_core.package_identification:_identify(src/frob_bringup) by extension 'ignore_ament_install'
[0.098s] Level 1:colcon.colcon_core.package_identification:_identify(src/frob_bringup) by extensions ['colcon_pkg']
[0.098s] Level 1:colcon.colcon_core.package_identification:_identify(src/frob_bringup) by extension 'colcon_pkg'
[0.098s] Level 1:colcon.colcon_core.package_identification:_identify(src/frob_bringup) by extensions ['colcon_meta']
[0.098s] Level 1:colcon.colcon_core.package_identification:_identify(src/frob_bringup) by extension 'colcon_meta'
[0.098s] Level 1:colcon.colcon_core.package_identification:_identify(src/frob_bringup) by extensions ['ros']
[0.098s] Level 1:colcon.colcon_core.package_identification:_identify(src/frob_bringup) by extension 'ros'
[0.100s] DEBUG:colcon.colcon_core.package_identification:Package 'src/frob_bringup' with type 'ros.ament_python' and name 'frob_bringup'
[0.100s] Level 1:colcon.colcon_core.package_identification:_identify(src/frob_control) by extensions ['ignore', 'ignore_ament_install']
[0.100s] Level 1:colcon.colcon_core.package_identification:_identify(src/frob_control) by extension 'ignore'
[0.100s] Level 1:colcon.colcon_core.package_identification:_identify(src/frob_control) by extension 'ignore_ament_install'
[0.100s] Level 1:colcon.colcon_core.package_identification:_identify(src/frob_control) by extensions ['colcon_pkg']
[0.100s] Level 1:colcon.colcon_core.package_identification:_identify(src/frob_control) by extension 'colcon_pkg'
[0.100s] Level 1:colcon.colcon_core.package_identification:_identify(src/frob_control) by extensions ['colcon_meta']
[0.100s] Level 1:colcon.colcon_core.package_identification:_identify(src/frob_control) by extension 'colcon_meta'
[0.100s] Level 1:colcon.colcon_core.package_identification:_identify(src/frob_control) by extensions ['ros']
[0.100s] Level 1:colcon.colcon_core.package_identification:_identify(src/frob_control) by extension 'ros'
[0.101s] DEBUG:colcon.colcon_core.package_identification:Package 'src/frob_control' with type 'ros.ament_python' and name 'frob_control'
[0.101s] Level 1:colcon.colcon_core.package_identification:_identify(src/frob_description) by extensions ['ignore', 'ignore_ament_install']
[0.101s] Level 1:colcon.colcon_core.package_identification:_identify(src/frob_description) by extension 'ignore'
[0.101s] Level 1:colcon.colcon_core.package_identification:_identify(src/frob_description) by extension 'ignore_ament_install'
[0.101s] Level 1:colcon.colcon_core.package_identification:_identify(src/frob_description) by extensions ['colcon_pkg']
[0.101s] Level 1:colcon.colcon_core.package_identification:_identify(src/frob_description) by extension 'colcon_pkg'
[0.101s] Level 1:colcon.colcon_core.package_identification:_identify(src/frob_description) by extensions ['colcon_meta']
[0.101s] Level 1:colcon.colcon_core.package_identification:_identify(src/frob_description) by extension 'colcon_meta'
[0.101s] Level 1:colcon.colcon_core.package_identification:_identify(src/frob_description) by extensions ['ros']
[0.101s] Level 1:colcon.colcon_core.package_identification:_identify(src/frob_description) by extension 'ros'
[0.101s] DEBUG:colcon.colcon_core.package_identification:Package 'src/frob_description' with type 'ros.ament_python' and name 'frob_description'
[0.101s] Level 1:colcon.colcon_core.package_identification:_identify(src/frob_interfaces) by extensions ['ignore', 'ignore_ament_install']
[0.101s] Level 1:colcon.colcon_core.package_identification:_identify(src/frob_interfaces) by extension 'ignore'
[0.101s] Level 1:colcon.colcon_core.package_identification:_identify(src/frob_interfaces) by extension 'ignore_ament_install'
[0.101s] Level 1:colcon.colcon_core.package_identification:_identify(src/frob_interfaces) by extensions ['colcon_pkg']
[0.101s] Level 1:colcon.colcon_core.package_identification:_identify(src/frob_interfaces) by extension 'colcon_pkg'
[0.101s] Level 1:colcon.colcon_core.package_identification:_identify(src/frob_interfaces) by extensions ['colcon_meta']
[0.101s] Level 1:colcon.colcon_core.package_identification:_identify(src/frob_interfaces) by extension 'colcon_meta'
[0.101s] Level 1:colcon.colcon_core.package_identification:_identify(src/frob_interfaces) by extensions ['ros']
[0.101s] Level 1:colcon.colcon_core.package_identification:_identify(src/frob_interfaces) by extension 'ros'
[0.102s] DEBUG:colcon.colcon_core.package_identification:Package 'src/frob_interfaces' with type 'ros.ament_cmake' and name 'frob_interfaces'
[0.102s] Level 1:colcon.colcon_core.package_identification:_identify(src/frob_navigation) by extensions ['ignore', 'ignore_ament_install']
[0.102s] Level 1:colcon.colcon_core.package_identification:_identify(src/frob_navigation) by extension 'ignore'
[0.102s] Level 1:colcon.colcon_core.package_identification:_identify(src/frob_navigation) by extension 'ignore_ament_install'
[0.102s] Level 1:colcon.colcon_core.package_identification:_identify(src/frob_navigation) by extensions ['colcon_pkg']
[0.102s] Level 1:colcon.colcon_core.package_identification:_identify(src/frob_navigation) by extension 'colcon_pkg'
[0.102s] Level 1:colcon.colcon_core.package_identification:_identify(src/frob_navigation) by extensions ['colcon_meta']
[0.102s] Level 1:colcon.colcon_core.package_identification:_identify(src/frob_navigation) by extension 'colcon_meta'
[0.102s] Level 1:colcon.colcon_core.package_identification:_identify(src/frob_navigation) by extensions ['ros']
[0.102s] Level 1:colcon.colcon_core.package_identification:_identify(src/frob_navigation) by extension 'ros'
[0.102s] DEBUG:colcon.colcon_core.package_identification:Package 'src/frob_navigation' with type 'ros.ament_python' and name 'frob_navigation'
[0.102s] Level 1:colcon.colcon_core.package_identification:_identify(src/frob_odometry) by extensions ['ignore', 'ignore_ament_install']
[0.102s] Level 1:colcon.colcon_core.package_identification:_identify(src/frob_odometry) by extension 'ignore'
[0.102s] Level 1:colcon.colcon_core.package_identification:_identify(src/frob_odometry) by extension 'ignore_ament_install'
[0.102s] Level 1:colcon.colcon_core.package_identification:_identify(src/frob_odometry) by extensions ['colcon_pkg']
[0.102s] Level 1:colcon.colcon_core.package_identification:_identify(src/frob_odometry) by extension 'colcon_pkg'
[0.102s] Level 1:colcon.colcon_core.package_identification:_identify(src/frob_odometry) by extensions ['colcon_meta']
[0.102s] Level 1:colcon.colcon_core.package_identification:_identify(src/frob_odometry) by extension 'colcon_meta'
[0.102s] Level 1:colcon.colcon_core.package_identification:_identify(src/frob_odometry) by extensions ['ros']
[0.102s] Level 1:colcon.colcon_core.package_identification:_identify(src/frob_odometry) by extension 'ros'
[0.103s] DEBUG:colcon.colcon_core.package_identification:Package 'src/frob_odometry' with type 'ros.ament_python' and name 'frob_odometry'
[0.103s] Level 1:colcon.colcon_core.package_identification:_identify(src/frob_perception) by extensions ['ignore', 'ignore_ament_install']
[0.103s] Level 1:colcon.colcon_core.package_identification:_identify(src/frob_perception) by extension 'ignore'
[0.103s] Level 1:colcon.colcon_core.package_identification:_identify(src/frob_perception) by extension 'ignore_ament_install'
[0.103s] Level 1:colcon.colcon_core.package_identification:_identify(src/frob_perception) by extensions ['colcon_pkg']
[0.103s] Level 1:colcon.colcon_core.package_identification:_identify(src/frob_perception) by extension 'colcon_pkg'
[0.103s] Level 1:colcon.colcon_core.package_identification:_identify(src/frob_perception) by extensions ['colcon_meta']
[0.103s] Level 1:colcon.colcon_core.package_identification:_identify(src/frob_perception) by extension 'colcon_meta'
[0.103s] Level 1:colcon.colcon_core.package_identification:_identify(src/frob_perception) by extensions ['ros']
[0.103s] Level 1:colcon.colcon_core.package_identification:_identify(src/frob_perception) by extension 'ros'
[0.103s] DEBUG:colcon.colcon_core.package_identification:Package 'src/frob_perception' with type 'ros.ament_python' and name 'frob_perception'
[0.103s] Level 1:colcon.colcon_core.package_identification:_identify(src/keyboard_vel_control) by extensions ['ignore', 'ignore_ament_install']
[0.103s] Level 1:colcon.colcon_core.package_identification:_identify(src/keyboard_vel_control) by extension 'ignore'
[0.103s] Level 1:colcon.colcon_core.package_identification:_identify(src/keyboard_vel_control) by extension 'ignore_ament_install'
[0.103s] Level 1:colcon.colcon_core.package_identification:_identify(src/keyboard_vel_control) by extensions ['colcon_pkg']
[0.103s] Level 1:colcon.colcon_core.package_identification:_identify(src/keyboard_vel_control) by extension 'colcon_pkg'
[0.103s] Level 1:colcon.colcon_core.package_identification:_identify(src/keyboard_vel_control) by extensions ['colcon_meta']
[0.103s] Level 1:colcon.colcon_core.package_identification:_identify(src/keyboard_vel_control) by extension 'colcon_meta'
[0.103s] Level 1:colcon.colcon_core.package_identification:_identify(src/keyboard_vel_control) by extensions ['ros']
[0.103s] Level 1:colcon.colcon_core.package_identification:_identify(src/keyboard_vel_control) by extension 'ros'
[0.103s] DEBUG:colcon.colcon_core.package_identification:Package 'src/keyboard_vel_control' with type 'ros.ament_python' and name 'keyboard_vel_control'
[0.104s] Level 1:colcon.colcon_core.package_identification:_identify(src/lerobot-ros-moveit) by extensions ['ignore', 'ignore_ament_install']
[0.104s] Level 1:colcon.colcon_core.package_identification:_identify(src/lerobot-ros-moveit) by extension 'ignore'
[0.104s] Level 1:colcon.colcon_core.package_identification:_identify(src/lerobot-ros-moveit) by extension 'ignore_ament_install'
[0.104s] Level 1:colcon.colcon_core.package_identification:_identify(src/lerobot-ros-moveit) by extensions ['colcon_pkg']
[0.104s] Level 1:colcon.colcon_core.package_identification:_identify(src/lerobot-ros-moveit) by extension 'colcon_pkg'
[0.104s] Level 1:colcon.colcon_core.package_identification:_identify(src/lerobot-ros-moveit) by extensions ['colcon_meta']
[0.104s] Level 1:colcon.colcon_core.package_identification:_identify(src/lerobot-ros-moveit) by extension 'colcon_meta'
[0.104s] Level 1:colcon.colcon_core.package_identification:_identify(src/lerobot-ros-moveit) by extensions ['ros']
[0.104s] Level 1:colcon.colcon_core.package_identification:_identify(src/lerobot-ros-moveit) by extension 'ros'
[0.104s] Level 1:colcon.colcon_core.package_identification:_identify(src/lerobot-ros-moveit) by extensions ['cmake', 'python']
[0.104s] Level 1:colcon.colcon_core.package_identification:_identify(src/lerobot-ros-moveit) by extension 'cmake'
[0.104s] Level 1:colcon.colcon_core.package_identification:_identify(src/lerobot-ros-moveit) by extension 'python'
[0.104s] Level 1:colcon.colcon_core.package_identification:_identify(src/lerobot-ros-moveit) by extensions ['python_setup_py']
[0.104s] Level 1:colcon.colcon_core.package_identification:_identify(src/lerobot-ros-moveit) by extension 'python_setup_py'
[0.104s] Level 1:colcon.colcon_core.package_identification:_identify(src/lerobot-ros-moveit/lerobot_teleoperator_devices) by extensions ['ignore', 'ignore_ament_install']
[0.104s] Level 1:colcon.colcon_core.package_identification:_identify(src/lerobot-ros-moveit/lerobot_teleoperator_devices) by extension 'ignore'
[0.104s] Level 1:colcon.colcon_core.package_identification:_identify(src/lerobot-ros-moveit/lerobot_teleoperator_devices) by extension 'ignore_ament_install'
[0.104s] Level 1:colcon.colcon_core.package_identification:_identify(src/lerobot-ros-moveit/lerobot_teleoperator_devices) by extensions ['colcon_pkg']
[0.104s] Level 1:colcon.colcon_core.package_identification:_identify(src/lerobot-ros-moveit/lerobot_teleoperator_devices) by extension 'colcon_pkg'
[0.104s] Level 1:colcon.colcon_core.package_identification:_identify(src/lerobot-ros-moveit/lerobot_teleoperator_devices) by extensions ['colcon_meta']
[0.104s] Level 1:colcon.colcon_core.package_identification:_identify(src/lerobot-ros-moveit/lerobot_teleoperator_devices) by extension 'colcon_meta'
[0.104s] Level 1:colcon.colcon_core.package_identification:_identify(src/lerobot-ros-moveit/lerobot_teleoperator_devices) by extensions ['ros']
[0.104s] Level 1:colcon.colcon_core.package_identification:_identify(src/lerobot-ros-moveit/lerobot_teleoperator_devices) by extension 'ros'
[0.104s] Level 1:colcon.colcon_core.package_identification:_identify(src/lerobot-ros-moveit/lerobot_teleoperator_devices) by extensions ['cmake', 'python']
[0.104s] Level 1:colcon.colcon_core.package_identification:_identify(src/lerobot-ros-moveit/lerobot_teleoperator_devices) by extension 'cmake'
[0.104s] Level 1:colcon.colcon_core.package_identification:_identify(src/lerobot-ros-moveit/lerobot_teleoperator_devices) by extension 'python'
[0.104s] Level 1:colcon.colcon_core.package_identification:_identify(src/lerobot-ros-moveit/lerobot_teleoperator_devices) by extensions ['python_setup_py']
[0.104s] Level 1:colcon.colcon_core.package_identification:_identify(src/lerobot-ros-moveit/lerobot_teleoperator_devices) by extension 'python_setup_py'
[0.104s] Level 1:colcon.colcon_core.package_identification:_identify(src/lerobot-ros-moveit/lerobot_teleoperator_devices/lerobot_teleoperator_devices) by extensions ['ignore', 'ignore_ament_install']
[0.104s] Level 1:colcon.colcon_core.package_identification:_identify(src/lerobot-ros-moveit/lerobot_teleoperator_devices/lerobot_teleoperator_devices) by extension 'ignore'
[0.104s] Level 1:colcon.colcon_core.package_identification:_identify(src/lerobot-ros-moveit/lerobot_teleoperator_devices/lerobot_teleoperator_devices) by extension 'ignore_ament_install'
[0.104s] Level 1:colcon.colcon_core.package_identification:_identify(src/lerobot-ros-moveit/lerobot_teleoperator_devices/lerobot_teleoperator_devices) by extensions ['colcon_pkg']
[0.104s] Level 1:colcon.colcon_core.package_identification:_identify(src/lerobot-ros-moveit/lerobot_teleoperator_devices/lerobot_teleoperator_devices) by extension 'colcon_pkg'
[0.104s] Level 1:colcon.colcon_core.package_identification:_identify(src/lerobot-ros-moveit/lerobot_teleoperator_devices/lerobot_teleoperator_devices) by extensions ['colcon_meta']
[0.104s] Level 1:colcon.colcon_core.package_identification:_identify(src/lerobot-ros-moveit/lerobot_teleoperator_devices/lerobot_teleoperator_devices) by extension 'colcon_meta'
[0.104s] Level 1:colcon.colcon_core.package_identification:_identify(src/lerobot-ros-moveit/lerobot_teleoperator_devices/lerobot_teleoperator_devices) by extensions ['ros']
[0.104s] Level 1:colcon.colcon_core.package_identification:_identify(src/lerobot-ros-moveit/lerobot_teleoperator_devices/lerobot_teleoperator_devices) by extension 'ros'
[0.104s] Level 1:colcon.colcon_core.package_identification:_identify(src/lerobot-ros-moveit/lerobot_teleoperator_devices/lerobot_teleoperator_devices) by extensions ['cmake', 'python']
[0.104s] Level 1:colcon.colcon_core.package_identification:_identify(src/lerobot-ros-moveit/lerobot_teleoperator_devices/lerobot_teleoperator_devices) by extension 'cmake'
[0.104s] Level 1:colcon.colcon_core.package_identification:_identify(src/lerobot-ros-moveit/lerobot_teleoperator_devices/lerobot_teleoperator_devices) by extension 'python'
[0.104s] Level 1:colcon.colcon_core.package_identification:_identify(src/lerobot-ros-moveit/lerobot_teleoperator_devices/lerobot_teleoperator_devices) by extensions ['python_setup_py']
[0.104s] Level 1:colcon.colcon_core.package_identification:_identify(src/lerobot-ros-moveit/lerobot_teleoperator_devices/lerobot_teleoperator_devices) by extension 'python_setup_py'
[0.104s] Level 1:colcon.colcon_core.package_identification:_identify(src/lerobot-ros-moveit/so101_description) by extensions ['ignore', 'ignore_ament_install']
[0.104s] Level 1:colcon.colcon_core.package_identification:_identify(src/lerobot-ros-moveit/so101_description) by extension 'ignore'
[0.104s] Level 1:colcon.colcon_core.package_identification:_identify(src/lerobot-ros-moveit/so101_description) by extension 'ignore_ament_install'
[0.104s] Level 1:colcon.colcon_core.package_identification:_identify(src/lerobot-ros-moveit/so101_description) by extensions ['colcon_pkg']
[0.104s] Level 1:colcon.colcon_core.package_identification:_identify(src/lerobot-ros-moveit/so101_description) by extension 'colcon_pkg'
[0.104s] Level 1:colcon.colcon_core.package_identification:_identify(src/lerobot-ros-moveit/so101_description) by extensions ['colcon_meta']
[0.104s] Level 1:colcon.colcon_core.package_identification:_identify(src/lerobot-ros-moveit/so101_description) by extension 'colcon_meta'
[0.104s] Level 1:colcon.colcon_core.package_identification:_identify(src/lerobot-ros-moveit/so101_description) by extensions ['ros']
[0.104s] Level 1:colcon.colcon_core.package_identification:_identify(src/lerobot-ros-moveit/so101_description) by extension 'ros'
[0.105s] DEBUG:colcon.colcon_core.package_identification:Package 'src/lerobot-ros-moveit/so101_description' with type 'ros.ament_cmake' and name 'so101_description'
[0.105s] Level 1:colcon.colcon_core.package_identification:_identify(src/lerobot-ros-moveit/so101_hardware) by extensions ['ignore', 'ignore_ament_install']
[0.105s] Level 1:colcon.colcon_core.package_identification:_identify(src/lerobot-ros-moveit/so101_hardware) by extension 'ignore'
[0.105s] Level 1:colcon.colcon_core.package_identification:_identify(src/lerobot-ros-moveit/so101_hardware) by extension 'ignore_ament_install'
[0.105s] Level 1:colcon.colcon_core.package_identification:_identify(src/lerobot-ros-moveit/so101_hardware) by extensions ['colcon_pkg']
[0.105s] Level 1:colcon.colcon_core.package_identification:_identify(src/lerobot-ros-moveit/so101_hardware) by extension 'colcon_pkg'
[0.105s] Level 1:colcon.colcon_core.package_identification:_identify(src/lerobot-ros-moveit/so101_hardware) by extensions ['colcon_meta']
[0.105s] Level 1:colcon.colcon_core.package_identification:_identify(src/lerobot-ros-moveit/so101_hardware) by extension 'colcon_meta'
[0.105s] Level 1:colcon.colcon_core.package_identification:_identify(src/lerobot-ros-moveit/so101_hardware) by extensions ['ros']
[0.105s] Level 1:colcon.colcon_core.package_identification:_identify(src/lerobot-ros-moveit/so101_hardware) by extension 'ros'
[0.105s] DEBUG:colcon.colcon_core.package_identification:Package 'src/lerobot-ros-moveit/so101_hardware' with type 'ros.ament_cmake' and name 'so101_hardware'
[0.105s] Level 1:colcon.colcon_core.package_identification:_identify(src/lerobot-ros-moveit/so101_moveit) by extensions ['ignore', 'ignore_ament_install']
[0.105s] Level 1:colcon.colcon_core.package_identification:_identify(src/lerobot-ros-moveit/so101_moveit) by extension 'ignore'
[0.105s] Level 1:colcon.colcon_core.package_identification:_identify(src/lerobot-ros-moveit/so101_moveit) by extension 'ignore_ament_install'
[0.105s] Level 1:colcon.colcon_core.package_identification:_identify(src/lerobot-ros-moveit/so101_moveit) by extensions ['colcon_pkg']
[0.105s] Level 1:colcon.colcon_core.package_identification:_identify(src/lerobot-ros-moveit/so101_moveit) by extension 'colcon_pkg'
[0.105s] Level 1:colcon.colcon_core.package_identification:_identify(src/lerobot-ros-moveit/so101_moveit) by extensions ['colcon_meta']
[0.105s] Level 1:colcon.colcon_core.package_identification:_identify(src/lerobot-ros-moveit/so101_moveit) by extension 'colcon_meta'
[0.105s] Level 1:colcon.colcon_core.package_identification:_identify(src/lerobot-ros-moveit/so101_moveit) by extensions ['ros']
[0.105s] Level 1:colcon.colcon_core.package_identification:_identify(src/lerobot-ros-moveit/so101_moveit) by extension 'ros'
[0.106s] DEBUG:colcon.colcon_core.package_identification:Package 'src/lerobot-ros-moveit/so101_moveit' with type 'ros.ament_cmake' and name 'so101_moveit'
[0.106s] Level 1:colcon.colcon_core.package_identification:_identify(src/lidar_filter) by extensions ['ignore', 'ignore_ament_install']
[0.106s] Level 1:colcon.colcon_core.package_identification:_identify(src/lidar_filter) by extension 'ignore'
[0.106s] Level 1:colcon.colcon_core.package_identification:_identify(src/lidar_filter) by extension 'ignore_ament_install'
[0.106s] Level 1:colcon.colcon_core.package_identification:_identify(src/lidar_filter) by extensions ['colcon_pkg']
[0.106s] Level 1:colcon.colcon_core.package_identification:_identify(src/lidar_filter) by extension 'colcon_pkg'
[0.106s] Level 1:colcon.colcon_core.package_identification:_identify(src/lidar_filter) by extensions ['colcon_meta']
[0.106s] Level 1:colcon.colcon_core.package_identification:_identify(src/lidar_filter) by extension 'colcon_meta'
[0.106s] Level 1:colcon.colcon_core.package_identification:_identify(src/lidar_filter) by extensions ['ros']
[0.106s] Level 1:colcon.colcon_core.package_identification:_identify(src/lidar_filter) by extension 'ros'
[0.106s] DEBUG:colcon.colcon_core.package_identification:Package 'src/lidar_filter' with type 'ros.ament_python' and name 'lidar_filter'
[0.106s] Level 1:colcon.colcon_core.package_identification:_identify(src/rf2o_laser_odometry) by extensions ['ignore', 'ignore_ament_install']
[0.106s] Level 1:colcon.colcon_core.package_identification:_identify(src/rf2o_laser_odometry) by extension 'ignore'
[0.106s] Level 1:colcon.colcon_core.package_identification:_identify(src/rf2o_laser_odometry) by extension 'ignore_ament_install'
[0.106s] Level 1:colcon.colcon_core.package_identification:_identify(src/rf2o_laser_odometry) by extensions ['colcon_pkg']
[0.107s] Level 1:colcon.colcon_core.package_identification:_identify(src/rf2o_laser_odometry) by extension 'colcon_pkg'
[0.107s] Level 1:colcon.colcon_core.package_identification:_identify(src/rf2o_laser_odometry) by extensions ['colcon_meta']
[0.107s] Level 1:colcon.colcon_core.package_identification:_identify(src/rf2o_laser_odometry) by extension 'colcon_meta'
[0.107s] Level 1:colcon.colcon_core.package_identification:_identify(src/rf2o_laser_odometry) by extensions ['ros']
[0.107s] Level 1:colcon.colcon_core.package_identification:_identify(src/rf2o_laser_odometry) by extension 'ros'
[0.107s] DEBUG:colcon.colcon_core.package_identification:Package 'src/rf2o_laser_odometry' with type 'ros.ament_cmake' and name 'rf2o_laser_odometry'
[0.107s] Level 1:colcon.colcon_core.package_identification:_identify(src/ros2_arduino_bridge) by extensions ['ignore', 'ignore_ament_install']
[0.107s] Level 1:colcon.colcon_core.package_identification:_identify(src/ros2_arduino_bridge) by extension 'ignore'
[0.107s] Level 1:colcon.colcon_core.package_identification:_identify(src/ros2_arduino_bridge) by extension 'ignore_ament_install'
[0.107s] Level 1:colcon.colcon_core.package_identification:_identify(src/ros2_arduino_bridge) by extensions ['colcon_pkg']
[0.107s] Level 1:colcon.colcon_core.package_identification:_identify(src/ros2_arduino_bridge) by extension 'colcon_pkg'
[0.107s] Level 1:colcon.colcon_core.package_identification:_identify(src/ros2_arduino_bridge) by extensions ['colcon_meta']
[0.107s] Level 1:colcon.colcon_core.package_identification:_identify(src/ros2_arduino_bridge) by extension 'colcon_meta'
[0.107s] Level 1:colcon.colcon_core.package_identification:_identify(src/ros2_arduino_bridge) by extensions ['ros']
[0.107s] Level 1:colcon.colcon_core.package_identification:_identify(src/ros2_arduino_bridge) by extension 'ros'
[0.108s] DEBUG:colcon.colcon_core.package_identification:Package 'src/ros2_arduino_bridge' with type 'ros.ament_python' and name 'ros2_arduino_bridge'
[0.108s] Level 1:colcon.colcon_core.package_identification:_identify(src/ros2_mpu6050) by extensions ['ignore', 'ignore_ament_install']
[0.108s] Level 1:colcon.colcon_core.package_identification:_identify(src/ros2_mpu6050) by extension 'ignore'
[0.108s] Level 1:colcon.colcon_core.package_identification:_identify(src/ros2_mpu6050) by extension 'ignore_ament_install'
[0.108s] Level 1:colcon.colcon_core.package_identification:_identify(src/ros2_mpu6050) by extensions ['colcon_pkg']
[0.108s] Level 1:colcon.colcon_core.package_identification:_identify(src/ros2_mpu6050) by extension 'colcon_pkg'
[0.108s] Level 1:colcon.colcon_core.package_identification:_identify(src/ros2_mpu6050) by extensions ['colcon_meta']
[0.108s] Level 1:colcon.colcon_core.package_identification:_identify(src/ros2_mpu6050) by extension 'colcon_meta'
[0.108s] Level 1:colcon.colcon_core.package_identification:_identify(src/ros2_mpu6050) by extensions ['ros']
[0.108s] Level 1:colcon.colcon_core.package_identification:_identify(src/ros2_mpu6050) by extension 'ros'
[0.108s] DEBUG:colcon.colcon_core.package_identification:Package 'src/ros2_mpu6050' with type 'ros.ament_cmake' and name 'ros2_mpu6050'
[0.108s] Level 1:colcon.colcon_core.package_identification:_identify(src/sllidar_ros2) by extensions ['ignore', 'ignore_ament_install']
[0.108s] Level 1:colcon.colcon_core.package_identification:_identify(src/sllidar_ros2) by extension 'ignore'
[0.108s] Level 1:colcon.colcon_core.package_identification:_identify(src/sllidar_ros2) by extension 'ignore_ament_install'
[0.108s] Level 1:colcon.colcon_core.package_identification:_identify(src/sllidar_ros2) by extensions ['colcon_pkg']
[0.108s] Level 1:colcon.colcon_core.package_identification:_identify(src/sllidar_ros2) by extension 'colcon_pkg'
[0.108s] Level 1:colcon.colcon_core.package_identification:_identify(src/sllidar_ros2) by extensions ['colcon_meta']
[0.108s] Level 1:colcon.colcon_core.package_identification:_identify(src/sllidar_ros2) by extension 'colcon_meta'
[0.108s] Level 1:colcon.colcon_core.package_identification:_identify(src/sllidar_ros2) by extensions ['ros']
[0.108s] Level 1:colcon.colcon_core.package_identification:_identify(src/sllidar_ros2) by extension 'ros'
[0.109s] DEBUG:colcon.colcon_core.package_identification:Package 'src/sllidar_ros2' with type 'ros.ament_cmake' and name 'sllidar_ros2'
[0.109s] Level 1:colcon.colcon_core.package_discovery:discover_packages(recursive) using defaults
[0.109s] Level 1:colcon.colcon_core.package_discovery:discover_packages(ignore) discover
[0.109s] Level 1:colcon.colcon_core.package_discovery:discover_packages(ignore) using defaults
[0.109s] Level 1:colcon.colcon_core.package_discovery:discover_packages(path) discover
[0.109s] Level 1:colcon.colcon_core.package_discovery:discover_packages(path) using defaults
[0.120s] INFO:colcon.colcon_core.package_selection:Skipping not selected package 'frob_control' in 'src/frob_control'
[0.120s] INFO:colcon.colcon_core.package_selection:Skipping not selected package 'frob_description' in 'src/frob_description'
[0.120s] INFO:colcon.colcon_core.package_selection:Skipping not selected package 'frob_navigation' in 'src/frob_navigation'
[0.120s] INFO:colcon.colcon_core.package_selection:Skipping not selected package 'frob_odometry' in 'src/frob_odometry'
[0.120s] INFO:colcon.colcon_core.package_selection:Skipping not selected package 'keyboard_vel_control' in 'src/keyboard_vel_control'
[0.120s] INFO:colcon.colcon_core.package_selection:Skipping not selected package 'lidar_filter' in 'src/lidar_filter'
[0.120s] INFO:colcon.colcon_core.package_selection:Skipping not selected package 'rf2o_laser_odometry' in 'src/rf2o_laser_odometry'
[0.120s] INFO:colcon.colcon_core.package_selection:Skipping not selected package 'ros2_mpu6050' in 'src/ros2_mpu6050'
[0.120s] INFO:colcon.colcon_core.package_selection:Skipping not selected package 'sllidar_ros2' in 'src/sllidar_ros2'
[0.120s] INFO:colcon.colcon_core.package_selection:Skipping not selected package 'so101_description' in 'src/lerobot-ros-moveit/so101_description'
[0.120s] INFO:colcon.colcon_core.package_selection:Skipping not selected package 'so101_hardware' in 'src/lerobot-ros-moveit/so101_hardware'
[0.120s] INFO:colcon.colcon_core.package_selection:Skipping not selected package 'ros2_arduino_bridge' in 'src/ros2_arduino_bridge'
[0.120s] INFO:colcon.colcon_core.package_selection:Skipping not selected package 'so101_moveit' in 'src/lerobot-ros-moveit/so101_moveit'
[0.120s] INFO:colcon.colcon_core.package_selection:Skipping not selected package 'frob_bringup' in 'src/frob_bringup'
[0.120s] Level 1:colcon.colcon_core.package_discovery:discover_packages(prefix_path) check parameters
[0.120s] Level 1:colcon.colcon_core.package_discovery:discover_packages(prefix_path) discover
[0.122s] DEBUG:colcon.colcon_installed_package_information.package_discovery:Found 320 installed packages in /opt/ros/jazzy
[0.122s] Level 1:colcon.colcon_core.package_discovery:discover_packages(prefix_path) using defaults
[0.145s] Level 5:colcon.colcon_core.verb:set package 'frob_interfaces' build argument 'cmake_args' from command line to 'None'
[0.145s] Level 5:colcon.colcon_core.verb:set package 'frob_interfaces' build argument 'cmake_target' from command line to 'None'
[0.145s] Level 5:colcon.colcon_core.verb:set package 'frob_interfaces' build argument 'cmake_target_skip_unavailable' from command line to 'False'
[0.145s] Level 5:colcon.colcon_core.verb:set package 'frob_interfaces' build argument 'cmake_clean_cache' from command line to 'False'
[0.145s] Level 5:colcon.colcon_core.verb:set package 'frob_interfaces' build argument 'cmake_clean_first' from command line to 'False'
[0.145s] Level 5:colcon.colcon_core.verb:set package 'frob_interfaces' build argument 'cmake_force_configure' from command line to 'False'
[0.145s] Level 5:colcon.colcon_core.verb:set package 'frob_interfaces' build argument 'ament_cmake_args' from command line to 'None'
[0.145s] Level 5:colcon.colcon_core.verb:set package 'frob_interfaces' build argument 'catkin_cmake_args' from command line to 'None'
[0.145s] Level 5:colcon.colcon_core.verb:set package 'frob_interfaces' build argument 'catkin_skip_building_tests' from command line to 'False'
[0.145s] DEBUG:colcon.colcon_core.verb:Building package 'frob_interfaces' with the following arguments: {'ament_cmake_args': None, 'build_base': '/home/vsadnik/ros2_ws/frob_robot/build/frob_interfaces', 'catkin_cmake_args': None, 'catkin_skip_building_tests': False, 'cmake_args': None, 'cmake_clean_cache': False, 'cmake_clean_first': False, 'cmake_force_configure': False, 'cmake_target': None, 'cmake_target_skip_unavailable': False, 'install_base': '/home/vsadnik/ros2_ws/frob_robot/install/frob_interfaces', 'merge_install': False, 'path': '/home/vsadnik/ros2_ws/frob_robot/src/frob_interfaces', 'symlink_install': True, 'test_result_base': None}
[0.145s] Level 5:colcon.colcon_core.verb:set package 'frob_perception' build argument 'cmake_args' from command line to 'None'
[0.145s] Level 5:colcon.colcon_core.verb:set package 'frob_perception' build argument 'cmake_target' from command line to 'None'
[0.145s] Level 5:colcon.colcon_core.verb:set package 'frob_perception' build argument 'cmake_target_skip_unavailable' from command line to 'False'
[0.145s] Level 5:colcon.colcon_core.verb:set package 'frob_perception' build argument 'cmake_clean_cache' from command line to 'False'
[0.145s] Level 5:colcon.colcon_core.verb:set package 'frob_perception' build argument 'cmake_clean_first' from command line to 'False'
[0.145s] Level 5:colcon.colcon_core.verb:set package 'frob_perception' build argument 'cmake_force_configure' from command line to 'False'
[0.145s] Level 5:colcon.colcon_core.verb:set package 'frob_perception' build argument 'ament_cmake_args' from command line to 'None'
[0.145s] Level 5:colcon.colcon_core.verb:set package 'frob_perception' build argument 'catkin_cmake_args' from command line to 'None'
[0.145s] Level 5:colcon.colcon_core.verb:set package 'frob_perception' build argument 'catkin_skip_building_tests' from command line to 'False'
[0.145s] DEBUG:colcon.colcon_core.verb:Building package 'frob_perception' with the following arguments: {'ament_cmake_args': None, 'build_base': '/home/vsadnik/ros2_ws/frob_robot/build/frob_perception', 'catkin_cmake_args': None, 'catkin_skip_building_tests': False, 'cmake_args': None, 'cmake_clean_cache': False, 'cmake_clean_first': False, 'cmake_force_configure': False, 'cmake_target': None, 'cmake_target_skip_unavailable': False, 'install_base': '/home/vsadnik/ros2_ws/frob_robot/install/frob_perception', 'merge_install': False, 'path': '/home/vsadnik/ros2_ws/frob_robot/src/frob_perception', 'symlink_install': True, 'test_result_base': None}
[0.145s] INFO:colcon.colcon_core.executor:Executing jobs using 'parallel' executor
[0.146s] DEBUG:colcon.colcon_parallel_executor.executor.parallel:run_until_complete
[0.146s] INFO:colcon.colcon_ros.task.ament_cmake.build:Building ROS package in '/home/vsadnik/ros2_ws/frob_robot/src/frob_interfaces' with build type 'ament_cmake'
[0.146s] INFO:colcon.colcon_cmake.task.cmake.build:Building CMake package in '/home/vsadnik/ros2_ws/frob_robot/src/frob_interfaces'
[0.147s] INFO:colcon.colcon_core.plugin_system:Skipping extension 'colcon_core.shell.bat': Not used on non-Windows systems
[0.147s] INFO:colcon.colcon_core.shell:Skip shell extension 'powershell' for command environment: Not usable outside of PowerShell
[0.147s] DEBUG:colcon.colcon_core.shell:Skip shell extension 'dsv' for command environment
[0.152s] DEBUG:colcon.colcon_core.event_handler.log_command:Invoking command in '/home/vsadnik/ros2_ws/frob_robot/build/frob_interfaces': CMAKE_PREFIX_PATH=${CMAKE_PREFIX_PATH}:/opt/ros/jazzy DEBUGINFOD_URLS=https://debuginfod.ubuntu.com /usr/bin/cmake /home/vsadnik/ros2_ws/frob_robot/src/frob_interfaces -DAMENT_CMAKE_SYMLINK_INSTALL=1 -DCMAKE_INSTALL_PREFIX=/home/vsadnik/ros2_ws/frob_robot/install/frob_interfaces
[3.520s] DEBUG:colcon.colcon_core.event_handler.log_command:Invoked command in '/home/vsadnik/ros2_ws/frob_robot/build/frob_interfaces' returned '0': CMAKE_PREFIX_PATH=${CMAKE_PREFIX_PATH}:/opt/ros/jazzy DEBUGINFOD_URLS=https://debuginfod.ubuntu.com /usr/bin/cmake /home/vsadnik/ros2_ws/frob_robot/src/frob_interfaces -DAMENT_CMAKE_SYMLINK_INSTALL=1 -DCMAKE_INSTALL_PREFIX=/home/vsadnik/ros2_ws/frob_robot/install/frob_interfaces
[3.521s] DEBUG:colcon.colcon_core.event_handler.log_command:Invoking command in '/home/vsadnik/ros2_ws/frob_robot/build/frob_interfaces': CMAKE_PREFIX_PATH=${CMAKE_PREFIX_PATH}:/opt/ros/jazzy DEBUGINFOD_URLS=https://debuginfod.ubuntu.com /usr/bin/cmake --build /home/vsadnik/ros2_ws/frob_robot/build/frob_interfaces -- -j12 -l12
[6.444s] DEBUG:colcon.colcon_core.event_handler.log_command:Invoked command in '/home/vsadnik/ros2_ws/frob_robot/build/frob_interfaces' returned '0': CMAKE_PREFIX_PATH=${CMAKE_PREFIX_PATH}:/opt/ros/jazzy DEBUGINFOD_URLS=https://debuginfod.ubuntu.com /usr/bin/cmake --build /home/vsadnik/ros2_ws/frob_robot/build/frob_interfaces -- -j12 -l12
[6.452s] DEBUG:colcon.colcon_core.event_handler.log_command:Invoking command in '/home/vsadnik/ros2_ws/frob_robot/build/frob_interfaces': CMAKE_PREFIX_PATH=${CMAKE_PREFIX_PATH}:/opt/ros/jazzy DEBUGINFOD_URLS=https://debuginfod.ubuntu.com /usr/bin/cmake --install /home/vsadnik/ros2_ws/frob_robot/build/frob_interfaces
[7.593s] Level 1:colcon.colcon_core.environment:create_environment_scripts_only(frob_interfaces)
[7.593s] DEBUG:colcon.colcon_core.event_handler.log_command:Invoked command in '/home/vsadnik/ros2_ws/frob_robot/build/frob_interfaces' returned '0': CMAKE_PREFIX_PATH=${CMAKE_PREFIX_PATH}:/opt/ros/jazzy DEBUGINFOD_URLS=https://debuginfod.ubuntu.com /usr/bin/cmake --install /home/vsadnik/ros2_ws/frob_robot/build/frob_interfaces
[7.595s] Level 1:colcon.colcon_core.environment:checking '/home/vsadnik/ros2_ws/frob_robot/install/frob_interfaces' for CMake module files
[7.595s] Level 1:colcon.colcon_core.environment:checking '/home/vsadnik/ros2_ws/frob_robot/install/frob_interfaces' for CMake config files
[7.596s] Level 1:colcon.colcon_core.shell:create_environment_hook('frob_interfaces', 'cmake_prefix_path')
[7.596s] INFO:colcon.colcon_core.shell:Creating environment hook '/home/vsadnik/ros2_ws/frob_robot/install/frob_interfaces/share/frob_interfaces/hook/cmake_prefix_path.ps1'
[7.597s] INFO:colcon.colcon_core.shell:Creating environment descriptor '/home/vsadnik/ros2_ws/frob_robot/install/frob_interfaces/share/frob_interfaces/hook/cmake_prefix_path.dsv'
[7.597s] INFO:colcon.colcon_core.shell:Creating environment hook '/home/vsadnik/ros2_ws/frob_robot/install/frob_interfaces/share/frob_interfaces/hook/cmake_prefix_path.sh'
[7.597s] Level 1:colcon.colcon_core.environment:checking '/home/vsadnik/ros2_ws/frob_robot/install/frob_interfaces/lib'
[7.597s] Level 1:colcon.colcon_core.shell:create_environment_hook('frob_interfaces', 'ld_library_path_lib')
[7.597s] INFO:colcon.colcon_core.shell:Creating environment hook '/home/vsadnik/ros2_ws/frob_robot/install/frob_interfaces/share/frob_interfaces/hook/ld_library_path_lib.ps1'
[7.598s] INFO:colcon.colcon_core.shell:Creating environment descriptor '/home/vsadnik/ros2_ws/frob_robot/install/frob_interfaces/share/frob_interfaces/hook/ld_library_path_lib.dsv'
[7.598s] INFO:colcon.colcon_core.shell:Creating environment hook '/home/vsadnik/ros2_ws/frob_robot/install/frob_interfaces/share/frob_interfaces/hook/ld_library_path_lib.sh'
[7.598s] Level 1:colcon.colcon_core.environment:checking '/home/vsadnik/ros2_ws/frob_robot/install/frob_interfaces/bin'
[7.598s] Level 1:colcon.colcon_core.environment:checking '/home/vsadnik/ros2_ws/frob_robot/install/frob_interfaces/lib/pkgconfig/frob_interfaces.pc'
[7.598s] Level 1:colcon.colcon_core.environment:checking '/home/vsadnik/ros2_ws/frob_robot/install/frob_interfaces/lib/python3.12/site-packages'
[7.598s] Level 1:colcon.colcon_core.shell:create_environment_hook('frob_interfaces', 'pythonpath')
[7.598s] INFO:colcon.colcon_core.shell:Creating environment hook '/home/vsadnik/ros2_ws/frob_robot/install/frob_interfaces/share/frob_interfaces/hook/pythonpath.ps1'
[7.598s] INFO:colcon.colcon_core.shell:Creating environment descriptor '/home/vsadnik/ros2_ws/frob_robot/install/frob_interfaces/share/frob_interfaces/hook/pythonpath.dsv'
[7.599s] INFO:colcon.colcon_core.shell:Creating environment hook '/home/vsadnik/ros2_ws/frob_robot/install/frob_interfaces/share/frob_interfaces/hook/pythonpath.sh'
[7.599s] Level 1:colcon.colcon_core.environment:checking '/home/vsadnik/ros2_ws/frob_robot/install/frob_interfaces/bin'
[7.599s] INFO:colcon.colcon_core.shell:Creating package script '/home/vsadnik/ros2_ws/frob_robot/install/frob_interfaces/share/frob_interfaces/package.ps1'
[7.600s] INFO:colcon.colcon_core.shell:Creating package descriptor '/home/vsadnik/ros2_ws/frob_robot/install/frob_interfaces/share/frob_interfaces/package.dsv'
[7.600s] INFO:colcon.colcon_core.shell:Creating package script '/home/vsadnik/ros2_ws/frob_robot/install/frob_interfaces/share/frob_interfaces/package.sh'
[7.600s] INFO:colcon.colcon_core.shell:Creating package script '/home/vsadnik/ros2_ws/frob_robot/install/frob_interfaces/share/frob_interfaces/package.bash'
[7.600s] INFO:colcon.colcon_core.shell:Creating package script '/home/vsadnik/ros2_ws/frob_robot/install/frob_interfaces/share/frob_interfaces/package.zsh'
[7.601s] Level 1:colcon.colcon_core.environment:create_file_with_runtime_dependencies(/home/vsadnik/ros2_ws/frob_robot/install/frob_interfaces/share/colcon-core/packages/frob_interfaces)
[7.601s] Level 1:colcon.colcon_core.environment:create_environment_scripts_only(frob_interfaces)
[7.601s] Level 1:colcon.colcon_core.environment:checking '/home/vsadnik/ros2_ws/frob_robot/install/frob_interfaces' for CMake module files
[7.601s] Level 1:colcon.colcon_core.environment:checking '/home/vsadnik/ros2_ws/frob_robot/install/frob_interfaces' for CMake config files
[7.602s] Level 1:colcon.colcon_core.shell:create_environment_hook('frob_interfaces', 'cmake_prefix_path')
[7.602s] INFO:colcon.colcon_core.shell:Creating environment hook '/home/vsadnik/ros2_ws/frob_robot/install/frob_interfaces/share/frob_interfaces/hook/cmake_prefix_path.ps1'
[7.603s] INFO:colcon.colcon_core.shell:Creating environment descriptor '/home/vsadnik/ros2_ws/frob_robot/install/frob_interfaces/share/frob_interfaces/hook/cmake_prefix_path.dsv'
[7.603s] INFO:colcon.colcon_core.shell:Creating environment hook '/home/vsadnik/ros2_ws/frob_robot/install/frob_interfaces/share/frob_interfaces/hook/cmake_prefix_path.sh'
[7.603s] Level 1:colcon.colcon_core.environment:checking '/home/vsadnik/ros2_ws/frob_robot/install/frob_interfaces/lib'
[7.603s] Level 1:colcon.colcon_core.shell:create_environment_hook('frob_interfaces', 'ld_library_path_lib')
[7.603s] INFO:colcon.colcon_core.shell:Creating environment hook '/home/vsadnik/ros2_ws/frob_robot/install/frob_interfaces/share/frob_interfaces/hook/ld_library_path_lib.ps1'
[7.603s] INFO:colcon.colcon_core.shell:Creating environment descriptor '/home/vsadnik/ros2_ws/frob_robot/install/frob_interfaces/share/frob_interfaces/hook/ld_library_path_lib.dsv'
[7.603s] INFO:colcon.colcon_core.shell:Creating environment hook '/home/vsadnik/ros2_ws/frob_robot/install/frob_interfaces/share/frob_interfaces/hook/ld_library_path_lib.sh'
[7.604s] Level 1:colcon.colcon_core.environment:checking '/home/vsadnik/ros2_ws/frob_robot/install/frob_interfaces/bin'
[7.604s] Level 1:colcon.colcon_core.environment:checking '/home/vsadnik/ros2_ws/frob_robot/install/frob_interfaces/lib/pkgconfig/frob_interfaces.pc'
[7.604s] Level 1:colcon.colcon_core.environment:checking '/home/vsadnik/ros2_ws/frob_robot/install/frob_interfaces/lib/python3.12/site-packages'
[7.604s] Level 1:colcon.colcon_core.shell:create_environment_hook('frob_interfaces', 'pythonpath')
[7.604s] INFO:colcon.colcon_core.shell:Creating environment hook '/home/vsadnik/ros2_ws/frob_robot/install/frob_interfaces/share/frob_interfaces/hook/pythonpath.ps1'
[7.604s] INFO:colcon.colcon_core.shell:Creating environment descriptor '/home/vsadnik/ros2_ws/frob_robot/install/frob_interfaces/share/frob_interfaces/hook/pythonpath.dsv'
[7.604s] INFO:colcon.colcon_core.shell:Creating environment hook '/home/vsadnik/ros2_ws/frob_robot/install/frob_interfaces/share/frob_interfaces/hook/pythonpath.sh'
[7.604s] Level 1:colcon.colcon_core.environment:checking '/home/vsadnik/ros2_ws/frob_robot/install/frob_interfaces/bin'
[7.605s] INFO:colcon.colcon_core.shell:Creating package script '/home/vsadnik/ros2_ws/frob_robot/install/frob_interfaces/share/frob_interfaces/package.ps1'
[7.605s] INFO:colcon.colcon_core.shell:Creating package descriptor '/home/vsadnik/ros2_ws/frob_robot/install/frob_interfaces/share/frob_interfaces/package.dsv'
[7.605s] INFO:colcon.colcon_core.shell:Creating package script '/home/vsadnik/ros2_ws/frob_robot/install/frob_interfaces/share/frob_interfaces/package.sh'
[7.605s] INFO:colcon.colcon_core.shell:Creating package script '/home/vsadnik/ros2_ws/frob_robot/install/frob_interfaces/share/frob_interfaces/package.bash'
[7.606s] INFO:colcon.colcon_core.shell:Creating package script '/home/vsadnik/ros2_ws/frob_robot/install/frob_interfaces/share/frob_interfaces/package.zsh'
[7.606s] Level 1:colcon.colcon_core.environment:create_file_with_runtime_dependencies(/home/vsadnik/ros2_ws/frob_robot/install/frob_interfaces/share/colcon-core/packages/frob_interfaces)
[7.606s] INFO:colcon.colcon_ros.task.ament_python.build:Building ROS package in '/home/vsadnik/ros2_ws/frob_robot/src/frob_perception' with build type 'ament_python'
[7.606s] Level 1:colcon.colcon_core.shell:create_environment_hook('frob_perception', 'ament_prefix_path')
[7.606s] INFO:colcon.colcon_core.shell:Creating environment hook '/home/vsadnik/ros2_ws/frob_robot/install/frob_perception/share/frob_perception/hook/ament_prefix_path.ps1'
[7.607s] INFO:colcon.colcon_core.shell:Creating environment descriptor '/home/vsadnik/ros2_ws/frob_robot/install/frob_perception/share/frob_perception/hook/ament_prefix_path.dsv'
[7.607s] INFO:colcon.colcon_core.shell:Creating environment hook '/home/vsadnik/ros2_ws/frob_robot/install/frob_perception/share/frob_perception/hook/ament_prefix_path.sh'
[7.607s] INFO:colcon.colcon_core.shell:Skip shell extension 'powershell' for command environment: Not usable outside of PowerShell
[7.607s] DEBUG:colcon.colcon_core.shell:Skip shell extension 'dsv' for command environment
[7.738s] INFO:colcon.colcon_core.task.python.build:Building Python package in '/home/vsadnik/ros2_ws/frob_robot/src/frob_perception'
[7.739s] INFO:colcon.colcon_core.shell:Skip shell extension 'powershell' for command environment: Not usable outside of PowerShell
[7.739s] DEBUG:colcon.colcon_core.shell:Skip shell extension 'dsv' for command environment
[8.426s] DEBUG:colcon.colcon_core.event_handler.log_command:Invoking command in '/home/vsadnik/ros2_ws/frob_robot/build/frob_perception': AMENT_PREFIX_PATH=/home/vsadnik/ros2_ws/frob_robot/install/frob_interfaces:${AMENT_PREFIX_PATH} CMAKE_PREFIX_PATH=/home/vsadnik/ros2_ws/frob_robot/install/frob_interfaces:${CMAKE_PREFIX_PATH} DEBUGINFOD_URLS=https://debuginfod.ubuntu.com LD_LIBRARY_PATH=/home/vsadnik/ros2_ws/frob_robot/install/frob_interfaces/lib:${LD_LIBRARY_PATH} PYTHONPATH=/home/vsadnik/ros2_ws/frob_robot/build/frob_perception/prefix_override:/usr/lib/python3/dist-packages/colcon_core/task/python/colcon_distutils_commands:/home/vsadnik/ros2_ws/frob_robot/install/frob_perception/lib/python3.12/site-packages:/home/vsadnik/ros2_ws/frob_robot/install/frob_interfaces/lib/python3.12/site-packages:${PYTHONPATH} /usr/bin/python3 -W ignore:setup.py install is deprecated -W ignore:easy_install command is deprecated setup.py develop --editable --build-directory /home/vsadnik/ros2_ws/frob_robot/build/frob_perception/build --no-deps symlink_data
[8.802s] Level 1:colcon.colcon_core.shell:create_environment_hook('frob_perception', 'pythonpath_develop')
[8.802s] INFO:colcon.colcon_core.shell:Creating environment hook '/home/vsadnik/ros2_ws/frob_robot/build/frob_perception/share/frob_perception/hook/pythonpath_develop.ps1'
[8.802s] DEBUG:colcon.colcon_core.event_handler.log_command:Invoked command in '/home/vsadnik/ros2_ws/frob_robot/build/frob_perception' returned '0': AMENT_PREFIX_PATH=/home/vsadnik/ros2_ws/frob_robot/install/frob_interfaces:${AMENT_PREFIX_PATH} CMAKE_PREFIX_PATH=/home/vsadnik/ros2_ws/frob_robot/install/frob_interfaces:${CMAKE_PREFIX_PATH} DEBUGINFOD_URLS=https://debuginfod.ubuntu.com LD_LIBRARY_PATH=/home/vsadnik/ros2_ws/frob_robot/install/frob_interfaces/lib:${LD_LIBRARY_PATH} PYTHONPATH=/home/vsadnik/ros2_ws/frob_robot/build/frob_perception/prefix_override:/usr/lib/python3/dist-packages/colcon_core/task/python/colcon_distutils_commands:/home/vsadnik/ros2_ws/frob_robot/install/frob_perception/lib/python3.12/site-packages:/home/vsadnik/ros2_ws/frob_robot/install/frob_interfaces/lib/python3.12/site-packages:${PYTHONPATH} /usr/bin/python3 -W ignore:setup.py install is deprecated -W ignore:easy_install command is deprecated setup.py develop --editable --build-directory /home/vsadnik/ros2_ws/frob_robot/build/frob_perception/build --no-deps symlink_data
[8.803s] INFO:colcon.colcon_core.shell:Creating environment descriptor '/home/vsadnik/ros2_ws/frob_robot/build/frob_perception/share/frob_perception/hook/pythonpath_develop.dsv'
[8.803s] INFO:colcon.colcon_core.shell:Creating environment hook '/home/vsadnik/ros2_ws/frob_robot/build/frob_perception/share/frob_perception/hook/pythonpath_develop.sh'
[8.803s] Level 1:colcon.colcon_core.environment:checking '/home/vsadnik/ros2_ws/frob_robot/install/frob_perception' for CMake module files
[8.803s] Level 1:colcon.colcon_core.environment:checking '/home/vsadnik/ros2_ws/frob_robot/install/frob_perception' for CMake config files
[8.804s] Level 1:colcon.colcon_core.environment:checking '/home/vsadnik/ros2_ws/frob_robot/install/frob_perception/lib'
[8.804s] Level 1:colcon.colcon_core.environment:checking '/home/vsadnik/ros2_ws/frob_robot/install/frob_perception/bin'
[8.804s] Level 1:colcon.colcon_core.environment:checking '/home/vsadnik/ros2_ws/frob_robot/install/frob_perception/lib/pkgconfig/frob_perception.pc'
[8.804s] Level 1:colcon.colcon_core.environment:checking '/home/vsadnik/ros2_ws/frob_robot/install/frob_perception/lib/python3.12/site-packages'
[8.804s] Level 1:colcon.colcon_core.shell:create_environment_hook('frob_perception', 'pythonpath')
[8.804s] INFO:colcon.colcon_core.shell:Creating environment hook '/home/vsadnik/ros2_ws/frob_robot/install/frob_perception/share/frob_perception/hook/pythonpath.ps1'
[8.804s] INFO:colcon.colcon_core.shell:Creating environment descriptor '/home/vsadnik/ros2_ws/frob_robot/install/frob_perception/share/frob_perception/hook/pythonpath.dsv'
[8.805s] INFO:colcon.colcon_core.shell:Creating environment hook '/home/vsadnik/ros2_ws/frob_robot/install/frob_perception/share/frob_perception/hook/pythonpath.sh'
[8.805s] Level 1:colcon.colcon_core.environment:checking '/home/vsadnik/ros2_ws/frob_robot/install/frob_perception/bin'
[8.805s] Level 1:colcon.colcon_core.environment:create_environment_scripts_only(frob_perception)
[8.805s] INFO:colcon.colcon_core.shell:Creating package script '/home/vsadnik/ros2_ws/frob_robot/install/frob_perception/share/frob_perception/package.ps1'
[8.805s] INFO:colcon.colcon_core.shell:Creating package descriptor '/home/vsadnik/ros2_ws/frob_robot/install/frob_perception/share/frob_perception/package.dsv'
[8.806s] INFO:colcon.colcon_core.shell:Creating package script '/home/vsadnik/ros2_ws/frob_robot/install/frob_perception/share/frob_perception/package.sh'
[8.806s] INFO:colcon.colcon_core.shell:Creating package script '/home/vsadnik/ros2_ws/frob_robot/install/frob_perception/share/frob_perception/package.bash'
[8.806s] INFO:colcon.colcon_core.shell:Creating package script '/home/vsadnik/ros2_ws/frob_robot/install/frob_perception/share/frob_perception/package.zsh'
[8.806s] Level 1:colcon.colcon_core.environment:create_file_with_runtime_dependencies(/home/vsadnik/ros2_ws/frob_robot/install/frob_perception/share/colcon-core/packages/frob_perception)
[8.806s] DEBUG:colcon.colcon_parallel_executor.executor.parallel:closing loop
[8.806s] DEBUG:colcon.colcon_parallel_executor.executor.parallel:loop closed
[8.806s] DEBUG:colcon.colcon_parallel_executor.executor.parallel:run_until_complete finished with '0'
[8.806s] DEBUG:colcon.colcon_core.event_reactor:joining thread
[8.810s] INFO:colcon.colcon_core.plugin_system:Skipping extension 'colcon_notification.desktop_notification.terminal_notifier': Not used on non-Darwin systems
[8.810s] INFO:colcon.colcon_core.plugin_system:Skipping extension 'colcon_notification.desktop_notification.win32': Not used on non-Windows systems
[8.810s] INFO:colcon.colcon_notification.desktop_notification:Sending desktop notification using 'notify2'
[8.816s] DEBUG:colcon.colcon_core.event_reactor:joined thread
[8.816s] INFO:colcon.colcon_core.shell:Creating prefix script '/home/vsadnik/ros2_ws/frob_robot/install/local_setup.ps1'
[8.817s] INFO:colcon.colcon_core.shell:Creating prefix util module '/home/vsadnik/ros2_ws/frob_robot/install/_local_setup_util_ps1.py'
[8.818s] INFO:colcon.colcon_core.shell:Creating prefix chain script '/home/vsadnik/ros2_ws/frob_robot/install/setup.ps1'
[8.818s] INFO:colcon.colcon_core.shell:Creating prefix script '/home/vsadnik/ros2_ws/frob_robot/install/local_setup.sh'
[8.819s] INFO:colcon.colcon_core.shell:Creating prefix util module '/home/vsadnik/ros2_ws/frob_robot/install/_local_setup_util_sh.py'
[8.819s] INFO:colcon.colcon_core.shell:Creating prefix chain script '/home/vsadnik/ros2_ws/frob_robot/install/setup.sh'
[8.819s] INFO:colcon.colcon_core.shell:Creating prefix script '/home/vsadnik/ros2_ws/frob_robot/install/local_setup.bash'
[8.819s] INFO:colcon.colcon_core.shell:Creating prefix chain script '/home/vsadnik/ros2_ws/frob_robot/install/setup.bash'
[8.820s] INFO:colcon.colcon_core.shell:Creating prefix script '/home/vsadnik/ros2_ws/frob_robot/install/local_setup.zsh'
[8.820s] INFO:colcon.colcon_core.shell:Creating prefix chain script '/home/vsadnik/ros2_ws/frob_robot/install/setup.zsh'
