running develop
running egg_info
creating frob_mission.egg-info
writing frob_mission.egg-info/PKG-INFO
writing dependency_links to frob_mission.egg-info/dependency_links.txt
writing entry points to frob_mission.egg-info/entry_points.txt
writing requirements to frob_mission.egg-info/requires.txt
writing top-level names to frob_mission.egg-info/top_level.txt
writing manifest file 'frob_mission.egg-info/SOURCES.txt'
reading manifest file 'frob_mission.egg-info/SOURCES.txt'
writing manifest file 'frob_mission.egg-info/SOURCES.txt'
running build_ext
Creating /home/vsadnik/ros2_ws/frob_robot/install/frob_mission/lib/python3.12/site-packages/frob-mission.egg-link (link to .)
Installing graph_navigator script to /home/vsadnik/ros2_ws/frob_robot/install/frob_mission/lib/frob_mission
Installing motion_executor script to /home/vsadnik/ros2_ws/frob_robot/install/frob_mission/lib/frob_mission

Installed /home/vsadnik/ros2_ws/frob_robot/build/frob_mission
running symlink_data
creating /home/vsadnik/ros2_ws/frob_robot/install/frob_mission/share/ament_index
creating /home/vsadnik/ros2_ws/frob_robot/install/frob_mission/share/ament_index/resource_index
creating /home/vsadnik/ros2_ws/frob_robot/install/frob_mission/share/ament_index/resource_index/packages
symbolically linking /home/vsadnik/ros2_ws/frob_robot/build/frob_mission/resource/frob_mission -> /home/vsadnik/ros2_ws/frob_robot/install/frob_mission/share/ament_index/resource_index/packages
symbolically linking /home/vsadnik/ros2_ws/frob_robot/build/frob_mission/package.xml -> /home/vsadnik/ros2_ws/frob_robot/install/frob_mission/share/frob_mission
creating /home/vsadnik/ros2_ws/frob_robot/install/frob_mission/share/frob_mission/config
symbolically linking /home/vsadnik/ros2_ws/frob_robot/build/frob_mission/config/graph.yaml -> /home/vsadnik/ros2_ws/frob_robot/install/frob_mission/share/frob_mission/config
symbolically linking /home/vsadnik/ros2_ws/frob_robot/build/frob_mission/config/mission_params.yaml -> /home/vsadnik/ros2_ws/frob_robot/install/frob_mission/share/frob_mission/config
creating /home/vsadnik/ros2_ws/frob_robot/install/frob_mission/share/frob_mission/launch
symbolically linking /home/vsadnik/ros2_ws/frob_robot/build/frob_mission/launch/mission.launch.py -> /home/vsadnik/ros2_ws/frob_robot/install/frob_mission/share/frob_mission/launch
