[2.725s] Invoking command in '/home/pi/Frob_robot/ros2/src/ros2_ws/src/ros2_arduino_bridge': AMENT_PREFIX_PATH=/home/pi/Frob_robot/ros2/src/ros2_ws/install/frob_interfaces:${AMENT_PREFIX_PATH} CMAKE_PREFIX_PATH=/home/pi/Frob_robot/ros2/src/ros2_ws/install/frob_interfaces:${CMAKE_PREFIX_PATH} LD_LIBRARY_PATH=/home/pi/Frob_robot/ros2/src/ros2_ws/install/frob_interfaces/lib:${LD_LIBRARY_PATH} PYTHONPATH=/home/pi/Frob_robot/ros2/src/ros2_ws/build/ros2_arduino_bridge/prefix_override:/usr/lib/python3/dist-packages/colcon_core/task/python/colcon_distutils_commands:/home/pi/Frob_robot/ros2/src/ros2_ws/install/ros2_arduino_bridge/lib/python3.12/site-packages:/home/pi/Frob_robot/ros2/src/ros2_ws/install/frob_interfaces/lib/python3.12/site-packages:${PYTHONPATH} /usr/bin/python3 -W ignore:setup.py install is deprecated -W ignore:easy_install command is deprecated setup.py egg_info --egg-base ../../build/ros2_arduino_bridge build --build-base /home/pi/Frob_robot/ros2/src/ros2_ws/build/ros2_arduino_bridge/build install --record /home/pi/Frob_robot/ros2/src/ros2_ws/build/ros2_arduino_bridge/install.log --single-version-externally-managed install_data
[3.525s] running egg_info
[3.579s] writing ../../build/ros2_arduino_bridge/ros2_arduino_bridge.egg-info/PKG-INFO
[3.586s] writing dependency_links to ../../build/ros2_arduino_bridge/ros2_arduino_bridge.egg-info/dependency_links.txt
[3.591s] writing entry points to ../../build/ros2_arduino_bridge/ros2_arduino_bridge.egg-info/entry_points.txt
[3.591s] writing requirements to ../../build/ros2_arduino_bridge/ros2_arduino_bridge.egg-info/requires.txt
[3.592s] writing top-level names to ../../build/ros2_arduino_bridge/ros2_arduino_bridge.egg-info/top_level.txt
[3.783s] reading manifest file '../../build/ros2_arduino_bridge/ros2_arduino_bridge.egg-info/SOURCES.txt'
[3.788s] writing manifest file '../../build/ros2_arduino_bridge/ros2_arduino_bridge.egg-info/SOURCES.txt'
[3.791s] running build
[3.791s] running build_py
[3.793s] copying ros2_arduino_bridge/connection.py -> /home/pi/Frob_robot/ros2/src/ros2_ws/build/ros2_arduino_bridge/build/lib/ros2_arduino_bridge
[3.794s] copying ros2_arduino_bridge/arduino_bridge.py -> /home/pi/Frob_robot/ros2/src/ros2_ws/build/ros2_arduino_bridge/build/lib/ros2_arduino_bridge
[3.795s] copying ros2_arduino_bridge/__init__.py -> /home/pi/Frob_robot/ros2/src/ros2_ws/build/ros2_arduino_bridge/build/lib/ros2_arduino_bridge
[3.798s] running install
[3.816s] running install_lib
[3.931s] running install_data
[3.936s] copying resource/ros2_arduino_bridge -> /home/pi/Frob_robot/ros2/src/ros2_ws/install/ros2_arduino_bridge/share/ament_index/resource_index/packages
[3.936s] copying package.xml -> /home/pi/Frob_robot/ros2/src/ros2_ws/install/ros2_arduino_bridge/share/ros2_arduino_bridge
[3.938s] running install_egg_info
[4.024s] removing '/home/pi/Frob_robot/ros2/src/ros2_ws/install/ros2_arduino_bridge/lib/python3.12/site-packages/ros2_arduino_bridge-0.0.0-py3.12.egg-info' (and everything under it)
[4.025s] Copying ../../build/ros2_arduino_bridge/ros2_arduino_bridge.egg-info to /home/pi/Frob_robot/ros2/src/ros2_ws/install/ros2_arduino_bridge/lib/python3.12/site-packages/ros2_arduino_bridge-0.0.0-py3.12.egg-info
[4.028s] running install_scripts
[4.120s] Installing arduino_bridge script to /home/pi/Frob_robot/ros2/src/ros2_ws/install/ros2_arduino_bridge/lib/ros2_arduino_bridge
[4.122s] writing list of installed files to '/home/pi/Frob_robot/ros2/src/ros2_ws/build/ros2_arduino_bridge/install.log'
[4.295s] Invoked command in '/home/pi/Frob_robot/ros2/src/ros2_ws/src/ros2_arduino_bridge' returned '0': AMENT_PREFIX_PATH=/home/pi/Frob_robot/ros2/src/ros2_ws/install/frob_interfaces:${AMENT_PREFIX_PATH} CMAKE_PREFIX_PATH=/home/pi/Frob_robot/ros2/src/ros2_ws/install/frob_interfaces:${CMAKE_PREFIX_PATH} LD_LIBRARY_PATH=/home/pi/Frob_robot/ros2/src/ros2_ws/install/frob_interfaces/lib:${LD_LIBRARY_PATH} PYTHONPATH=/home/pi/Frob_robot/ros2/src/ros2_ws/build/ros2_arduino_bridge/prefix_override:/usr/lib/python3/dist-packages/colcon_core/task/python/colcon_distutils_commands:/home/pi/Frob_robot/ros2/src/ros2_ws/install/ros2_arduino_bridge/lib/python3.12/site-packages:/home/pi/Frob_robot/ros2/src/ros2_ws/install/frob_interfaces/lib/python3.12/site-packages:${PYTHONPATH} /usr/bin/python3 -W ignore:setup.py install is deprecated -W ignore:easy_install command is deprecated setup.py egg_info --egg-base ../../build/ros2_arduino_bridge build --build-base /home/pi/Frob_robot/ros2/src/ros2_ws/build/ros2_arduino_bridge/build install --record /home/pi/Frob_robot/ros2/src/ros2_ws/build/ros2_arduino_bridge/install.log --single-version-externally-managed install_data
