[0.023s] Invoking command in '/home/pi/Frob_robot/ros2/src/ros2_ws/build/so101_description': CMAKE_PREFIX_PATH=${CMAKE_PREFIX_PATH}:/opt/ros/jazzy /home/pi/.local/bin/cmake /home/pi/Frob_robot/ros2/src/ros2_ws/src/lerobot-ros-moveit/so101_description -DCMAKE_INSTALL_PREFIX=/home/pi/Frob_robot/ros2/src/ros2_ws/install/so101_description
[0.409s] -- The C compiler identification is GNU 13.3.0
[0.616s] -- The CXX compiler identification is GNU 13.3.0
[0.631s] -- Detecting C compiler ABI info
[0.805s] -- Detecting C compiler ABI info - done
[0.833s] -- Check for working C compiler: /usr/bin/cc - skipped
[0.833s] -- Detecting C compile features
[0.835s] -- Detecting C compile features - done
[0.863s] -- Detecting CXX compiler ABI info
[1.059s] -- Detecting CXX compiler ABI info - done
[1.089s] -- Check for working CXX compiler: /usr/bin/c++ - skipped
[1.089s] -- Detecting CXX compile features
[1.090s] -- Detecting CXX compile features - done
[1.111s] -- Found ament_cmake: 2.5.5 (/opt/ros/jazzy/share/ament_cmake/cmake)
[1.827s] -- Found Python3: /usr/bin/python3 (found version "3.12.3") found components: Interpreter
[2.146s] -- Found urdf: 2.10.0 (/opt/ros/jazzy/share/urdf/cmake)
[2.232s] -- Found TinyXML2 via Config file: /usr/lib/aarch64-linux-gnu/cmake/tinyxml2
[2.444s] -- Configuring done (2.2s)
[2.452s] -- Generating done (0.0s)
[2.455s] -- Build files have been written to: /home/pi/Frob_robot/ros2/src/ros2_ws/build/so101_description
[2.477s] Invoked command in '/home/pi/Frob_robot/ros2/src/ros2_ws/build/so101_description' returned '0': CMAKE_PREFIX_PATH=${CMAKE_PREFIX_PATH}:/opt/ros/jazzy /home/pi/.local/bin/cmake /home/pi/Frob_robot/ros2/src/ros2_ws/src/lerobot-ros-moveit/so101_description -DCMAKE_INSTALL_PREFIX=/home/pi/Frob_robot/ros2/src/ros2_ws/install/so101_description
[2.478s] Invoking command in '/home/pi/Frob_robot/ros2/src/ros2_ws/build/so101_description': CMAKE_PREFIX_PATH=${CMAKE_PREFIX_PATH}:/opt/ros/jazzy /home/pi/.local/bin/cmake --build /home/pi/Frob_robot/ros2/src/ros2_ws/build/so101_description -- -j4 -l4
[3.165s] Invoked command in '/home/pi/Frob_robot/ros2/src/ros2_ws/build/so101_description' returned '0': CMAKE_PREFIX_PATH=${CMAKE_PREFIX_PATH}:/opt/ros/jazzy /home/pi/.local/bin/cmake --build /home/pi/Frob_robot/ros2/src/ros2_ws/build/so101_description -- -j4 -l4
[3.391s] Invoking command in '/home/pi/Frob_robot/ros2/src/ros2_ws/build/so101_description': CMAKE_PREFIX_PATH=${CMAKE_PREFIX_PATH}:/opt/ros/jazzy /home/pi/.local/bin/cmake --install /home/pi/Frob_robot/ros2/src/ros2_ws/build/so101_description
[3.684s] -- Install configuration: ""
[3.684s] -- Installing: /home/pi/Frob_robot/ros2/src/ros2_ws/install/so101_description/share/so101_description/urdf
[3.685s] -- Installing: /home/pi/Frob_robot/ros2/src/ros2_ws/install/so101_description/share/so101_description/urdf/so101_new_calib.urdf
[3.685s] -- Installing: /home/pi/Frob_robot/ros2/src/ros2_ws/install/so101_description/share/so101_description/meshes
[3.685s] -- Installing: /home/pi/Frob_robot/ros2/src/ros2_ws/install/so101_description/share/so101_description/meshes/rotation_pitch_so101_v1.stl
[3.685s] -- Installing: /home/pi/Frob_robot/ros2/src/ros2_ws/install/so101_description/share/so101_description/meshes/upper_arm_so101_v1.stl
[3.688s] -- Installing: /home/pi/Frob_robot/ros2/src/ros2_ws/install/so101_description/share/so101_description/meshes/under_arm_so101_v1.stl
[3.691s] -- Installing: /home/pi/Frob_robot/ros2/src/ros2_ws/install/so101_description/share/so101_description/meshes/waveshare_mounting_plate_so101_v2.stl
[3.692s] -- Installing: /home/pi/Frob_robot/ros2/src/ros2_ws/install/so101_description/share/so101_description/meshes/moving_jaw_so101_v1.stl
[3.695s] -- Installing: /home/pi/Frob_robot/ros2/src/ros2_ws/install/so101_description/share/so101_description/meshes/sts3215_03a_v1.stl
[3.697s] -- Installing: /home/pi/Frob_robot/ros2/src/ros2_ws/install/so101_description/share/so101_description/meshes/motor_holder_so101_wrist_v1.stl
[3.702s] -- Installing: /home/pi/Frob_robot/ros2/src/ros2_ws/install/so101_description/share/so101_description/meshes/base_so101_v2.stl
[3.702s] -- Installing: /home/pi/Frob_robot/ros2/src/ros2_ws/install/so101_description/share/so101_description/meshes/sts3215_03a_no_horn_v1.stl
[3.705s] -- Installing: /home/pi/Frob_robot/ros2/src/ros2_ws/install/so101_description/share/so101_description/meshes/wrist_roll_follower_so101_v1.stl
[3.706s] -- Installing: /home/pi/Frob_robot/ros2/src/ros2_ws/install/so101_description/share/so101_description/meshes/wrist_roll_pitch_so101_v2.stl
[3.711s] -- Installing: /home/pi/Frob_robot/ros2/src/ros2_ws/install/so101_description/share/so101_description/meshes/base_motor_holder_so101_v1.stl
[3.716s] -- Installing: /home/pi/Frob_robot/ros2/src/ros2_ws/install/so101_description/share/so101_description/meshes/motor_holder_so101_base_v1.stl
[3.720s] -- Installing: /home/pi/Frob_robot/ros2/src/ros2_ws/install/so101_description/share/so101_description/config
[3.720s] -- Installing: /home/pi/Frob_robot/ros2/src/ros2_ws/install/so101_description/share/so101_description/config/joint_names_so_arm_urdf.yaml
[3.721s] -- Installing: /home/pi/Frob_robot/ros2/src/ros2_ws/install/so101_description/share/ament_index/resource_index/package_run_dependencies/so101_description
[3.721s] -- Installing: /home/pi/Frob_robot/ros2/src/ros2_ws/install/so101_description/share/ament_index/resource_index/parent_prefix_path/so101_description
[3.723s] -- Installing: /home/pi/Frob_robot/ros2/src/ros2_ws/install/so101_description/share/so101_description/environment/ament_prefix_path.sh
[3.724s] -- Installing: /home/pi/Frob_robot/ros2/src/ros2_ws/install/so101_description/share/so101_description/environment/ament_prefix_path.dsv
[3.724s] -- Installing: /home/pi/Frob_robot/ros2/src/ros2_ws/install/so101_description/share/so101_description/environment/path.sh
[3.724s] -- Installing: /home/pi/Frob_robot/ros2/src/ros2_ws/install/so101_description/share/so101_description/environment/path.dsv
[3.724s] -- Installing: /home/pi/Frob_robot/ros2/src/ros2_ws/install/so101_description/share/so101_description/local_setup.bash
[3.724s] -- Installing: /home/pi/Frob_robot/ros2/src/ros2_ws/install/so101_description/share/so101_description/local_setup.sh
[3.724s] -- Installing: /home/pi/Frob_robot/ros2/src/ros2_ws/install/so101_description/share/so101_description/local_setup.zsh
[3.724s] -- Installing: /home/pi/Frob_robot/ros2/src/ros2_ws/install/so101_description/share/so101_description/local_setup.dsv
[3.725s] -- Installing: /home/pi/Frob_robot/ros2/src/ros2_ws/install/so101_description/share/so101_description/package.dsv
[3.725s] -- Installing: /home/pi/Frob_robot/ros2/src/ros2_ws/install/so101_description/share/ament_index/resource_index/packages/so101_description
[3.727s] -- Installing: /home/pi/Frob_robot/ros2/src/ros2_ws/install/so101_description/share/so101_description/cmake/so101_descriptionConfig.cmake
[3.727s] -- Installing: /home/pi/Frob_robot/ros2/src/ros2_ws/install/so101_description/share/so101_description/cmake/so101_descriptionConfig-version.cmake
[3.731s] -- Installing: /home/pi/Frob_robot/ros2/src/ros2_ws/install/so101_description/share/so101_description/package.xml
[3.731s] Invoked command in '/home/pi/Frob_robot/ros2/src/ros2_ws/build/so101_description' returned '0': CMAKE_PREFIX_PATH=${CMAKE_PREFIX_PATH}:/opt/ros/jazzy /home/pi/.local/bin/cmake --install /home/pi/Frob_robot/ros2/src/ros2_ws/build/so101_description
