[  2%] Built target frob_interfaces__rosidl_generator_type_description
[  2%] Built target ament_cmake_python_copy_frob_interfaces
[  4%] Built target frob_interfaces__cpp
[ 22%] Built target frob_interfaces__rosidl_generator_c
[ 31%] Built target frob_interfaces__rosidl_typesupport_introspection_cpp
[ 40%] Built target frob_interfaces__rosidl_typesupport_fastrtps_cpp
[ 50%] Built target frob_interfaces__rosidl_typesupport_cpp
[ 59%] Built target frob_interfaces__rosidl_typesupport_c
[ 68%] Built target frob_interfaces__rosidl_typesupport_fastrtps_c
[ 77%] Built target frob_interfaces__rosidl_typesupport_introspection_c
[ 77%] Built target frob_interfaces
[ 79%] Built target frob_interfaces__py
[ 86%] Built target frob_interfaces__rosidl_generator_py
[ 90%] Built target frob_interfaces_s__rosidl_typesupport_fastrtps_c
[ 95%] Built target frob_interfaces_s__rosidl_typesupport_introspection_c
[100%] Built target frob_interfaces_s__rosidl_typesupport_c
running egg_info
writing frob_interfaces.egg-info/PKG-INFO
writing dependency_links to frob_interfaces.egg-info/dependency_links.txt
writing top-level names to frob_interfaces.egg-info/top_level.txt
reading manifest file 'frob_interfaces.egg-info/SOURCES.txt'
writing manifest file 'frob_interfaces.egg-info/SOURCES.txt'
[100%] Built target ament_cmake_python_build_frob_interfaces_egg
-- Install configuration: ""
-- Up-to-date: /home/pi/Frob_robot/ros2/src/ros2_ws/install/frob_interfaces/share/ament_index/resource_index/rosidl_interfaces/frob_interfaces
-- Up-to-date: /home/pi/Frob_robot/ros2/src/ros2_ws/install/frob_interfaces/share/frob_interfaces/srv/Turn.json
-- Up-to-date: /home/pi/Frob_robot/ros2/src/ros2_ws/install/frob_interfaces/share/frob_interfaces/srv/Forward.json
-- Up-to-date: /home/pi/Frob_robot/ros2/src/ros2_ws/install/frob_interfaces/include/frob_interfaces/frob_interfaces
-- Up-to-date: /home/pi/Frob_robot/ros2/src/ros2_ws/install/frob_interfaces/include/frob_interfaces/frob_interfaces/msg
-- Up-to-date: /home/pi/Frob_robot/ros2/src/ros2_ws/install/frob_interfaces/include/frob_interfaces/frob_interfaces/msg/rosidl_generator_c__visibility_control.h
-- Up-to-date: /home/pi/Frob_robot/ros2/src/ros2_ws/install/frob_interfaces/include/frob_interfaces/frob_interfaces/srv
-- Up-to-date: /home/pi/Frob_robot/ros2/src/ros2_ws/install/frob_interfaces/include/frob_interfaces/frob_interfaces/srv/turn.h
-- Up-to-date: /home/pi/Frob_robot/ros2/src/ros2_ws/install/frob_interfaces/include/frob_interfaces/frob_interfaces/srv/forward.h
-- Up-to-date: /home/pi/Frob_robot/ros2/src/ros2_ws/install/frob_interfaces/include/frob_interfaces/frob_interfaces/srv/detail
-- Up-to-date: /home/pi/Frob_robot/ros2/src/ros2_ws/install/frob_interfaces/include/frob_interfaces/frob_interfaces/srv/detail/turn__functions.h
-- Installing: /home/pi/Frob_robot/ros2/src/ros2_ws/install/frob_interfaces/include/frob_interfaces/frob_interfaces/srv/detail/turn__type_support.c
-- Up-to-date: /home/pi/Frob_robot/ros2/src/ros2_ws/install/frob_interfaces/include/frob_interfaces/frob_interfaces/srv/detail/turn__functions.c
-- Installing: /home/pi/Frob_robot/ros2/src/ros2_ws/install/frob_interfaces/include/frob_interfaces/frob_interfaces/srv/detail/forward__type_support.c
-- Up-to-date: /home/pi/Frob_robot/ros2/src/ros2_ws/install/frob_interfaces/include/frob_interfaces/frob_interfaces/srv/detail/forward__struct.h
-- Up-to-date: /home/pi/Frob_robot/ros2/src/ros2_ws/install/frob_interfaces/include/frob_interfaces/frob_interfaces/srv/detail/forward__type_support.h
-- Up-to-date: /home/pi/Frob_robot/ros2/src/ros2_ws/install/frob_interfaces/include/frob_interfaces/frob_interfaces/srv/detail/forward__functions.c
-- Up-to-date: /home/pi/Frob_robot/ros2/src/ros2_ws/install/frob_interfaces/include/frob_interfaces/frob_interfaces/srv/detail/turn__type_support.h
-- Up-to-date: /home/pi/Frob_robot/ros2/src/ros2_ws/install/frob_interfaces/include/frob_interfaces/frob_interfaces/srv/detail/turn__struct.h
-- Up-to-date: /home/pi/Frob_robot/ros2/src/ros2_ws/install/frob_interfaces/include/frob_interfaces/frob_interfaces/srv/detail/turn__description.c
-- Up-to-date: /home/pi/Frob_robot/ros2/src/ros2_ws/install/frob_interfaces/include/frob_interfaces/frob_interfaces/srv/detail/forward__functions.h
-- Up-to-date: /home/pi/Frob_robot/ros2/src/ros2_ws/install/frob_interfaces/include/frob_interfaces/frob_interfaces/srv/detail/forward__description.c
-- Up-to-date: /home/pi/Frob_robot/ros2/src/ros2_ws/install/frob_interfaces/share/frob_interfaces/environment/library_path.sh
-- Up-to-date: /home/pi/Frob_robot/ros2/src/ros2_ws/install/frob_interfaces/share/frob_interfaces/environment/library_path.dsv
-- Up-to-date: /home/pi/Frob_robot/ros2/src/ros2_ws/install/frob_interfaces/lib/libfrob_interfaces__rosidl_generator_c.so
-- Up-to-date: /home/pi/Frob_robot/ros2/src/ros2_ws/install/frob_interfaces/include/frob_interfaces/frob_interfaces
-- Up-to-date: /home/pi/Frob_robot/ros2/src/ros2_ws/install/frob_interfaces/include/frob_interfaces/frob_interfaces/msg
-- Up-to-date: /home/pi/Frob_robot/ros2/src/ros2_ws/install/frob_interfaces/include/frob_interfaces/frob_interfaces/msg/rosidl_typesupport_fastrtps_c__visibility_control.h
-- Up-to-date: /home/pi/Frob_robot/ros2/src/ros2_ws/install/frob_interfaces/include/frob_interfaces/frob_interfaces/srv
-- Up-to-date: /home/pi/Frob_robot/ros2/src/ros2_ws/install/frob_interfaces/include/frob_interfaces/frob_interfaces/srv/detail
-- Up-to-date: /home/pi/Frob_robot/ros2/src/ros2_ws/install/frob_interfaces/include/frob_interfaces/frob_interfaces/srv/detail/forward__rosidl_typesupport_fastrtps_c.h
-- Up-to-date: /home/pi/Frob_robot/ros2/src/ros2_ws/install/frob_interfaces/include/frob_interfaces/frob_interfaces/srv/detail/turn__rosidl_typesupport_fastrtps_c.h
-- Up-to-date: /home/pi/Frob_robot/ros2/src/ros2_ws/install/frob_interfaces/lib/libfrob_interfaces__rosidl_typesupport_fastrtps_c.so
-- Up-to-date: /home/pi/Frob_robot/ros2/src/ros2_ws/install/frob_interfaces/include/frob_interfaces/frob_interfaces
-- Up-to-date: /home/pi/Frob_robot/ros2/src/ros2_ws/install/frob_interfaces/include/frob_interfaces/frob_interfaces/msg
-- Up-to-date: /home/pi/Frob_robot/ros2/src/ros2_ws/install/frob_interfaces/include/frob_interfaces/frob_interfaces/msg/rosidl_typesupport_introspection_c__visibility_control.h
-- Up-to-date: /home/pi/Frob_robot/ros2/src/ros2_ws/install/frob_interfaces/include/frob_interfaces/frob_interfaces/srv
-- Up-to-date: /home/pi/Frob_robot/ros2/src/ros2_ws/install/frob_interfaces/include/frob_interfaces/frob_interfaces/srv/detail
-- Installing: /home/pi/Frob_robot/ros2/src/ros2_ws/install/frob_interfaces/include/frob_interfaces/frob_interfaces/srv/detail/turn__type_support.c
-- Installing: /home/pi/Frob_robot/ros2/src/ros2_ws/install/frob_interfaces/include/frob_interfaces/frob_interfaces/srv/detail/forward__type_support.c
-- Up-to-date: /home/pi/Frob_robot/ros2/src/ros2_ws/install/frob_interfaces/include/frob_interfaces/frob_interfaces/srv/detail/forward__rosidl_typesupport_introspection_c.h
-- Up-to-date: /home/pi/Frob_robot/ros2/src/ros2_ws/install/frob_interfaces/include/frob_interfaces/frob_interfaces/srv/detail/turn__rosidl_typesupport_introspection_c.h
-- Up-to-date: /home/pi/Frob_robot/ros2/src/ros2_ws/install/frob_interfaces/lib/libfrob_interfaces__rosidl_typesupport_introspection_c.so
-- Up-to-date: /home/pi/Frob_robot/ros2/src/ros2_ws/install/frob_interfaces/lib/libfrob_interfaces__rosidl_typesupport_c.so
-- Up-to-date: /home/pi/Frob_robot/ros2/src/ros2_ws/install/frob_interfaces/include/frob_interfaces/frob_interfaces
-- Up-to-date: /home/pi/Frob_robot/ros2/src/ros2_ws/install/frob_interfaces/include/frob_interfaces/frob_interfaces/msg
-- Up-to-date: /home/pi/Frob_robot/ros2/src/ros2_ws/install/frob_interfaces/include/frob_interfaces/frob_interfaces/msg/rosidl_generator_cpp__visibility_control.hpp
-- Up-to-date: /home/pi/Frob_robot/ros2/src/ros2_ws/install/frob_interfaces/include/frob_interfaces/frob_interfaces/srv
-- Up-to-date: /home/pi/Frob_robot/ros2/src/ros2_ws/install/frob_interfaces/include/frob_interfaces/frob_interfaces/srv/turn.hpp
-- Up-to-date: /home/pi/Frob_robot/ros2/src/ros2_ws/install/frob_interfaces/include/frob_interfaces/frob_interfaces/srv/forward.hpp
-- Up-to-date: /home/pi/Frob_robot/ros2/src/ros2_ws/install/frob_interfaces/include/frob_interfaces/frob_interfaces/srv/detail
-- Up-to-date: /home/pi/Frob_robot/ros2/src/ros2_ws/install/frob_interfaces/include/frob_interfaces/frob_interfaces/srv/detail/turn__traits.hpp
-- Up-to-date: /home/pi/Frob_robot/ros2/src/ros2_ws/install/frob_interfaces/include/frob_interfaces/frob_interfaces/srv/detail/forward__type_support.hpp
-- Up-to-date: /home/pi/Frob_robot/ros2/src/ros2_ws/install/frob_interfaces/include/frob_interfaces/frob_interfaces/srv/detail/forward__struct.hpp
-- Up-to-date: /home/pi/Frob_robot/ros2/src/ros2_ws/install/frob_interfaces/include/frob_interfaces/frob_interfaces/srv/detail/turn__struct.hpp
-- Up-to-date: /home/pi/Frob_robot/ros2/src/ros2_ws/install/frob_interfaces/include/frob_interfaces/frob_interfaces/srv/detail/forward__traits.hpp
-- Up-to-date: /home/pi/Frob_robot/ros2/src/ros2_ws/install/frob_interfaces/include/frob_interfaces/frob_interfaces/srv/detail/forward__builder.hpp
-- Up-to-date: /home/pi/Frob_robot/ros2/src/ros2_ws/install/frob_interfaces/include/frob_interfaces/frob_interfaces/srv/detail/turn__builder.hpp
-- Up-to-date: /home/pi/Frob_robot/ros2/src/ros2_ws/install/frob_interfaces/include/frob_interfaces/frob_interfaces/srv/detail/turn__type_support.hpp
-- Up-to-date: /home/pi/Frob_robot/ros2/src/ros2_ws/install/frob_interfaces/include/frob_interfaces/frob_interfaces
-- Up-to-date: /home/pi/Frob_robot/ros2/src/ros2_ws/install/frob_interfaces/include/frob_interfaces/frob_interfaces/msg
-- Up-to-date: /home/pi/Frob_robot/ros2/src/ros2_ws/install/frob_interfaces/include/frob_interfaces/frob_interfaces/msg/rosidl_typesupport_fastrtps_cpp__visibility_control.h
-- Up-to-date: /home/pi/Frob_robot/ros2/src/ros2_ws/install/frob_interfaces/include/frob_interfaces/frob_interfaces/srv
-- Up-to-date: /home/pi/Frob_robot/ros2/src/ros2_ws/install/frob_interfaces/include/frob_interfaces/frob_interfaces/srv/detail
-- Up-to-date: /home/pi/Frob_robot/ros2/src/ros2_ws/install/frob_interfaces/include/frob_interfaces/frob_interfaces/srv/detail/forward__rosidl_typesupport_fastrtps_cpp.hpp
-- Up-to-date: /home/pi/Frob_robot/ros2/src/ros2_ws/install/frob_interfaces/include/frob_interfaces/frob_interfaces/srv/detail/dds_fastrtps
-- Up-to-date: /home/pi/Frob_robot/ros2/src/ros2_ws/install/frob_interfaces/include/frob_interfaces/frob_interfaces/srv/detail/turn__rosidl_typesupport_fastrtps_cpp.hpp
-- Up-to-date: /home/pi/Frob_robot/ros2/src/ros2_ws/install/frob_interfaces/lib/libfrob_interfaces__rosidl_typesupport_fastrtps_cpp.so
-- Up-to-date: /home/pi/Frob_robot/ros2/src/ros2_ws/install/frob_interfaces/include/frob_interfaces/frob_interfaces
-- Up-to-date: /home/pi/Frob_robot/ros2/src/ros2_ws/install/frob_interfaces/include/frob_interfaces/frob_interfaces/srv
-- Up-to-date: /home/pi/Frob_robot/ros2/src/ros2_ws/install/frob_interfaces/include/frob_interfaces/frob_interfaces/srv/detail
-- Up-to-date: /home/pi/Frob_robot/ros2/src/ros2_ws/install/frob_interfaces/include/frob_interfaces/frob_interfaces/srv/detail/forward__rosidl_typesupport_introspection_cpp.hpp
-- Up-to-date: /home/pi/Frob_robot/ros2/src/ros2_ws/install/frob_interfaces/include/frob_interfaces/frob_interfaces/srv/detail/forward__type_support.cpp
-- Up-to-date: /home/pi/Frob_robot/ros2/src/ros2_ws/install/frob_interfaces/include/frob_interfaces/frob_interfaces/srv/detail/turn__type_support.cpp
-- Up-to-date: /home/pi/Frob_robot/ros2/src/ros2_ws/install/frob_interfaces/include/frob_interfaces/frob_interfaces/srv/detail/turn__rosidl_typesupport_introspection_cpp.hpp
-- Up-to-date: /home/pi/Frob_robot/ros2/src/ros2_ws/install/frob_interfaces/lib/libfrob_interfaces__rosidl_typesupport_introspection_cpp.so
-- Up-to-date: /home/pi/Frob_robot/ros2/src/ros2_ws/install/frob_interfaces/lib/libfrob_interfaces__rosidl_typesupport_cpp.so
-- Up-to-date: /home/pi/Frob_robot/ros2/src/ros2_ws/install/frob_interfaces/share/frob_interfaces/environment/pythonpath.sh
-- Up-to-date: /home/pi/Frob_robot/ros2/src/ros2_ws/install/frob_interfaces/share/frob_interfaces/environment/pythonpath.dsv
-- Up-to-date: /home/pi/Frob_robot/ros2/src/ros2_ws/install/frob_interfaces/lib/python3.12/site-packages/frob_interfaces-0.0.0-py3.12.egg-info
-- Installing: /home/pi/Frob_robot/ros2/src/ros2_ws/install/frob_interfaces/lib/python3.12/site-packages/frob_interfaces-0.0.0-py3.12.egg-info/dependency_links.txt
-- Installing: /home/pi/Frob_robot/ros2/src/ros2_ws/install/frob_interfaces/lib/python3.12/site-packages/frob_interfaces-0.0.0-py3.12.egg-info/PKG-INFO
-- Installing: /home/pi/Frob_robot/ros2/src/ros2_ws/install/frob_interfaces/lib/python3.12/site-packages/frob_interfaces-0.0.0-py3.12.egg-info/top_level.txt
-- Installing: /home/pi/Frob_robot/ros2/src/ros2_ws/install/frob_interfaces/lib/python3.12/site-packages/frob_interfaces-0.0.0-py3.12.egg-info/SOURCES.txt
-- Up-to-date: /home/pi/Frob_robot/ros2/src/ros2_ws/install/frob_interfaces/lib/python3.12/site-packages/frob_interfaces
-- Up-to-date: /home/pi/Frob_robot/ros2/src/ros2_ws/install/frob_interfaces/lib/python3.12/site-packages/frob_interfaces/frob_interfaces_s__rosidl_typesupport_introspection_c.so
-- Up-to-date: /home/pi/Frob_robot/ros2/src/ros2_ws/install/frob_interfaces/lib/python3.12/site-packages/frob_interfaces/frob_interfaces_s__rosidl_typesupport_fastrtps_c.so
-- Up-to-date: /home/pi/Frob_robot/ros2/src/ros2_ws/install/frob_interfaces/lib/python3.12/site-packages/frob_interfaces/_frob_interfaces_s.ep.rosidl_typesupport_introspection_c.c
-- Up-to-date: /home/pi/Frob_robot/ros2/src/ros2_ws/install/frob_interfaces/lib/python3.12/site-packages/frob_interfaces/_frob_interfaces_s.ep.rosidl_typesupport_fastrtps_c.c
-- Up-to-date: /home/pi/Frob_robot/ros2/src/ros2_ws/install/frob_interfaces/lib/python3.12/site-packages/frob_interfaces/frob_interfaces_s__rosidl_typesupport_c.so
-- Up-to-date: /home/pi/Frob_robot/ros2/src/ros2_ws/install/frob_interfaces/lib/python3.12/site-packages/frob_interfaces/srv
-- Up-to-date: /home/pi/Frob_robot/ros2/src/ros2_ws/install/frob_interfaces/lib/python3.12/site-packages/frob_interfaces/srv/_forward_s.c
-- Up-to-date: /home/pi/Frob_robot/ros2/src/ros2_ws/install/frob_interfaces/lib/python3.12/site-packages/frob_interfaces/srv/_forward.py
-- Up-to-date: /home/pi/Frob_robot/ros2/src/ros2_ws/install/frob_interfaces/lib/python3.12/site-packages/frob_interfaces/srv/__init__.py
-- Up-to-date: /home/pi/Frob_robot/ros2/src/ros2_ws/install/frob_interfaces/lib/python3.12/site-packages/frob_interfaces/srv/_turn.py
-- Up-to-date: /home/pi/Frob_robot/ros2/src/ros2_ws/install/frob_interfaces/lib/python3.12/site-packages/frob_interfaces/srv/_turn_s.c
-- Up-to-date: /home/pi/Frob_robot/ros2/src/ros2_ws/install/frob_interfaces/lib/python3.12/site-packages/frob_interfaces/__init__.py
-- Up-to-date: /home/pi/Frob_robot/ros2/src/ros2_ws/install/frob_interfaces/lib/python3.12/site-packages/frob_interfaces/_frob_interfaces_s.ep.rosidl_typesupport_c.c
Listing '/home/pi/Frob_robot/ros2/src/ros2_ws/install/frob_interfaces/lib/python3.12/site-packages/frob_interfaces'...
Listing '/home/pi/Frob_robot/ros2/src/ros2_ws/install/frob_interfaces/lib/python3.12/site-packages/frob_interfaces/srv'...
-- Up-to-date: /home/pi/Frob_robot/ros2/src/ros2_ws/install/frob_interfaces/lib/python3.12/site-packages/frob_interfaces/frob_interfaces_s__rosidl_typesupport_fastrtps_c.so
-- Up-to-date: /home/pi/Frob_robot/ros2/src/ros2_ws/install/frob_interfaces/lib/python3.12/site-packages/frob_interfaces/frob_interfaces_s__rosidl_typesupport_introspection_c.so
-- Up-to-date: /home/pi/Frob_robot/ros2/src/ros2_ws/install/frob_interfaces/lib/python3.12/site-packages/frob_interfaces/frob_interfaces_s__rosidl_typesupport_c.so
-- Up-to-date: /home/pi/Frob_robot/ros2/src/ros2_ws/install/frob_interfaces/lib/libfrob_interfaces__rosidl_generator_py.so
-- Up-to-date: /home/pi/Frob_robot/ros2/src/ros2_ws/install/frob_interfaces/share/frob_interfaces/srv/Turn.idl
-- Up-to-date: /home/pi/Frob_robot/ros2/src/ros2_ws/install/frob_interfaces/share/frob_interfaces/srv/Forward.idl
-- Up-to-date: /home/pi/Frob_robot/ros2/src/ros2_ws/install/frob_interfaces/share/frob_interfaces/srv/Turn.srv
-- Up-to-date: /home/pi/Frob_robot/ros2/src/ros2_ws/install/frob_interfaces/share/frob_interfaces/srv/Forward.srv
-- Up-to-date: /home/pi/Frob_robot/ros2/src/ros2_ws/install/frob_interfaces/share/ament_index/resource_index/package_run_dependencies/frob_interfaces
-- Up-to-date: /home/pi/Frob_robot/ros2/src/ros2_ws/install/frob_interfaces/share/ament_index/resource_index/parent_prefix_path/frob_interfaces
-- Up-to-date: /home/pi/Frob_robot/ros2/src/ros2_ws/install/frob_interfaces/share/frob_interfaces/environment/ament_prefix_path.sh
-- Up-to-date: /home/pi/Frob_robot/ros2/src/ros2_ws/install/frob_interfaces/share/frob_interfaces/environment/ament_prefix_path.dsv
-- Up-to-date: /home/pi/Frob_robot/ros2/src/ros2_ws/install/frob_interfaces/share/frob_interfaces/environment/path.sh
-- Up-to-date: /home/pi/Frob_robot/ros2/src/ros2_ws/install/frob_interfaces/share/frob_interfaces/environment/path.dsv
-- Up-to-date: /home/pi/Frob_robot/ros2/src/ros2_ws/install/frob_interfaces/share/frob_interfaces/local_setup.bash
-- Up-to-date: /home/pi/Frob_robot/ros2/src/ros2_ws/install/frob_interfaces/share/frob_interfaces/local_setup.sh
-- Up-to-date: /home/pi/Frob_robot/ros2/src/ros2_ws/install/frob_interfaces/share/frob_interfaces/local_setup.zsh
-- Up-to-date: /home/pi/Frob_robot/ros2/src/ros2_ws/install/frob_interfaces/share/frob_interfaces/local_setup.dsv
-- Installing: /home/pi/Frob_robot/ros2/src/ros2_ws/install/frob_interfaces/share/frob_interfaces/package.dsv
-- Up-to-date: /home/pi/Frob_robot/ros2/src/ros2_ws/install/frob_interfaces/share/ament_index/resource_index/packages/frob_interfaces
-- Up-to-date: /home/pi/Frob_robot/ros2/src/ros2_ws/install/frob_interfaces/share/frob_interfaces/cmake/export_frob_interfaces__rosidl_generator_cExport.cmake
-- Up-to-date: /home/pi/Frob_robot/ros2/src/ros2_ws/install/frob_interfaces/share/frob_interfaces/cmake/export_frob_interfaces__rosidl_generator_cExport-noconfig.cmake
-- Up-to-date: /home/pi/Frob_robot/ros2/src/ros2_ws/install/frob_interfaces/share/frob_interfaces/cmake/export_frob_interfaces__rosidl_typesupport_fastrtps_cExport.cmake
-- Up-to-date: /home/pi/Frob_robot/ros2/src/ros2_ws/install/frob_interfaces/share/frob_interfaces/cmake/export_frob_interfaces__rosidl_typesupport_fastrtps_cExport-noconfig.cmake
-- Up-to-date: /home/pi/Frob_robot/ros2/src/ros2_ws/install/frob_interfaces/share/frob_interfaces/cmake/frob_interfaces__rosidl_typesupport_introspection_cExport.cmake
-- Up-to-date: /home/pi/Frob_robot/ros2/src/ros2_ws/install/frob_interfaces/share/frob_interfaces/cmake/frob_interfaces__rosidl_typesupport_introspection_cExport-noconfig.cmake
-- Up-to-date: /home/pi/Frob_robot/ros2/src/ros2_ws/install/frob_interfaces/share/frob_interfaces/cmake/frob_interfaces__rosidl_typesupport_cExport.cmake
-- Up-to-date: /home/pi/Frob_robot/ros2/src/ros2_ws/install/frob_interfaces/share/frob_interfaces/cmake/frob_interfaces__rosidl_typesupport_cExport-noconfig.cmake
-- Up-to-date: /home/pi/Frob_robot/ros2/src/ros2_ws/install/frob_interfaces/share/frob_interfaces/cmake/export_frob_interfaces__rosidl_generator_cppExport.cmake
-- Up-to-date: /home/pi/Frob_robot/ros2/src/ros2_ws/install/frob_interfaces/share/frob_interfaces/cmake/export_frob_interfaces__rosidl_typesupport_fastrtps_cppExport.cmake
-- Up-to-date: /home/pi/Frob_robot/ros2/src/ros2_ws/install/frob_interfaces/share/frob_interfaces/cmake/export_frob_interfaces__rosidl_typesupport_fastrtps_cppExport-noconfig.cmake
-- Up-to-date: /home/pi/Frob_robot/ros2/src/ros2_ws/install/frob_interfaces/share/frob_interfaces/cmake/frob_interfaces__rosidl_typesupport_introspection_cppExport.cmake
-- Up-to-date: /home/pi/Frob_robot/ros2/src/ros2_ws/install/frob_interfaces/share/frob_interfaces/cmake/frob_interfaces__rosidl_typesupport_introspection_cppExport-noconfig.cmake
-- Up-to-date: /home/pi/Frob_robot/ros2/src/ros2_ws/install/frob_interfaces/share/frob_interfaces/cmake/frob_interfaces__rosidl_typesupport_cppExport.cmake
-- Up-to-date: /home/pi/Frob_robot/ros2/src/ros2_ws/install/frob_interfaces/share/frob_interfaces/cmake/frob_interfaces__rosidl_typesupport_cppExport-noconfig.cmake
-- Up-to-date: /home/pi/Frob_robot/ros2/src/ros2_ws/install/frob_interfaces/share/frob_interfaces/cmake/export_frob_interfaces__rosidl_generator_pyExport.cmake
-- Up-to-date: /home/pi/Frob_robot/ros2/src/ros2_ws/install/frob_interfaces/share/frob_interfaces/cmake/export_frob_interfaces__rosidl_generator_pyExport-noconfig.cmake
-- Up-to-date: /home/pi/Frob_robot/ros2/src/ros2_ws/install/frob_interfaces/share/frob_interfaces/cmake/rosidl_cmake-extras.cmake
-- Up-to-date: /home/pi/Frob_robot/ros2/src/ros2_ws/install/frob_interfaces/share/frob_interfaces/cmake/ament_cmake_export_dependencies-extras.cmake
-- Up-to-date: /home/pi/Frob_robot/ros2/src/ros2_ws/install/frob_interfaces/share/frob_interfaces/cmake/ament_cmake_export_include_directories-extras.cmake
-- Up-to-date: /home/pi/Frob_robot/ros2/src/ros2_ws/install/frob_interfaces/share/frob_interfaces/cmake/ament_cmake_export_libraries-extras.cmake
-- Up-to-date: /home/pi/Frob_robot/ros2/src/ros2_ws/install/frob_interfaces/share/frob_interfaces/cmake/ament_cmake_export_targets-extras.cmake
-- Up-to-date: /home/pi/Frob_robot/ros2/src/ros2_ws/install/frob_interfaces/share/frob_interfaces/cmake/rosidl_cmake_export_typesupport_targets-extras.cmake
-- Up-to-date: /home/pi/Frob_robot/ros2/src/ros2_ws/install/frob_interfaces/share/frob_interfaces/cmake/rosidl_cmake_export_typesupport_libraries-extras.cmake
-- Up-to-date: /home/pi/Frob_robot/ros2/src/ros2_ws/install/frob_interfaces/share/frob_interfaces/cmake/frob_interfacesConfig.cmake
-- Up-to-date: /home/pi/Frob_robot/ros2/src/ros2_ws/install/frob_interfaces/share/frob_interfaces/cmake/frob_interfacesConfig-version.cmake
-- Up-to-date: /home/pi/Frob_robot/ros2/src/ros2_ws/install/frob_interfaces/share/frob_interfaces/package.xml
