[0.014s] Invoking command in '/home/pi/Frob_robot/ros2/src/ros2_ws/build/so101_moveit': AMENT_PREFIX_PATH=/home/pi/Frob_robot/ros2/src/ros2_ws/install/so101_description:${AMENT_PREFIX_PATH} CMAKE_PREFIX_PATH=/home/pi/Frob_robot/ros2/src/ros2_ws/install/so101_description:/opt/ros/jazzy/opt/gz_sim_vendor:/opt/ros/jazzy/opt/gz_sensors_vendor:/opt/ros/jazzy/opt/gz_physics_vendor:/opt/ros/jazzy/opt/sdformat_vendor:/opt/ros/jazzy/opt/gz_gui_vendor:/opt/ros/jazzy/opt/gz_transport_vendor:/opt/ros/jazzy/opt/gz_rendering_vendor:/opt/ros/jazzy/opt/gz_plugin_vendor:/opt/ros/jazzy/opt/gz_fuel_tools_vendor:/opt/ros/jazzy/opt/gz_msgs_vendor:/opt/ros/jazzy/opt/gz_common_vendor:/opt/ros/jazzy/opt/gz_math_vendor:/opt/ros/jazzy/opt/gz_utils_vendor:/opt/ros/jazzy/opt/gz_tools_vendor:/opt/ros/jazzy/opt/gz_ogre_next_vendor:/opt/ros/jazzy/opt/gz_dartsim_vendor:/opt/ros/jazzy/opt/gz_cmake_vendor:/opt/ros/jazzy /home/pi/.local/bin/cmake --build /home/pi/Frob_robot/ros2/src/ros2_ws/build/so101_moveit -- -j4 -l4
[0.657s] Invoked command in '/home/pi/Frob_robot/ros2/src/ros2_ws/build/so101_moveit' returned '0': AMENT_PREFIX_PATH=/home/pi/Frob_robot/ros2/src/ros2_ws/install/so101_description:${AMENT_PREFIX_PATH} CMAKE_PREFIX_PATH=/home/pi/Frob_robot/ros2/src/ros2_ws/install/so101_description:/opt/ros/jazzy/opt/gz_sim_vendor:/opt/ros/jazzy/opt/gz_sensors_vendor:/opt/ros/jazzy/opt/gz_physics_vendor:/opt/ros/jazzy/opt/sdformat_vendor:/opt/ros/jazzy/opt/gz_gui_vendor:/opt/ros/jazzy/opt/gz_transport_vendor:/opt/ros/jazzy/opt/gz_rendering_vendor:/opt/ros/jazzy/opt/gz_plugin_vendor:/opt/ros/jazzy/opt/gz_fuel_tools_vendor:/opt/ros/jazzy/opt/gz_msgs_vendor:/opt/ros/jazzy/opt/gz_common_vendor:/opt/ros/jazzy/opt/gz_math_vendor:/opt/ros/jazzy/opt/gz_utils_vendor:/opt/ros/jazzy/opt/gz_tools_vendor:/opt/ros/jazzy/opt/gz_ogre_next_vendor:/opt/ros/jazzy/opt/gz_dartsim_vendor:/opt/ros/jazzy/opt/gz_cmake_vendor:/opt/ros/jazzy /home/pi/.local/bin/cmake --build /home/pi/Frob_robot/ros2/src/ros2_ws/build/so101_moveit -- -j4 -l4
[0.661s] Invoking command in '/home/pi/Frob_robot/ros2/src/ros2_ws/build/so101_moveit': AMENT_PREFIX_PATH=/home/pi/Frob_robot/ros2/src/ros2_ws/install/so101_description:${AMENT_PREFIX_PATH} CMAKE_PREFIX_PATH=/home/pi/Frob_robot/ros2/src/ros2_ws/install/so101_description:/opt/ros/jazzy/opt/gz_sim_vendor:/opt/ros/jazzy/opt/gz_sensors_vendor:/opt/ros/jazzy/opt/gz_physics_vendor:/opt/ros/jazzy/opt/sdformat_vendor:/opt/ros/jazzy/opt/gz_gui_vendor:/opt/ros/jazzy/opt/gz_transport_vendor:/opt/ros/jazzy/opt/gz_rendering_vendor:/opt/ros/jazzy/opt/gz_plugin_vendor:/opt/ros/jazzy/opt/gz_fuel_tools_vendor:/opt/ros/jazzy/opt/gz_msgs_vendor:/opt/ros/jazzy/opt/gz_common_vendor:/opt/ros/jazzy/opt/gz_math_vendor:/opt/ros/jazzy/opt/gz_utils_vendor:/opt/ros/jazzy/opt/gz_tools_vendor:/opt/ros/jazzy/opt/gz_ogre_next_vendor:/opt/ros/jazzy/opt/gz_dartsim_vendor:/opt/ros/jazzy/opt/gz_cmake_vendor:/opt/ros/jazzy /home/pi/.local/bin/cmake --install /home/pi/Frob_robot/ros2/src/ros2_ws/build/so101_moveit
[0.852s] -- Install configuration: ""
[0.852s] -- Up-to-date: /home/pi/Frob_robot/ros2/src/ros2_ws/install/so101_moveit/share/ament_index/resource_index/package_run_dependencies/so101_moveit
[0.852s] -- Up-to-date: /home/pi/Frob_robot/ros2/src/ros2_ws/install/so101_moveit/share/ament_index/resource_index/parent_prefix_path/so101_moveit
[0.852s] -- Up-to-date: /home/pi/Frob_robot/ros2/src/ros2_ws/install/so101_moveit/share/so101_moveit/environment/ament_prefix_path.sh
[0.852s] -- Up-to-date: /home/pi/Frob_robot/ros2/src/ros2_ws/install/so101_moveit/share/so101_moveit/environment/ament_prefix_path.dsv
[0.852s] -- Up-to-date: /home/pi/Frob_robot/ros2/src/ros2_ws/install/so101_moveit/share/so101_moveit/environment/path.sh
[0.852s] -- Up-to-date: /home/pi/Frob_robot/ros2/src/ros2_ws/install/so101_moveit/share/so101_moveit/environment/path.dsv
[0.852s] -- Up-to-date: /home/pi/Frob_robot/ros2/src/ros2_ws/install/so101_moveit/share/so101_moveit/local_setup.bash
[0.852s] -- Up-to-date: /home/pi/Frob_robot/ros2/src/ros2_ws/install/so101_moveit/share/so101_moveit/local_setup.sh
[0.853s] -- Up-to-date: /home/pi/Frob_robot/ros2/src/ros2_ws/install/so101_moveit/share/so101_moveit/local_setup.zsh
[0.853s] -- Up-to-date: /home/pi/Frob_robot/ros2/src/ros2_ws/install/so101_moveit/share/so101_moveit/local_setup.dsv
[0.853s] -- Installing: /home/pi/Frob_robot/ros2/src/ros2_ws/install/so101_moveit/share/so101_moveit/package.dsv
[0.853s] -- Up-to-date: /home/pi/Frob_robot/ros2/src/ros2_ws/install/so101_moveit/share/ament_index/resource_index/packages/so101_moveit
[0.853s] -- Up-to-date: /home/pi/Frob_robot/ros2/src/ros2_ws/install/so101_moveit/share/so101_moveit/cmake/so101_moveitConfig.cmake
[0.853s] -- Up-to-date: /home/pi/Frob_robot/ros2/src/ros2_ws/install/so101_moveit/share/so101_moveit/cmake/so101_moveitConfig-version.cmake
[0.853s] -- Up-to-date: /home/pi/Frob_robot/ros2/src/ros2_ws/install/so101_moveit/share/so101_moveit/package.xml
[0.853s] -- Up-to-date: /home/pi/Frob_robot/ros2/src/ros2_ws/install/so101_moveit/share/so101_moveit/launch
[0.853s] -- Up-to-date: /home/pi/Frob_robot/ros2/src/ros2_ws/install/so101_moveit/share/so101_moveit/launch/setup_assistant.launch.py
[0.854s] -- Up-to-date: /home/pi/Frob_robot/ros2/src/ros2_ws/install/so101_moveit/share/so101_moveit/launch/rsp.launch.py
[0.854s] -- Up-to-date: /home/pi/Frob_robot/ros2/src/ros2_ws/install/so101_moveit/share/so101_moveit/launch/warehouse_db.launch.py
[0.854s] -- Up-to-date: /home/pi/Frob_robot/ros2/src/ros2_ws/install/so101_moveit/share/so101_moveit/launch/move_group.launch.py
[0.854s] -- Up-to-date: /home/pi/Frob_robot/ros2/src/ros2_ws/install/so101_moveit/share/so101_moveit/launch/moveit_rviz.launch.py
[0.854s] -- Up-to-date: /home/pi/Frob_robot/ros2/src/ros2_ws/install/so101_moveit/share/so101_moveit/launch/static_virtual_joint_tfs.launch.py
[0.854s] -- Up-to-date: /home/pi/Frob_robot/ros2/src/ros2_ws/install/so101_moveit/share/so101_moveit/launch/demo.launch.py
[0.854s] -- Up-to-date: /home/pi/Frob_robot/ros2/src/ros2_ws/install/so101_moveit/share/so101_moveit/launch/spawn_controllers.launch.py
[0.854s] -- Up-to-date: /home/pi/Frob_robot/ros2/src/ros2_ws/install/so101_moveit/share/so101_moveit/config
[0.854s] -- Up-to-date: /home/pi/Frob_robot/ros2/src/ros2_ws/install/so101_moveit/share/so101_moveit/config/so101_new_calib.urdf.xacro
[0.855s] -- Up-to-date: /home/pi/Frob_robot/ros2/src/ros2_ws/install/so101_moveit/share/so101_moveit/config/moveit.rviz
[0.855s] -- Up-to-date: /home/pi/Frob_robot/ros2/src/ros2_ws/install/so101_moveit/share/so101_moveit/config/so101_new_calib.ros2_control.xacro
[0.855s] -- Up-to-date: /home/pi/Frob_robot/ros2/src/ros2_ws/install/so101_moveit/share/so101_moveit/config/initial_positions.yaml
[0.855s] -- Up-to-date: /home/pi/Frob_robot/ros2/src/ros2_ws/install/so101_moveit/share/so101_moveit/config/so101_new_calib.srdf
[0.855s] -- Up-to-date: /home/pi/Frob_robot/ros2/src/ros2_ws/install/so101_moveit/share/so101_moveit/config/ros2_controllers.yaml
[0.855s] -- Up-to-date: /home/pi/Frob_robot/ros2/src/ros2_ws/install/so101_moveit/share/so101_moveit/config/joint_limits.yaml
[0.855s] -- Up-to-date: /home/pi/Frob_robot/ros2/src/ros2_ws/install/so101_moveit/share/so101_moveit/config/motor_calibration.yaml
[0.855s] -- Up-to-date: /home/pi/Frob_robot/ros2/src/ros2_ws/install/so101_moveit/share/so101_moveit/config/moveit_controllers.yaml
[0.855s] -- Up-to-date: /home/pi/Frob_robot/ros2/src/ros2_ws/install/so101_moveit/share/so101_moveit/config/pilz_cartesian_limits.yaml
[0.855s] -- Up-to-date: /home/pi/Frob_robot/ros2/src/ros2_ws/install/so101_moveit/share/so101_moveit/config/kinematics.yaml
[0.855s] -- Up-to-date: /home/pi/Frob_robot/ros2/src/ros2_ws/install/so101_moveit/share/so101_moveit/.setup_assistant
[0.857s] Invoked command in '/home/pi/Frob_robot/ros2/src/ros2_ws/build/so101_moveit' returned '0': AMENT_PREFIX_PATH=/home/pi/Frob_robot/ros2/src/ros2_ws/install/so101_description:${AMENT_PREFIX_PATH} CMAKE_PREFIX_PATH=/home/pi/Frob_robot/ros2/src/ros2_ws/install/so101_description:/opt/ros/jazzy/opt/gz_sim_vendor:/opt/ros/jazzy/opt/gz_sensors_vendor:/opt/ros/jazzy/opt/gz_physics_vendor:/opt/ros/jazzy/opt/sdformat_vendor:/opt/ros/jazzy/opt/gz_gui_vendor:/opt/ros/jazzy/opt/gz_transport_vendor:/opt/ros/jazzy/opt/gz_rendering_vendor:/opt/ros/jazzy/opt/gz_plugin_vendor:/opt/ros/jazzy/opt/gz_fuel_tools_vendor:/opt/ros/jazzy/opt/gz_msgs_vendor:/opt/ros/jazzy/opt/gz_common_vendor:/opt/ros/jazzy/opt/gz_math_vendor:/opt/ros/jazzy/opt/gz_utils_vendor:/opt/ros/jazzy/opt/gz_tools_vendor:/opt/ros/jazzy/opt/gz_ogre_next_vendor:/opt/ros/jazzy/opt/gz_dartsim_vendor:/opt/ros/jazzy/opt/gz_cmake_vendor:/opt/ros/jazzy /home/pi/.local/bin/cmake --install /home/pi/Frob_robot/ros2/src/ros2_ws/build/so101_moveit
