[0.024s] Invoking command in '/home/pi/Frob_robot/ros2/src/ros2_ws/build/ros2_mpu6050': CMAKE_PREFIX_PATH=${CMAKE_PREFIX_PATH}:/opt/ros/jazzy /home/pi/.local/bin/cmake --build /home/pi/Frob_robot/ros2/src/ros2_ws/build/ros2_mpu6050 -- -j4 -l4
[0.787s] [ 12%] [32mBuilding CXX object CMakeFiles/ros2_mpu6050_calibrate.dir/src/mpu6050.cpp.o[0m
[0.798s] [ 25%] [32mBuilding CXX object CMakeFiles/ros2_mpu6050_calibrate.dir/src/mpu6050_calibrate.cpp.o[0m
[0.798s] [ 37%] [32mBuilding CXX object CMakeFiles/ros2_mpu6050_calibrate.dir/src/mpu6050_hal.cpp.o[0m
[0.800s] [ 50%] [32mBuilding CXX object CMakeFiles/ros2_mpu6050.dir/src/mpu6050.cpp.o[0m
[2.598s] [ 62%] [32mBuilding CXX object CMakeFiles/ros2_mpu6050.dir/src/mpu6050_hal.cpp.o[0m
[3.240s] [ 75%] [32mBuilding CXX object CMakeFiles/ros2_mpu6050.dir/src/mpu6050_node.cpp.o[0m
[3.276s] [ 87%] [1m[32mLinking CXX executable ros2_mpu6050_calibrate[0m
[3.638s] [ 87%] Built target ros2_mpu6050_calibrate
[21.892s] [100%] [1m[32mLinking CXX executable ros2_mpu6050[0m
[22.544s] [100%] Built target ros2_mpu6050
[22.573s] Invoked command in '/home/pi/Frob_robot/ros2/src/ros2_ws/build/ros2_mpu6050' returned '0': CMAKE_PREFIX_PATH=${CMAKE_PREFIX_PATH}:/opt/ros/jazzy /home/pi/.local/bin/cmake --build /home/pi/Frob_robot/ros2/src/ros2_ws/build/ros2_mpu6050 -- -j4 -l4
[22.584s] Invoking command in '/home/pi/Frob_robot/ros2/src/ros2_ws/build/ros2_mpu6050': CMAKE_PREFIX_PATH=${CMAKE_PREFIX_PATH}:/opt/ros/jazzy /home/pi/.local/bin/cmake --install /home/pi/Frob_robot/ros2/src/ros2_ws/build/ros2_mpu6050
[23.396s] -- Install configuration: ""
[23.403s] -- Up-to-date: /home/pi/Frob_robot/ros2/src/ros2_ws/install/ros2_mpu6050/include/include
[23.405s] -- Up-to-date: /home/pi/Frob_robot/ros2/src/ros2_ws/install/ros2_mpu6050/include/include/ros2_mpu6050
[23.406s] -- Up-to-date: /home/pi/Frob_robot/ros2/src/ros2_ws/install/ros2_mpu6050/include/include/ros2_mpu6050/mpu6050.h
[23.406s] -- Up-to-date: /home/pi/Frob_robot/ros2/src/ros2_ws/install/ros2_mpu6050/include/include/ros2_mpu6050/mpu6050_node.h
[23.406s] -- Up-to-date: /home/pi/Frob_robot/ros2/src/ros2_ws/install/ros2_mpu6050/include/include/ros2_mpu6050/mpu6050_hal.h
[23.416s] -- Installing: /home/pi/Frob_robot/ros2/src/ros2_ws/install/ros2_mpu6050/lib/ros2_mpu6050/ros2_mpu6050
[23.419s] -- Set non-toolchain portion of runtime path of "/home/pi/Frob_robot/ros2/src/ros2_ws/install/ros2_mpu6050/lib/ros2_mpu6050/ros2_mpu6050" to ""
[23.423s] -- Installing: /home/pi/Frob_robot/ros2/src/ros2_ws/install/ros2_mpu6050/lib/ros2_mpu6050/ros2_mpu6050_calibrate
[23.429s] -- Up-to-date: /home/pi/Frob_robot/ros2/src/ros2_ws/install/ros2_mpu6050/share/ros2_mpu6050/config
[23.431s] -- Up-to-date: /home/pi/Frob_robot/ros2/src/ros2_ws/install/ros2_mpu6050/share/ros2_mpu6050/config/params.yaml
[23.431s] -- Up-to-date: /home/pi/Frob_robot/ros2/src/ros2_ws/install/ros2_mpu6050/share/ros2_mpu6050/launch
[23.432s] -- Up-to-date: /home/pi/Frob_robot/ros2/src/ros2_ws/install/ros2_mpu6050/share/ros2_mpu6050/launch/ros2_mpu6050.launch.py
[23.435s] -- Up-to-date: /home/pi/Frob_robot/ros2/src/ros2_ws/install/ros2_mpu6050/share/ament_index/resource_index/package_run_dependencies/ros2_mpu6050
[23.436s] -- Up-to-date: /home/pi/Frob_robot/ros2/src/ros2_ws/install/ros2_mpu6050/share/ament_index/resource_index/parent_prefix_path/ros2_mpu6050
[23.442s] -- Up-to-date: /home/pi/Frob_robot/ros2/src/ros2_ws/install/ros2_mpu6050/share/ros2_mpu6050/environment/ament_prefix_path.sh
[23.442s] -- Up-to-date: /home/pi/Frob_robot/ros2/src/ros2_ws/install/ros2_mpu6050/share/ros2_mpu6050/environment/ament_prefix_path.dsv
[23.443s] -- Up-to-date: /home/pi/Frob_robot/ros2/src/ros2_ws/install/ros2_mpu6050/share/ros2_mpu6050/environment/path.sh
[23.443s] -- Up-to-date: /home/pi/Frob_robot/ros2/src/ros2_ws/install/ros2_mpu6050/share/ros2_mpu6050/environment/path.dsv
[23.443s] -- Up-to-date: /home/pi/Frob_robot/ros2/src/ros2_ws/install/ros2_mpu6050/share/ros2_mpu6050/local_setup.bash
[23.443s] -- Up-to-date: /home/pi/Frob_robot/ros2/src/ros2_ws/install/ros2_mpu6050/share/ros2_mpu6050/local_setup.sh
[23.443s] -- Up-to-date: /home/pi/Frob_robot/ros2/src/ros2_ws/install/ros2_mpu6050/share/ros2_mpu6050/local_setup.zsh
[23.444s] -- Up-to-date: /home/pi/Frob_robot/ros2/src/ros2_ws/install/ros2_mpu6050/share/ros2_mpu6050/local_setup.dsv
[23.444s] -- Installing: /home/pi/Frob_robot/ros2/src/ros2_ws/install/ros2_mpu6050/share/ros2_mpu6050/package.dsv
[23.445s] -- Up-to-date: /home/pi/Frob_robot/ros2/src/ros2_ws/install/ros2_mpu6050/share/ament_index/resource_index/packages/ros2_mpu6050
[23.446s] -- Up-to-date: /home/pi/Frob_robot/ros2/src/ros2_ws/install/ros2_mpu6050/share/ros2_mpu6050/cmake/ros2_mpu6050Config.cmake
[23.446s] -- Up-to-date: /home/pi/Frob_robot/ros2/src/ros2_ws/install/ros2_mpu6050/share/ros2_mpu6050/cmake/ros2_mpu6050Config-version.cmake
[23.446s] -- Up-to-date: /home/pi/Frob_robot/ros2/src/ros2_ws/install/ros2_mpu6050/share/ros2_mpu6050/package.xml
[23.453s] Invoked command in '/home/pi/Frob_robot/ros2/src/ros2_ws/build/ros2_mpu6050' returned '0': CMAKE_PREFIX_PATH=${CMAKE_PREFIX_PATH}:/opt/ros/jazzy /home/pi/.local/bin/cmake --install /home/pi/Frob_robot/ros2/src/ros2_ws/build/ros2_mpu6050
