[0.061s] DEBUG:colcon:Command line arguments: ['/usr/bin/colcon', 'build', '--packages-select', 'frob_interfaces', 'frob_perception', 'frob_mission', '--symlink-install']
[0.061s] DEBUG:colcon:Parsed command line arguments: Namespace(log_base=None, log_level=None, verb_name='build', build_base='build', install_base='install', merge_install=False, symlink_install=True, test_result_base=None, continue_on_error=False, executor='parallel', parallel_workers=12, event_handlers=None, ignore_user_meta=False, metas=['./colcon.meta'], base_paths=['.'], packages_ignore=None, packages_ignore_regex=None, paths=None, packages_up_to=None, packages_up_to_regex=None, packages_above=None, packages_above_and_dependencies=None, packages_above_depth=None, packages_select_by_dep=None, packages_skip_by_dep=None, packages_skip_up_to=None, packages_select_build_failed=False, packages_skip_build_finished=False, packages_select_test_failures=False, packages_skip_test_passed=False, packages_select=['frob_interfaces', 'frob_perception', 'frob_mission'], packages_skip=None, packages_select_regex=None, packages_skip_regex=None, packages_start=None, packages_end=None, allow_overriding=[], cmake_args=None, cmake_target=None, cmake_target_skip_unavailable=False, cmake_clean_cache=False, cmake_clean_first=False, cmake_force_configure=False, ament_cmake_args=None, catkin_cmake_args=None, catkin_skip_building_tests=False, mixin_files=None, mixin=None, verb_parser=<colcon_mixin.mixin.mixin_argument.MixinArgumentDecorator object at 0x70c17cc9ff20>, verb_extension=<colcon_core.verb.build.BuildVerb object at 0x70c17cc9fc80>, main=<bound method BuildVerb.main of <colcon_core.verb.build.BuildVerb object at 0x70c17cc9fc80>>, mixin_verb=('build',))
[0.082s] Level 1:colcon.colcon_core.package_discovery:discover_packages(colcon_meta) check parameters
[0.082s] Level 1:colcon.colcon_core.package_discovery:discover_packages(recursive) check parameters
[0.082s] Level 1:colcon.colcon_core.package_discovery:discover_packages(ignore) check parameters
[0.082s] Level 1:colcon.colcon_core.package_discovery:discover_packages(path) check parameters
[0.082s] Level 1:colcon.colcon_core.package_discovery:discover_packages(colcon_meta) discover
[0.082s] Level 1:colcon.colcon_core.package_discovery:discover_packages(recursive) discover
[0.082s] INFO:colcon.colcon_core.package_discovery:Crawling recursively for packages in '/home/vsadnik/ros2_ws/frob_robot'
[0.082s] Level 1:colcon.colcon_core.package_identification:_identify(.) by extensions ['ignore', 'ignore_ament_install']
[0.082s] Level 1:colcon.colcon_core.package_identification:_identify(.) by extension 'ignore'
[0.082s] Level 1:colcon.colcon_core.package_identification:_identify(.) by extension 'ignore_ament_install'
[0.082s] Level 1:colcon.colcon_core.package_identification:_identify(.) by extensions ['colcon_pkg']
[0.082s] Level 1:colcon.colcon_core.package_identification:_identify(.) by extension 'colcon_pkg'
[0.082s] Level 1:colcon.colcon_core.package_identification:_identify(.) by extensions ['colcon_meta']
[0.082s] Level 1:colcon.colcon_core.package_identification:_identify(.) by extension 'colcon_meta'
[0.082s] Level 1:colcon.colcon_core.package_identification:_identify(.) by extensions ['ros']
[0.082s] Level 1:colcon.colcon_core.package_identification:_identify(.) by extension 'ros'
[0.096s] Level 1:colcon.colcon_core.package_identification:_identify(.) by extensions ['cmake', 'python']
[0.096s] Level 1:colcon.colcon_core.package_identification:_identify(.) by extension 'cmake'
[0.096s] Level 1:colcon.colcon_core.package_identification:_identify(.) by extension 'python'
[0.096s] Level 1:colcon.colcon_core.package_identification:_identify(.) by extensions ['python_setup_py']
[0.096s] Level 1:colcon.colcon_core.package_identification:_identify(.) by extension 'python_setup_py'
[0.096s] Level 1:colcon.colcon_core.package_identification:_identify(build) by extensions ['ignore', 'ignore_ament_install']
[0.097s] Level 1:colcon.colcon_core.package_identification:_identify(build) by extension 'ignore'
[0.097s] Level 1:colcon.colcon_core.package_identification:_identify(build) ignored
[0.097s] Level 1:colcon.colcon_core.package_identification:_identify(graph) by extensions ['ignore', 'ignore_ament_install']
[0.097s] Level 1:colcon.colcon_core.package_identification:_identify(graph) by extension 'ignore'
[0.097s] Level 1:colcon.colcon_core.package_identification:_identify(graph) by extension 'ignore_ament_install'
[0.097s] Level 1:colcon.colcon_core.package_identification:_identify(graph) by extensions ['colcon_pkg']
[0.097s] Level 1:colcon.colcon_core.package_identification:_identify(graph) by extension 'colcon_pkg'
[0.097s] Level 1:colcon.colcon_core.package_identification:_identify(graph) by extensions ['colcon_meta']
[0.097s] Level 1:colcon.colcon_core.package_identification:_identify(graph) by extension 'colcon_meta'
[0.097s] Level 1:colcon.colcon_core.package_identification:_identify(graph) by extensions ['ros']
[0.097s] Level 1:colcon.colcon_core.package_identification:_identify(graph) by extension 'ros'
[0.097s] Level 1:colcon.colcon_core.package_identification:_identify(graph) by extensions ['cmake', 'python']
[0.097s] Level 1:colcon.colcon_core.package_identification:_identify(graph) by extension 'cmake'
[0.097s] Level 1:colcon.colcon_core.package_identification:_identify(graph) by extension 'python'
[0.097s] Level 1:colcon.colcon_core.package_identification:_identify(graph) by extensions ['python_setup_py']
[0.097s] Level 1:colcon.colcon_core.package_identification:_identify(graph) by extension 'python_setup_py'
[0.097s] Level 1:colcon.colcon_core.package_identification:_identify(install) by extensions ['ignore', 'ignore_ament_install']
[0.097s] Level 1:colcon.colcon_core.package_identification:_identify(install) by extension 'ignore'
[0.097s] Level 1:colcon.colcon_core.package_identification:_identify(install) ignored
[0.097s] Level 1:colcon.colcon_core.package_identification:_identify(log) by extensions ['ignore', 'ignore_ament_install']
[0.097s] Level 1:colcon.colcon_core.package_identification:_identify(log) by extension 'ignore'
[0.097s] Level 1:colcon.colcon_core.package_identification:_identify(log) ignored
[0.097s] Level 1:colcon.colcon_core.package_identification:_identify(src) by extensions ['ignore', 'ignore_ament_install']
[0.097s] Level 1:colcon.colcon_core.package_identification:_identify(src) by extension 'ignore'
[0.097s] Level 1:colcon.colcon_core.package_identification:_identify(src) by extension 'ignore_ament_install'
[0.097s] Level 1:colcon.colcon_core.package_identification:_identify(src) by extensions ['colcon_pkg']
[0.097s] Level 1:colcon.colcon_core.package_identification:_identify(src) by extension 'colcon_pkg'
[0.097s] Level 1:colcon.colcon_core.package_identification:_identify(src) by extensions ['colcon_meta']
[0.097s] Level 1:colcon.colcon_core.package_identification:_identify(src) by extension 'colcon_meta'
[0.097s] Level 1:colcon.colcon_core.package_identification:_identify(src) by extensions ['ros']
[0.097s] Level 1:colcon.colcon_core.package_identification:_identify(src) by extension 'ros'
[0.097s] Level 1:colcon.colcon_core.package_identification:_identify(src) by extensions ['cmake', 'python']
[0.097s] Level 1:colcon.colcon_core.package_identification:_identify(src) by extension 'cmake'
[0.097s] Level 1:colcon.colcon_core.package_identification:_identify(src) by extension 'python'
[0.097s] Level 1:colcon.colcon_core.package_identification:_identify(src) by extensions ['python_setup_py']
[0.097s] Level 1:colcon.colcon_core.package_identification:_identify(src) by extension 'python_setup_py'
[0.097s] Level 1:colcon.colcon_core.package_identification:_identify(src/frob_bringup) by extensions ['ignore', 'ignore_ament_install']
[0.098s] Level 1:colcon.colcon_core.package_identification:_identify(src/frob_bringup) by extension 'ignore'
[0.098s] Level 1:colcon.colcon_core.package_identification:_identify(src/frob_bringup) by extension 'ignore_ament_install'
[0.098s] Level 1:colcon.colcon_core.package_identification:_identify(src/frob_bringup) by extensions ['colcon_pkg']
[0.098s] Level 1:colcon.colcon_core.package_identification:_identify(src/frob_bringup) by extension 'colcon_pkg'
[0.098s] Level 1:colcon.colcon_core.package_identification:_identify(src/frob_bringup) by extensions ['colcon_meta']
[0.098s] Level 1:colcon.colcon_core.package_identification:_identify(src/frob_bringup) by extension 'colcon_meta'
[0.098s] Level 1:colcon.colcon_core.package_identification:_identify(src/frob_bringup) by extensions ['ros']
[0.098s] Level 1:colcon.colcon_core.package_identification:_identify(src/frob_bringup) by extension 'ros'
[0.099s] DEBUG:colcon.colcon_core.package_identification:Package 'src/frob_bringup' with type 'ros.ament_python' and name 'frob_bringup'
[0.099s] Level 1:colcon.colcon_core.package_identification:_identify(src/frob_control) by extensions ['ignore', 'ignore_ament_install']
[0.099s] Level 1:colcon.colcon_core.package_identification:_identify(src/frob_control) by extension 'ignore'
[0.099s] Level 1:colcon.colcon_core.package_identification:_identify(src/frob_control) by extension 'ignore_ament_install'
[0.099s] Level 1:colcon.colcon_core.package_identification:_identify(src/frob_control) by extensions ['colcon_pkg']
[0.099s] Level 1:colcon.colcon_core.package_identification:_identify(src/frob_control) by extension 'colcon_pkg'
[0.099s] Level 1:colcon.colcon_core.package_identification:_identify(src/frob_control) by extensions ['colcon_meta']
[0.099s] Level 1:colcon.colcon_core.package_identification:_identify(src/frob_control) by extension 'colcon_meta'
[0.099s] Level 1:colcon.colcon_core.package_identification:_identify(src/frob_control) by extensions ['ros']
[0.099s] Level 1:colcon.colcon_core.package_identification:_identify(src/frob_control) by extension 'ros'
[0.100s] DEBUG:colcon.colcon_core.package_identification:Package 'src/frob_control' with type 'ros.ament_python' and name 'frob_control'
[0.100s] Level 1:colcon.colcon_core.package_identification:_identify(src/frob_description) by extensions ['ignore', 'ignore_ament_install']
[0.100s] Level 1:colcon.colcon_core.package_identification:_identify(src/frob_description) by extension 'ignore'
[0.100s] Level 1:colcon.colcon_core.package_identification:_identify(src/frob_description) by extension 'ignore_ament_install'
[0.100s] Level 1:colcon.colcon_core.package_identification:_identify(src/frob_description) by extensions ['colcon_pkg']
[0.100s] Level 1:colcon.colcon_core.package_identification:_identify(src/frob_description) by extension 'colcon_pkg'
[0.100s] Level 1:colcon.colcon_core.package_identification:_identify(src/frob_description) by extensions ['colcon_meta']
[0.100s] Level 1:colcon.colcon_core.package_identification:_identify(src/frob_description) by extension 'colcon_meta'
[0.100s] Level 1:colcon.colcon_core.package_identification:_identify(src/frob_description) by extensions ['ros']
[0.100s] Level 1:colcon.colcon_core.package_identification:_identify(src/frob_description) by extension 'ros'
[0.100s] DEBUG:colcon.colcon_core.package_identification:Package 'src/frob_description' with type 'ros.ament_python' and name 'frob_description'
[0.100s] Level 1:colcon.colcon_core.package_identification:_identify(src/frob_interfaces) by extensions ['ignore', 'ignore_ament_install']
[0.100s] Level 1:colcon.colcon_core.package_identification:_identify(src/frob_interfaces) by extension 'ignore'
[0.100s] Level 1:colcon.colcon_core.package_identification:_identify(src/frob_interfaces) by extension 'ignore_ament_install'
[0.100s] Level 1:colcon.colcon_core.package_identification:_identify(src/frob_interfaces) by extensions ['colcon_pkg']
[0.100s] Level 1:colcon.colcon_core.package_identification:_identify(src/frob_interfaces) by extension 'colcon_pkg'
[0.100s] Level 1:colcon.colcon_core.package_identification:_identify(src/frob_interfaces) by extensions ['colcon_meta']
[0.100s] Level 1:colcon.colcon_core.package_identification:_identify(src/frob_interfaces) by extension 'colcon_meta'
[0.100s] Level 1:colcon.colcon_core.package_identification:_identify(src/frob_interfaces) by extensions ['ros']
[0.100s] Level 1:colcon.colcon_core.package_identification:_identify(src/frob_interfaces) by extension 'ros'
[0.101s] DEBUG:colcon.colcon_core.package_identification:Package 'src/frob_interfaces' with type 'ros.ament_cmake' and name 'frob_interfaces'
[0.101s] Level 1:colcon.colcon_core.package_identification:_identify(src/frob_mission) by extensions ['ignore', 'ignore_ament_install']
[0.101s] Level 1:colcon.colcon_core.package_identification:_identify(src/frob_mission) by extension 'ignore'
[0.101s] Level 1:colcon.colcon_core.package_identification:_identify(src/frob_mission) by extension 'ignore_ament_install'
[0.101s] Level 1:colcon.colcon_core.package_identification:_identify(src/frob_mission) by extensions ['colcon_pkg']
[0.101s] Level 1:colcon.colcon_core.package_identification:_identify(src/frob_mission) by extension 'colcon_pkg'
[0.101s] Level 1:colcon.colcon_core.package_identification:_identify(src/frob_mission) by extensions ['colcon_meta']
[0.101s] Level 1:colcon.colcon_core.package_identification:_identify(src/frob_mission) by extension 'colcon_meta'
[0.101s] Level 1:colcon.colcon_core.package_identification:_identify(src/frob_mission) by extensions ['ros']
[0.101s] Level 1:colcon.colcon_core.package_identification:_identify(src/frob_mission) by extension 'ros'
[0.101s] DEBUG:colcon.colcon_core.package_identification:Package 'src/frob_mission' with type 'ros.ament_python' and name 'frob_mission'
[0.101s] Level 1:colcon.colcon_core.package_identification:_identify(src/frob_navigation) by extensions ['ignore', 'ignore_ament_install']
[0.101s] Level 1:colcon.colcon_core.package_identification:_identify(src/frob_navigation) by extension 'ignore'
[0.101s] Level 1:colcon.colcon_core.package_identification:_identify(src/frob_navigation) by extension 'ignore_ament_install'
[0.101s] Level 1:colcon.colcon_core.package_identification:_identify(src/frob_navigation) by extensions ['colcon_pkg']
[0.101s] Level 1:colcon.colcon_core.package_identification:_identify(src/frob_navigation) by extension 'colcon_pkg'
[0.101s] Level 1:colcon.colcon_core.package_identification:_identify(src/frob_navigation) by extensions ['colcon_meta']
[0.101s] Level 1:colcon.colcon_core.package_identification:_identify(src/frob_navigation) by extension 'colcon_meta'
[0.102s] Level 1:colcon.colcon_core.package_identification:_identify(src/frob_navigation) by extensions ['ros']
[0.102s] Level 1:colcon.colcon_core.package_identification:_identify(src/frob_navigation) by extension 'ros'
[0.102s] DEBUG:colcon.colcon_core.package_identification:Package 'src/frob_navigation' with type 'ros.ament_python' and name 'frob_navigation'
[0.102s] Level 1:colcon.colcon_core.package_identification:_identify(src/frob_odometry) by extensions ['ignore', 'ignore_ament_install']
[0.102s] Level 1:colcon.colcon_core.package_identification:_identify(src/frob_odometry) by extension 'ignore'
[0.102s] Level 1:colcon.colcon_core.package_identification:_identify(src/frob_odometry) by extension 'ignore_ament_install'
[0.102s] Level 1:colcon.colcon_core.package_identification:_identify(src/frob_odometry) by extensions ['colcon_pkg']
[0.102s] Level 1:colcon.colcon_core.package_identification:_identify(src/frob_odometry) by extension 'colcon_pkg'
[0.102s] Level 1:colcon.colcon_core.package_identification:_identify(src/frob_odometry) by extensions ['colcon_meta']
[0.102s] Level 1:colcon.colcon_core.package_identification:_identify(src/frob_odometry) by extension 'colcon_meta'
[0.102s] Level 1:colcon.colcon_core.package_identification:_identify(src/frob_odometry) by extensions ['ros']
[0.102s] Level 1:colcon.colcon_core.package_identification:_identify(src/frob_odometry) by extension 'ros'
[0.102s] DEBUG:colcon.colcon_core.package_identification:Package 'src/frob_odometry' with type 'ros.ament_python' and name 'frob_odometry'
[0.102s] Level 1:colcon.colcon_core.package_identification:_identify(src/frob_perception) by extensions ['ignore', 'ignore_ament_install']
[0.102s] Level 1:colcon.colcon_core.package_identification:_identify(src/frob_perception) by extension 'ignore'
[0.103s] Level 1:colcon.colcon_core.package_identification:_identify(src/frob_perception) by extension 'ignore_ament_install'
[0.103s] Level 1:colcon.colcon_core.package_identification:_identify(src/frob_perception) by extensions ['colcon_pkg']
[0.103s] Level 1:colcon.colcon_core.package_identification:_identify(src/frob_perception) by extension 'colcon_pkg'
[0.103s] Level 1:colcon.colcon_core.package_identification:_identify(src/frob_perception) by extensions ['colcon_meta']
[0.103s] Level 1:colcon.colcon_core.package_identification:_identify(src/frob_perception) by extension 'colcon_meta'
[0.103s] Level 1:colcon.colcon_core.package_identification:_identify(src/frob_perception) by extensions ['ros']
[0.103s] Level 1:colcon.colcon_core.package_identification:_identify(src/frob_perception) by extension 'ros'
[0.103s] DEBUG:colcon.colcon_core.package_identification:Package 'src/frob_perception' with type 'ros.ament_python' and name 'frob_perception'
[0.103s] Level 1:colcon.colcon_core.package_identification:_identify(src/keyboard_vel_control) by extensions ['ignore', 'ignore_ament_install']
[0.103s] Level 1:colcon.colcon_core.package_identification:_identify(src/keyboard_vel_control) by extension 'ignore'
[0.103s] Level 1:colcon.colcon_core.package_identification:_identify(src/keyboard_vel_control) by extension 'ignore_ament_install'
[0.103s] Level 1:colcon.colcon_core.package_identification:_identify(src/keyboard_vel_control) by extensions ['colcon_pkg']
[0.103s] Level 1:colcon.colcon_core.package_identification:_identify(src/keyboard_vel_control) by extension 'colcon_pkg'
[0.103s] Level 1:colcon.colcon_core.package_identification:_identify(src/keyboard_vel_control) by extensions ['colcon_meta']
[0.103s] Level 1:colcon.colcon_core.package_identification:_identify(src/keyboard_vel_control) by extension 'colcon_meta'
[0.103s] Level 1:colcon.colcon_core.package_identification:_identify(src/keyboard_vel_control) by extensions ['ros']
[0.103s] Level 1:colcon.colcon_core.package_identification:_identify(src/keyboard_vel_control) by extension 'ros'
[0.103s] DEBUG:colcon.colcon_core.package_identification:Package 'src/keyboard_vel_control' with type 'ros.ament_python' and name 'keyboard_vel_control'
[0.104s] Level 1:colcon.colcon_core.package_identification:_identify(src/lidar_filter) by extensions ['ignore', 'ignore_ament_install']
[0.104s] Level 1:colcon.colcon_core.package_identification:_identify(src/lidar_filter) by extension 'ignore'
[0.104s] Level 1:colcon.colcon_core.package_identification:_identify(src/lidar_filter) by extension 'ignore_ament_install'
[0.104s] Level 1:colcon.colcon_core.package_identification:_identify(src/lidar_filter) by extensions ['colcon_pkg']
[0.104s] Level 1:colcon.colcon_core.package_identification:_identify(src/lidar_filter) by extension 'colcon_pkg'
[0.104s] Level 1:colcon.colcon_core.package_identification:_identify(src/lidar_filter) by extensions ['colcon_meta']
[0.104s] Level 1:colcon.colcon_core.package_identification:_identify(src/lidar_filter) by extension 'colcon_meta'
[0.104s] Level 1:colcon.colcon_core.package_identification:_identify(src/lidar_filter) by extensions ['ros']
[0.104s] Level 1:colcon.colcon_core.package_identification:_identify(src/lidar_filter) by extension 'ros'
[0.104s] DEBUG:colcon.colcon_core.package_identification:Package 'src/lidar_filter' with type 'ros.ament_python' and name 'lidar_filter'
[0.104s] Level 1:colcon.colcon_core.package_identification:_identify(src/rf2o_laser_odometry) by extensions ['ignore', 'ignore_ament_install']
[0.104s] Level 1:colcon.colcon_core.package_identification:_identify(src/rf2o_laser_odometry) by extension 'ignore'
[0.104s] Level 1:colcon.colcon_core.package_identification:_identify(src/rf2o_laser_odometry) by extension 'ignore_ament_install'
[0.104s] Level 1:colcon.colcon_core.package_identification:_identify(src/rf2o_laser_odometry) by extensions ['colcon_pkg']
[0.104s] Level 1:colcon.colcon_core.package_identification:_identify(src/rf2o_laser_odometry) by extension 'colcon_pkg'
[0.104s] Level 1:colcon.colcon_core.package_identification:_identify(src/rf2o_laser_odometry) by extensions ['colcon_meta']
[0.104s] Level 1:colcon.colcon_core.package_identification:_identify(src/rf2o_laser_odometry) by extension 'colcon_meta'
[0.104s] Level 1:colcon.colcon_core.package_identification:_identify(src/rf2o_laser_odometry) by extensions ['ros']
[0.104s] Level 1:colcon.colcon_core.package_identification:_identify(src/rf2o_laser_odometry) by extension 'ros'
[0.105s] DEBUG:colcon.colcon_core.package_identification:Package 'src/rf2o_laser_odometry' with type 'ros.ament_cmake' and name 'rf2o_laser_odometry'
[0.105s] Level 1:colcon.colcon_core.package_identification:_identify(src/ros2_arduino_bridge) by extensions ['ignore', 'ignore_ament_install']
[0.105s] Level 1:colcon.colcon_core.package_identification:_identify(src/ros2_arduino_bridge) by extension 'ignore'
[0.105s] Level 1:colcon.colcon_core.package_identification:_identify(src/ros2_arduino_bridge) by extension 'ignore_ament_install'
[0.105s] Level 1:colcon.colcon_core.package_identification:_identify(src/ros2_arduino_bridge) by extensions ['colcon_pkg']
[0.105s] Level 1:colcon.colcon_core.package_identification:_identify(src/ros2_arduino_bridge) by extension 'colcon_pkg'
[0.105s] Level 1:colcon.colcon_core.package_identification:_identify(src/ros2_arduino_bridge) by extensions ['colcon_meta']
[0.105s] Level 1:colcon.colcon_core.package_identification:_identify(src/ros2_arduino_bridge) by extension 'colcon_meta'
[0.105s] Level 1:colcon.colcon_core.package_identification:_identify(src/ros2_arduino_bridge) by extensions ['ros']
[0.105s] Level 1:colcon.colcon_core.package_identification:_identify(src/ros2_arduino_bridge) by extension 'ros'
[0.105s] DEBUG:colcon.colcon_core.package_identification:Package 'src/ros2_arduino_bridge' with type 'ros.ament_python' and name 'ros2_arduino_bridge'
[0.105s] Level 1:colcon.colcon_core.package_identification:_identify(src/ros2_mpu6050) by extensions ['ignore', 'ignore_ament_install']
[0.105s] Level 1:colcon.colcon_core.package_identification:_identify(src/ros2_mpu6050) by extension 'ignore'
[0.105s] Level 1:colcon.colcon_core.package_identification:_identify(src/ros2_mpu6050) by extension 'ignore_ament_install'
[0.105s] Level 1:colcon.colcon_core.package_identification:_identify(src/ros2_mpu6050) by extensions ['colcon_pkg']
[0.105s] Level 1:colcon.colcon_core.package_identification:_identify(src/ros2_mpu6050) by extension 'colcon_pkg'
[0.105s] Level 1:colcon.colcon_core.package_identification:_identify(src/ros2_mpu6050) by extensions ['colcon_meta']
[0.105s] Level 1:colcon.colcon_core.package_identification:_identify(src/ros2_mpu6050) by extension 'colcon_meta'
[0.105s] Level 1:colcon.colcon_core.package_identification:_identify(src/ros2_mpu6050) by extensions ['ros']
[0.105s] Level 1:colcon.colcon_core.package_identification:_identify(src/ros2_mpu6050) by extension 'ros'
[0.106s] DEBUG:colcon.colcon_core.package_identification:Package 'src/ros2_mpu6050' with type 'ros.ament_cmake' and name 'ros2_mpu6050'
[0.106s] Level 1:colcon.colcon_core.package_identification:_identify(src/sllidar_ros2) by extensions ['ignore', 'ignore_ament_install']
[0.106s] Level 1:colcon.colcon_core.package_identification:_identify(src/sllidar_ros2) by extension 'ignore'
[0.106s] Level 1:colcon.colcon_core.package_identification:_identify(src/sllidar_ros2) by extension 'ignore_ament_install'
[0.106s] Level 1:colcon.colcon_core.package_identification:_identify(src/sllidar_ros2) by extensions ['colcon_pkg']
[0.106s] Level 1:colcon.colcon_core.package_identification:_identify(src/sllidar_ros2) by extension 'colcon_pkg'
[0.106s] Level 1:colcon.colcon_core.package_identification:_identify(src/sllidar_ros2) by extensions ['colcon_meta']
[0.106s] Level 1:colcon.colcon_core.package_identification:_identify(src/sllidar_ros2) by extension 'colcon_meta'
[0.106s] Level 1:colcon.colcon_core.package_identification:_identify(src/sllidar_ros2) by extensions ['ros']
[0.106s] Level 1:colcon.colcon_core.package_identification:_identify(src/sllidar_ros2) by extension 'ros'
[0.106s] DEBUG:colcon.colcon_core.package_identification:Package 'src/sllidar_ros2' with type 'ros.ament_cmake' and name 'sllidar_ros2'
[0.106s] Level 1:colcon.colcon_core.package_discovery:discover_packages(recursive) using defaults
[0.106s] Level 1:colcon.colcon_core.package_discovery:discover_packages(ignore) discover
[0.106s] Level 1:colcon.colcon_core.package_discovery:discover_packages(ignore) using defaults
[0.106s] Level 1:colcon.colcon_core.package_discovery:discover_packages(path) discover
[0.106s] Level 1:colcon.colcon_core.package_discovery:discover_packages(path) using defaults
[0.117s] INFO:colcon.colcon_core.package_selection:Skipping not selected package 'frob_control' in 'src/frob_control'
[0.117s] INFO:colcon.colcon_core.package_selection:Skipping not selected package 'frob_description' in 'src/frob_description'
[0.117s] INFO:colcon.colcon_core.package_selection:Skipping not selected package 'frob_navigation' in 'src/frob_navigation'
[0.117s] INFO:colcon.colcon_core.package_selection:Skipping not selected package 'frob_odometry' in 'src/frob_odometry'
[0.117s] INFO:colcon.colcon_core.package_selection:Skipping not selected package 'keyboard_vel_control' in 'src/keyboard_vel_control'
[0.117s] INFO:colcon.colcon_core.package_selection:Skipping not selected package 'lidar_filter' in 'src/lidar_filter'
[0.117s] INFO:colcon.colcon_core.package_selection:Skipping not selected package 'rf2o_laser_odometry' in 'src/rf2o_laser_odometry'
[0.117s] INFO:colcon.colcon_core.package_selection:Skipping not selected package 'ros2_mpu6050' in 'src/ros2_mpu6050'
[0.117s] INFO:colcon.colcon_core.package_selection:Skipping not selected package 'sllidar_ros2' in 'src/sllidar_ros2'
[0.117s] INFO:colcon.colcon_core.package_selection:Skipping not selected package 'ros2_arduino_bridge' in 'src/ros2_arduino_bridge'
[0.117s] INFO:colcon.colcon_core.package_selection:Skipping not selected package 'frob_bringup' in 'src/frob_bringup'
[0.117s] Level 1:colcon.colcon_core.package_discovery:discover_packages(prefix_path) check parameters
[0.117s] Level 1:colcon.colcon_core.package_discovery:discover_packages(prefix_path) discover
[0.119s] DEBUG:colcon.colcon_installed_package_information.package_discovery:Found 320 installed packages in /opt/ros/jazzy
[0.119s] Level 1:colcon.colcon_core.package_discovery:discover_packages(prefix_path) using defaults
[0.141s] Level 5:colcon.colcon_core.verb:set package 'frob_interfaces' build argument 'cmake_args' from command line to 'None'
[0.141s] Level 5:colcon.colcon_core.verb:set package 'frob_interfaces' build argument 'cmake_target' from command line to 'None'
[0.141s] Level 5:colcon.colcon_core.verb:set package 'frob_interfaces' build argument 'cmake_target_skip_unavailable' from command line to 'False'
[0.141s] Level 5:colcon.colcon_core.verb:set package 'frob_interfaces' build argument 'cmake_clean_cache' from command line to 'False'
[0.141s] Level 5:colcon.colcon_core.verb:set package 'frob_interfaces' build argument 'cmake_clean_first' from command line to 'False'
[0.142s] Level 5:colcon.colcon_core.verb:set package 'frob_interfaces' build argument 'cmake_force_configure' from command line to 'False'
[0.142s] Level 5:colcon.colcon_core.verb:set package 'frob_interfaces' build argument 'ament_cmake_args' from command line to 'None'
[0.142s] Level 5:colcon.colcon_core.verb:set package 'frob_interfaces' build argument 'catkin_cmake_args' from command line to 'None'
[0.142s] Level 5:colcon.colcon_core.verb:set package 'frob_interfaces' build argument 'catkin_skip_building_tests' from command line to 'False'
[0.142s] DEBUG:colcon.colcon_core.verb:Building package 'frob_interfaces' with the following arguments: {'ament_cmake_args': None, 'build_base': '/home/vsadnik/ros2_ws/frob_robot/build/frob_interfaces', 'catkin_cmake_args': None, 'catkin_skip_building_tests': False, 'cmake_args': None, 'cmake_clean_cache': False, 'cmake_clean_first': False, 'cmake_force_configure': False, 'cmake_target': None, 'cmake_target_skip_unavailable': False, 'install_base': '/home/vsadnik/ros2_ws/frob_robot/install/frob_interfaces', 'merge_install': False, 'path': '/home/vsadnik/ros2_ws/frob_robot/src/frob_interfaces', 'symlink_install': True, 'test_result_base': None}
[0.142s] Level 5:colcon.colcon_core.verb:set package 'frob_mission' build argument 'cmake_args' from command line to 'None'
[0.142s] Level 5:colcon.colcon_core.verb:set package 'frob_mission' build argument 'cmake_target' from command line to 'None'
[0.142s] Level 5:colcon.colcon_core.verb:set package 'frob_mission' build argument 'cmake_target_skip_unavailable' from command line to 'False'
[0.142s] Level 5:colcon.colcon_core.verb:set package 'frob_mission' build argument 'cmake_clean_cache' from command line to 'False'
[0.142s] Level 5:colcon.colcon_core.verb:set package 'frob_mission' build argument 'cmake_clean_first' from command line to 'False'
[0.142s] Level 5:colcon.colcon_core.verb:set package 'frob_mission' build argument 'cmake_force_configure' from command line to 'False'
[0.142s] Level 5:colcon.colcon_core.verb:set package 'frob_mission' build argument 'ament_cmake_args' from command line to 'None'
[0.142s] Level 5:colcon.colcon_core.verb:set package 'frob_mission' build argument 'catkin_cmake_args' from command line to 'None'
[0.142s] Level 5:colcon.colcon_core.verb:set package 'frob_mission' build argument 'catkin_skip_building_tests' from command line to 'False'
[0.142s] DEBUG:colcon.colcon_core.verb:Building package 'frob_mission' with the following arguments: {'ament_cmake_args': None, 'build_base': '/home/vsadnik/ros2_ws/frob_robot/build/frob_mission', 'catkin_cmake_args': None, 'catkin_skip_building_tests': False, 'cmake_args': None, 'cmake_clean_cache': False, 'cmake_clean_first': False, 'cmake_force_configure': False, 'cmake_target': None, 'cmake_target_skip_unavailable': False, 'install_base': '/home/vsadnik/ros2_ws/frob_robot/install/frob_mission', 'merge_install': False, 'path': '/home/vsadnik/ros2_ws/frob_robot/src/frob_mission', 'symlink_install': True, 'test_result_base': None}
[0.142s] Level 5:colcon.colcon_core.verb:set package 'frob_perception' build argument 'cmake_args' from command line to 'None'
[0.142s] Level 5:colcon.colcon_core.verb:set package 'frob_perception' build argument 'cmake_target' from command line to 'None'
[0.142s] Level 5:colcon.colcon_core.verb:set package 'frob_perception' build argument 'cmake_target_skip_unavailable' from command line to 'False'
[0.142s] Level 5:colcon.colcon_core.verb:set package 'frob_perception' build argument 'cmake_clean_cache' from command line to 'False'
[0.142s] Level 5:colcon.colcon_core.verb:set package 'frob_perception' build argument 'cmake_clean_first' from command line to 'False'
[0.142s] Level 5:colcon.colcon_core.verb:set package 'frob_perception' build argument 'cmake_force_configure' from command line to 'False'
[0.142s] Level 5:colcon.colcon_core.verb:set package 'frob_perception' build argument 'ament_cmake_args' from command line to 'None'
[0.142s] Level 5:colcon.colcon_core.verb:set package 'frob_perception' build argument 'catkin_cmake_args' from command line to 'None'
[0.142s] Level 5:colcon.colcon_core.verb:set package 'frob_perception' build argument 'catkin_skip_building_tests' from command line to 'False'
[0.142s] DEBUG:colcon.colcon_core.verb:Building package 'frob_perception' with the following arguments: {'ament_cmake_args': None, 'build_base': '/home/vsadnik/ros2_ws/frob_robot/build/frob_perception', 'catkin_cmake_args': None, 'catkin_skip_building_tests': False, 'cmake_args': None, 'cmake_clean_cache': False, 'cmake_clean_first': False, 'cmake_force_configure': False, 'cmake_target': None, 'cmake_target_skip_unavailable': False, 'install_base': '/home/vsadnik/ros2_ws/frob_robot/install/frob_perception', 'merge_install': False, 'path': '/home/vsadnik/ros2_ws/frob_robot/src/frob_perception', 'symlink_install': True, 'test_result_base': None}
[0.142s] INFO:colcon.colcon_core.executor:Executing jobs using 'parallel' executor
[0.143s] DEBUG:colcon.colcon_parallel_executor.executor.parallel:run_until_complete
[0.143s] INFO:colcon.colcon_ros.task.ament_cmake.build:Building ROS package in '/home/vsadnik/ros2_ws/frob_robot/src/frob_interfaces' with build type 'ament_cmake'
[0.143s] INFO:colcon.colcon_cmake.task.cmake.build:Building CMake package in '/home/vsadnik/ros2_ws/frob_robot/src/frob_interfaces'
[0.144s] INFO:colcon.colcon_core.plugin_system:Skipping extension 'colcon_core.shell.bat': Not used on non-Windows systems
[0.144s] INFO:colcon.colcon_core.shell:Skip shell extension 'powershell' for command environment: Not usable outside of PowerShell
[0.144s] DEBUG:colcon.colcon_core.shell:Skip shell extension 'dsv' for command environment
[0.148s] DEBUG:colcon.colcon_core.event_handler.log_command:Invoking command in '/home/vsadnik/ros2_ws/frob_robot/build/frob_interfaces': CMAKE_PREFIX_PATH=${CMAKE_PREFIX_PATH}:/opt/ros/jazzy DEBUGINFOD_URLS=https://debuginfod.ubuntu.com /usr/bin/cmake /home/vsadnik/ros2_ws/frob_robot/src/frob_interfaces -DAMENT_CMAKE_SYMLINK_INSTALL=1 -DCMAKE_INSTALL_PREFIX=/home/vsadnik/ros2_ws/frob_robot/install/frob_interfaces
[2.493s] DEBUG:colcon.colcon_core.event_handler.log_command:Invoked command in '/home/vsadnik/ros2_ws/frob_robot/build/frob_interfaces' returned '0': CMAKE_PREFIX_PATH=${CMAKE_PREFIX_PATH}:/opt/ros/jazzy DEBUGINFOD_URLS=https://debuginfod.ubuntu.com /usr/bin/cmake /home/vsadnik/ros2_ws/frob_robot/src/frob_interfaces -DAMENT_CMAKE_SYMLINK_INSTALL=1 -DCMAKE_INSTALL_PREFIX=/home/vsadnik/ros2_ws/frob_robot/install/frob_interfaces
[2.494s] DEBUG:colcon.colcon_core.event_handler.log_command:Invoking command in '/home/vsadnik/ros2_ws/frob_robot/build/frob_interfaces': CMAKE_PREFIX_PATH=${CMAKE_PREFIX_PATH}:/opt/ros/jazzy DEBUGINFOD_URLS=https://debuginfod.ubuntu.com /usr/bin/cmake --build /home/vsadnik/ros2_ws/frob_robot/build/frob_interfaces -- -j12 -l12
[7.048s] DEBUG:colcon.colcon_core.event_handler.log_command:Invoked command in '/home/vsadnik/ros2_ws/frob_robot/build/frob_interfaces' returned '0': CMAKE_PREFIX_PATH=${CMAKE_PREFIX_PATH}:/opt/ros/jazzy DEBUGINFOD_URLS=https://debuginfod.ubuntu.com /usr/bin/cmake --build /home/vsadnik/ros2_ws/frob_robot/build/frob_interfaces -- -j12 -l12
[7.056s] DEBUG:colcon.colcon_core.event_handler.log_command:Invoking command in '/home/vsadnik/ros2_ws/frob_robot/build/frob_interfaces': CMAKE_PREFIX_PATH=${CMAKE_PREFIX_PATH}:/opt/ros/jazzy DEBUGINFOD_URLS=https://debuginfod.ubuntu.com /usr/bin/cmake --install /home/vsadnik/ros2_ws/frob_robot/build/frob_interfaces
[8.532s] Level 1:colcon.colcon_core.environment:create_environment_scripts_only(frob_interfaces)
[8.533s] DEBUG:colcon.colcon_core.event_handler.log_command:Invoked command in '/home/vsadnik/ros2_ws/frob_robot/build/frob_interfaces' returned '0': CMAKE_PREFIX_PATH=${CMAKE_PREFIX_PATH}:/opt/ros/jazzy DEBUGINFOD_URLS=https://debuginfod.ubuntu.com /usr/bin/cmake --install /home/vsadnik/ros2_ws/frob_robot/build/frob_interfaces
[8.534s] Level 1:colcon.colcon_core.environment:checking '/home/vsadnik/ros2_ws/frob_robot/install/frob_interfaces' for CMake module files
[8.535s] Level 1:colcon.colcon_core.environment:checking '/home/vsadnik/ros2_ws/frob_robot/install/frob_interfaces' for CMake config files
[8.536s] Level 1:colcon.colcon_core.shell:create_environment_hook('frob_interfaces', 'cmake_prefix_path')
[8.537s] INFO:colcon.colcon_core.shell:Creating environment hook '/home/vsadnik/ros2_ws/frob_robot/install/frob_interfaces/share/frob_interfaces/hook/cmake_prefix_path.ps1'
[8.537s] INFO:colcon.colcon_core.shell:Creating environment descriptor '/home/vsadnik/ros2_ws/frob_robot/install/frob_interfaces/share/frob_interfaces/hook/cmake_prefix_path.dsv'
[8.537s] INFO:colcon.colcon_core.shell:Creating environment hook '/home/vsadnik/ros2_ws/frob_robot/install/frob_interfaces/share/frob_interfaces/hook/cmake_prefix_path.sh'
[8.538s] Level 1:colcon.colcon_core.environment:checking '/home/vsadnik/ros2_ws/frob_robot/install/frob_interfaces/lib'
[8.538s] Level 1:colcon.colcon_core.shell:create_environment_hook('frob_interfaces', 'ld_library_path_lib')
[8.539s] INFO:colcon.colcon_core.shell:Creating environment hook '/home/vsadnik/ros2_ws/frob_robot/install/frob_interfaces/share/frob_interfaces/hook/ld_library_path_lib.ps1'
[8.539s] INFO:colcon.colcon_core.shell:Creating environment descriptor '/home/vsadnik/ros2_ws/frob_robot/install/frob_interfaces/share/frob_interfaces/hook/ld_library_path_lib.dsv'
[8.539s] INFO:colcon.colcon_core.shell:Creating environment hook '/home/vsadnik/ros2_ws/frob_robot/install/frob_interfaces/share/frob_interfaces/hook/ld_library_path_lib.sh'
[8.539s] Level 1:colcon.colcon_core.environment:checking '/home/vsadnik/ros2_ws/frob_robot/install/frob_interfaces/bin'
[8.539s] Level 1:colcon.colcon_core.environment:checking '/home/vsadnik/ros2_ws/frob_robot/install/frob_interfaces/lib/pkgconfig/frob_interfaces.pc'
[8.540s] Level 1:colcon.colcon_core.environment:checking '/home/vsadnik/ros2_ws/frob_robot/install/frob_interfaces/lib/python3.12/site-packages'
[8.540s] Level 1:colcon.colcon_core.shell:create_environment_hook('frob_interfaces', 'pythonpath')
[8.540s] INFO:colcon.colcon_core.shell:Creating environment hook '/home/vsadnik/ros2_ws/frob_robot/install/frob_interfaces/share/frob_interfaces/hook/pythonpath.ps1'
[8.540s] INFO:colcon.colcon_core.shell:Creating environment descriptor '/home/vsadnik/ros2_ws/frob_robot/install/frob_interfaces/share/frob_interfaces/hook/pythonpath.dsv'
[8.540s] INFO:colcon.colcon_core.shell:Creating environment hook '/home/vsadnik/ros2_ws/frob_robot/install/frob_interfaces/share/frob_interfaces/hook/pythonpath.sh'
[8.540s] Level 1:colcon.colcon_core.environment:checking '/home/vsadnik/ros2_ws/frob_robot/install/frob_interfaces/bin'
[8.541s] INFO:colcon.colcon_core.shell:Creating package script '/home/vsadnik/ros2_ws/frob_robot/install/frob_interfaces/share/frob_interfaces/package.ps1'
[8.541s] INFO:colcon.colcon_core.shell:Creating package descriptor '/home/vsadnik/ros2_ws/frob_robot/install/frob_interfaces/share/frob_interfaces/package.dsv'
[8.541s] INFO:colcon.colcon_core.shell:Creating package script '/home/vsadnik/ros2_ws/frob_robot/install/frob_interfaces/share/frob_interfaces/package.sh'
[8.542s] INFO:colcon.colcon_core.shell:Creating package script '/home/vsadnik/ros2_ws/frob_robot/install/frob_interfaces/share/frob_interfaces/package.bash'
[8.542s] INFO:colcon.colcon_core.shell:Creating package script '/home/vsadnik/ros2_ws/frob_robot/install/frob_interfaces/share/frob_interfaces/package.zsh'
[8.542s] Level 1:colcon.colcon_core.environment:create_file_with_runtime_dependencies(/home/vsadnik/ros2_ws/frob_robot/install/frob_interfaces/share/colcon-core/packages/frob_interfaces)
[8.543s] Level 1:colcon.colcon_core.environment:create_environment_scripts_only(frob_interfaces)
[8.543s] Level 1:colcon.colcon_core.environment:checking '/home/vsadnik/ros2_ws/frob_robot/install/frob_interfaces' for CMake module files
[8.543s] Level 1:colcon.colcon_core.environment:checking '/home/vsadnik/ros2_ws/frob_robot/install/frob_interfaces' for CMake config files
[8.544s] Level 1:colcon.colcon_core.shell:create_environment_hook('frob_interfaces', 'cmake_prefix_path')
[8.544s] INFO:colcon.colcon_core.shell:Creating environment hook '/home/vsadnik/ros2_ws/frob_robot/install/frob_interfaces/share/frob_interfaces/hook/cmake_prefix_path.ps1'
[8.545s] INFO:colcon.colcon_core.shell:Creating environment descriptor '/home/vsadnik/ros2_ws/frob_robot/install/frob_interfaces/share/frob_interfaces/hook/cmake_prefix_path.dsv'
[8.545s] INFO:colcon.colcon_core.shell:Creating environment hook '/home/vsadnik/ros2_ws/frob_robot/install/frob_interfaces/share/frob_interfaces/hook/cmake_prefix_path.sh'
[8.545s] Level 1:colcon.colcon_core.environment:checking '/home/vsadnik/ros2_ws/frob_robot/install/frob_interfaces/lib'
[8.545s] Level 1:colcon.colcon_core.shell:create_environment_hook('frob_interfaces', 'ld_library_path_lib')
[8.545s] INFO:colcon.colcon_core.shell:Creating environment hook '/home/vsadnik/ros2_ws/frob_robot/install/frob_interfaces/share/frob_interfaces/hook/ld_library_path_lib.ps1'
[8.545s] INFO:colcon.colcon_core.shell:Creating environment descriptor '/home/vsadnik/ros2_ws/frob_robot/install/frob_interfaces/share/frob_interfaces/hook/ld_library_path_lib.dsv'
[8.546s] INFO:colcon.colcon_core.shell:Creating environment hook '/home/vsadnik/ros2_ws/frob_robot/install/frob_interfaces/share/frob_interfaces/hook/ld_library_path_lib.sh'
[8.546s] Level 1:colcon.colcon_core.environment:checking '/home/vsadnik/ros2_ws/frob_robot/install/frob_interfaces/bin'
[8.546s] Level 1:colcon.colcon_core.environment:checking '/home/vsadnik/ros2_ws/frob_robot/install/frob_interfaces/lib/pkgconfig/frob_interfaces.pc'
[8.546s] Level 1:colcon.colcon_core.environment:checking '/home/vsadnik/ros2_ws/frob_robot/install/frob_interfaces/lib/python3.12/site-packages'
[8.546s] Level 1:colcon.colcon_core.shell:create_environment_hook('frob_interfaces', 'pythonpath')
[8.546s] INFO:colcon.colcon_core.shell:Creating environment hook '/home/vsadnik/ros2_ws/frob_robot/install/frob_interfaces/share/frob_interfaces/hook/pythonpath.ps1'
[8.546s] INFO:colcon.colcon_core.shell:Creating environment descriptor '/home/vsadnik/ros2_ws/frob_robot/install/frob_interfaces/share/frob_interfaces/hook/pythonpath.dsv'
[8.547s] INFO:colcon.colcon_core.shell:Creating environment hook '/home/vsadnik/ros2_ws/frob_robot/install/frob_interfaces/share/frob_interfaces/hook/pythonpath.sh'
[8.547s] Level 1:colcon.colcon_core.environment:checking '/home/vsadnik/ros2_ws/frob_robot/install/frob_interfaces/bin'
[8.547s] INFO:colcon.colcon_core.shell:Creating package script '/home/vsadnik/ros2_ws/frob_robot/install/frob_interfaces/share/frob_interfaces/package.ps1'
[8.548s] INFO:colcon.colcon_core.shell:Creating package descriptor '/home/vsadnik/ros2_ws/frob_robot/install/frob_interfaces/share/frob_interfaces/package.dsv'
[8.548s] INFO:colcon.colcon_core.shell:Creating package script '/home/vsadnik/ros2_ws/frob_robot/install/frob_interfaces/share/frob_interfaces/package.sh'
[8.548s] INFO:colcon.colcon_core.shell:Creating package script '/home/vsadnik/ros2_ws/frob_robot/install/frob_interfaces/share/frob_interfaces/package.bash'
[8.549s] INFO:colcon.colcon_core.shell:Creating package script '/home/vsadnik/ros2_ws/frob_robot/install/frob_interfaces/share/frob_interfaces/package.zsh'
[8.549s] Level 1:colcon.colcon_core.environment:create_file_with_runtime_dependencies(/home/vsadnik/ros2_ws/frob_robot/install/frob_interfaces/share/colcon-core/packages/frob_interfaces)
[8.549s] INFO:colcon.colcon_ros.task.ament_python.build:Building ROS package in '/home/vsadnik/ros2_ws/frob_robot/src/frob_mission' with build type 'ament_python'
[8.549s] Level 1:colcon.colcon_core.shell:create_environment_hook('frob_mission', 'ament_prefix_path')
[8.549s] INFO:colcon.colcon_core.shell:Creating environment hook '/home/vsadnik/ros2_ws/frob_robot/install/frob_mission/share/frob_mission/hook/ament_prefix_path.ps1'
[8.550s] INFO:colcon.colcon_core.shell:Creating environment descriptor '/home/vsadnik/ros2_ws/frob_robot/install/frob_mission/share/frob_mission/hook/ament_prefix_path.dsv'
[8.550s] INFO:colcon.colcon_core.shell:Creating environment hook '/home/vsadnik/ros2_ws/frob_robot/install/frob_mission/share/frob_mission/hook/ament_prefix_path.sh'
[8.550s] INFO:colcon.colcon_core.shell:Skip shell extension 'powershell' for command environment: Not usable outside of PowerShell
[8.550s] DEBUG:colcon.colcon_core.shell:Skip shell extension 'dsv' for command environment
[8.552s] INFO:colcon.colcon_ros.task.ament_python.build:Building ROS package in '/home/vsadnik/ros2_ws/frob_robot/src/frob_perception' with build type 'ament_python'
[8.552s] Level 1:colcon.colcon_core.shell:create_environment_hook('frob_perception', 'ament_prefix_path')
[8.552s] INFO:colcon.colcon_core.shell:Creating environment hook '/home/vsadnik/ros2_ws/frob_robot/install/frob_perception/share/frob_perception/hook/ament_prefix_path.ps1'
[8.552s] INFO:colcon.colcon_core.shell:Creating environment descriptor '/home/vsadnik/ros2_ws/frob_robot/install/frob_perception/share/frob_perception/hook/ament_prefix_path.dsv'
[8.553s] INFO:colcon.colcon_core.shell:Creating environment hook '/home/vsadnik/ros2_ws/frob_robot/install/frob_perception/share/frob_perception/hook/ament_prefix_path.sh'
[8.553s] INFO:colcon.colcon_core.shell:Skip shell extension 'powershell' for command environment: Not usable outside of PowerShell
[8.553s] DEBUG:colcon.colcon_core.shell:Skip shell extension 'dsv' for command environment
[8.694s] INFO:colcon.colcon_core.task.python.build:Building Python package in '/home/vsadnik/ros2_ws/frob_robot/src/frob_mission'
[8.695s] INFO:colcon.colcon_core.shell:Skip shell extension 'powershell' for command environment: Not usable outside of PowerShell
[8.695s] DEBUG:colcon.colcon_core.shell:Skip shell extension 'dsv' for command environment
[8.828s] INFO:colcon.colcon_core.task.python.build:Building Python package in '/home/vsadnik/ros2_ws/frob_robot/src/frob_perception'
[8.828s] INFO:colcon.colcon_core.shell:Skip shell extension 'powershell' for command environment: Not usable outside of PowerShell
[8.828s] DEBUG:colcon.colcon_core.shell:Skip shell extension 'dsv' for command environment
[9.229s] DEBUG:colcon.colcon_core.event_handler.log_command:Invoking command in '/home/vsadnik/ros2_ws/frob_robot/build/frob_perception': AMENT_PREFIX_PATH=/home/vsadnik/ros2_ws/frob_robot/install/frob_interfaces:${AMENT_PREFIX_PATH} CMAKE_PREFIX_PATH=/home/vsadnik/ros2_ws/frob_robot/install/frob_interfaces:${CMAKE_PREFIX_PATH} DEBUGINFOD_URLS=https://debuginfod.ubuntu.com LD_LIBRARY_PATH=/home/vsadnik/ros2_ws/frob_robot/install/frob_interfaces/lib:${LD_LIBRARY_PATH} PYTHONPATH=/home/vsadnik/ros2_ws/frob_robot/build/frob_perception/prefix_override:/usr/lib/python3/dist-packages/colcon_core/task/python/colcon_distutils_commands:/home/vsadnik/ros2_ws/frob_robot/install/frob_perception/lib/python3.12/site-packages:/home/vsadnik/ros2_ws/frob_robot/install/frob_interfaces/lib/python3.12/site-packages:${PYTHONPATH} /usr/bin/python3 -W ignore:setup.py install is deprecated -W ignore:easy_install command is deprecated setup.py develop --editable --build-directory /home/vsadnik/ros2_ws/frob_robot/build/frob_perception/build --no-deps symlink_data
[9.237s] DEBUG:colcon.colcon_core.event_handler.log_command:Invoking command in '/home/vsadnik/ros2_ws/frob_robot/build/frob_mission': AMENT_PREFIX_PATH=/home/vsadnik/ros2_ws/frob_robot/install/frob_interfaces:${AMENT_PREFIX_PATH} CMAKE_PREFIX_PATH=/home/vsadnik/ros2_ws/frob_robot/install/frob_interfaces:${CMAKE_PREFIX_PATH} DEBUGINFOD_URLS=https://debuginfod.ubuntu.com LD_LIBRARY_PATH=/home/vsadnik/ros2_ws/frob_robot/install/frob_interfaces/lib:${LD_LIBRARY_PATH} PYTHONPATH=/home/vsadnik/ros2_ws/frob_robot/build/frob_mission/prefix_override:/usr/lib/python3/dist-packages/colcon_core/task/python/colcon_distutils_commands:/home/vsadnik/ros2_ws/frob_robot/install/frob_mission/lib/python3.12/site-packages:/home/vsadnik/ros2_ws/frob_robot/install/frob_interfaces/lib/python3.12/site-packages:${PYTHONPATH} /usr/bin/python3 -W ignore:setup.py install is deprecated -W ignore:easy_install command is deprecated setup.py develop --editable --build-directory /home/vsadnik/ros2_ws/frob_robot/build/frob_mission/build --no-deps symlink_data
[9.686s] Level 1:colcon.colcon_core.shell:create_environment_hook('frob_perception', 'pythonpath_develop')
[9.686s] INFO:colcon.colcon_core.shell:Creating environment hook '/home/vsadnik/ros2_ws/frob_robot/build/frob_perception/share/frob_perception/hook/pythonpath_develop.ps1'
[9.687s] DEBUG:colcon.colcon_core.event_handler.log_command:Invoked command in '/home/vsadnik/ros2_ws/frob_robot/build/frob_perception' returned '0': AMENT_PREFIX_PATH=/home/vsadnik/ros2_ws/frob_robot/install/frob_interfaces:${AMENT_PREFIX_PATH} CMAKE_PREFIX_PATH=/home/vsadnik/ros2_ws/frob_robot/install/frob_interfaces:${CMAKE_PREFIX_PATH} DEBUGINFOD_URLS=https://debuginfod.ubuntu.com LD_LIBRARY_PATH=/home/vsadnik/ros2_ws/frob_robot/install/frob_interfaces/lib:${LD_LIBRARY_PATH} PYTHONPATH=/home/vsadnik/ros2_ws/frob_robot/build/frob_perception/prefix_override:/usr/lib/python3/dist-packages/colcon_core/task/python/colcon_distutils_commands:/home/vsadnik/ros2_ws/frob_robot/install/frob_perception/lib/python3.12/site-packages:/home/vsadnik/ros2_ws/frob_robot/install/frob_interfaces/lib/python3.12/site-packages:${PYTHONPATH} /usr/bin/python3 -W ignore:setup.py install is deprecated -W ignore:easy_install command is deprecated setup.py develop --editable --build-directory /home/vsadnik/ros2_ws/frob_robot/build/frob_perception/build --no-deps symlink_data
[9.687s] INFO:colcon.colcon_core.shell:Creating environment descriptor '/home/vsadnik/ros2_ws/frob_robot/build/frob_perception/share/frob_perception/hook/pythonpath_develop.dsv'
[9.687s] INFO:colcon.colcon_core.shell:Creating environment hook '/home/vsadnik/ros2_ws/frob_robot/build/frob_perception/share/frob_perception/hook/pythonpath_develop.sh'
[9.688s] Level 1:colcon.colcon_core.environment:checking '/home/vsadnik/ros2_ws/frob_robot/install/frob_perception' for CMake module files
[9.688s] Level 1:colcon.colcon_core.environment:checking '/home/vsadnik/ros2_ws/frob_robot/install/frob_perception' for CMake config files
[9.688s] Level 1:colcon.colcon_core.environment:checking '/home/vsadnik/ros2_ws/frob_robot/install/frob_perception/lib'
[9.688s] Level 1:colcon.colcon_core.environment:checking '/home/vsadnik/ros2_ws/frob_robot/install/frob_perception/bin'
[9.688s] Level 1:colcon.colcon_core.environment:checking '/home/vsadnik/ros2_ws/frob_robot/install/frob_perception/lib/pkgconfig/frob_perception.pc'
[9.688s] Level 1:colcon.colcon_core.environment:checking '/home/vsadnik/ros2_ws/frob_robot/install/frob_perception/lib/python3.12/site-packages'
[9.689s] Level 1:colcon.colcon_core.shell:create_environment_hook('frob_perception', 'pythonpath')
[9.689s] INFO:colcon.colcon_core.shell:Creating environment hook '/home/vsadnik/ros2_ws/frob_robot/install/frob_perception/share/frob_perception/hook/pythonpath.ps1'
[9.689s] INFO:colcon.colcon_core.shell:Creating environment descriptor '/home/vsadnik/ros2_ws/frob_robot/install/frob_perception/share/frob_perception/hook/pythonpath.dsv'
[9.689s] INFO:colcon.colcon_core.shell:Creating environment hook '/home/vsadnik/ros2_ws/frob_robot/install/frob_perception/share/frob_perception/hook/pythonpath.sh'
[9.689s] Level 1:colcon.colcon_core.environment:checking '/home/vsadnik/ros2_ws/frob_robot/install/frob_perception/bin'
[9.689s] Level 1:colcon.colcon_core.environment:create_environment_scripts_only(frob_perception)
[9.690s] INFO:colcon.colcon_core.shell:Creating package script '/home/vsadnik/ros2_ws/frob_robot/install/frob_perception/share/frob_perception/package.ps1'
[9.690s] INFO:colcon.colcon_core.shell:Creating package descriptor '/home/vsadnik/ros2_ws/frob_robot/install/frob_perception/share/frob_perception/package.dsv'
[9.690s] INFO:colcon.colcon_core.shell:Creating package script '/home/vsadnik/ros2_ws/frob_robot/install/frob_perception/share/frob_perception/package.sh'
[9.690s] INFO:colcon.colcon_core.shell:Creating package script '/home/vsadnik/ros2_ws/frob_robot/install/frob_perception/share/frob_perception/package.bash'
[9.690s] INFO:colcon.colcon_core.shell:Creating package script '/home/vsadnik/ros2_ws/frob_robot/install/frob_perception/share/frob_perception/package.zsh'
[9.691s] Level 1:colcon.colcon_core.environment:create_file_with_runtime_dependencies(/home/vsadnik/ros2_ws/frob_robot/install/frob_perception/share/colcon-core/packages/frob_perception)
[9.697s] Level 1:colcon.colcon_core.shell:create_environment_hook('frob_mission', 'pythonpath_develop')
[9.697s] INFO:colcon.colcon_core.shell:Creating environment hook '/home/vsadnik/ros2_ws/frob_robot/build/frob_mission/share/frob_mission/hook/pythonpath_develop.ps1'
[9.698s] DEBUG:colcon.colcon_core.event_handler.log_command:Invoked command in '/home/vsadnik/ros2_ws/frob_robot/build/frob_mission' returned '0': AMENT_PREFIX_PATH=/home/vsadnik/ros2_ws/frob_robot/install/frob_interfaces:${AMENT_PREFIX_PATH} CMAKE_PREFIX_PATH=/home/vsadnik/ros2_ws/frob_robot/install/frob_interfaces:${CMAKE_PREFIX_PATH} DEBUGINFOD_URLS=https://debuginfod.ubuntu.com LD_LIBRARY_PATH=/home/vsadnik/ros2_ws/frob_robot/install/frob_interfaces/lib:${LD_LIBRARY_PATH} PYTHONPATH=/home/vsadnik/ros2_ws/frob_robot/build/frob_mission/prefix_override:/usr/lib/python3/dist-packages/colcon_core/task/python/colcon_distutils_commands:/home/vsadnik/ros2_ws/frob_robot/install/frob_mission/lib/python3.12/site-packages:/home/vsadnik/ros2_ws/frob_robot/install/frob_interfaces/lib/python3.12/site-packages:${PYTHONPATH} /usr/bin/python3 -W ignore:setup.py install is deprecated -W ignore:easy_install command is deprecated setup.py develop --editable --build-directory /home/vsadnik/ros2_ws/frob_robot/build/frob_mission/build --no-deps symlink_data
[9.698s] INFO:colcon.colcon_core.shell:Creating environment descriptor '/home/vsadnik/ros2_ws/frob_robot/build/frob_mission/share/frob_mission/hook/pythonpath_develop.dsv'
[9.698s] INFO:colcon.colcon_core.shell:Creating environment hook '/home/vsadnik/ros2_ws/frob_robot/build/frob_mission/share/frob_mission/hook/pythonpath_develop.sh'
[9.698s] Level 1:colcon.colcon_core.environment:checking '/home/vsadnik/ros2_ws/frob_robot/install/frob_mission' for CMake module files
[9.699s] Level 1:colcon.colcon_core.environment:checking '/home/vsadnik/ros2_ws/frob_robot/install/frob_mission' for CMake config files
[9.699s] Level 1:colcon.colcon_core.environment:checking '/home/vsadnik/ros2_ws/frob_robot/install/frob_mission/lib'
[9.699s] Level 1:colcon.colcon_core.environment:checking '/home/vsadnik/ros2_ws/frob_robot/install/frob_mission/bin'
[9.699s] Level 1:colcon.colcon_core.environment:checking '/home/vsadnik/ros2_ws/frob_robot/install/frob_mission/lib/pkgconfig/frob_mission.pc'
[9.699s] Level 1:colcon.colcon_core.environment:checking '/home/vsadnik/ros2_ws/frob_robot/install/frob_mission/lib/python3.12/site-packages'
[9.699s] Level 1:colcon.colcon_core.shell:create_environment_hook('frob_mission', 'pythonpath')
[9.699s] INFO:colcon.colcon_core.shell:Creating environment hook '/home/vsadnik/ros2_ws/frob_robot/install/frob_mission/share/frob_mission/hook/pythonpath.ps1'
[9.699s] INFO:colcon.colcon_core.shell:Creating environment descriptor '/home/vsadnik/ros2_ws/frob_robot/install/frob_mission/share/frob_mission/hook/pythonpath.dsv'
[9.700s] INFO:colcon.colcon_core.shell:Creating environment hook '/home/vsadnik/ros2_ws/frob_robot/install/frob_mission/share/frob_mission/hook/pythonpath.sh'
[9.700s] Level 1:colcon.colcon_core.environment:checking '/home/vsadnik/ros2_ws/frob_robot/install/frob_mission/bin'
[9.700s] Level 1:colcon.colcon_core.environment:create_environment_scripts_only(frob_mission)
[9.700s] INFO:colcon.colcon_core.shell:Creating package script '/home/vsadnik/ros2_ws/frob_robot/install/frob_mission/share/frob_mission/package.ps1'
[9.701s] INFO:colcon.colcon_core.shell:Creating package descriptor '/home/vsadnik/ros2_ws/frob_robot/install/frob_mission/share/frob_mission/package.dsv'
[9.701s] INFO:colcon.colcon_core.shell:Creating package script '/home/vsadnik/ros2_ws/frob_robot/install/frob_mission/share/frob_mission/package.sh'
[9.701s] INFO:colcon.colcon_core.shell:Creating package script '/home/vsadnik/ros2_ws/frob_robot/install/frob_mission/share/frob_mission/package.bash'
[9.701s] INFO:colcon.colcon_core.shell:Creating package script '/home/vsadnik/ros2_ws/frob_robot/install/frob_mission/share/frob_mission/package.zsh'
[9.701s] Level 1:colcon.colcon_core.environment:create_file_with_runtime_dependencies(/home/vsadnik/ros2_ws/frob_robot/install/frob_mission/share/colcon-core/packages/frob_mission)
[9.702s] DEBUG:colcon.colcon_parallel_executor.executor.parallel:closing loop
[9.702s] DEBUG:colcon.colcon_parallel_executor.executor.parallel:loop closed
[9.702s] DEBUG:colcon.colcon_parallel_executor.executor.parallel:run_until_complete finished with '0'
[9.702s] DEBUG:colcon.colcon_core.event_reactor:joining thread
[9.706s] INFO:colcon.colcon_core.plugin_system:Skipping extension 'colcon_notification.desktop_notification.terminal_notifier': Not used on non-Darwin systems
[9.706s] INFO:colcon.colcon_core.plugin_system:Skipping extension 'colcon_notification.desktop_notification.win32': Not used on non-Windows systems
[9.706s] INFO:colcon.colcon_notification.desktop_notification:Sending desktop notification using 'notify2'
[9.716s] DEBUG:colcon.colcon_core.event_reactor:joined thread
[9.717s] INFO:colcon.colcon_core.shell:Creating prefix script '/home/vsadnik/ros2_ws/frob_robot/install/local_setup.ps1'
[9.717s] INFO:colcon.colcon_core.shell:Creating prefix util module '/home/vsadnik/ros2_ws/frob_robot/install/_local_setup_util_ps1.py'
[9.718s] INFO:colcon.colcon_core.shell:Creating prefix chain script '/home/vsadnik/ros2_ws/frob_robot/install/setup.ps1'
[9.719s] INFO:colcon.colcon_core.shell:Creating prefix script '/home/vsadnik/ros2_ws/frob_robot/install/local_setup.sh'
[9.719s] INFO:colcon.colcon_core.shell:Creating prefix util module '/home/vsadnik/ros2_ws/frob_robot/install/_local_setup_util_sh.py'
[9.720s] INFO:colcon.colcon_core.shell:Creating prefix chain script '/home/vsadnik/ros2_ws/frob_robot/install/setup.sh'
[9.720s] INFO:colcon.colcon_core.shell:Creating prefix script '/home/vsadnik/ros2_ws/frob_robot/install/local_setup.bash'
[9.720s] INFO:colcon.colcon_core.shell:Creating prefix chain script '/home/vsadnik/ros2_ws/frob_robot/install/setup.bash'
[9.721s] INFO:colcon.colcon_core.shell:Creating prefix script '/home/vsadnik/ros2_ws/frob_robot/install/local_setup.zsh'
[9.721s] INFO:colcon.colcon_core.shell:Creating prefix chain script '/home/vsadnik/ros2_ws/frob_robot/install/setup.zsh'
