[1.741s] Invoking command in '/home/pi/Frob_robot/ros2/src/ros2_ws/src/keyboard_vel_control': PYTHONPATH=/home/pi/Frob_robot/ros2/src/ros2_ws/build/keyboard_vel_control/prefix_override:/usr/lib/python3/dist-packages/colcon_core/task/python/colcon_distutils_commands:/home/pi/Frob_robot/ros2/src/ros2_ws/install/keyboard_vel_control/lib/python3.12/site-packages:${PYTHONPATH} /usr/bin/python3 -W ignore:setup.py install is deprecated -W ignore:easy_install command is deprecated setup.py egg_info --egg-base ../../build/keyboard_vel_control build --build-base /home/pi/Frob_robot/ros2/src/ros2_ws/build/keyboard_vel_control/build install --record /home/pi/Frob_robot/ros2/src/ros2_ws/build/keyboard_vel_control/install.log --single-version-externally-managed install_data
[2.094s] /home/pi/.local/lib/python3.12/site-packages/setuptools/_distutils/dist.py:289: UserWarning: Unknown distribution option: 'tests_require'
[2.094s]   warnings.warn(msg)
[2.440s] running egg_info
[2.478s] writing ../../build/keyboard_vel_control/keyboard_vel_control.egg-info/PKG-INFO
[2.480s] writing dependency_links to ../../build/keyboard_vel_control/keyboard_vel_control.egg-info/dependency_links.txt
[2.480s] writing entry points to ../../build/keyboard_vel_control/keyboard_vel_control.egg-info/entry_points.txt
[2.481s] writing requirements to ../../build/keyboard_vel_control/keyboard_vel_control.egg-info/requires.txt
[2.481s] writing top-level names to ../../build/keyboard_vel_control/keyboard_vel_control.egg-info/top_level.txt
[2.563s] reading manifest file '../../build/keyboard_vel_control/keyboard_vel_control.egg-info/SOURCES.txt'
[2.573s] writing manifest file '../../build/keyboard_vel_control/keyboard_vel_control.egg-info/SOURCES.txt'
[2.574s] running build
[2.575s] running build_py
[2.577s] copying keyboard_vel_control/__init__.py -> /home/pi/Frob_robot/ros2/src/ros2_ws/build/keyboard_vel_control/build/lib/keyboard_vel_control
[2.578s] copying keyboard_vel_control/keyboard_vel_control_node.py -> /home/pi/Frob_robot/ros2/src/ros2_ws/build/keyboard_vel_control/build/lib/keyboard_vel_control
[2.579s] running install
[2.588s] running install_lib
[2.631s] running install_data
[2.631s] copying resource/keyboard_vel_control -> /home/pi/Frob_robot/ros2/src/ros2_ws/install/keyboard_vel_control/share/ament_index/resource_index/packages
[2.631s] copying package.xml -> /home/pi/Frob_robot/ros2/src/ros2_ws/install/keyboard_vel_control/share/keyboard_vel_control
[2.631s] running install_egg_info
[2.704s] removing '/home/pi/Frob_robot/ros2/src/ros2_ws/install/keyboard_vel_control/lib/python3.12/site-packages/keyboard_vel_control-0.0.0-py3.12.egg-info' (and everything under it)
[2.704s] Copying ../../build/keyboard_vel_control/keyboard_vel_control.egg-info to /home/pi/Frob_robot/ros2/src/ros2_ws/install/keyboard_vel_control/lib/python3.12/site-packages/keyboard_vel_control-0.0.0-py3.12.egg-info
[2.705s] running install_scripts
[2.800s] Installing keyboard_vel_control script to /home/pi/Frob_robot/ros2/src/ros2_ws/install/keyboard_vel_control/lib/keyboard_vel_control
[2.803s] writing list of installed files to '/home/pi/Frob_robot/ros2/src/ros2_ws/build/keyboard_vel_control/install.log'
[2.915s] Invoked command in '/home/pi/Frob_robot/ros2/src/ros2_ws/src/keyboard_vel_control' returned '0': PYTHONPATH=/home/pi/Frob_robot/ros2/src/ros2_ws/build/keyboard_vel_control/prefix_override:/usr/lib/python3/dist-packages/colcon_core/task/python/colcon_distutils_commands:/home/pi/Frob_robot/ros2/src/ros2_ws/install/keyboard_vel_control/lib/python3.12/site-packages:${PYTHONPATH} /usr/bin/python3 -W ignore:setup.py install is deprecated -W ignore:easy_install command is deprecated setup.py egg_info --egg-base ../../build/keyboard_vel_control build --build-base /home/pi/Frob_robot/ros2/src/ros2_ws/build/keyboard_vel_control/build install --record /home/pi/Frob_robot/ros2/src/ros2_ws/build/keyboard_vel_control/install.log --single-version-externally-managed install_data
