[0.030s] Invoking command in '/home/pi/Frob_robot/ros2/src/ros2_ws/build/ros2_mpu6050': CMAKE_PREFIX_PATH=${CMAKE_PREFIX_PATH}:/opt/ros/jazzy /home/pi/.local/bin/cmake /home/pi/Frob_robot/ros2/src/ros2_ws/src/ros2_mpu6050 -DCMAKE_INSTALL_PREFIX=/home/pi/Frob_robot/ros2/src/ros2_ws/install/ros2_mpu6050
[0.934s] [0mCMake Deprecation Warning at CMakeLists.txt:1 (cmake_minimum_required):
[0.934s]   Compatibility with CMake < 3.10 will be removed from a future version of
[0.934s]   CMake.
[0.935s] 
[0.935s]   Update the VERSION argument <min> value.  Or, use the <min>...<max> syntax
[0.935s]   to tell CMake that the project requires at least <min> but has been updated
[0.935s]   to work with policies introduced by <max> or earlier.
[0.935s] 
[0.935s] [0m
[1.162s] -- The C compiler identification is GNU 13.3.0
[1.585s] -- The CXX compiler identification is GNU 13.3.0
[1.631s] -- Detecting C compiler ABI info
[1.965s] -- Detecting C compiler ABI info - done
[2.044s] -- Check for working C compiler: /usr/bin/cc - skipped
[2.044s] -- Detecting C compile features
[2.053s] -- Detecting C compile features - done
[2.111s] -- Detecting CXX compiler ABI info
[2.563s] -- Detecting CXX compiler ABI info - done
[2.661s] -- Check for working CXX compiler: /usr/bin/c++ - skipped
[2.661s] -- Detecting CXX compile features
[2.666s] -- Detecting CXX compile features - done
[2.745s] -- Found ament_cmake: 2.5.5 (/opt/ros/jazzy/share/ament_cmake/cmake)
[4.127s] -- Found Python3: /usr/bin/python3 (found version "3.12.3") found components: Interpreter
[4.726s] -- Found rclcpp: 28.1.16 (/opt/ros/jazzy/share/rclcpp/cmake)
[5.079s] -- Found rosidl_generator_c: 4.6.7 (/opt/ros/jazzy/share/rosidl_generator_c/cmake)
[5.190s] -- Found rosidl_generator_cpp: 4.6.7 (/opt/ros/jazzy/share/rosidl_generator_cpp/cmake)
[5.309s] -- Using all available rosidl_typesupport_c: rosidl_typesupport_fastrtps_c;rosidl_typesupport_introspection_c
[5.368s] -- Using all available rosidl_typesupport_cpp: rosidl_typesupport_fastrtps_cpp;rosidl_typesupport_introspection_cpp
[5.644s] -- Found rmw_implementation_cmake: 7.3.3 (/opt/ros/jazzy/share/rmw_implementation_cmake/cmake)
[5.694s] -- Found rmw_fastrtps_cpp: 8.4.3 (/opt/ros/jazzy/share/rmw_fastrtps_cpp/cmake)
[6.367s] -- Found OpenSSL: /usr/lib/aarch64-linux-gnu/libcrypto.so (found version "3.0.13")
[6.506s] -- Found FastRTPS: /opt/ros/jazzy/include (Required is at least version "2.13")
[6.564s] -- Using RMW implementation 'rmw_fastrtps_cpp' as default
[6.773s] -- Found sensor_msgs: 5.3.6 (/opt/ros/jazzy/share/sensor_msgs/cmake)
[7.169s] -- Configuring done (6.2s)
[7.212s] -- Generating done (0.0s)
[7.228s] -- Build files have been written to: /home/pi/Frob_robot/ros2/src/ros2_ws/build/ros2_mpu6050
[7.262s] Invoked command in '/home/pi/Frob_robot/ros2/src/ros2_ws/build/ros2_mpu6050' returned '0': CMAKE_PREFIX_PATH=${CMAKE_PREFIX_PATH}:/opt/ros/jazzy /home/pi/.local/bin/cmake /home/pi/Frob_robot/ros2/src/ros2_ws/src/ros2_mpu6050 -DCMAKE_INSTALL_PREFIX=/home/pi/Frob_robot/ros2/src/ros2_ws/install/ros2_mpu6050
[7.262s] Invoking command in '/home/pi/Frob_robot/ros2/src/ros2_ws/build/ros2_mpu6050': CMAKE_PREFIX_PATH=${CMAKE_PREFIX_PATH}:/opt/ros/jazzy /home/pi/.local/bin/cmake --build /home/pi/Frob_robot/ros2/src/ros2_ws/build/ros2_mpu6050 -- -j4 -l4
[7.568s] [ 12%] [32mBuilding CXX object CMakeFiles/ros2_mpu6050.dir/src/mpu6050.cpp.o[0m
[7.570s] [ 25%] [32mBuilding CXX object CMakeFiles/ros2_mpu6050_calibrate.dir/src/mpu6050.cpp.o[0m
[7.577s] [ 37%] [32mBuilding CXX object CMakeFiles/ros2_mpu6050.dir/src/mpu6050_hal.cpp.o[0m
[7.580s] [ 50%] [32mBuilding CXX object CMakeFiles/ros2_mpu6050.dir/src/mpu6050_node.cpp.o[0m
[8.465s] [ 62%] [32mBuilding CXX object CMakeFiles/ros2_mpu6050_calibrate.dir/src/mpu6050_hal.cpp.o[0m
[9.187s] [ 75%] [32mBuilding CXX object CMakeFiles/ros2_mpu6050_calibrate.dir/src/mpu6050_calibrate.cpp.o[0m
[10.254s] [ 87%] [1m[32mLinking CXX executable ros2_mpu6050_calibrate[0m
[10.652s] [ 87%] Built target ros2_mpu6050_calibrate
[29.093s] [100%] [1m[32mLinking CXX executable ros2_mpu6050[0m
[30.199s] [100%] Built target ros2_mpu6050
[30.226s] Invoked command in '/home/pi/Frob_robot/ros2/src/ros2_ws/build/ros2_mpu6050' returned '0': CMAKE_PREFIX_PATH=${CMAKE_PREFIX_PATH}:/opt/ros/jazzy /home/pi/.local/bin/cmake --build /home/pi/Frob_robot/ros2/src/ros2_ws/build/ros2_mpu6050 -- -j4 -l4
[30.227s] Invoking command in '/home/pi/Frob_robot/ros2/src/ros2_ws/build/ros2_mpu6050': CMAKE_PREFIX_PATH=${CMAKE_PREFIX_PATH}:/opt/ros/jazzy /home/pi/.local/bin/cmake --install /home/pi/Frob_robot/ros2/src/ros2_ws/build/ros2_mpu6050
[30.776s] -- Install configuration: ""
[30.776s] -- Installing: /home/pi/Frob_robot/ros2/src/ros2_ws/install/ros2_mpu6050/include/include
[30.776s] -- Installing: /home/pi/Frob_robot/ros2/src/ros2_ws/install/ros2_mpu6050/include/include/ros2_mpu6050
[30.776s] -- Installing: /home/pi/Frob_robot/ros2/src/ros2_ws/install/ros2_mpu6050/include/include/ros2_mpu6050/mpu6050.h
[30.777s] -- Installing: /home/pi/Frob_robot/ros2/src/ros2_ws/install/ros2_mpu6050/include/include/ros2_mpu6050/mpu6050_node.h
[30.777s] -- Installing: /home/pi/Frob_robot/ros2/src/ros2_ws/install/ros2_mpu6050/include/include/ros2_mpu6050/mpu6050_hal.h
[30.779s] -- Installing: /home/pi/Frob_robot/ros2/src/ros2_ws/install/ros2_mpu6050/lib/ros2_mpu6050/ros2_mpu6050
[30.783s] -- Set non-toolchain portion of runtime path of "/home/pi/Frob_robot/ros2/src/ros2_ws/install/ros2_mpu6050/lib/ros2_mpu6050/ros2_mpu6050" to ""
[30.784s] -- Installing: /home/pi/Frob_robot/ros2/src/ros2_ws/install/ros2_mpu6050/lib/ros2_mpu6050/ros2_mpu6050_calibrate
[30.787s] -- Installing: /home/pi/Frob_robot/ros2/src/ros2_ws/install/ros2_mpu6050/share/ros2_mpu6050/config
[30.789s] -- Installing: /home/pi/Frob_robot/ros2/src/ros2_ws/install/ros2_mpu6050/share/ros2_mpu6050/config/params.yaml
[30.790s] -- Installing: /home/pi/Frob_robot/ros2/src/ros2_ws/install/ros2_mpu6050/share/ros2_mpu6050/launch
[30.790s] -- Installing: /home/pi/Frob_robot/ros2/src/ros2_ws/install/ros2_mpu6050/share/ros2_mpu6050/launch/ros2_mpu6050.launch.py
[30.794s] -- Installing: /home/pi/Frob_robot/ros2/src/ros2_ws/install/ros2_mpu6050/share/ament_index/resource_index/package_run_dependencies/ros2_mpu6050
[30.796s] -- Installing: /home/pi/Frob_robot/ros2/src/ros2_ws/install/ros2_mpu6050/share/ament_index/resource_index/parent_prefix_path/ros2_mpu6050
[30.797s] -- Installing: /home/pi/Frob_robot/ros2/src/ros2_ws/install/ros2_mpu6050/share/ros2_mpu6050/environment/ament_prefix_path.sh
[30.797s] -- Installing: /home/pi/Frob_robot/ros2/src/ros2_ws/install/ros2_mpu6050/share/ros2_mpu6050/environment/ament_prefix_path.dsv
[30.797s] -- Installing: /home/pi/Frob_robot/ros2/src/ros2_ws/install/ros2_mpu6050/share/ros2_mpu6050/environment/path.sh
[30.797s] -- Installing: /home/pi/Frob_robot/ros2/src/ros2_ws/install/ros2_mpu6050/share/ros2_mpu6050/environment/path.dsv
[30.801s] -- Installing: /home/pi/Frob_robot/ros2/src/ros2_ws/install/ros2_mpu6050/share/ros2_mpu6050/local_setup.bash
[30.802s] -- Installing: /home/pi/Frob_robot/ros2/src/ros2_ws/install/ros2_mpu6050/share/ros2_mpu6050/local_setup.sh
[30.803s] -- Installing: /home/pi/Frob_robot/ros2/src/ros2_ws/install/ros2_mpu6050/share/ros2_mpu6050/local_setup.zsh
[30.803s] -- Installing: /home/pi/Frob_robot/ros2/src/ros2_ws/install/ros2_mpu6050/share/ros2_mpu6050/local_setup.dsv
[30.803s] -- Installing: /home/pi/Frob_robot/ros2/src/ros2_ws/install/ros2_mpu6050/share/ros2_mpu6050/package.dsv
[30.803s] -- Installing: /home/pi/Frob_robot/ros2/src/ros2_ws/install/ros2_mpu6050/share/ament_index/resource_index/packages/ros2_mpu6050
[30.803s] -- Installing: /home/pi/Frob_robot/ros2/src/ros2_ws/install/ros2_mpu6050/share/ros2_mpu6050/cmake/ros2_mpu6050Config.cmake
[30.803s] -- Installing: /home/pi/Frob_robot/ros2/src/ros2_ws/install/ros2_mpu6050/share/ros2_mpu6050/cmake/ros2_mpu6050Config-version.cmake
[30.803s] -- Installing: /home/pi/Frob_robot/ros2/src/ros2_ws/install/ros2_mpu6050/share/ros2_mpu6050/package.xml
[30.814s] Invoked command in '/home/pi/Frob_robot/ros2/src/ros2_ws/build/ros2_mpu6050' returned '0': CMAKE_PREFIX_PATH=${CMAKE_PREFIX_PATH}:/opt/ros/jazzy /home/pi/.local/bin/cmake --install /home/pi/Frob_robot/ros2/src/ros2_ws/build/ros2_mpu6050
