[0mCMake Deprecation Warning at CMakeLists.txt:1 (cmake_minimum_required):
  Compatibility with CMake < 3.10 will be removed from a future version of
  CMake.

  Update the VERSION argument <min> value.  Or, use the <min>...<max> syntax
  to tell CMake that the project requires at least <min> but has been updated
  to work with policies introduced by <max> or earlier.

[0m
-- The C compiler identification is GNU 13.3.0
-- The CXX compiler identification is GNU 13.3.0
-- Detecting C compiler ABI info
-- Detecting C compiler ABI info - done
-- Check for working C compiler: /usr/bin/cc - skipped
-- Detecting C compile features
-- Detecting C compile features - done
-- Detecting CXX compiler ABI info
-- Detecting CXX compiler ABI info - done
-- Check for working CXX compiler: /usr/bin/c++ - skipped
-- Detecting CXX compile features
-- Detecting CXX compile features - done
-- Found ament_cmake: 2.5.5 (/opt/ros/jazzy/share/ament_cmake/cmake)
-- Found Python3: /usr/bin/python3 (found version "3.12.3") found components: Interpreter
-- Found rosidl_default_generators: 1.6.0 (/opt/ros/jazzy/share/rosidl_default_generators/cmake)
-- Using all available rosidl_typesupport_c: rosidl_typesupport_fastrtps_c;rosidl_typesupport_introspection_c
-- Using all available rosidl_typesupport_cpp: rosidl_typesupport_fastrtps_cpp;rosidl_typesupport_introspection_cpp
-- Found rosidl_adapter: 4.6.7 (/opt/ros/jazzy/share/rosidl_adapter/cmake)
-- Found ament_cmake_ros: 0.12.0 (/opt/ros/jazzy/share/ament_cmake_ros/cmake)
-- Using all available rosidl_typesupport_c: rosidl_typesupport_fastrtps_c;rosidl_typesupport_introspection_c
-- Using all available rosidl_typesupport_cpp: rosidl_typesupport_fastrtps_cpp;rosidl_typesupport_introspection_cpp
-- Found python_cmake_module: 0.11.1 (/opt/ros/jazzy/share/python_cmake_module/cmake)
-- Found PythonExtra: /usr/bin/python3
-- Found Python3: /usr/bin/python3 (found version "3.12.3") found components: Interpreter Development NumPy Development.Module Development.Embed
-- Configuring done (11.9s)
-- Generating done (0.2s)
-- Build files have been written to: /home/pi/Frob_robot/ros2/src/ros2_ws/build/frob_interfaces
[  2%] [1m[34mGenerating type hashes for ROS interfaces[0m
[  2%] Built target ament_cmake_python_copy_frob_interfaces
[  2%] Built target frob_interfaces__rosidl_generator_type_description
[  4%] [1m[34mGenerating C code for ROS interfaces[0m
[  6%] [1m[34mGenerating C++ code for ROS interfaces[0m
running egg_info
creating frob_interfaces.egg-info
writing frob_interfaces.egg-info/PKG-INFO
writing dependency_links to frob_interfaces.egg-info/dependency_links.txt
writing top-level names to frob_interfaces.egg-info/top_level.txt
writing manifest file 'frob_interfaces.egg-info/SOURCES.txt'
reading manifest file 'frob_interfaces.egg-info/SOURCES.txt'
writing manifest file 'frob_interfaces.egg-info/SOURCES.txt'
[  6%] Built target ament_cmake_python_build_frob_interfaces_egg
[  6%] Built target frob_interfaces__cpp
[ 11%] [32mBuilding C object CMakeFiles/frob_interfaces__rosidl_generator_c.dir/rosidl_generator_c/frob_interfaces/srv/detail/turn__functions.c.o[0m
[ 11%] [32mBuilding C object CMakeFiles/frob_interfaces__rosidl_generator_c.dir/rosidl_generator_c/frob_interfaces/srv/detail/turn__description.c.o[0m
[ 13%] [32mBuilding C object CMakeFiles/frob_interfaces__rosidl_generator_c.dir/rosidl_generator_c/frob_interfaces/srv/detail/turn__type_support.c.o[0m
[ 15%] [32mBuilding C object CMakeFiles/frob_interfaces__rosidl_generator_c.dir/rosidl_generator_c/frob_interfaces/srv/detail/forward__description.c.o[0m
[ 18%] [32mBuilding C object CMakeFiles/frob_interfaces__rosidl_generator_c.dir/rosidl_generator_c/frob_interfaces/srv/detail/forward__functions.c.o[0m
[ 20%] [32mBuilding C object CMakeFiles/frob_interfaces__rosidl_generator_c.dir/rosidl_generator_c/frob_interfaces/srv/detail/forward__type_support.c.o[0m
[ 22%] [1m[32mLinking C shared library libfrob_interfaces__rosidl_generator_c.so[0m
[ 22%] Built target frob_interfaces__rosidl_generator_c
[ 25%] [1m[34mGenerating C++ type support for eProsima Fast-RTPS[0m
[ 27%] [1m[34mGenerating C++ introspection for ROS interfaces[0m
[ 29%] [1m[34mGenerating C++ type support dispatch for ROS interfaces[0m
[ 31%] [1m[34mGenerating C type support dispatch for ROS interfaces[0m
[ 34%] [32mBuilding CXX object CMakeFiles/frob_interfaces__rosidl_typesupport_c.dir/rosidl_typesupport_c/frob_interfaces/srv/turn__type_support.cpp.o[0m
[ 36%] [32mBuilding CXX object CMakeFiles/frob_interfaces__rosidl_typesupport_cpp.dir/rosidl_typesupport_cpp/frob_interfaces/srv/turn__type_support.cpp.o[0m
[ 38%] [32mBuilding CXX object CMakeFiles/frob_interfaces__rosidl_typesupport_c.dir/rosidl_typesupport_c/frob_interfaces/srv/forward__type_support.cpp.o[0m
[ 40%] [1m[32mLinking CXX shared library libfrob_interfaces__rosidl_typesupport_c.so[0m
[ 43%] [32mBuilding CXX object CMakeFiles/frob_interfaces__rosidl_typesupport_introspection_cpp.dir/rosidl_typesupport_introspection_cpp/frob_interfaces/srv/detail/turn__type_support.cpp.o[0m
[ 43%] Built target frob_interfaces__rosidl_typesupport_c
[ 45%] [1m[34mGenerating C type support for eProsima Fast-RTPS[0m
[ 47%] [32mBuilding CXX object CMakeFiles/frob_interfaces__rosidl_typesupport_fastrtps_cpp.dir/rosidl_typesupport_fastrtps_cpp/frob_interfaces/srv/detail/dds_fastrtps/turn__type_support.cpp.o[0m
[ 50%] [32mBuilding CXX object CMakeFiles/frob_interfaces__rosidl_typesupport_cpp.dir/rosidl_typesupport_cpp/frob_interfaces/srv/forward__type_support.cpp.o[0m
[ 52%] [32mBuilding CXX object CMakeFiles/frob_interfaces__rosidl_typesupport_introspection_cpp.dir/rosidl_typesupport_introspection_cpp/frob_interfaces/srv/detail/forward__type_support.cpp.o[0m
[ 54%] [32mBuilding CXX object CMakeFiles/frob_interfaces__rosidl_typesupport_fastrtps_c.dir/rosidl_typesupport_fastrtps_c/frob_interfaces/srv/detail/turn__type_support_c.cpp.o[0m
[ 56%] [32mBuilding CXX object CMakeFiles/frob_interfaces__rosidl_typesupport_fastrtps_cpp.dir/rosidl_typesupport_fastrtps_cpp/frob_interfaces/srv/detail/dds_fastrtps/forward__type_support.cpp.o[0m
[ 59%] [1m[32mLinking CXX shared library libfrob_interfaces__rosidl_typesupport_cpp.so[0m
[ 59%] Built target frob_interfaces__rosidl_typesupport_cpp
[ 61%] [32mBuilding CXX object CMakeFiles/frob_interfaces__rosidl_typesupport_fastrtps_c.dir/rosidl_typesupport_fastrtps_c/frob_interfaces/srv/detail/forward__type_support_c.cpp.o[0m
[ 63%] [1m[32mLinking CXX shared library libfrob_interfaces__rosidl_typesupport_introspection_cpp.so[0m
[ 63%] Built target frob_interfaces__rosidl_typesupport_introspection_cpp
[ 65%] [1m[34mGenerating C introspection for ROS interfaces[0m
[ 68%] [1m[32mLinking CXX shared library libfrob_interfaces__rosidl_typesupport_fastrtps_c.so[0m
[ 68%] Built target frob_interfaces__rosidl_typesupport_fastrtps_c
[ 72%] [32mBuilding C object CMakeFiles/frob_interfaces__rosidl_typesupport_introspection_c.dir/rosidl_typesupport_introspection_c/frob_interfaces/srv/detail/turn__type_support.c.o[0m
[ 72%] [32mBuilding C object CMakeFiles/frob_interfaces__rosidl_typesupport_introspection_c.dir/rosidl_typesupport_introspection_c/frob_interfaces/srv/detail/forward__type_support.c.o[0m
[ 75%] [1m[32mLinking CXX shared library libfrob_interfaces__rosidl_typesupport_fastrtps_cpp.so[0m
[ 77%] [1m[32mLinking C shared library libfrob_interfaces__rosidl_typesupport_introspection_c.so[0m
[ 77%] Built target frob_interfaces__rosidl_typesupport_introspection_c
[ 77%] Built target frob_interfaces__rosidl_typesupport_fastrtps_cpp
[ 77%] Built target frob_interfaces
[ 79%] [1m[34mGenerating Python code for ROS interfaces[0m
[ 79%] Built target frob_interfaces__py
[ 81%] [32mBuilding C object CMakeFiles/frob_interfaces__rosidl_generator_py.dir/rosidl_generator_py/frob_interfaces/srv/_turn_s.c.o[0m
[ 84%] [32mBuilding C object CMakeFiles/frob_interfaces__rosidl_generator_py.dir/rosidl_generator_py/frob_interfaces/srv/_forward_s.c.o[0m
[ 86%] [1m[32mLinking C shared library libfrob_interfaces__rosidl_generator_py.so[0m
[ 86%] Built target frob_interfaces__rosidl_generator_py
[ 88%] [32mBuilding C object CMakeFiles/frob_interfaces_s__rosidl_typesupport_fastrtps_c.dir/rosidl_generator_py/frob_interfaces/_frob_interfaces_s.ep.rosidl_typesupport_fastrtps_c.c.o[0m
[ 90%] [32mBuilding C object CMakeFiles/frob_interfaces_s__rosidl_typesupport_c.dir/rosidl_generator_py/frob_interfaces/_frob_interfaces_s.ep.rosidl_typesupport_c.c.o[0m
[ 93%] [32mBuilding C object CMakeFiles/frob_interfaces_s__rosidl_typesupport_introspection_c.dir/rosidl_generator_py/frob_interfaces/_frob_interfaces_s.ep.rosidl_typesupport_introspection_c.c.o[0m
[ 95%] [1m[32mLinking C shared module rosidl_generator_py/frob_interfaces/frob_interfaces_s__rosidl_typesupport_c.so[0m
[ 97%] [1m[32mLinking C shared module rosidl_generator_py/frob_interfaces/frob_interfaces_s__rosidl_typesupport_fastrtps_c.so[0m
[100%] [1m[32mLinking C shared module rosidl_generator_py/frob_interfaces/frob_interfaces_s__rosidl_typesupport_introspection_c.so[0m
[100%] Built target frob_interfaces_s__rosidl_typesupport_c
[100%] Built target frob_interfaces_s__rosidl_typesupport_fastrtps_c
[100%] Built target frob_interfaces_s__rosidl_typesupport_introspection_c
-- Install configuration: ""
-- Installing: /home/pi/Frob_robot/ros2/src/ros2_ws/install/frob_interfaces/share/ament_index/resource_index/rosidl_interfaces/frob_interfaces
-- Installing: /home/pi/Frob_robot/ros2/src/ros2_ws/install/frob_interfaces/share/frob_interfaces/srv/Turn.json
-- Installing: /home/pi/Frob_robot/ros2/src/ros2_ws/install/frob_interfaces/share/frob_interfaces/srv/Forward.json
-- Installing: /home/pi/Frob_robot/ros2/src/ros2_ws/install/frob_interfaces/include/frob_interfaces/frob_interfaces
-- Installing: /home/pi/Frob_robot/ros2/src/ros2_ws/install/frob_interfaces/include/frob_interfaces/frob_interfaces/msg
-- Installing: /home/pi/Frob_robot/ros2/src/ros2_ws/install/frob_interfaces/include/frob_interfaces/frob_interfaces/msg/rosidl_generator_c__visibility_control.h
-- Installing: /home/pi/Frob_robot/ros2/src/ros2_ws/install/frob_interfaces/include/frob_interfaces/frob_interfaces/srv
-- Installing: /home/pi/Frob_robot/ros2/src/ros2_ws/install/frob_interfaces/include/frob_interfaces/frob_interfaces/srv/turn.h
-- Installing: /home/pi/Frob_robot/ros2/src/ros2_ws/install/frob_interfaces/include/frob_interfaces/frob_interfaces/srv/forward.h
-- Installing: /home/pi/Frob_robot/ros2/src/ros2_ws/install/frob_interfaces/include/frob_interfaces/frob_interfaces/srv/detail
-- Installing: /home/pi/Frob_robot/ros2/src/ros2_ws/install/frob_interfaces/include/frob_interfaces/frob_interfaces/srv/detail/turn__functions.h
-- Installing: /home/pi/Frob_robot/ros2/src/ros2_ws/install/frob_interfaces/include/frob_interfaces/frob_interfaces/srv/detail/turn__type_support.c
-- Installing: /home/pi/Frob_robot/ros2/src/ros2_ws/install/frob_interfaces/include/frob_interfaces/frob_interfaces/srv/detail/turn__functions.c
-- Installing: /home/pi/Frob_robot/ros2/src/ros2_ws/install/frob_interfaces/include/frob_interfaces/frob_interfaces/srv/detail/forward__type_support.c
-- Installing: /home/pi/Frob_robot/ros2/src/ros2_ws/install/frob_interfaces/include/frob_interfaces/frob_interfaces/srv/detail/forward__struct.h
-- Installing: /home/pi/Frob_robot/ros2/src/ros2_ws/install/frob_interfaces/include/frob_interfaces/frob_interfaces/srv/detail/forward__type_support.h
-- Installing: /home/pi/Frob_robot/ros2/src/ros2_ws/install/frob_interfaces/include/frob_interfaces/frob_interfaces/srv/detail/forward__functions.c
-- Installing: /home/pi/Frob_robot/ros2/src/ros2_ws/install/frob_interfaces/include/frob_interfaces/frob_interfaces/srv/detail/turn__type_support.h
-- Installing: /home/pi/Frob_robot/ros2/src/ros2_ws/install/frob_interfaces/include/frob_interfaces/frob_interfaces/srv/detail/turn__struct.h
-- Installing: /home/pi/Frob_robot/ros2/src/ros2_ws/install/frob_interfaces/include/frob_interfaces/frob_interfaces/srv/detail/turn__description.c
-- Installing: /home/pi/Frob_robot/ros2/src/ros2_ws/install/frob_interfaces/include/frob_interfaces/frob_interfaces/srv/detail/forward__functions.h
-- Installing: /home/pi/Frob_robot/ros2/src/ros2_ws/install/frob_interfaces/include/frob_interfaces/frob_interfaces/srv/detail/forward__description.c
-- Installing: /home/pi/Frob_robot/ros2/src/ros2_ws/install/frob_interfaces/share/frob_interfaces/environment/library_path.sh
-- Installing: /home/pi/Frob_robot/ros2/src/ros2_ws/install/frob_interfaces/share/frob_interfaces/environment/library_path.dsv
-- Installing: /home/pi/Frob_robot/ros2/src/ros2_ws/install/frob_interfaces/lib/libfrob_interfaces__rosidl_generator_c.so
-- Set non-toolchain portion of runtime path of "/home/pi/Frob_robot/ros2/src/ros2_ws/install/frob_interfaces/lib/libfrob_interfaces__rosidl_generator_c.so" to ""
-- Up-to-date: /home/pi/Frob_robot/ros2/src/ros2_ws/install/frob_interfaces/include/frob_interfaces/frob_interfaces
-- Up-to-date: /home/pi/Frob_robot/ros2/src/ros2_ws/install/frob_interfaces/include/frob_interfaces/frob_interfaces/msg
-- Installing: /home/pi/Frob_robot/ros2/src/ros2_ws/install/frob_interfaces/include/frob_interfaces/frob_interfaces/msg/rosidl_typesupport_fastrtps_c__visibility_control.h
-- Up-to-date: /home/pi/Frob_robot/ros2/src/ros2_ws/install/frob_interfaces/include/frob_interfaces/frob_interfaces/srv
-- Up-to-date: /home/pi/Frob_robot/ros2/src/ros2_ws/install/frob_interfaces/include/frob_interfaces/frob_interfaces/srv/detail
-- Installing: /home/pi/Frob_robot/ros2/src/ros2_ws/install/frob_interfaces/include/frob_interfaces/frob_interfaces/srv/detail/forward__rosidl_typesupport_fastrtps_c.h
-- Installing: /home/pi/Frob_robot/ros2/src/ros2_ws/install/frob_interfaces/include/frob_interfaces/frob_interfaces/srv/detail/turn__rosidl_typesupport_fastrtps_c.h
-- Installing: /home/pi/Frob_robot/ros2/src/ros2_ws/install/frob_interfaces/lib/libfrob_interfaces__rosidl_typesupport_fastrtps_c.so
-- Set non-toolchain portion of runtime path of "/home/pi/Frob_robot/ros2/src/ros2_ws/install/frob_interfaces/lib/libfrob_interfaces__rosidl_typesupport_fastrtps_c.so" to ""
-- Up-to-date: /home/pi/Frob_robot/ros2/src/ros2_ws/install/frob_interfaces/include/frob_interfaces/frob_interfaces
-- Up-to-date: /home/pi/Frob_robot/ros2/src/ros2_ws/install/frob_interfaces/include/frob_interfaces/frob_interfaces/msg
-- Installing: /home/pi/Frob_robot/ros2/src/ros2_ws/install/frob_interfaces/include/frob_interfaces/frob_interfaces/msg/rosidl_typesupport_introspection_c__visibility_control.h
-- Up-to-date: /home/pi/Frob_robot/ros2/src/ros2_ws/install/frob_interfaces/include/frob_interfaces/frob_interfaces/srv
-- Up-to-date: /home/pi/Frob_robot/ros2/src/ros2_ws/install/frob_interfaces/include/frob_interfaces/frob_interfaces/srv/detail
-- Installing: /home/pi/Frob_robot/ros2/src/ros2_ws/install/frob_interfaces/include/frob_interfaces/frob_interfaces/srv/detail/turn__type_support.c
-- Installing: /home/pi/Frob_robot/ros2/src/ros2_ws/install/frob_interfaces/include/frob_interfaces/frob_interfaces/srv/detail/forward__type_support.c
-- Installing: /home/pi/Frob_robot/ros2/src/ros2_ws/install/frob_interfaces/include/frob_interfaces/frob_interfaces/srv/detail/forward__rosidl_typesupport_introspection_c.h
-- Installing: /home/pi/Frob_robot/ros2/src/ros2_ws/install/frob_interfaces/include/frob_interfaces/frob_interfaces/srv/detail/turn__rosidl_typesupport_introspection_c.h
-- Installing: /home/pi/Frob_robot/ros2/src/ros2_ws/install/frob_interfaces/lib/libfrob_interfaces__rosidl_typesupport_introspection_c.so
-- Set non-toolchain portion of runtime path of "/home/pi/Frob_robot/ros2/src/ros2_ws/install/frob_interfaces/lib/libfrob_interfaces__rosidl_typesupport_introspection_c.so" to ""
-- Installing: /home/pi/Frob_robot/ros2/src/ros2_ws/install/frob_interfaces/lib/libfrob_interfaces__rosidl_typesupport_c.so
-- Set non-toolchain portion of runtime path of "/home/pi/Frob_robot/ros2/src/ros2_ws/install/frob_interfaces/lib/libfrob_interfaces__rosidl_typesupport_c.so" to ""
-- Up-to-date: /home/pi/Frob_robot/ros2/src/ros2_ws/install/frob_interfaces/include/frob_interfaces/frob_interfaces
-- Up-to-date: /home/pi/Frob_robot/ros2/src/ros2_ws/install/frob_interfaces/include/frob_interfaces/frob_interfaces/msg
-- Installing: /home/pi/Frob_robot/ros2/src/ros2_ws/install/frob_interfaces/include/frob_interfaces/frob_interfaces/msg/rosidl_generator_cpp__visibility_control.hpp
-- Up-to-date: /home/pi/Frob_robot/ros2/src/ros2_ws/install/frob_interfaces/include/frob_interfaces/frob_interfaces/srv
-- Installing: /home/pi/Frob_robot/ros2/src/ros2_ws/install/frob_interfaces/include/frob_interfaces/frob_interfaces/srv/turn.hpp
-- Installing: /home/pi/Frob_robot/ros2/src/ros2_ws/install/frob_interfaces/include/frob_interfaces/frob_interfaces/srv/forward.hpp
-- Up-to-date: /home/pi/Frob_robot/ros2/src/ros2_ws/install/frob_interfaces/include/frob_interfaces/frob_interfaces/srv/detail
-- Installing: /home/pi/Frob_robot/ros2/src/ros2_ws/install/frob_interfaces/include/frob_interfaces/frob_interfaces/srv/detail/turn__traits.hpp
-- Installing: /home/pi/Frob_robot/ros2/src/ros2_ws/install/frob_interfaces/include/frob_interfaces/frob_interfaces/srv/detail/forward__type_support.hpp
-- Installing: /home/pi/Frob_robot/ros2/src/ros2_ws/install/frob_interfaces/include/frob_interfaces/frob_interfaces/srv/detail/forward__struct.hpp
-- Installing: /home/pi/Frob_robot/ros2/src/ros2_ws/install/frob_interfaces/include/frob_interfaces/frob_interfaces/srv/detail/turn__struct.hpp
-- Installing: /home/pi/Frob_robot/ros2/src/ros2_ws/install/frob_interfaces/include/frob_interfaces/frob_interfaces/srv/detail/forward__traits.hpp
-- Installing: /home/pi/Frob_robot/ros2/src/ros2_ws/install/frob_interfaces/include/frob_interfaces/frob_interfaces/srv/detail/forward__builder.hpp
-- Installing: /home/pi/Frob_robot/ros2/src/ros2_ws/install/frob_interfaces/include/frob_interfaces/frob_interfaces/srv/detail/turn__builder.hpp
-- Installing: /home/pi/Frob_robot/ros2/src/ros2_ws/install/frob_interfaces/include/frob_interfaces/frob_interfaces/srv/detail/turn__type_support.hpp
-- Up-to-date: /home/pi/Frob_robot/ros2/src/ros2_ws/install/frob_interfaces/include/frob_interfaces/frob_interfaces
-- Up-to-date: /home/pi/Frob_robot/ros2/src/ros2_ws/install/frob_interfaces/include/frob_interfaces/frob_interfaces/msg
-- Installing: /home/pi/Frob_robot/ros2/src/ros2_ws/install/frob_interfaces/include/frob_interfaces/frob_interfaces/msg/rosidl_typesupport_fastrtps_cpp__visibility_control.h
-- Up-to-date: /home/pi/Frob_robot/ros2/src/ros2_ws/install/frob_interfaces/include/frob_interfaces/frob_interfaces/srv
-- Up-to-date: /home/pi/Frob_robot/ros2/src/ros2_ws/install/frob_interfaces/include/frob_interfaces/frob_interfaces/srv/detail
-- Installing: /home/pi/Frob_robot/ros2/src/ros2_ws/install/frob_interfaces/include/frob_interfaces/frob_interfaces/srv/detail/forward__rosidl_typesupport_fastrtps_cpp.hpp
-- Installing: /home/pi/Frob_robot/ros2/src/ros2_ws/install/frob_interfaces/include/frob_interfaces/frob_interfaces/srv/detail/dds_fastrtps
-- Installing: /home/pi/Frob_robot/ros2/src/ros2_ws/install/frob_interfaces/include/frob_interfaces/frob_interfaces/srv/detail/turn__rosidl_typesupport_fastrtps_cpp.hpp
-- Installing: /home/pi/Frob_robot/ros2/src/ros2_ws/install/frob_interfaces/lib/libfrob_interfaces__rosidl_typesupport_fastrtps_cpp.so
-- Set non-toolchain portion of runtime path of "/home/pi/Frob_robot/ros2/src/ros2_ws/install/frob_interfaces/lib/libfrob_interfaces__rosidl_typesupport_fastrtps_cpp.so" to ""
-- Up-to-date: /home/pi/Frob_robot/ros2/src/ros2_ws/install/frob_interfaces/include/frob_interfaces/frob_interfaces
-- Up-to-date: /home/pi/Frob_robot/ros2/src/ros2_ws/install/frob_interfaces/include/frob_interfaces/frob_interfaces/srv
-- Up-to-date: /home/pi/Frob_robot/ros2/src/ros2_ws/install/frob_interfaces/include/frob_interfaces/frob_interfaces/srv/detail
-- Installing: /home/pi/Frob_robot/ros2/src/ros2_ws/install/frob_interfaces/include/frob_interfaces/frob_interfaces/srv/detail/forward__rosidl_typesupport_introspection_cpp.hpp
-- Installing: /home/pi/Frob_robot/ros2/src/ros2_ws/install/frob_interfaces/include/frob_interfaces/frob_interfaces/srv/detail/forward__type_support.cpp
-- Installing: /home/pi/Frob_robot/ros2/src/ros2_ws/install/frob_interfaces/include/frob_interfaces/frob_interfaces/srv/detail/turn__type_support.cpp
-- Installing: /home/pi/Frob_robot/ros2/src/ros2_ws/install/frob_interfaces/include/frob_interfaces/frob_interfaces/srv/detail/turn__rosidl_typesupport_introspection_cpp.hpp
-- Installing: /home/pi/Frob_robot/ros2/src/ros2_ws/install/frob_interfaces/lib/libfrob_interfaces__rosidl_typesupport_introspection_cpp.so
-- Set non-toolchain portion of runtime path of "/home/pi/Frob_robot/ros2/src/ros2_ws/install/frob_interfaces/lib/libfrob_interfaces__rosidl_typesupport_introspection_cpp.so" to ""
-- Installing: /home/pi/Frob_robot/ros2/src/ros2_ws/install/frob_interfaces/lib/libfrob_interfaces__rosidl_typesupport_cpp.so
-- Set non-toolchain portion of runtime path of "/home/pi/Frob_robot/ros2/src/ros2_ws/install/frob_interfaces/lib/libfrob_interfaces__rosidl_typesupport_cpp.so" to ""
-- Installing: /home/pi/Frob_robot/ros2/src/ros2_ws/install/frob_interfaces/share/frob_interfaces/environment/pythonpath.sh
-- Installing: /home/pi/Frob_robot/ros2/src/ros2_ws/install/frob_interfaces/share/frob_interfaces/environment/pythonpath.dsv
-- Installing: /home/pi/Frob_robot/ros2/src/ros2_ws/install/frob_interfaces/lib/python3.12/site-packages/frob_interfaces-0.0.0-py3.12.egg-info
-- Installing: /home/pi/Frob_robot/ros2/src/ros2_ws/install/frob_interfaces/lib/python3.12/site-packages/frob_interfaces-0.0.0-py3.12.egg-info/dependency_links.txt
-- Installing: /home/pi/Frob_robot/ros2/src/ros2_ws/install/frob_interfaces/lib/python3.12/site-packages/frob_interfaces-0.0.0-py3.12.egg-info/PKG-INFO
-- Installing: /home/pi/Frob_robot/ros2/src/ros2_ws/install/frob_interfaces/lib/python3.12/site-packages/frob_interfaces-0.0.0-py3.12.egg-info/top_level.txt
-- Installing: /home/pi/Frob_robot/ros2/src/ros2_ws/install/frob_interfaces/lib/python3.12/site-packages/frob_interfaces-0.0.0-py3.12.egg-info/SOURCES.txt
-- Installing: /home/pi/Frob_robot/ros2/src/ros2_ws/install/frob_interfaces/lib/python3.12/site-packages/frob_interfaces
-- Installing: /home/pi/Frob_robot/ros2/src/ros2_ws/install/frob_interfaces/lib/python3.12/site-packages/frob_interfaces/frob_interfaces_s__rosidl_typesupport_introspection_c.so
-- Installing: /home/pi/Frob_robot/ros2/src/ros2_ws/install/frob_interfaces/lib/python3.12/site-packages/frob_interfaces/frob_interfaces_s__rosidl_typesupport_fastrtps_c.so
-- Installing: /home/pi/Frob_robot/ros2/src/ros2_ws/install/frob_interfaces/lib/python3.12/site-packages/frob_interfaces/_frob_interfaces_s.ep.rosidl_typesupport_introspection_c.c
-- Installing: /home/pi/Frob_robot/ros2/src/ros2_ws/install/frob_interfaces/lib/python3.12/site-packages/frob_interfaces/_frob_interfaces_s.ep.rosidl_typesupport_fastrtps_c.c
-- Installing: /home/pi/Frob_robot/ros2/src/ros2_ws/install/frob_interfaces/lib/python3.12/site-packages/frob_interfaces/frob_interfaces_s__rosidl_typesupport_c.so
-- Installing: /home/pi/Frob_robot/ros2/src/ros2_ws/install/frob_interfaces/lib/python3.12/site-packages/frob_interfaces/srv
-- Installing: /home/pi/Frob_robot/ros2/src/ros2_ws/install/frob_interfaces/lib/python3.12/site-packages/frob_interfaces/srv/_forward_s.c
-- Installing: /home/pi/Frob_robot/ros2/src/ros2_ws/install/frob_interfaces/lib/python3.12/site-packages/frob_interfaces/srv/_forward.py
-- Installing: /home/pi/Frob_robot/ros2/src/ros2_ws/install/frob_interfaces/lib/python3.12/site-packages/frob_interfaces/srv/__init__.py
-- Installing: /home/pi/Frob_robot/ros2/src/ros2_ws/install/frob_interfaces/lib/python3.12/site-packages/frob_interfaces/srv/_turn.py
-- Installing: /home/pi/Frob_robot/ros2/src/ros2_ws/install/frob_interfaces/lib/python3.12/site-packages/frob_interfaces/srv/_turn_s.c
-- Installing: /home/pi/Frob_robot/ros2/src/ros2_ws/install/frob_interfaces/lib/python3.12/site-packages/frob_interfaces/__init__.py
-- Installing: /home/pi/Frob_robot/ros2/src/ros2_ws/install/frob_interfaces/lib/python3.12/site-packages/frob_interfaces/_frob_interfaces_s.ep.rosidl_typesupport_c.c
Listing '/home/pi/Frob_robot/ros2/src/ros2_ws/install/frob_interfaces/lib/python3.12/site-packages/frob_interfaces'...
Compiling '/home/pi/Frob_robot/ros2/src/ros2_ws/install/frob_interfaces/lib/python3.12/site-packages/frob_interfaces/__init__.py'...
Listing '/home/pi/Frob_robot/ros2/src/ros2_ws/install/frob_interfaces/lib/python3.12/site-packages/frob_interfaces/srv'...
Compiling '/home/pi/Frob_robot/ros2/src/ros2_ws/install/frob_interfaces/lib/python3.12/site-packages/frob_interfaces/srv/__init__.py'...
Compiling '/home/pi/Frob_robot/ros2/src/ros2_ws/install/frob_interfaces/lib/python3.12/site-packages/frob_interfaces/srv/_forward.py'...
Compiling '/home/pi/Frob_robot/ros2/src/ros2_ws/install/frob_interfaces/lib/python3.12/site-packages/frob_interfaces/srv/_turn.py'...
-- Installing: /home/pi/Frob_robot/ros2/src/ros2_ws/install/frob_interfaces/lib/python3.12/site-packages/frob_interfaces/frob_interfaces_s__rosidl_typesupport_fastrtps_c.so
-- Set non-toolchain portion of runtime path of "/home/pi/Frob_robot/ros2/src/ros2_ws/install/frob_interfaces/lib/python3.12/site-packages/frob_interfaces/frob_interfaces_s__rosidl_typesupport_fastrtps_c.so" to ""
-- Installing: /home/pi/Frob_robot/ros2/src/ros2_ws/install/frob_interfaces/lib/python3.12/site-packages/frob_interfaces/frob_interfaces_s__rosidl_typesupport_introspection_c.so
-- Set non-toolchain portion of runtime path of "/home/pi/Frob_robot/ros2/src/ros2_ws/install/frob_interfaces/lib/python3.12/site-packages/frob_interfaces/frob_interfaces_s__rosidl_typesupport_introspection_c.so" to ""
-- Installing: /home/pi/Frob_robot/ros2/src/ros2_ws/install/frob_interfaces/lib/python3.12/site-packages/frob_interfaces/frob_interfaces_s__rosidl_typesupport_c.so
-- Set non-toolchain portion of runtime path of "/home/pi/Frob_robot/ros2/src/ros2_ws/install/frob_interfaces/lib/python3.12/site-packages/frob_interfaces/frob_interfaces_s__rosidl_typesupport_c.so" to ""
-- Installing: /home/pi/Frob_robot/ros2/src/ros2_ws/install/frob_interfaces/lib/libfrob_interfaces__rosidl_generator_py.so
-- Set non-toolchain portion of runtime path of "/home/pi/Frob_robot/ros2/src/ros2_ws/install/frob_interfaces/lib/libfrob_interfaces__rosidl_generator_py.so" to ""
-- Installing: /home/pi/Frob_robot/ros2/src/ros2_ws/install/frob_interfaces/share/frob_interfaces/srv/Turn.idl
-- Installing: /home/pi/Frob_robot/ros2/src/ros2_ws/install/frob_interfaces/share/frob_interfaces/srv/Forward.idl
-- Installing: /home/pi/Frob_robot/ros2/src/ros2_ws/install/frob_interfaces/share/frob_interfaces/srv/Turn.srv
-- Installing: /home/pi/Frob_robot/ros2/src/ros2_ws/install/frob_interfaces/share/frob_interfaces/srv/Forward.srv
-- Installing: /home/pi/Frob_robot/ros2/src/ros2_ws/install/frob_interfaces/share/ament_index/resource_index/package_run_dependencies/frob_interfaces
-- Installing: /home/pi/Frob_robot/ros2/src/ros2_ws/install/frob_interfaces/share/ament_index/resource_index/parent_prefix_path/frob_interfaces
-- Installing: /home/pi/Frob_robot/ros2/src/ros2_ws/install/frob_interfaces/share/frob_interfaces/environment/ament_prefix_path.sh
-- Installing: /home/pi/Frob_robot/ros2/src/ros2_ws/install/frob_interfaces/share/frob_interfaces/environment/ament_prefix_path.dsv
-- Installing: /home/pi/Frob_robot/ros2/src/ros2_ws/install/frob_interfaces/share/frob_interfaces/environment/path.sh
-- Installing: /home/pi/Frob_robot/ros2/src/ros2_ws/install/frob_interfaces/share/frob_interfaces/environment/path.dsv
-- Installing: /home/pi/Frob_robot/ros2/src/ros2_ws/install/frob_interfaces/share/frob_interfaces/local_setup.bash
-- Installing: /home/pi/Frob_robot/ros2/src/ros2_ws/install/frob_interfaces/share/frob_interfaces/local_setup.sh
-- Installing: /home/pi/Frob_robot/ros2/src/ros2_ws/install/frob_interfaces/share/frob_interfaces/local_setup.zsh
-- Installing: /home/pi/Frob_robot/ros2/src/ros2_ws/install/frob_interfaces/share/frob_interfaces/local_setup.dsv
-- Installing: /home/pi/Frob_robot/ros2/src/ros2_ws/install/frob_interfaces/share/frob_interfaces/package.dsv
-- Installing: /home/pi/Frob_robot/ros2/src/ros2_ws/install/frob_interfaces/share/ament_index/resource_index/packages/frob_interfaces
-- Installing: /home/pi/Frob_robot/ros2/src/ros2_ws/install/frob_interfaces/share/frob_interfaces/cmake/export_frob_interfaces__rosidl_generator_cExport.cmake
-- Installing: /home/pi/Frob_robot/ros2/src/ros2_ws/install/frob_interfaces/share/frob_interfaces/cmake/export_frob_interfaces__rosidl_generator_cExport-noconfig.cmake
-- Installing: /home/pi/Frob_robot/ros2/src/ros2_ws/install/frob_interfaces/share/frob_interfaces/cmake/export_frob_interfaces__rosidl_typesupport_fastrtps_cExport.cmake
-- Installing: /home/pi/Frob_robot/ros2/src/ros2_ws/install/frob_interfaces/share/frob_interfaces/cmake/export_frob_interfaces__rosidl_typesupport_fastrtps_cExport-noconfig.cmake
-- Installing: /home/pi/Frob_robot/ros2/src/ros2_ws/install/frob_interfaces/share/frob_interfaces/cmake/frob_interfaces__rosidl_typesupport_introspection_cExport.cmake
-- Installing: /home/pi/Frob_robot/ros2/src/ros2_ws/install/frob_interfaces/share/frob_interfaces/cmake/frob_interfaces__rosidl_typesupport_introspection_cExport-noconfig.cmake
-- Installing: /home/pi/Frob_robot/ros2/src/ros2_ws/install/frob_interfaces/share/frob_interfaces/cmake/frob_interfaces__rosidl_typesupport_cExport.cmake
-- Installing: /home/pi/Frob_robot/ros2/src/ros2_ws/install/frob_interfaces/share/frob_interfaces/cmake/frob_interfaces__rosidl_typesupport_cExport-noconfig.cmake
-- Installing: /home/pi/Frob_robot/ros2/src/ros2_ws/install/frob_interfaces/share/frob_interfaces/cmake/export_frob_interfaces__rosidl_generator_cppExport.cmake
-- Installing: /home/pi/Frob_robot/ros2/src/ros2_ws/install/frob_interfaces/share/frob_interfaces/cmake/export_frob_interfaces__rosidl_typesupport_fastrtps_cppExport.cmake
-- Installing: /home/pi/Frob_robot/ros2/src/ros2_ws/install/frob_interfaces/share/frob_interfaces/cmake/export_frob_interfaces__rosidl_typesupport_fastrtps_cppExport-noconfig.cmake
-- Installing: /home/pi/Frob_robot/ros2/src/ros2_ws/install/frob_interfaces/share/frob_interfaces/cmake/frob_interfaces__rosidl_typesupport_introspection_cppExport.cmake
-- Installing: /home/pi/Frob_robot/ros2/src/ros2_ws/install/frob_interfaces/share/frob_interfaces/cmake/frob_interfaces__rosidl_typesupport_introspection_cppExport-noconfig.cmake
-- Installing: /home/pi/Frob_robot/ros2/src/ros2_ws/install/frob_interfaces/share/frob_interfaces/cmake/frob_interfaces__rosidl_typesupport_cppExport.cmake
-- Installing: /home/pi/Frob_robot/ros2/src/ros2_ws/install/frob_interfaces/share/frob_interfaces/cmake/frob_interfaces__rosidl_typesupport_cppExport-noconfig.cmake
-- Installing: /home/pi/Frob_robot/ros2/src/ros2_ws/install/frob_interfaces/share/frob_interfaces/cmake/export_frob_interfaces__rosidl_generator_pyExport.cmake
-- Installing: /home/pi/Frob_robot/ros2/src/ros2_ws/install/frob_interfaces/share/frob_interfaces/cmake/export_frob_interfaces__rosidl_generator_pyExport-noconfig.cmake
-- Installing: /home/pi/Frob_robot/ros2/src/ros2_ws/install/frob_interfaces/share/frob_interfaces/cmake/rosidl_cmake-extras.cmake
-- Installing: /home/pi/Frob_robot/ros2/src/ros2_ws/install/frob_interfaces/share/frob_interfaces/cmake/ament_cmake_export_dependencies-extras.cmake
-- Installing: /home/pi/Frob_robot/ros2/src/ros2_ws/install/frob_interfaces/share/frob_interfaces/cmake/ament_cmake_export_include_directories-extras.cmake
-- Installing: /home/pi/Frob_robot/ros2/src/ros2_ws/install/frob_interfaces/share/frob_interfaces/cmake/ament_cmake_export_libraries-extras.cmake
-- Installing: /home/pi/Frob_robot/ros2/src/ros2_ws/install/frob_interfaces/share/frob_interfaces/cmake/ament_cmake_export_targets-extras.cmake
-- Installing: /home/pi/Frob_robot/ros2/src/ros2_ws/install/frob_interfaces/share/frob_interfaces/cmake/rosidl_cmake_export_typesupport_targets-extras.cmake
-- Installing: /home/pi/Frob_robot/ros2/src/ros2_ws/install/frob_interfaces/share/frob_interfaces/cmake/rosidl_cmake_export_typesupport_libraries-extras.cmake
-- Installing: /home/pi/Frob_robot/ros2/src/ros2_ws/install/frob_interfaces/share/frob_interfaces/cmake/frob_interfacesConfig.cmake
-- Installing: /home/pi/Frob_robot/ros2/src/ros2_ws/install/frob_interfaces/share/frob_interfaces/cmake/frob_interfacesConfig-version.cmake
-- Installing: /home/pi/Frob_robot/ros2/src/ros2_ws/install/frob_interfaces/share/frob_interfaces/package.xml
