[0.019s] Invoking command in '/home/pi/Frob_robot/ros2/src/ros2_ws/build/ros2_mpu6050': CMAKE_PREFIX_PATH=${CMAKE_PREFIX_PATH}:/home/pi/Frob_robot/ros2/src/ros2_ws/install/frob_bringup:/home/pi/Frob_robot/ros2/src/ros2_ws/install/ros2_arduino_bridge:/home/pi/Frob_robot/ros2/src/ros2_ws/install/lidar_filter:/home/pi/Frob_robot/ros2/src/ros2_ws/install/keyboard_vel_control:/home/pi/Frob_robot/ros2/src/ros2_ws/install/frob_odometry:/home/pi/Frob_robot/ros2/src/ros2_ws/install/frob_navigation:/home/pi/Frob_robot/ros2/src/ros2_ws/install/frob_description:/home/pi/Frob_robot/ros2/src/ros2_ws/install/frob_control:/opt/ros/jazzy /home/pi/.local/bin/cmake --build /home/pi/Frob_robot/ros2/src/ros2_ws/build/ros2_mpu6050 -- -j4 -l4
[0.459s] [ 50%] Built target ros2_mpu6050_calibrate
[0.476s] [100%] Built target ros2_mpu6050
[0.486s] Invoked command in '/home/pi/Frob_robot/ros2/src/ros2_ws/build/ros2_mpu6050' returned '0': CMAKE_PREFIX_PATH=${CMAKE_PREFIX_PATH}:/home/pi/Frob_robot/ros2/src/ros2_ws/install/frob_bringup:/home/pi/Frob_robot/ros2/src/ros2_ws/install/ros2_arduino_bridge:/home/pi/Frob_robot/ros2/src/ros2_ws/install/lidar_filter:/home/pi/Frob_robot/ros2/src/ros2_ws/install/keyboard_vel_control:/home/pi/Frob_robot/ros2/src/ros2_ws/install/frob_odometry:/home/pi/Frob_robot/ros2/src/ros2_ws/install/frob_navigation:/home/pi/Frob_robot/ros2/src/ros2_ws/install/frob_description:/home/pi/Frob_robot/ros2/src/ros2_ws/install/frob_control:/opt/ros/jazzy /home/pi/.local/bin/cmake --build /home/pi/Frob_robot/ros2/src/ros2_ws/build/ros2_mpu6050 -- -j4 -l4
[0.490s] Invoking command in '/home/pi/Frob_robot/ros2/src/ros2_ws/build/ros2_mpu6050': CMAKE_PREFIX_PATH=${CMAKE_PREFIX_PATH}:/home/pi/Frob_robot/ros2/src/ros2_ws/install/frob_bringup:/home/pi/Frob_robot/ros2/src/ros2_ws/install/ros2_arduino_bridge:/home/pi/Frob_robot/ros2/src/ros2_ws/install/lidar_filter:/home/pi/Frob_robot/ros2/src/ros2_ws/install/keyboard_vel_control:/home/pi/Frob_robot/ros2/src/ros2_ws/install/frob_odometry:/home/pi/Frob_robot/ros2/src/ros2_ws/install/frob_navigation:/home/pi/Frob_robot/ros2/src/ros2_ws/install/frob_description:/home/pi/Frob_robot/ros2/src/ros2_ws/install/frob_control:/opt/ros/jazzy /home/pi/.local/bin/cmake --install /home/pi/Frob_robot/ros2/src/ros2_ws/build/ros2_mpu6050
[0.818s] -- Install configuration: ""
[0.821s] -- Up-to-date: /home/pi/Frob_robot/ros2/src/ros2_ws/install/ros2_mpu6050/include/include
[0.821s] -- Up-to-date: /home/pi/Frob_robot/ros2/src/ros2_ws/install/ros2_mpu6050/include/include/ros2_mpu6050
[0.822s] -- Up-to-date: /home/pi/Frob_robot/ros2/src/ros2_ws/install/ros2_mpu6050/include/include/ros2_mpu6050/mpu6050.h
[0.822s] -- Up-to-date: /home/pi/Frob_robot/ros2/src/ros2_ws/install/ros2_mpu6050/include/include/ros2_mpu6050/mpu6050_node.h
[0.823s] -- Up-to-date: /home/pi/Frob_robot/ros2/src/ros2_ws/install/ros2_mpu6050/include/include/ros2_mpu6050/mpu6050_hal.h
[0.827s] -- Up-to-date: /home/pi/Frob_robot/ros2/src/ros2_ws/install/ros2_mpu6050/lib/ros2_mpu6050/ros2_mpu6050
[0.829s] -- Up-to-date: /home/pi/Frob_robot/ros2/src/ros2_ws/install/ros2_mpu6050/lib/ros2_mpu6050/ros2_mpu6050_calibrate
[0.830s] -- Up-to-date: /home/pi/Frob_robot/ros2/src/ros2_ws/install/ros2_mpu6050/share/ros2_mpu6050/config
[0.832s] -- Up-to-date: /home/pi/Frob_robot/ros2/src/ros2_ws/install/ros2_mpu6050/share/ros2_mpu6050/config/params.yaml
[0.832s] -- Up-to-date: /home/pi/Frob_robot/ros2/src/ros2_ws/install/ros2_mpu6050/share/ros2_mpu6050/launch
[0.833s] -- Up-to-date: /home/pi/Frob_robot/ros2/src/ros2_ws/install/ros2_mpu6050/share/ros2_mpu6050/launch/ros2_mpu6050.launch.py
[0.834s] -- Up-to-date: /home/pi/Frob_robot/ros2/src/ros2_ws/install/ros2_mpu6050/share/ament_index/resource_index/package_run_dependencies/ros2_mpu6050
[0.834s] -- Up-to-date: /home/pi/Frob_robot/ros2/src/ros2_ws/install/ros2_mpu6050/share/ament_index/resource_index/parent_prefix_path/ros2_mpu6050
[0.835s] -- Up-to-date: /home/pi/Frob_robot/ros2/src/ros2_ws/install/ros2_mpu6050/share/ros2_mpu6050/environment/ament_prefix_path.sh
[0.835s] -- Up-to-date: /home/pi/Frob_robot/ros2/src/ros2_ws/install/ros2_mpu6050/share/ros2_mpu6050/environment/ament_prefix_path.dsv
[0.835s] -- Up-to-date: /home/pi/Frob_robot/ros2/src/ros2_ws/install/ros2_mpu6050/share/ros2_mpu6050/environment/path.sh
[0.836s] -- Up-to-date: /home/pi/Frob_robot/ros2/src/ros2_ws/install/ros2_mpu6050/share/ros2_mpu6050/environment/path.dsv
[0.836s] -- Up-to-date: /home/pi/Frob_robot/ros2/src/ros2_ws/install/ros2_mpu6050/share/ros2_mpu6050/local_setup.bash
[0.836s] -- Up-to-date: /home/pi/Frob_robot/ros2/src/ros2_ws/install/ros2_mpu6050/share/ros2_mpu6050/local_setup.sh
[0.836s] -- Up-to-date: /home/pi/Frob_robot/ros2/src/ros2_ws/install/ros2_mpu6050/share/ros2_mpu6050/local_setup.zsh
[0.837s] -- Up-to-date: /home/pi/Frob_robot/ros2/src/ros2_ws/install/ros2_mpu6050/share/ros2_mpu6050/local_setup.dsv
[0.837s] -- Installing: /home/pi/Frob_robot/ros2/src/ros2_ws/install/ros2_mpu6050/share/ros2_mpu6050/package.dsv
[0.837s] -- Up-to-date: /home/pi/Frob_robot/ros2/src/ros2_ws/install/ros2_mpu6050/share/ament_index/resource_index/packages/ros2_mpu6050
[0.838s] -- Up-to-date: /home/pi/Frob_robot/ros2/src/ros2_ws/install/ros2_mpu6050/share/ros2_mpu6050/cmake/ros2_mpu6050Config.cmake
[0.839s] -- Up-to-date: /home/pi/Frob_robot/ros2/src/ros2_ws/install/ros2_mpu6050/share/ros2_mpu6050/cmake/ros2_mpu6050Config-version.cmake
[0.839s] -- Up-to-date: /home/pi/Frob_robot/ros2/src/ros2_ws/install/ros2_mpu6050/share/ros2_mpu6050/package.xml
[0.843s] Invoked command in '/home/pi/Frob_robot/ros2/src/ros2_ws/build/ros2_mpu6050' returned '0': CMAKE_PREFIX_PATH=${CMAKE_PREFIX_PATH}:/home/pi/Frob_robot/ros2/src/ros2_ws/install/frob_bringup:/home/pi/Frob_robot/ros2/src/ros2_ws/install/ros2_arduino_bridge:/home/pi/Frob_robot/ros2/src/ros2_ws/install/lidar_filter:/home/pi/Frob_robot/ros2/src/ros2_ws/install/keyboard_vel_control:/home/pi/Frob_robot/ros2/src/ros2_ws/install/frob_odometry:/home/pi/Frob_robot/ros2/src/ros2_ws/install/frob_navigation:/home/pi/Frob_robot/ros2/src/ros2_ws/install/frob_description:/home/pi/Frob_robot/ros2/src/ros2_ws/install/frob_control:/opt/ros/jazzy /home/pi/.local/bin/cmake --install /home/pi/Frob_robot/ros2/src/ros2_ws/build/ros2_mpu6050
