[1.090s] Invoking command in '/home/pi/Frob_robot/ros2/src/ros2_ws/src/frob_bringup': AMENT_PREFIX_PATH=/home/pi/Frob_robot/ros2/src/ros2_ws/install/ros2_arduino_bridge:/home/pi/Frob_robot/ros2/src/ros2_ws/install/sllidar_ros2:/home/pi/Frob_robot/ros2/src/ros2_ws/install/frob_interfaces:${AMENT_PREFIX_PATH} CMAKE_PREFIX_PATH=/home/pi/Frob_robot/ros2/src/ros2_ws/install/sllidar_ros2:/home/pi/Frob_robot/ros2/src/ros2_ws/install/frob_interfaces:${CMAKE_PREFIX_PATH} LD_LIBRARY_PATH=/home/pi/Frob_robot/ros2/src/ros2_ws/install/frob_interfaces/lib:${LD_LIBRARY_PATH} PYTHONPATH=/home/pi/Frob_robot/ros2/src/ros2_ws/build/frob_bringup/prefix_override:/usr/lib/python3/dist-packages/colcon_core/task/python/colcon_distutils_commands:/home/pi/Frob_robot/ros2/src/ros2_ws/install/frob_bringup/lib/python3.12/site-packages:/home/pi/Frob_robot/ros2/src/ros2_ws/install/ros2_arduino_bridge/lib/python3.12/site-packages:/home/pi/Frob_robot/ros2/src/ros2_ws/install/frob_interfaces/lib/python3.12/site-packages:${PYTHONPATH} /usr/bin/python3 -W ignore:setup.py install is deprecated -W ignore:easy_install command is deprecated setup.py egg_info --egg-base ../../build/frob_bringup build --build-base /home/pi/Frob_robot/ros2/src/ros2_ws/build/frob_bringup/build install --record /home/pi/Frob_robot/ros2/src/ros2_ws/build/frob_bringup/install.log --single-version-externally-managed install_data
[1.471s] running egg_info
[1.498s] writing ../../build/frob_bringup/frob_bringup.egg-info/PKG-INFO
[1.498s] writing dependency_links to ../../build/frob_bringup/frob_bringup.egg-info/dependency_links.txt
[1.500s] writing entry points to ../../build/frob_bringup/frob_bringup.egg-info/entry_points.txt
[1.501s] writing requirements to ../../build/frob_bringup/frob_bringup.egg-info/requires.txt
[1.502s] writing top-level names to ../../build/frob_bringup/frob_bringup.egg-info/top_level.txt
[1.561s] reading manifest file '../../build/frob_bringup/frob_bringup.egg-info/SOURCES.txt'
[1.563s] writing manifest file '../../build/frob_bringup/frob_bringup.egg-info/SOURCES.txt'
[1.563s] running build
[1.563s] running build_py
[1.564s] copying frob_bringup/__init__.py -> /home/pi/Frob_robot/ros2/src/ros2_ws/build/frob_bringup/build/lib/frob_bringup
[1.564s] copying frob_bringup/cmd_vel_teleop.py -> /home/pi/Frob_robot/ros2/src/ros2_ws/build/frob_bringup/build/lib/frob_bringup
[1.565s] running install
[1.572s] running install_lib
[1.600s] running install_data
[1.601s] copying package.xml -> /home/pi/Frob_robot/ros2/src/ros2_ws/install/frob_bringup/share/frob_bringup
[1.601s] copying launch/bringup.launch.py -> /home/pi/Frob_robot/ros2/src/ros2_ws/install/frob_bringup/share/frob_bringup/launch
[1.602s] running install_egg_info
[1.629s] removing '/home/pi/Frob_robot/ros2/src/ros2_ws/install/frob_bringup/lib/python3.12/site-packages/frob_bringup-0.1.0-py3.12.egg-info' (and everything under it)
[1.629s] Copying ../../build/frob_bringup/frob_bringup.egg-info to /home/pi/Frob_robot/ros2/src/ros2_ws/install/frob_bringup/lib/python3.12/site-packages/frob_bringup-0.1.0-py3.12.egg-info
[1.631s] running install_scripts
[1.687s] Installing keyboard_teleop script to /home/pi/Frob_robot/ros2/src/ros2_ws/install/frob_bringup/lib/frob_bringup
[1.688s] writing list of installed files to '/home/pi/Frob_robot/ros2/src/ros2_ws/build/frob_bringup/install.log'
[1.745s] Invoked command in '/home/pi/Frob_robot/ros2/src/ros2_ws/src/frob_bringup' returned '0': AMENT_PREFIX_PATH=/home/pi/Frob_robot/ros2/src/ros2_ws/install/ros2_arduino_bridge:/home/pi/Frob_robot/ros2/src/ros2_ws/install/sllidar_ros2:/home/pi/Frob_robot/ros2/src/ros2_ws/install/frob_interfaces:${AMENT_PREFIX_PATH} CMAKE_PREFIX_PATH=/home/pi/Frob_robot/ros2/src/ros2_ws/install/sllidar_ros2:/home/pi/Frob_robot/ros2/src/ros2_ws/install/frob_interfaces:${CMAKE_PREFIX_PATH} LD_LIBRARY_PATH=/home/pi/Frob_robot/ros2/src/ros2_ws/install/frob_interfaces/lib:${LD_LIBRARY_PATH} PYTHONPATH=/home/pi/Frob_robot/ros2/src/ros2_ws/build/frob_bringup/prefix_override:/usr/lib/python3/dist-packages/colcon_core/task/python/colcon_distutils_commands:/home/pi/Frob_robot/ros2/src/ros2_ws/install/frob_bringup/lib/python3.12/site-packages:/home/pi/Frob_robot/ros2/src/ros2_ws/install/ros2_arduino_bridge/lib/python3.12/site-packages:/home/pi/Frob_robot/ros2/src/ros2_ws/install/frob_interfaces/lib/python3.12/site-packages:${PYTHONPATH} /usr/bin/python3 -W ignore:setup.py install is deprecated -W ignore:easy_install command is deprecated setup.py egg_info --egg-base ../../build/frob_bringup build --build-base /home/pi/Frob_robot/ros2/src/ros2_ws/build/frob_bringup/build install --record /home/pi/Frob_robot/ros2/src/ros2_ws/build/frob_bringup/install.log --single-version-externally-managed install_data
